[I 2026-04-18 11:34:56,475] Trial 79 finished with value: 0.9722430607651913 and parameters: {'lr_finetune': 6.770815240626889e-05, 'epochs_finetune': 65, 'weight_decay': 0.0034178539952686897, 'batch_size': 32, 'patience': 14, 'scheduler_patience': 8, 'scheduler_factor': 0.19415706883548614, 'pos_weight_multiplier': 2.25615010846463, 'num_layers': 2, 'base_filters': 16, 'dropout': 0.3672016020046464, 'kernel_size': 5}. Best is trial 7 with value: 0.9722430607651913.
[I 2026-04-18 11:34:57,574] Trial 80 finished with value: 0.9722430607651913 and parameters: {'lr_finetune': 0.0019636348398227913, 'epochs_finetune': 48, 'weight_decay': 0.007898615252191182, 'batch_size': 32, 'patience': 11, 'scheduler_patience': 7, 'scheduler_factor': 0.4054057640176825, 'pos_weight_multiplier': 1.022353028791283, 'num_layers': 2, 'base_filters': 64, 'dropout': 0.42553487690936365, 'kernel_size': 5}. Best is trial 7 with value: 0.9722430607651913.
[I 2026-04-18 11:34:58,606] Trial 81 finished with value: 0.9722430607651913 and parameters: {'lr_finetune': 0.000212163622827618, 'epochs_finetune': 53, 'weight_decay': 0.0008563914046598923, 'batch_size': 32, 'patience': 15, 'scheduler_patience': 8, 'scheduler_factor': 0.11351808440968895, 'pos_weight_multiplier': 0.9659640389052389, 'num_layers': 2, 'base_filters': 64, 'dropout': 0.3539831734878164, 'kernel_size': 5}. Best is trial 7 with value: 0.9722430607651913.
[I 2026-04-18 11:34:59,726] Trial 82 finished with value: 0.9722430607651913 and parameters: {'lr_finetune': 0.0001377200530524356, 'epochs_finetune': 50, 'weight_decay': 0.0005736481310070362, 'batch_size': 32, 'patience': 16, 'scheduler_patience': 8, 'scheduler_factor': 0.2579838945989321, 'pos_weight_multiplier': 0.8820352152169366, 'num_layers': 2, 'base_filters': 64, 'dropout': 0.3350996438467657, 'kernel_size': 5}. Best is trial 7 with value: 0.9722430607651913.
[I 2026-04-18 11:35:00,836] Trial 83 finished with value: 0.9722430607651913 and parameters: {'lr_finetune': 5.388506958282939e-05, 'epochs_finetune': 80, 'weight_decay': 0.0016599655007730287, 'batch_size': 32, 'patience': 15, 'scheduler_patience': 8, 'scheduler_factor': 0.15403988177407665, 'pos_weight_multiplier': 0.7191512547426555, 'num_layers': 2, 'base_filters': 64, 'dropout': 0.20833057521448703, 'kernel_size': 5}. Best is trial 7 with value: 0.9722430607651913.
[I 2026-04-18 11:35:01,774] Trial 84 finished with value: 0.9722430607651913 and parameters: {'lr_finetune': 8.580778688899118e-05, 'epochs_finetune': 56, 'weight_decay': 0.001154178339258914, 'batch_size': 32, 'patience': 9, 'scheduler_patience': 8, 'scheduler_factor': 0.1005619690587456, 'pos_weight_multiplier': 1.1129350534094022, 'num_layers': 2, 'base_filters': 64, 'dropout': 0.395933924903701, 'kernel_size': 5}. Best is trial 7 with value: 0.9722430607651913.
[I 2026-04-18 11:35:02,998] Trial 85 finished with value: 0.9449404761904762 and parameters: {'lr_finetune': 7.27427051493139e-05, 'epochs_finetune': 71, 'weight_decay': 0.0001948645543827028, 'batch_size': 32, 'patience': 17, 'scheduler_patience': 8, 'scheduler_factor': 0.218351037960254, 'pos_weight_multiplier': 0.5987842059206492, 'num_layers': 2, 'base_filters': 64, 'dropout': 0.23388293150256398, 'kernel_size': 5}. Best is trial 7 with value: 0.9722430607651913.
[I 2026-04-18 11:35:04,006] Trial 86 finished with value: 0.9722430607651913 and parameters: {'lr_finetune': 0.00010626349403131955, 'epochs_finetune': 48, 'weight_decay': 0.00015250369047528243, 'batch_size': 32, 'patience': 15, 'scheduler_patience': 7, 'scheduler_factor': 0.1301672961413582, 'pos_weight_multiplier': 1.2777372163348497, 'num_layers': 2, 'base_filters': 64, 'dropout': 0.2916885020848925, 'kernel_size': 7}. Best is trial 7 with value: 0.9722430607651913.
[I 2026-04-18 11:35:04,330] Trial 87 finished with value: 0.3728813559322034 and parameters: {'lr_finetune': 0.0005298215774225146, 'epochs_finetune': 43, 'weight_decay': 0.0020224217060548747, 'batch_size': 128, 'patience': 5, 'scheduler_patience': 8, 'scheduler_factor': 0.17286504999557512, 'pos_weight_multiplier': 1.5227587026667186, 'num_layers': 3, 'base_filters': 32, 'dropout': 0.36818444642089987, 'kernel_size': 5}. Best is trial 7 with value: 0.9722430607651913.
[I 2026-04-18 11:35:05,221] Trial 88 finished with value: 0.9722430607651913 and parameters: {'lr_finetune': 0.0002500427684411454, 'epochs_finetune': 51, 'weight_decay': 0.0012661727249809393, 'batch_size': 32, 'patience': 10, 'scheduler_patience': 7, 'scheduler_factor': 0.7225549578523205, 'pos_weight_multiplier': 0.8203300394458153, 'num_layers': 2, 'base_filters': 64, 'dropout': 0.26175237783197947, 'kernel_size': 5}. Best is trial 7 with value: 0.9722430607651913.
[I 2026-04-18 11:35:06,195] Trial 89 finished with value: 0.9722430607651913 and parameters: {'lr_finetune': 0.00014553609125492317, 'epochs_finetune': 73, 'weight_decay': 0.004307912077935788, 'batch_size': 32, 'patience': 14, 'scheduler_patience': 5, 'scheduler_factor': 0.49745868826538786, 'pos_weight_multiplier': 1.0144615774209842, 'num_layers': 2, 'base_filters': 64, 'dropout': 0.3476529013754499, 'kernel_size': 3}. Best is trial 7 with value: 0.9722430607651913.
[I 2026-04-18 11:35:06,721] Trial 90 finished with value: 0.3728813559322034 and parameters: {'lr_finetune': 0.0025795056150502175, 'epochs_finetune': 53, 'weight_decay': 0.000707716754035543, 'batch_size': 64, 'patience': 16, 'scheduler_patience': 8, 'scheduler_factor': 0.20523252541652393, 'pos_weight_multiplier': 0.9216825580103206, 'num_layers': 2, 'base_filters': 64, 'dropout': 0.3544211088226612, 'kernel_size': 5}. Best is trial 7 with value: 0.9722430607651913.
[I 2026-04-18 11:35:07,834] Trial 91 finished with value: 0.9722430607651913 and parameters: {'lr_finetune': 0.00019636471798763734, 'epochs_finetune': 46, 'weight_decay': 0.0009313193031931893, 'batch_size': 32, 'patience': 17, 'scheduler_patience': 8, 'scheduler_factor': 0.7492990274708864, 'pos_weight_multiplier': 1.1661438187424706, 'num_layers': 2, 'base_filters': 64, 'dropout': 0.39104948972850406, 'kernel_size': 5}. Best is trial 7 with value: 0.9722430607651913.
[I 2026-04-18 11:35:08,889] Trial 92 finished with value: 0.9722430607651913 and parameters: {'lr_finetune': 0.0003722279530221174, 'epochs_finetune': 47, 'weight_decay': 0.000501132186482732, 'batch_size': 32, 'patience': 18, 'scheduler_patience': 8, 'scheduler_factor': 0.17860771836969483, 'pos_weight_multiplier': 1.0571508630020494, 'num_layers': 2, 'base_filters': 64, 'dropout': 0.40631011600627026, 'kernel_size': 5}. Best is trial 7 with value: 0.9722430607651913.
[I 2026-04-18 11:35:09,979] Trial 93 finished with value: 0.9722430607651913 and parameters: {'lr_finetune': 0.000278057860445485, 'epochs_finetune': 55, 'weight_decay': 0.0027927771420066536, 'batch_size': 32, 'patience': 16, 'scheduler_patience': 8, 'scheduler_factor': 0.14735455605224757, 'pos_weight_multiplier': 0.9707829948312456, 'num_layers': 2, 'base_filters': 64, 'dropout': 0.3729370078815268, 'kernel_size': 5}. Best is trial 7 with value: 0.9722430607651913.
[I 2026-04-18 11:35:10,987] Trial 94 finished with value: 0.9722430607651913 and parameters: {'lr_finetune': 0.00011779355087794447, 'epochs_finetune': 41, 'weight_decay': 0.0022499478545655446, 'batch_size': 32, 'patience': 15, 'scheduler_patience': 7, 'scheduler_factor': 0.281614853722327, 'pos_weight_multiplier': 2.9657607273034694, 'num_layers': 2, 'base_filters': 64, 'dropout': 0.3801344294359989, 'kernel_size': 5}. Best is trial 7 with value: 0.9722430607651913.
[I 2026-04-18 11:35:11,803] Trial 95 finished with value: 0.9449404761904762 and parameters: {'lr_finetune': 9.138768082991763e-05, 'epochs_finetune': 50, 'weight_decay': 0.0016125099897922916, 'batch_size': 32, 'patience': 13, 'scheduler_patience': 2, 'scheduler_factor': 0.22902164515979834, 'pos_weight_multiplier': 0.8587823100717678, 'num_layers': 2, 'base_filters': 64, 'dropout': 0.5115745760209829, 'kernel_size': 7}. Best is trial 7 with value: 0.9722430607651913.
[I 2026-04-18 11:35:12,900] Trial 96 finished with value: 0.9722430607651913 and parameters: {'lr_finetune': 0.00020298419748800405, 'epochs_finetune': 49, 'weight_decay': 0.00036529971343726253, 'batch_size': 32, 'patience': 19, 'scheduler_patience': 8, 'scheduler_factor': 0.12679811494904242, 'pos_weight_multiplier': 1.3142851110324243, 'num_layers': 2, 'base_filters': 64, 'dropout': 0.3599395784175673, 'kernel_size': 5}. Best is trial 7 with value: 0.9722430607651913.
[I 2026-04-18 11:35:13,809] Trial 97 finished with value: 0.9722430607651913 and parameters: {'lr_finetune': 0.00013229832930102188, 'epochs_finetune': 78, 'weight_decay': 0.001241686236166522, 'batch_size': 32, 'patience': 10, 'scheduler_patience': 8, 'scheduler_factor': 0.16568940638008084, 'pos_weight_multiplier': 2.8241204973376473, 'num_layers': 2, 'base_filters': 16, 'dropout': 0.41848958338004905, 'kernel_size': 5}. Best is trial 7 with value: 0.9722430607651913.
[I 2026-04-18 11:35:14,979] Trial 98 finished with value: 0.9722430607651913 and parameters: {'lr_finetune': 0.0007841725267439154, 'epochs_finetune': 44, 'weight_decay': 0.0010527510905006142, 'batch_size': 32, 'patience': 14, 'scheduler_patience': 6, 'scheduler_factor': 0.8887654991651062, 'pos_weight_multiplier': 1.3984500796724253, 'num_layers': 3, 'base_filters': 64, 'dropout': 0.2520047618312963, 'kernel_size': 5}. Best is trial 7 with value: 0.9722430607651913.
[I 2026-04-18 11:35:15,516] Trial 99 finished with value: 0.3728813559322034 and parameters: {'lr_finetune': 0.001248031192595363, 'epochs_finetune': 46, 'weight_decay': 0.0007931219856783976, 'batch_size': 32, 'patience': 11, 'scheduler_patience': 5, 'scheduler_factor': 0.6356996595292459, 'pos_weight_multiplier': 1.200383504200748, 'num_layers': 2, 'base_filters': 64, 'dropout': 0.32637927903329705, 'kernel_size': 5}. Best is trial 7 with value: 0.9722430607651913.
[I 2026-04-18 11:35:16,519] Trial 100 finished with value: 0.9722430607651913 and parameters: {'lr_finetune': 7.80303150196383e-05, 'epochs_finetune': 75, 'weight_decay': 0.02758839578333231, 'batch_size': 32, 'patience': 12, 'scheduler_patience': 8, 'scheduler_factor': 0.5443916363291429, 'pos_weight_multiplier': 1.100817985051641, 'num_layers': 2, 'base_filters': 32, 'dropout': 0.3869194942289564, 'kernel_size': 7}. Best is trial 7 with value: 0.9722430607651913.
[I 2026-04-18 11:35:17,519] Trial 101 finished with value: 0.9722430607651913 and parameters: {'lr_finetune': 0.0001030325987536157, 'epochs_finetune': 51, 'weight_decay': 0.0035126750526124177, 'batch_size': 32, 'patience': 14, 'scheduler_patience': 8, 'scheduler_factor': 0.25742389299724566, 'pos_weight_multiplier': 1.2074116919773206, 'num_layers': 2, 'base_filters': 64, 'dropout': 0.4001041270647108, 'kernel_size': 5}. Best is trial 7 with value: 0.9722430607651913.
[I 2026-04-18 11:35:18,613] Trial 102 finished with value: 0.9722430607651913 and parameters: {'lr_finetune': 0.0017525715722415318, 'epochs_finetune': 52, 'weight_decay': 0.0022308905395523313, 'batch_size': 32, 'patience': 15, 'scheduler_patience': 8, 'scheduler_factor': 0.2074164580544256, 'pos_weight_multiplier': 0.7809312454213106, 'num_layers': 2, 'base_filters': 64, 'dropout': 0.3420814510891058, 'kernel_size': 5}. Best is trial 7 with value: 0.9722430607651913.
[I 2026-04-18 11:35:19,740] Trial 103 finished with value: 0.9722430607651913 and parameters: {'lr_finetune': 0.0001638235085509258, 'epochs_finetune': 54, 'weight_decay': 0.0005847599957762457, 'batch_size': 32, 'patience': 16, 'scheduler_patience': 7, 'scheduler_factor': 0.3240797410659177, 'pos_weight_multiplier': 0.6766425792863194, 'num_layers': 2, 'base_filters': 64, 'dropout': 0.5720094468047688, 'kernel_size': 5}. Best is trial 7 with value: 0.9722430607651913.
[I 2026-04-18 11:35:20,819] Trial 104 finished with value: 0.9722430607651913 and parameters: {'lr_finetune': 3.5196307629492125e-05, 'epochs_finetune': 47, 'weight_decay': 0.001517038868948731, 'batch_size': 32, 'patience': 13, 'scheduler_patience': 8, 'scheduler_factor': 0.5657490209438161, 'pos_weight_multiplier': 1.2346080461874123, 'num_layers': 2, 'base_filters': 64, 'dropout': 0.38298591093481643, 'kernel_size': 5}. Best is trial 7 with value: 0.9722430607651913.
[I 2026-04-18 11:35:21,407] Trial 105 finished with value: 0.7959022852639874 and parameters: {'lr_finetune': 5.893403126144661e-05, 'epochs_finetune': 49, 'weight_decay': 0.004831998857113234, 'batch_size': 128, 'patience': 15, 'scheduler_patience': 8, 'scheduler_factor': 0.3465915222193892, 'pos_weight_multiplier': 1.1341584724247131, 'num_layers': 2, 'base_filters': 64, 'dropout': 0.373880090328741, 'kernel_size': 5}. Best is trial 7 with value: 0.9722430607651913.
[I 2026-04-18 11:35:22,689] Trial 106 finished with value: 0.9722430607651913 and parameters: {'lr_finetune': 0.00012212688571705118, 'epochs_finetune': 44, 'weight_decay': 0.000657361046847824, 'batch_size': 32, 'patience': 17, 'scheduler_patience': 7, 'scheduler_factor': 0.24736269725316332, 'pos_weight_multiplier': 1.0646059323112178, 'num_layers': 3, 'base_filters': 64, 'dropout': 0.21996592496599615, 'kernel_size': 5}. Best is trial 7 with value: 0.9722430607651913.
[I 2026-04-18 11:35:23,688] Trial 107 finished with value: 0.9722430607651913 and parameters: {'lr_finetune': 7.358958852034775e-05, 'epochs_finetune': 79, 'weight_decay': 0.002754034012925674, 'batch_size': 32, 'patience': 14, 'scheduler_patience': 8, 'scheduler_factor': 0.6910602468007507, 'pos_weight_multiplier': 1.4712684750490048, 'num_layers': 2, 'base_filters': 64, 'dropout': 0.36218499515079206, 'kernel_size': 3}. Best is trial 7 with value: 0.9722430607651913.
[I 2026-04-18 11:35:24,638] Trial 108 finished with value: 0.9722430607651913 and parameters: {'lr_finetune': 9.321854428255976e-05, 'epochs_finetune': 48, 'weight_decay': 0.0011627534289266074, 'batch_size': 64, 'patience': 12, 'scheduler_patience': 8, 'scheduler_factor': 0.1389247608812087, 'pos_weight_multiplier': 0.9943270383167071, 'num_layers': 2, 'base_filters': 64, 'dropout': 0.39266385072391596, 'kernel_size': 5}. Best is trial 7 with value: 0.9722430607651913.
[I 2026-04-18 11:35:25,323] Trial 109 finished with value: 0.3728813559322034 and parameters: {'lr_finetune': 0.0033086998389243423, 'epochs_finetune': 50, 'weight_decay': 0.0004328025117364155, 'batch_size': 32, 'patience': 13, 'scheduler_patience': 8, 'scheduler_factor': 0.11437129717474254, 'pos_weight_multiplier': 0.9339240327663672, 'num_layers': 4, 'base_filters': 64, 'dropout': 0.43083168415129947, 'kernel_size': 5}. Best is trial 7 with value: 0.9722430607651913.
[I 2026-04-18 11:35:26,500] Trial 110 finished with value: 0.9449404761904762 and parameters: {'lr_finetune': 4.8578630268838654e-05, 'epochs_finetune': 52, 'weight_decay': 0.0020311765005245667, 'batch_size': 32, 'patience': 16, 'scheduler_patience': 7, 'scheduler_factor': 0.2715444398912597, 'pos_weight_multiplier': 0.5539791298100704, 'num_layers': 2, 'base_filters': 64, 'dropout': 0.33738724602449244, 'kernel_size': 7}. Best is trial 7 with value: 0.9722430607651913.
[I 2026-04-18 11:35:27,622] Trial 111 finished with value: 0.9722430607651913 and parameters: {'lr_finetune': 0.00017901274625153335, 'epochs_finetune': 55, 'weight_decay': 0.000882974220676051, 'batch_size': 32, 'patience': 15, 'scheduler_patience': 7, 'scheduler_factor': 0.45663409193513554, 'pos_weight_multiplier': 1.625423721964569, 'num_layers': 2, 'base_filters': 64, 'dropout': 0.411866329700591, 'kernel_size': 5}. Best is trial 7 with value: 0.9722430607651913.
[I 2026-04-18 11:35:28,678] Trial 112 finished with value: 0.9722430607651913 and parameters: {'lr_finetune': 0.0001541825470388454, 'epochs_finetune': 60, 'weight_decay': 0.0007507256849365693, 'batch_size': 32, 'patience': 16, 'scheduler_patience': 6, 'scheduler_factor': 0.4766356837765865, 'pos_weight_multiplier': 1.6886473895692489, 'num_layers': 2, 'base_filters': 64, 'dropout': 0.4888678783211557, 'kernel_size': 5}. Best is trial 7 with value: 0.9722430607651913.
[I 2026-04-18 11:35:29,791] Trial 113 finished with value: 0.9722430607651913 and parameters: {'lr_finetune': 0.00031793313310230685, 'epochs_finetune': 53, 'weight_decay': 0.0009687386602240898, 'batch_size': 32, 'patience': 17, 'scheduler_patience': 7, 'scheduler_factor': 0.4268706836913231, 'pos_weight_multiplier': 1.3677285285471688, 'num_layers': 2, 'base_filters': 64, 'dropout': 0.5380131672753422, 'kernel_size': 5}. Best is trial 7 with value: 0.9722430607651913.
[I 2026-04-18 11:35:30,828] Trial 114 finished with value: 0.9722430607651913 and parameters: {'lr_finetune': 0.0022566186558630784, 'epochs_finetune': 57, 'weight_decay': 0.0005197639217229582, 'batch_size': 32, 'patience': 14, 'scheduler_patience': 5, 'scheduler_factor': 0.39922361515846183, 'pos_weight_multiplier': 1.5427612742308763, 'num_layers': 2, 'base_filters': 64, 'dropout': 0.4417623254927729, 'kernel_size': 5}. Best is trial 7 with value: 0.9722430607651913.
[I 2026-04-18 11:35:31,818] Trial 115 finished with value: 0.9722430607651913 and parameters: {'lr_finetune': 0.0009861086579220052, 'epochs_finetune': 54, 'weight_decay': 0.00023588538393609485, 'batch_size': 32, 'patience': 15, 'scheduler_patience': 8, 'scheduler_factor': 0.2958275205662373, 'pos_weight_multiplier': 1.2721365507166813, 'num_layers': 2, 'base_filters': 64, 'dropout': 0.47014686658682014, 'kernel_size': 5}. Best is trial 7 with value: 0.9722430607651913.
[I 2026-04-18 11:35:32,871] Trial 116 finished with value: 0.827639751552795 and parameters: {'lr_finetune': 2.118418701241684e-05, 'epochs_finetune': 46, 'weight_decay': 0.001706907065632865, 'batch_size': 32, 'patience': 16, 'scheduler_patience': 6, 'scheduler_factor': 0.18783019196533227, 'pos_weight_multiplier': 1.3270207059847674, 'num_layers': 2, 'base_filters': 16, 'dropout': 0.2001211052171504, 'kernel_size': 5}. Best is trial 7 with value: 0.9722430607651913.
[I 2026-04-18 11:35:33,974] Trial 117 finished with value: 0.9722430607651913 and parameters: {'lr_finetune': 0.0003830158724636302, 'epochs_finetune': 76, 'weight_decay': 0.0014091917905181375, 'batch_size': 32, 'patience': 17, 'scheduler_patience': 8, 'scheduler_factor': 0.15924594055638175, 'pos_weight_multiplier': 0.8804073812726501, 'num_layers': 2, 'base_filters': 64, 'dropout': 0.45631132926594636, 'kernel_size': 5}. Best is trial 7 with value: 0.9722430607651913.
[I 2026-04-18 11:35:35,269] Trial 118 finished with value: 0.9722430607651913 and parameters: {'lr_finetune': 0.00023333404582780122, 'epochs_finetune': 71, 'weight_decay': 0.0002925059397145151, 'batch_size': 32, 'patience': 18, 'scheduler_patience': 8, 'scheduler_factor': 0.8106970075611043, 'pos_weight_multiplier': 0.7394808072117931, 'num_layers': 3, 'base_filters': 64, 'dropout': 0.3524856526620929, 'kernel_size': 5}. Best is trial 7 with value: 0.9722430607651913.
[I 2026-04-18 11:35:36,281] Trial 119 finished with value: 0.9722430607651913 and parameters: {'lr_finetune': 0.00010781054886358567, 'epochs_finetune': 59, 'weight_decay': 0.012674840418091353, 'batch_size': 32, 'patience': 15, 'scheduler_patience': 7, 'scheduler_factor': 0.2938824149991531, 'pos_weight_multiplier': 1.4943711120360614, 'num_layers': 2, 'base_filters': 32, 'dropout': 0.28111090374594416, 'kernel_size': 5}. Best is trial 7 with value: 0.9722430607651913.
[I 2026-04-18 11:35:36,786] Trial 120 finished with value: 0.8582375478927202 and parameters: {'lr_finetune': 8.425437762364771e-05, 'epochs_finetune': 49, 'weight_decay': 0.003003407923921637, 'batch_size': 128, 'patience': 11, 'scheduler_patience': 7, 'scheduler_factor': 0.5159597105292314, 'pos_weight_multiplier': 1.7827658472564736, 'num_layers': 2, 'base_filters': 64, 'dropout': 0.3699570664022288, 'kernel_size': 7}. Best is trial 7 with value: 0.9722430607651913.
[I 2026-04-18 11:35:37,255] Trial 121 finished with value: 0.3728813559322034 and parameters: {'lr_finetune': 0.0001428165620744632, 'epochs_finetune': 39, 'weight_decay': 0.0003362910091006443, 'batch_size': 32, 'patience': 8, 'scheduler_patience': 8, 'scheduler_factor': 0.10152509592723621, 'pos_weight_multiplier': 1.905953351391649, 'num_layers': 2, 'base_filters': 64, 'dropout': 0.28910588922368047, 'kernel_size': 5}. Best is trial 7 with value: 0.9722430607651913.
[I 2026-04-18 11:35:38,063] Trial 122 finished with value: 0.9722430607651913 and parameters: {'lr_finetune': 0.00012647030300484748, 'epochs_finetune': 42, 'weight_decay': 0.000461156406194015, 'batch_size': 32, 'patience': 7, 'scheduler_patience': 8, 'scheduler_factor': 0.14609948889313878, 'pos_weight_multiplier': 2.414099093445141, 'num_layers': 2, 'base_filters': 64, 'dropout': 0.27559157445307164, 'kernel_size': 5}. Best is trial 7 with value: 0.9722430607651913.
[I 2026-04-18 11:35:38,910] Trial 123 finished with value: 0.9722430607651913 and parameters: {'lr_finetune': 3.9732637404369864e-05, 'epochs_finetune': 43, 'weight_decay': 0.0006397116718356123, 'batch_size': 32, 'patience': 8, 'scheduler_patience': 8, 'scheduler_factor': 0.20954684797274079, 'pos_weight_multiplier': 1.1454844770118127, 'num_layers': 2, 'base_filters': 64, 'dropout': 0.29750525438980846, 'kernel_size': 5}. Best is trial 7 with value: 0.9722430607651913.
[I 2026-04-18 11:35:39,854] Trial 124 finished with value: 0.9722430607651913 and parameters: {'lr_finetune': 5.8769675197467015e-05, 'epochs_finetune': 45, 'weight_decay': 0.0008359576413414435, 'batch_size': 32, 'patience': 7, 'scheduler_patience': 8, 'scheduler_factor': 0.2302798062915422, 'pos_weight_multiplier': 2.2999776737024056, 'num_layers': 2, 'base_filters': 64, 'dropout': 0.3307605420077957, 'kernel_size': 5}. Best is trial 7 with value: 0.9722430607651913.
