[I 2026-04-17 18:17:38,773] Trial 83 finished with value: 0.9820434664774288 and parameters: {'lr_finetune': 0.00021726048728248342, 'epochs_finetune': 47, 'weight_decay': 0.0031322219954339468, 'batch_size': 32, 'patience': 16, 'scheduler_patience': 5, 'scheduler_factor': 0.8757044363548753, 'pos_weight_multiplier': 2.621945598756198, 'num_layers': 2, 'base_filters': 16, 'dropout': 0.5303635128927928, 'kernel_size': 3}. Best is trial 61 with value: 0.9908896203235825.
[I 2026-04-17 18:17:43,819] Trial 84 finished with value: 0.9820434664774288 and parameters: {'lr_finetune': 0.0001856209442659815, 'epochs_finetune': 43, 'weight_decay': 0.0020874776149378957, 'batch_size': 32, 'patience': 17, 'scheduler_patience': 6, 'scheduler_factor': 0.8063032264476542, 'pos_weight_multiplier': 2.199406498338238, 'num_layers': 2, 'base_filters': 16, 'dropout': 0.49115191761381394, 'kernel_size': 3}. Best is trial 61 with value: 0.9908896203235825.
[I 2026-04-17 18:17:48,593] Trial 85 finished with value: 0.9820434664774288 and parameters: {'lr_finetune': 0.00031330722542197555, 'epochs_finetune': 37, 'weight_decay': 0.003756500425381167, 'batch_size': 32, 'patience': 20, 'scheduler_patience': 5, 'scheduler_factor': 0.638907074331952, 'pos_weight_multiplier': 2.7355998356271773, 'num_layers': 2, 'base_filters': 16, 'dropout': 0.517126002478515, 'kernel_size': 3}. Best is trial 61 with value: 0.9908896203235825.
[I 2026-04-17 18:17:49,635] Trial 86 pruned. 
[I 2026-04-17 18:17:50,298] Trial 87 pruned. 
[I 2026-04-17 18:17:50,883] Trial 88 pruned. 
[I 2026-04-17 18:17:51,919] Trial 89 pruned. 
[I 2026-04-17 18:17:53,151] Trial 90 pruned. 
[I 2026-04-17 18:17:54,246] Trial 91 pruned. 
[I 2026-04-17 18:17:55,362] Trial 92 pruned. 
[I 2026-04-17 18:18:00,647] Trial 93 finished with value: 0.9908896203235825 and parameters: {'lr_finetune': 0.00020751937452912581, 'epochs_finetune': 43, 'weight_decay': 0.007300974918592488, 'batch_size': 32, 'patience': 20, 'scheduler_patience': 6, 'scheduler_factor': 0.8280588086509634, 'pos_weight_multiplier': 2.5935044370775855, 'num_layers': 2, 'base_filters': 16, 'dropout': 0.46141932948487974, 'kernel_size': 3}. Best is trial 61 with value: 0.9908896203235825.
[I 2026-04-17 18:18:06,146] Trial 94 finished with value: 0.9908896203235825 and parameters: {'lr_finetune': 0.00019408821401386262, 'epochs_finetune': 43, 'weight_decay': 0.0071849839774716555, 'batch_size': 32, 'patience': 20, 'scheduler_patience': 6, 'scheduler_factor': 0.8247655982269626, 'pos_weight_multiplier': 2.7295009912563746, 'num_layers': 2, 'base_filters': 16, 'dropout': 0.45681106236430447, 'kernel_size': 3}. Best is trial 61 with value: 0.9908896203235825.
[I 2026-04-17 18:18:12,112] Trial 95 finished with value: 0.9908896203235825 and parameters: {'lr_finetune': 0.0002155716525812931, 'epochs_finetune': 50, 'weight_decay': 0.007056377187779918, 'batch_size': 32, 'patience': 20, 'scheduler_patience': 6, 'scheduler_factor': 0.6774692474609835, 'pos_weight_multiplier': 2.85931137963208, 'num_layers': 2, 'base_filters': 16, 'dropout': 0.4288964446051168, 'kernel_size': 3}. Best is trial 61 with value: 0.9908896203235825.
[I 2026-04-17 18:18:13,560] Trial 96 pruned. 
[I 2026-04-17 18:18:14,763] Trial 97 pruned. 
[I 2026-04-17 18:18:15,828] Trial 98 pruned. 
[I 2026-04-17 18:18:17,091] Trial 99 pruned. 
[I 2026-04-17 18:18:18,548] Trial 100 pruned. 
[I 2026-04-17 18:18:23,778] Trial 101 finished with value: 0.9908896203235825 and parameters: {'lr_finetune': 0.00025772121248236496, 'epochs_finetune': 44, 'weight_decay': 0.008793531964141234, 'batch_size': 32, 'patience': 19, 'scheduler_patience': 7, 'scheduler_factor': 0.8241407505133173, 'pos_weight_multiplier': 2.6270896385909834, 'num_layers': 2, 'base_filters': 16, 'dropout': 0.4091217848888938, 'kernel_size': 3}. Best is trial 61 with value: 0.9908896203235825.
[I 2026-04-17 18:18:29,240] Trial 102 finished with value: 0.9820434664774288 and parameters: {'lr_finetune': 0.00019984170052191562, 'epochs_finetune': 44, 'weight_decay': 0.009196308087326648, 'batch_size': 32, 'patience': 19, 'scheduler_patience': 7, 'scheduler_factor': 0.8198669305359781, 'pos_weight_multiplier': 2.637864933482283, 'num_layers': 2, 'base_filters': 16, 'dropout': 0.37606364010885246, 'kernel_size': 3}. Best is trial 61 with value: 0.9908896203235825.
[I 2026-04-17 18:18:34,548] Trial 103 finished with value: 0.9820434664774288 and parameters: {'lr_finetune': 0.0003254582212903098, 'epochs_finetune': 45, 'weight_decay': 0.005171827673104156, 'batch_size': 32, 'patience': 19, 'scheduler_patience': 7, 'scheduler_factor': 0.8263847522155702, 'pos_weight_multiplier': 2.5892788574825074, 'num_layers': 2, 'base_filters': 16, 'dropout': 0.41273170111645363, 'kernel_size': 3}. Best is trial 61 with value: 0.9908896203235825.
[I 2026-04-17 18:18:39,940] Trial 104 finished with value: 0.9864387253066498 and parameters: {'lr_finetune': 0.00023653480893500941, 'epochs_finetune': 43, 'weight_decay': 0.010362227310571197, 'batch_size': 32, 'patience': 20, 'scheduler_patience': 8, 'scheduler_factor': 0.8782019307117079, 'pos_weight_multiplier': 2.7613864389939518, 'num_layers': 2, 'base_filters': 16, 'dropout': 0.43849463770428193, 'kernel_size': 3}. Best is trial 61 with value: 0.9908896203235825.
[I 2026-04-17 18:18:45,318] Trial 105 finished with value: 0.9908896203235825 and parameters: {'lr_finetune': 0.00015944618682078613, 'epochs_finetune': 43, 'weight_decay': 0.011557360529709924, 'batch_size': 32, 'patience': 20, 'scheduler_patience': 8, 'scheduler_factor': 0.8748168468252957, 'pos_weight_multiplier': 2.7738818827555356, 'num_layers': 2, 'base_filters': 16, 'dropout': 0.4278807135213557, 'kernel_size': 3}. Best is trial 61 with value: 0.9908896203235825.
[I 2026-04-17 18:18:50,664] Trial 106 finished with value: 0.9908896203235825 and parameters: {'lr_finetune': 0.0001574302835911826, 'epochs_finetune': 43, 'weight_decay': 0.01614099457806551, 'batch_size': 32, 'patience': 20, 'scheduler_patience': 8, 'scheduler_factor': 0.8767445581965347, 'pos_weight_multiplier': 2.939256945814523, 'num_layers': 2, 'base_filters': 16, 'dropout': 0.42763102838480266, 'kernel_size': 3}. Best is trial 61 with value: 0.9908896203235825.
[I 2026-04-17 18:18:51,979] Trial 107 pruned. 
[I 2026-04-17 18:18:57,303] Trial 108 finished with value: 0.9820434664774288 and parameters: {'lr_finetune': 0.0002753940341631988, 'epochs_finetune': 46, 'weight_decay': 0.011384314393119039, 'batch_size': 32, 'patience': 20, 'scheduler_patience': 8, 'scheduler_factor': 0.8816922204709671, 'pos_weight_multiplier': 2.929804813505964, 'num_layers': 2, 'base_filters': 16, 'dropout': 0.4267883359270194, 'kernel_size': 3}. Best is trial 61 with value: 0.9908896203235825.
[I 2026-04-17 18:18:57,829] Trial 109 pruned. 
[I 2026-04-17 18:19:03,301] Trial 110 finished with value: 0.9820434664774288 and parameters: {'lr_finetune': 0.00020898616331739277, 'epochs_finetune': 48, 'weight_decay': 0.01295398855748526, 'batch_size': 32, 'patience': 20, 'scheduler_patience': 8, 'scheduler_factor': 0.8476443880607003, 'pos_weight_multiplier': 2.819500816074328, 'num_layers': 2, 'base_filters': 16, 'dropout': 0.3883082361216409, 'kernel_size': 3}. Best is trial 61 with value: 0.9908896203235825.
[I 2026-04-17 18:19:04,500] Trial 111 pruned. 
[I 2026-04-17 18:19:05,726] Trial 112 pruned. 
[I 2026-04-17 18:19:11,193] Trial 113 finished with value: 0.9908896203235825 and parameters: {'lr_finetune': 0.00015911315794236042, 'epochs_finetune': 47, 'weight_decay': 0.02301098321902308, 'batch_size': 32, 'patience': 18, 'scheduler_patience': 8, 'scheduler_factor': 0.8371225851305808, 'pos_weight_multiplier': 2.67431418557744, 'num_layers': 2, 'base_filters': 16, 'dropout': 0.4512336155717442, 'kernel_size': 3}. Best is trial 61 with value: 0.9908896203235825.
[I 2026-04-17 18:19:16,875] Trial 114 finished with value: 0.9908896203235825 and parameters: {'lr_finetune': 0.00023180294364572604, 'epochs_finetune': 47, 'weight_decay': 0.023108051995792623, 'batch_size': 32, 'patience': 19, 'scheduler_patience': 8, 'scheduler_factor': 0.8559933064854514, 'pos_weight_multiplier': 2.672685462967276, 'num_layers': 2, 'base_filters': 16, 'dropout': 0.4269738220992096, 'kernel_size': 3}. Best is trial 61 with value: 0.9908896203235825.
[I 2026-04-17 18:19:22,717] Trial 115 finished with value: 0.9820434664774288 and parameters: {'lr_finetune': 0.00019004070660975922, 'epochs_finetune': 47, 'weight_decay': 0.022820038559329882, 'batch_size': 32, 'patience': 19, 'scheduler_patience': 8, 'scheduler_factor': 0.8524932962943534, 'pos_weight_multiplier': 2.688714913312793, 'num_layers': 2, 'base_filters': 16, 'dropout': 0.42357197291227017, 'kernel_size': 3}. Best is trial 61 with value: 0.9908896203235825.
[I 2026-04-17 18:19:23,772] Trial 116 pruned. 
[I 2026-04-17 18:19:24,921] Trial 117 pruned. 
[I 2026-04-17 18:19:29,822] Trial 118 finished with value: 0.9820434664774288 and parameters: {'lr_finetune': 0.0002995830212662199, 'epochs_finetune': 48, 'weight_decay': 0.015488747032811275, 'batch_size': 32, 'patience': 18, 'scheduler_patience': 8, 'scheduler_factor': 0.8992008985440331, 'pos_weight_multiplier': 2.6034117805256116, 'num_layers': 2, 'base_filters': 16, 'dropout': 0.39731598771313087, 'kernel_size': 3}. Best is trial 61 with value: 0.9908896203235825.
[I 2026-04-17 18:19:30,525] Trial 119 pruned. 
[I 2026-04-17 18:19:35,797] Trial 120 finished with value: 0.9908896203235825 and parameters: {'lr_finetune': 0.000262400683944528, 'epochs_finetune': 46, 'weight_decay': 0.019143370511421384, 'batch_size': 32, 'patience': 19, 'scheduler_patience': 8, 'scheduler_factor': 0.8256604636722713, 'pos_weight_multiplier': 2.9621758454988134, 'num_layers': 2, 'base_filters': 16, 'dropout': 0.42982122848703785, 'kernel_size': 3}. Best is trial 61 with value: 0.9908896203235825.
[I 2026-04-17 18:19:41,005] Trial 121 finished with value: 0.9908896203235825 and parameters: {'lr_finetune': 0.00024218479130944386, 'epochs_finetune': 46, 'weight_decay': 0.026437140081384078, 'batch_size': 32, 'patience': 19, 'scheduler_patience': 8, 'scheduler_factor': 0.8288264776824148, 'pos_weight_multiplier': 2.957170580719923, 'num_layers': 2, 'base_filters': 16, 'dropout': 0.37899880738406233, 'kernel_size': 3}. Best is trial 61 with value: 0.9908896203235825.
[I 2026-04-17 18:19:46,125] Trial 122 finished with value: 0.9908896203235825 and parameters: {'lr_finetune': 0.0002683990034979882, 'epochs_finetune': 46, 'weight_decay': 0.02559877769284348, 'batch_size': 32, 'patience': 19, 'scheduler_patience': 8, 'scheduler_factor': 0.8347083817648495, 'pos_weight_multiplier': 2.936389470515826, 'num_layers': 2, 'base_filters': 16, 'dropout': 0.37446173106719305, 'kernel_size': 3}. Best is trial 61 with value: 0.9908896203235825.
[I 2026-04-17 18:19:51,183] Trial 123 finished with value: 0.9864387253066498 and parameters: {'lr_finetune': 0.00036014620798516196, 'epochs_finetune': 44, 'weight_decay': 0.05983114281358985, 'batch_size': 32, 'patience': 19, 'scheduler_patience': 8, 'scheduler_factor': 0.8131474164450622, 'pos_weight_multiplier': 2.973845124337805, 'num_layers': 2, 'base_filters': 16, 'dropout': 0.3344173833958713, 'kernel_size': 3}. Best is trial 61 with value: 0.9908896203235825.
[I 2026-04-17 18:19:56,550] Trial 124 finished with value: 0.9908896203235825 and parameters: {'lr_finetune': 0.00022786515105684238, 'epochs_finetune': 42, 'weight_decay': 0.01901880807939189, 'batch_size': 32, 'patience': 20, 'scheduler_patience': 8, 'scheduler_factor': 0.8703321742263369, 'pos_weight_multiplier': 2.857434429460486, 'num_layers': 2, 'base_filters': 16, 'dropout': 0.431195519233951, 'kernel_size': 3}. Best is trial 61 with value: 0.9908896203235825.
[I 2026-04-17 18:20:01,799] Trial 125 finished with value: 0.9820434664774288 and parameters: {'lr_finetune': 0.00025464798412421153, 'epochs_finetune': 45, 'weight_decay': 0.017303820955805342, 'batch_size': 32, 'patience': 20, 'scheduler_patience': 8, 'scheduler_factor': 0.832710394518548, 'pos_weight_multiplier': 2.915280020996076, 'num_layers': 2, 'base_filters': 16, 'dropout': 0.3512706492835767, 'kernel_size': 3}. Best is trial 61 with value: 0.9908896203235825.
[I 2026-04-17 18:20:02,953] Trial 126 pruned. 
[I 2026-04-17 18:20:08,492] Trial 127 finished with value: 0.9908896203235825 and parameters: {'lr_finetune': 0.00017233602610745762, 'epochs_finetune': 46, 'weight_decay': 0.026643242700099278, 'batch_size': 32, 'patience': 20, 'scheduler_patience': 8, 'scheduler_factor': 0.4670808487858127, 'pos_weight_multiplier': 2.8987623603631913, 'num_layers': 2, 'base_filters': 16, 'dropout': 0.4007165745625104, 'kernel_size': 3}. Best is trial 61 with value: 0.9908896203235825.
[I 2026-04-17 18:20:09,560] Trial 128 pruned. 
[I 2026-04-17 18:20:10,614] Trial 129 pruned. 
[I 2026-04-17 18:20:15,894] Trial 130 finished with value: 0.9908896203235825 and parameters: {'lr_finetune': 0.0002890914868025724, 'epochs_finetune': 44, 'weight_decay': 0.03866311951318686, 'batch_size': 32, 'patience': 20, 'scheduler_patience': 8, 'scheduler_factor': 0.7751578725158668, 'pos_weight_multiplier': 2.8764276007005867, 'num_layers': 2, 'base_filters': 16, 'dropout': 0.47358626398313186, 'kernel_size': 3}. Best is trial 61 with value: 0.9908896203235825.
[I 2026-04-17 18:20:21,317] Trial 131 finished with value: 0.9908896203235825 and parameters: {'lr_finetune': 0.0002698979785594603, 'epochs_finetune': 46, 'weight_decay': 0.02466597627789506, 'batch_size': 32, 'patience': 19, 'scheduler_patience': 8, 'scheduler_factor': 0.8250883025373583, 'pos_weight_multiplier': 2.9466214428156934, 'num_layers': 2, 'base_filters': 16, 'dropout': 0.38320125404736777, 'kernel_size': 3}. Best is trial 61 with value: 0.9908896203235825.
[I 2026-04-17 18:20:26,270] Trial 132 finished with value: 0.9908896203235825 and parameters: {'lr_finetune': 0.00023535995073410034, 'epochs_finetune': 47, 'weight_decay': 0.0556861733700353, 'batch_size': 32, 'patience': 18, 'scheduler_patience': 8, 'scheduler_factor': 0.8473557005026845, 'pos_weight_multiplier': 2.924332170670446, 'num_layers': 2, 'base_filters': 16, 'dropout': 0.3618091255123509, 'kernel_size': 3}. Best is trial 61 with value: 0.9908896203235825.
[I 2026-04-17 18:20:31,617] Trial 133 finished with value: 0.9908896203235825 and parameters: {'lr_finetune': 0.00020232129277336273, 'epochs_finetune': 45, 'weight_decay': 0.029647234786503468, 'batch_size': 32, 'patience': 19, 'scheduler_patience': 8, 'scheduler_factor': 0.8315556007023209, 'pos_weight_multiplier': 2.824997881278537, 'num_layers': 2, 'base_filters': 16, 'dropout': 0.37861182202679583, 'kernel_size': 3}. Best is trial 61 with value: 0.9908896203235825.
[I 2026-04-17 18:20:32,790] Trial 134 pruned. 
[I 2026-04-17 18:20:38,015] Trial 135 finished with value: 0.9908896203235825 and parameters: {'lr_finetune': 0.00016959581509668717, 'epochs_finetune': 43, 'weight_decay': 0.026860413494009614, 'batch_size': 32, 'patience': 18, 'scheduler_patience': 8, 'scheduler_factor': 0.7972543261221692, 'pos_weight_multiplier': 2.753738736573389, 'num_layers': 2, 'base_filters': 16, 'dropout': 0.4512387505727208, 'kernel_size': 3}. Best is trial 61 with value: 0.9908896203235825.
[I 2026-04-17 18:20:38,631] Trial 136 pruned. 
[I 2026-04-17 18:20:39,806] Trial 137 pruned. 
[I 2026-04-17 18:20:44,954] Trial 138 finished with value: 0.9820434664774288 and parameters: {'lr_finetune': 0.00022013847165936444, 'epochs_finetune': 40, 'weight_decay': 0.006856639727872274, 'batch_size': 32, 'patience': 20, 'scheduler_patience': 8, 'scheduler_factor': 0.820278460453738, 'pos_weight_multiplier': 2.732854521688504, 'num_layers': 2, 'base_filters': 16, 'dropout': 0.34700770838549094, 'kernel_size': 3}. Best is trial 61 with value: 0.9908896203235825.
[I 2026-04-17 18:20:46,147] Trial 139 pruned. 
[I 2026-04-17 18:20:51,156] Trial 140 finished with value: 0.9820434664774288 and parameters: {'lr_finetune': 0.0003968994088756123, 'epochs_finetune': 46, 'weight_decay': 0.011602814100289667, 'batch_size': 32, 'patience': 19, 'scheduler_patience': 6, 'scheduler_factor': 0.7840573333257999, 'pos_weight_multiplier': 2.868226181445076, 'num_layers': 2, 'base_filters': 16, 'dropout': 0.39297606735787866, 'kernel_size': 3}. Best is trial 61 with value: 0.9908896203235825.
[I 2026-04-17 18:20:52,320] Trial 141 pruned. 
[I 2026-04-17 18:20:53,485] Trial 142 pruned. 
[I 2026-04-17 18:20:58,631] Trial 143 finished with value: 0.9820434664774288 and parameters: {'lr_finetune': 0.00021445333146717242, 'epochs_finetune': 44, 'weight_decay': 0.015549223226026292, 'batch_size': 32, 'patience': 20, 'scheduler_patience': 8, 'scheduler_factor': 0.8448686987867519, 'pos_weight_multiplier': 2.8646330097858934, 'num_layers': 2, 'base_filters': 16, 'dropout': 0.4311338274421405, 'kernel_size': 3}. Best is trial 61 with value: 0.9908896203235825.
[I 2026-04-17 18:21:03,763] Trial 144 finished with value: 0.9908896203235825 and parameters: {'lr_finetune': 0.00020039170716369892, 'epochs_finetune': 39, 'weight_decay': 0.03598324714529564, 'batch_size': 32, 'patience': 20, 'scheduler_patience': 8, 'scheduler_factor': 0.8970858462865192, 'pos_weight_multiplier': 2.7843181470649943, 'num_layers': 2, 'base_filters': 16, 'dropout': 0.4037003259947629, 'kernel_size': 3}. Best is trial 61 with value: 0.9908896203235825.
[I 2026-04-17 18:21:09,137] Trial 145 finished with value: 0.9908896203235825 and parameters: {'lr_finetune': 0.00015372686214071618, 'epochs_finetune': 45, 'weight_decay': 0.02515070090244888, 'batch_size': 32, 'patience': 19, 'scheduler_patience': 8, 'scheduler_factor': 0.8742630005835702, 'pos_weight_multiplier': 2.6971897826731084, 'num_layers': 2, 'base_filters': 16, 'dropout': 0.4163589588690928, 'kernel_size': 3}. Best is trial 61 with value: 0.9908896203235825.
[I 2026-04-17 18:21:10,397] Trial 146 pruned. 
[I 2026-04-17 18:21:11,648] Trial 147 pruned. 
[I 2026-04-17 18:21:12,700] Trial 148 pruned. 
[I 2026-04-17 18:21:15,816] Trial 149 finished with value: 0.7489726027397261 and parameters: {'lr_finetune': 0.00022733654257072337, 'epochs_finetune': 45, 'weight_decay': 0.019931296403496255, 'batch_size': 32, 'patience': 9, 'scheduler_patience': 6, 'scheduler_factor': 0.756749033764512, 'pos_weight_multiplier': 2.630726874973384, 'num_layers': 2, 'base_filters': 16, 'dropout': 0.4243759070203376, 'kernel_size': 3}. Best is trial 61 with value: 0.9908896203235825.
