[I 2026-04-18 11:32:48,437] Trial 91 finished with value: 0.9722430607651913 and parameters: {'lr_finetune': 0.00023709547002700836, 'epochs_finetune': 44, 'weight_decay': 0.02489350589926644, 'batch_size': 32, 'patience': 17, 'scheduler_patience': 7, 'scheduler_factor': 0.8536931445344941, 'pos_weight_multiplier': 2.8960241442466406, 'num_layers': 2, 'base_filters': 64, 'dropout': 0.5589904802455017, 'kernel_size': 3}. Best is trial 0 with value: 0.9722430607651913.
[I 2026-04-18 11:32:49,581] Trial 92 finished with value: 0.9722430607651913 and parameters: {'lr_finetune': 0.0001873879785271502, 'epochs_finetune': 54, 'weight_decay': 0.016108540556423707, 'batch_size': 32, 'patience': 16, 'scheduler_patience': 8, 'scheduler_factor': 0.8855402489919162, 'pos_weight_multiplier': 2.733458326480142, 'num_layers': 2, 'base_filters': 64, 'dropout': 0.5509840368359991, 'kernel_size': 3}. Best is trial 0 with value: 0.9722430607651913.
[I 2026-04-18 11:32:50,772] Trial 93 finished with value: 0.9722430607651913 and parameters: {'lr_finetune': 0.00014099131524497412, 'epochs_finetune': 42, 'weight_decay': 0.00517974484132064, 'batch_size': 32, 'patience': 18, 'scheduler_patience': 7, 'scheduler_factor': 0.8324519733475406, 'pos_weight_multiplier': 2.3945478774448237, 'num_layers': 2, 'base_filters': 64, 'dropout': 0.37976774992759876, 'kernel_size': 3}. Best is trial 0 with value: 0.9722430607651913.
[I 2026-04-18 11:32:51,914] Trial 94 finished with value: 0.9722430607651913 and parameters: {'lr_finetune': 0.001331325780745098, 'epochs_finetune': 49, 'weight_decay': 0.0006156035368413941, 'batch_size': 32, 'patience': 16, 'scheduler_patience': 6, 'scheduler_factor': 0.6475875181351994, 'pos_weight_multiplier': 2.5510361084594284, 'num_layers': 2, 'base_filters': 64, 'dropout': 0.21784893284504941, 'kernel_size': 3}. Best is trial 0 with value: 0.9722430607651913.
[I 2026-04-18 11:32:53,108] Trial 95 finished with value: 0.9722430607651913 and parameters: {'lr_finetune': 3.236722842847336e-05, 'epochs_finetune': 40, 'weight_decay': 0.048669634776499986, 'batch_size': 32, 'patience': 15, 'scheduler_patience': 7, 'scheduler_factor': 0.8648847949765056, 'pos_weight_multiplier': 1.500496488623631, 'num_layers': 3, 'base_filters': 64, 'dropout': 0.3044738881508114, 'kernel_size': 3}. Best is trial 0 with value: 0.9722430607651913.
[I 2026-04-18 11:32:54,202] Trial 96 finished with value: 0.9722430607651913 and parameters: {'lr_finetune': 8.524971694713418e-05, 'epochs_finetune': 35, 'weight_decay': 0.0009213910542197624, 'batch_size': 32, 'patience': 18, 'scheduler_patience': 8, 'scheduler_factor': 0.7655826804743844, 'pos_weight_multiplier': 2.7798512116459575, 'num_layers': 2, 'base_filters': 64, 'dropout': 0.5684169562965987, 'kernel_size': 7}. Best is trial 0 with value: 0.9722430607651913.
[I 2026-04-18 11:32:55,314] Trial 97 finished with value: 0.9722430607651913 and parameters: {'lr_finetune': 0.00010906353954756034, 'epochs_finetune': 60, 'weight_decay': 0.0004796436629573598, 'batch_size': 64, 'patience': 17, 'scheduler_patience': 6, 'scheduler_factor': 0.7978140246341002, 'pos_weight_multiplier': 2.039775345763961, 'num_layers': 2, 'base_filters': 64, 'dropout': 0.5264603948611539, 'kernel_size': 5}. Best is trial 0 with value: 0.9722430607651913.
[I 2026-04-18 11:32:56,001] Trial 98 finished with value: 0.8542159180457052 and parameters: {'lr_finetune': 5.870090957131622e-05, 'epochs_finetune': 46, 'weight_decay': 0.03629721901383178, 'batch_size': 128, 'patience': 17, 'scheduler_patience': 6, 'scheduler_factor': 0.8803256087014701, 'pos_weight_multiplier': 0.9320883521608454, 'num_layers': 3, 'base_filters': 16, 'dropout': 0.25387684301918306, 'kernel_size': 3}. Best is trial 0 with value: 0.9722430607651913.
[I 2026-04-18 11:32:56,992] Trial 99 finished with value: 0.9722430607651913 and parameters: {'lr_finetune': 0.0018890905108330457, 'epochs_finetune': 31, 'weight_decay': 0.012260907131046009, 'batch_size': 32, 'patience': 19, 'scheduler_patience': 8, 'scheduler_factor': 0.8205855846147627, 'pos_weight_multiplier': 1.9086314528693331, 'num_layers': 2, 'base_filters': 64, 'dropout': 0.5966241230449385, 'kernel_size': 7}. Best is trial 0 with value: 0.9722430607651913.
[I 2026-04-18 11:32:57,924] Trial 100 finished with value: 0.9722430607651913 and parameters: {'lr_finetune': 0.0002752626763722606, 'epochs_finetune': 36, 'weight_decay': 0.0017162643726091349, 'batch_size': 32, 'patience': 12, 'scheduler_patience': 4, 'scheduler_factor': 0.4696893967328921, 'pos_weight_multiplier': 1.3616402746397043, 'num_layers': 2, 'base_filters': 64, 'dropout': 0.20651025802547363, 'kernel_size': 3}. Best is trial 0 with value: 0.9722430607651913.
[I 2026-04-18 11:32:58,595] Trial 101 finished with value: 0.827639751552795 and parameters: {'lr_finetune': 0.0010302654900691919, 'epochs_finetune': 62, 'weight_decay': 0.0020997652391983057, 'batch_size': 64, 'patience': 16, 'scheduler_patience': 7, 'scheduler_factor': 0.8989854935654011, 'pos_weight_multiplier': 2.932848177846523, 'num_layers': 3, 'base_filters': 64, 'dropout': 0.2331910157829839, 'kernel_size': 5}. Best is trial 0 with value: 0.9722430607651913.
[I 2026-04-18 11:32:59,122] Trial 102 finished with value: 0.3728813559322034 and parameters: {'lr_finetune': 0.0007802497582763988, 'epochs_finetune': 56, 'weight_decay': 0.0014364920848748068, 'batch_size': 64, 'patience': 15, 'scheduler_patience': 8, 'scheduler_factor': 0.8520387857838816, 'pos_weight_multiplier': 2.7833828633547406, 'num_layers': 3, 'base_filters': 64, 'dropout': 0.21049280462258374, 'kernel_size': 5}. Best is trial 0 with value: 0.9722430607651913.
[I 2026-04-18 11:32:59,697] Trial 103 finished with value: 0.3728813559322034 and parameters: {'lr_finetune': 0.0002111637418802858, 'epochs_finetune': 60, 'weight_decay': 0.0007259364744780292, 'batch_size': 64, 'patience': 17, 'scheduler_patience': 7, 'scheduler_factor': 0.787253884082557, 'pos_weight_multiplier': 2.851949075669838, 'num_layers': 3, 'base_filters': 64, 'dropout': 0.4038114741191053, 'kernel_size': 5}. Best is trial 0 with value: 0.9722430607651913.
[I 2026-04-18 11:33:00,244] Trial 104 finished with value: 0.3375959079283888 and parameters: {'lr_finetune': 0.00015052640364128037, 'epochs_finetune': 66, 'weight_decay': 0.003583055394123434, 'batch_size': 64, 'patience': 16, 'scheduler_patience': 7, 'scheduler_factor': 0.8395441554413353, 'pos_weight_multiplier': 2.620773583336173, 'num_layers': 3, 'base_filters': 64, 'dropout': 0.22113099105201478, 'kernel_size': 5}. Best is trial 0 with value: 0.9722430607651913.
[I 2026-04-18 11:33:00,815] Trial 105 finished with value: 0.3728813559322034 and parameters: {'lr_finetune': 0.0013692076576220112, 'epochs_finetune': 58, 'weight_decay': 0.01910694221239725, 'batch_size': 32, 'patience': 11, 'scheduler_patience': 5, 'scheduler_factor': 0.8573767704889123, 'pos_weight_multiplier': 2.492564535029191, 'num_layers': 3, 'base_filters': 32, 'dropout': 0.24416646478941015, 'kernel_size': 5}. Best is trial 0 with value: 0.9722430607651913.
[I 2026-04-18 11:33:01,353] Trial 106 finished with value: 0.3728813559322034 and parameters: {'lr_finetune': 7.148471517025675e-05, 'epochs_finetune': 52, 'weight_decay': 0.06910948563934736, 'batch_size': 64, 'patience': 15, 'scheduler_patience': 4, 'scheduler_factor': 0.7329273975458829, 'pos_weight_multiplier': 1.4646973434079114, 'num_layers': 3, 'base_filters': 64, 'dropout': 0.2661240120451921, 'kernel_size': 7}. Best is trial 0 with value: 0.9722430607651913.
[I 2026-04-18 11:33:02,355] Trial 107 finished with value: 0.9722430607651913 and parameters: {'lr_finetune': 0.0003435292491030607, 'epochs_finetune': 39, 'weight_decay': 0.0003730290520029978, 'batch_size': 32, 'patience': 16, 'scheduler_patience': 7, 'scheduler_factor': 0.8160692424258412, 'pos_weight_multiplier': 1.0493207285210837, 'num_layers': 2, 'base_filters': 64, 'dropout': 0.31782720346386467, 'kernel_size': 3}. Best is trial 0 with value: 0.9722430607651913.
[I 2026-04-18 11:33:02,987] Trial 108 finished with value: 0.3728813559322034 and parameters: {'lr_finetune': 0.0008833666403801005, 'epochs_finetune': 37, 'weight_decay': 0.0029172628098107145, 'batch_size': 32, 'patience': 14, 'scheduler_patience': 6, 'scheduler_factor': 0.2360363153983514, 'pos_weight_multiplier': 1.6213992376548303, 'num_layers': 3, 'base_filters': 64, 'dropout': 0.2875377004645837, 'kernel_size': 7}. Best is trial 0 with value: 0.9722430607651913.
[I 2026-04-18 11:33:04,211] Trial 109 finished with value: 0.9722430607651913 and parameters: {'lr_finetune': 0.0005428490423697034, 'epochs_finetune': 33, 'weight_decay': 0.002221694027968666, 'batch_size': 32, 'patience': 18, 'scheduler_patience': 8, 'scheduler_factor': 0.8772305798646471, 'pos_weight_multiplier': 1.6615983966339485, 'num_layers': 4, 'base_filters': 64, 'dropout': 0.20496979226805412, 'kernel_size': 3}. Best is trial 0 with value: 0.9722430607651913.
[I 2026-04-18 11:33:04,632] Trial 110 finished with value: 0.3728813559322034 and parameters: {'lr_finetune': 0.00012388320568194284, 'epochs_finetune': 42, 'weight_decay': 0.0012266401688239862, 'batch_size': 64, 'patience': 10, 'scheduler_patience': 4, 'scheduler_factor': 0.701961516414854, 'pos_weight_multiplier': 1.8536204553869358, 'num_layers': 2, 'base_filters': 32, 'dropout': 0.23734466775370122, 'kernel_size': 5}. Best is trial 0 with value: 0.9722430607651913.
[I 2026-04-18 11:33:05,115] Trial 111 finished with value: 0.3728813559322034 and parameters: {'lr_finetune': 0.00046566956526137394, 'epochs_finetune': 60, 'weight_decay': 0.004310659384447506, 'batch_size': 64, 'patience': 13, 'scheduler_patience': 5, 'scheduler_factor': 0.8649217451560559, 'pos_weight_multiplier': 0.7102318049218085, 'num_layers': 3, 'base_filters': 64, 'dropout': 0.22734641188392912, 'kernel_size': 3}. Best is trial 0 with value: 0.9722430607651913.
[I 2026-04-18 11:33:05,650] Trial 112 finished with value: 0.3728813559322034 and parameters: {'lr_finetune': 0.0003683718391838712, 'epochs_finetune': 54, 'weight_decay': 0.008244227506974799, 'batch_size': 64, 'patience': 14, 'scheduler_patience': 5, 'scheduler_factor': 0.8847988076060124, 'pos_weight_multiplier': 1.7866894817256973, 'num_layers': 3, 'base_filters': 64, 'dropout': 0.2553020347797892, 'kernel_size': 3}. Best is trial 0 with value: 0.9722430607651913.
[I 2026-04-18 11:33:06,135] Trial 113 finished with value: 0.3728813559322034 and parameters: {'lr_finetune': 0.000639269755483125, 'epochs_finetune': 57, 'weight_decay': 0.006278938218547332, 'batch_size': 64, 'patience': 13, 'scheduler_patience': 3, 'scheduler_factor': 0.8278581804596109, 'pos_weight_multiplier': 1.5437246735912884, 'num_layers': 3, 'base_filters': 64, 'dropout': 0.2946059340392533, 'kernel_size': 3}. Best is trial 0 with value: 0.9722430607651913.
[I 2026-04-18 11:33:06,659] Trial 114 finished with value: 0.3728813559322034 and parameters: {'lr_finetune': 8.986208940080463e-05, 'epochs_finetune': 58, 'weight_decay': 0.0017889170171816147, 'batch_size': 64, 'patience': 15, 'scheduler_patience': 6, 'scheduler_factor': 0.8426815243348117, 'pos_weight_multiplier': 1.9588756957857087, 'num_layers': 3, 'base_filters': 64, 'dropout': 0.3389450926664899, 'kernel_size': 3}. Best is trial 0 with value: 0.9722430607651913.
[I 2026-04-18 11:33:06,995] Trial 115 finished with value: 0.28846153846153844 and parameters: {'lr_finetune': 0.0016363674015753126, 'epochs_finetune': 62, 'weight_decay': 0.0005698159006851389, 'batch_size': 128, 'patience': 6, 'scheduler_patience': 4, 'scheduler_factor': 0.8030509371486476, 'pos_weight_multiplier': 1.3937447304732746, 'num_layers': 3, 'base_filters': 16, 'dropout': 0.2142896960468448, 'kernel_size': 3}. Best is trial 0 with value: 0.9722430607651913.
[I 2026-04-18 11:33:08,169] Trial 116 finished with value: 0.9722430607651913 and parameters: {'lr_finetune': 4.554940996008277e-05, 'epochs_finetune': 34, 'weight_decay': 0.0002941928652630199, 'batch_size': 32, 'patience': 16, 'scheduler_patience': 5, 'scheduler_factor': 0.8960097269637891, 'pos_weight_multiplier': 1.2306590320192683, 'num_layers': 3, 'base_filters': 64, 'dropout': 0.27148703369755833, 'kernel_size': 7}. Best is trial 0 with value: 0.9722430607651913.
[I 2026-04-18 11:33:09,237] Trial 117 finished with value: 0.9722430607651913 and parameters: {'lr_finetune': 0.00039869421147629687, 'epochs_finetune': 40, 'weight_decay': 0.0008540560252061712, 'batch_size': 32, 'patience': 11, 'scheduler_patience': 3, 'scheduler_factor': 0.7532785676481819, 'pos_weight_multiplier': 2.669825331556697, 'num_layers': 2, 'base_filters': 64, 'dropout': 0.24646697897268943, 'kernel_size': 3}. Best is trial 0 with value: 0.9722430607651913.
[I 2026-04-18 11:33:10,534] Trial 118 finished with value: 0.9722430607651913 and parameters: {'lr_finetune': 0.001129150088507543, 'epochs_finetune': 55, 'weight_decay': 0.08149035135737244, 'batch_size': 32, 'patience': 20, 'scheduler_patience': 2, 'scheduler_factor': 0.775106941049887, 'pos_weight_multiplier': 2.138531817775239, 'num_layers': 3, 'base_filters': 64, 'dropout': 0.20165744768280872, 'kernel_size': 7}. Best is trial 0 with value: 0.9722430607651913.
[I 2026-04-18 11:33:11,542] Trial 119 finished with value: 0.9722430607651913 and parameters: {'lr_finetune': 0.00032137097850588815, 'epochs_finetune': 64, 'weight_decay': 0.0029329309932318013, 'batch_size': 64, 'patience': 19, 'scheduler_patience': 4, 'scheduler_factor': 0.8642653816716407, 'pos_weight_multiplier': 1.7403228372845965, 'num_layers': 2, 'base_filters': 64, 'dropout': 0.2362483334458068, 'kernel_size': 5}. Best is trial 0 with value: 0.9722430607651913.
[I 2026-04-18 11:33:12,767] Trial 120 finished with value: 0.9722430607651913 and parameters: {'lr_finetune': 0.00025125601544989066, 'epochs_finetune': 38, 'weight_decay': 0.0010574801731910739, 'batch_size': 32, 'patience': 17, 'scheduler_patience': 6, 'scheduler_factor': 0.7273992176606037, 'pos_weight_multiplier': 2.562773752766856, 'num_layers': 3, 'base_filters': 32, 'dropout': 0.43335988825042737, 'kernel_size': 3}. Best is trial 0 with value: 0.9722430607651913.
[I 2026-04-18 11:33:14,772] Trial 121 finished with value: 0.9722430607651913 and parameters: {'lr_finetune': 0.0030442970375110256, 'epochs_finetune': 58, 'weight_decay': 0.00043502956610862593, 'batch_size': 32, 'patience': 19, 'scheduler_patience': 8, 'scheduler_factor': 0.5918870720413811, 'pos_weight_multiplier': 2.9912487341744116, 'num_layers': 4, 'base_filters': 64, 'dropout': 0.2068700213738746, 'kernel_size': 5}. Best is trial 0 with value: 0.9722430607651913.
[I 2026-04-18 11:33:16,178] Trial 122 finished with value: 0.9722430607651913 and parameters: {'lr_finetune': 0.002597447019979191, 'epochs_finetune': 50, 'weight_decay': 0.0002221731366316745, 'batch_size': 32, 'patience': 20, 'scheduler_patience': 8, 'scheduler_factor': 0.5136770377377603, 'pos_weight_multiplier': 2.301386966723661, 'num_layers': 2, 'base_filters': 64, 'dropout': 0.21394929029116652, 'kernel_size': 5}. Best is trial 0 with value: 0.9722430607651913.
[I 2026-04-18 11:33:17,512] Trial 123 finished with value: 0.9722430607651913 and parameters: {'lr_finetune': 0.002129857598641532, 'epochs_finetune': 53, 'weight_decay': 0.00023928796237528642, 'batch_size': 32, 'patience': 19, 'scheduler_patience': 8, 'scheduler_factor': 0.5639151948256355, 'pos_weight_multiplier': 2.371822051820373, 'num_layers': 3, 'base_filters': 64, 'dropout': 0.2231178817908168, 'kernel_size': 5}. Best is trial 0 with value: 0.9722430607651913.
[I 2026-04-18 11:33:18,600] Trial 124 finished with value: 0.7797619047619048 and parameters: {'lr_finetune': 0.00397050983653805, 'epochs_finetune': 55, 'weight_decay': 0.013857669172217377, 'batch_size': 32, 'patience': 18, 'scheduler_patience': 8, 'scheduler_factor': 0.6268753521601979, 'pos_weight_multiplier': 1.3244117314934343, 'num_layers': 4, 'base_filters': 64, 'dropout': 0.4765895741304605, 'kernel_size': 5}. Best is trial 0 with value: 0.9722430607651913.
[I 2026-04-18 11:33:19,826] Trial 125 finished with value: 0.9722430607651913 and parameters: {'lr_finetune': 0.00016945436215528355, 'epochs_finetune': 36, 'weight_decay': 0.00015465850396696718, 'batch_size': 32, 'patience': 14, 'scheduler_patience': 7, 'scheduler_factor': 0.5453417096886864, 'pos_weight_multiplier': 2.838880999562398, 'num_layers': 4, 'base_filters': 64, 'dropout': 0.41467159423484745, 'kernel_size': 7}. Best is trial 0 with value: 0.9722430607651913.
[I 2026-04-18 11:33:20,401] Trial 126 finished with value: 0.3728813559322034 and parameters: {'lr_finetune': 0.0007433745784183617, 'epochs_finetune': 45, 'weight_decay': 0.05889149249447658, 'batch_size': 32, 'patience': 12, 'scheduler_patience': 8, 'scheduler_factor': 0.6758753979175811, 'pos_weight_multiplier': 2.5072241906861246, 'num_layers': 3, 'base_filters': 64, 'dropout': 0.49925294486397565, 'kernel_size': 3}. Best is trial 0 with value: 0.9722430607651913.
[I 2026-04-18 11:33:21,452] Trial 127 finished with value: 0.9722430607651913 and parameters: {'lr_finetune': 0.00010216542760096985, 'epochs_finetune': 61, 'weight_decay': 0.0006916777134471579, 'batch_size': 32, 'patience': 15, 'scheduler_patience': 4, 'scheduler_factor': 0.8827105589259818, 'pos_weight_multiplier': 2.208696634890077, 'num_layers': 2, 'base_filters': 64, 'dropout': 0.21960457889315113, 'kernel_size': 7}. Best is trial 0 with value: 0.9722430607651913.
[I 2026-04-18 11:33:22,998] Trial 128 finished with value: 0.9722430607651913 and parameters: {'lr_finetune': 0.0037149694679985907, 'epochs_finetune': 56, 'weight_decay': 0.00012575136486963714, 'batch_size': 32, 'patience': 19, 'scheduler_patience': 8, 'scheduler_factor': 0.4052220286754223, 'pos_weight_multiplier': 1.5791931791410005, 'num_layers': 2, 'base_filters': 64, 'dropout': 0.45322227444543356, 'kernel_size': 5}. Best is trial 0 with value: 0.9722430607651913.
[I 2026-04-18 11:33:23,611] Trial 129 finished with value: 0.3728813559322034 and parameters: {'lr_finetune': 0.004527044858993378, 'epochs_finetune': 59, 'weight_decay': 0.0038259568581759432, 'batch_size': 64, 'patience': 18, 'scheduler_patience': 4, 'scheduler_factor': 0.8989385759340075, 'pos_weight_multiplier': 1.1126244414820134, 'num_layers': 3, 'base_filters': 64, 'dropout': 0.3040410881236143, 'kernel_size': 3}. Best is trial 0 with value: 0.9722430607651913.
[I 2026-04-18 11:33:24,700] Trial 130 finished with value: 0.9722430607651913 and parameters: {'lr_finetune': 0.0017922501297282733, 'epochs_finetune': 53, 'weight_decay': 0.005146927802444937, 'batch_size': 32, 'patience': 17, 'scheduler_patience': 6, 'scheduler_factor': 0.6573514354679615, 'pos_weight_multiplier': 2.7481742126933075, 'num_layers': 2, 'base_filters': 16, 'dropout': 0.22916224730430573, 'kernel_size': 7}. Best is trial 0 with value: 0.9722430607651913.
[I 2026-04-18 11:33:25,876] Trial 131 finished with value: 0.9722430607651913 and parameters: {'lr_finetune': 0.00013609711078262915, 'epochs_finetune': 50, 'weight_decay': 0.0009236679766317536, 'batch_size': 32, 'patience': 16, 'scheduler_patience': 7, 'scheduler_factor': 0.7149078038624186, 'pos_weight_multiplier': 2.6677491968562643, 'num_layers': 3, 'base_filters': 64, 'dropout': 0.39234462055156527, 'kernel_size': 7}. Best is trial 0 with value: 0.9722430607651913.
[I 2026-04-18 11:33:27,055] Trial 132 finished with value: 0.8582375478927202 and parameters: {'lr_finetune': 0.0049784777626166645, 'epochs_finetune': 51, 'weight_decay': 0.027013836730044528, 'batch_size': 32, 'patience': 16, 'scheduler_patience': 7, 'scheduler_factor': 0.7911516655593873, 'pos_weight_multiplier': 2.4123812720672766, 'num_layers': 3, 'base_filters': 64, 'dropout': 0.42649147083982697, 'kernel_size': 7}. Best is trial 0 with value: 0.9722430607651913.
[I 2026-04-18 11:33:28,153] Trial 133 finished with value: 0.9722430607651913 and parameters: {'lr_finetune': 0.00011632921922718833, 'epochs_finetune': 47, 'weight_decay': 0.0005113891830000344, 'batch_size': 32, 'patience': 15, 'scheduler_patience': 7, 'scheduler_factor': 0.8440970454267837, 'pos_weight_multiplier': 2.5978555258013984, 'num_layers': 3, 'base_filters': 64, 'dropout': 0.4163337599074002, 'kernel_size': 7}. Best is trial 0 with value: 0.9722430607651913.
[I 2026-04-18 11:33:29,352] Trial 134 finished with value: 0.9722430607651913 and parameters: {'lr_finetune': 0.00020091692239993574, 'epochs_finetune': 52, 'weight_decay': 0.0007891322717614732, 'batch_size': 32, 'patience': 16, 'scheduler_patience': 7, 'scheduler_factor': 0.6966718805309995, 'pos_weight_multiplier': 1.687221693912354, 'num_layers': 3, 'base_filters': 64, 'dropout': 0.4503234668725835, 'kernel_size': 7}. Best is trial 0 with value: 0.9722430607651913.
[I 2026-04-18 11:33:29,914] Trial 135 finished with value: 0.5515151515151515 and parameters: {'lr_finetune': 5.7322779113309897e-05, 'epochs_finetune': 48, 'weight_decay': 0.0015133624522232177, 'batch_size': 128, 'patience': 13, 'scheduler_patience': 8, 'scheduler_factor': 0.5999829368675659, 'pos_weight_multiplier': 2.479864084388444, 'num_layers': 3, 'base_filters': 64, 'dropout': 0.3262241885280724, 'kernel_size': 3}. Best is trial 0 with value: 0.9722430607651913.
[I 2026-04-18 11:33:31,001] Trial 136 finished with value: 0.9722430607651913 and parameters: {'lr_finetune': 7.795483124937372e-05, 'epochs_finetune': 32, 'weight_decay': 0.0012686365935262274, 'batch_size': 32, 'patience': 17, 'scheduler_patience': 5, 'scheduler_factor': 0.5209452602561602, 'pos_weight_multiplier': 1.467055515076894, 'num_layers': 3, 'base_filters': 32, 'dropout': 0.21051247667150735, 'kernel_size': 7}. Best is trial 0 with value: 0.9722430607651913.
