[I 2026-04-18 11:40:39,057] Trial 104 finished with value: 0.9722430607651913 and parameters: {'lr_finetune': 2.168639154683815e-05, 'epochs_finetune': 55, 'weight_decay': 0.002982833828790805, 'batch_size': 32, 'patience': 19, 'scheduler_patience': 7, 'scheduler_factor': 0.15394215541063772, 'pos_weight_multiplier': 1.5327369572919036, 'num_layers': 4, 'base_filters': 64, 'dropout': 0.5492387663397134, 'kernel_size': 5}. Best is trial 28 with value: 1.0.
[I 2026-04-18 11:40:40,946] Trial 105 finished with value: 1.0 and parameters: {'lr_finetune': 9.820071991169181e-05, 'epochs_finetune': 46, 'weight_decay': 0.00229928256484629, 'batch_size': 32, 'patience': 19, 'scheduler_patience': 8, 'scheduler_factor': 0.2857323470842272, 'pos_weight_multiplier': 2.0485670687249415, 'num_layers': 4, 'base_filters': 64, 'dropout': 0.4592377627134843, 'kernel_size': 5}. Best is trial 28 with value: 1.0.
[I 2026-04-18 11:40:42,532] Trial 106 finished with value: 0.9722430607651913 and parameters: {'lr_finetune': 2.8012098588568582e-05, 'epochs_finetune': 57, 'weight_decay': 0.0012781239385742074, 'batch_size': 32, 'patience': 17, 'scheduler_patience': 8, 'scheduler_factor': 0.22595786363051584, 'pos_weight_multiplier': 1.726651978707251, 'num_layers': 4, 'base_filters': 64, 'dropout': 0.555372380327198, 'kernel_size': 5}. Best is trial 28 with value: 1.0.
[I 2026-04-18 11:40:43,978] Trial 107 finished with value: 1.0 and parameters: {'lr_finetune': 1.4793546821485965e-05, 'epochs_finetune': 78, 'weight_decay': 0.003503835076502571, 'batch_size': 32, 'patience': 20, 'scheduler_patience': 8, 'scheduler_factor': 0.42283511244079036, 'pos_weight_multiplier': 2.136328681918095, 'num_layers': 4, 'base_filters': 64, 'dropout': 0.47629516163103586, 'kernel_size': 5}. Best is trial 28 with value: 1.0.
[I 2026-04-18 11:40:45,929] Trial 108 finished with value: 0.7823529411764706 and parameters: {'lr_finetune': 1.0002234250013516e-05, 'epochs_finetune': 63, 'weight_decay': 0.0013765105997573222, 'batch_size': 32, 'patience': 19, 'scheduler_patience': 5, 'scheduler_factor': 0.3579494797637654, 'pos_weight_multiplier': 0.5147602305069836, 'num_layers': 4, 'base_filters': 16, 'dropout': 0.4998673340982046, 'kernel_size': 5}. Best is trial 28 with value: 1.0.
[I 2026-04-18 11:40:46,500] Trial 109 finished with value: 0.46634615384615385 and parameters: {'lr_finetune': 0.0012850799700980027, 'epochs_finetune': 39, 'weight_decay': 0.00015106102934449395, 'batch_size': 128, 'patience': 18, 'scheduler_patience': 7, 'scheduler_factor': 0.32788496129152395, 'pos_weight_multiplier': 2.0035137469208855, 'num_layers': 4, 'base_filters': 64, 'dropout': 0.531599015416003, 'kernel_size': 5}. Best is trial 28 with value: 1.0.
[I 2026-04-18 11:40:47,071] Trial 110 finished with value: 0.3728813559322034 and parameters: {'lr_finetune': 1.7443658450847556e-05, 'epochs_finetune': 35, 'weight_decay': 0.0007066379107782498, 'batch_size': 64, 'patience': 20, 'scheduler_patience': 8, 'scheduler_factor': 0.2793159129450819, 'pos_weight_multiplier': 1.6497837250681415, 'num_layers': 2, 'base_filters': 64, 'dropout': 0.5439030945465485, 'kernel_size': 5}. Best is trial 28 with value: 1.0.
[I 2026-04-18 11:40:48,393] Trial 111 finished with value: 0.9425465838509317 and parameters: {'lr_finetune': 1.1694974582609434e-05, 'epochs_finetune': 60, 'weight_decay': 0.003982664101139149, 'batch_size': 32, 'patience': 17, 'scheduler_patience': 8, 'scheduler_factor': 0.3914444769342227, 'pos_weight_multiplier': 1.8685475469725814, 'num_layers': 4, 'base_filters': 64, 'dropout': 0.5647266536361975, 'kernel_size': 5}. Best is trial 28 with value: 1.0.
[I 2026-04-18 11:40:49,782] Trial 112 finished with value: 0.9722430607651913 and parameters: {'lr_finetune': 1.3464093602832848e-05, 'epochs_finetune': 67, 'weight_decay': 0.0017911745737699703, 'batch_size': 32, 'patience': 16, 'scheduler_patience': 8, 'scheduler_factor': 0.3165048076253357, 'pos_weight_multiplier': 1.7734393556827281, 'num_layers': 4, 'base_filters': 64, 'dropout': 0.5200059875607197, 'kernel_size': 5}. Best is trial 28 with value: 1.0.
[I 2026-04-18 11:40:51,389] Trial 113 finished with value: 1.0 and parameters: {'lr_finetune': 1.6536453651692128e-05, 'epochs_finetune': 53, 'weight_decay': 0.002231033920798686, 'batch_size': 32, 'patience': 17, 'scheduler_patience': 8, 'scheduler_factor': 0.3703712917041474, 'pos_weight_multiplier': 1.899897026893791, 'num_layers': 4, 'base_filters': 64, 'dropout': 0.4875074999384425, 'kernel_size': 5}. Best is trial 28 with value: 1.0.
[I 2026-04-18 11:40:52,774] Trial 114 finished with value: 0.9722430607651913 and parameters: {'lr_finetune': 1.9701853424583667e-05, 'epochs_finetune': 45, 'weight_decay': 0.00023292513740309895, 'batch_size': 32, 'patience': 17, 'scheduler_patience': 8, 'scheduler_factor': 0.21061478949080437, 'pos_weight_multiplier': 1.8239551203229483, 'num_layers': 4, 'base_filters': 64, 'dropout': 0.5560467135179747, 'kernel_size': 5}. Best is trial 28 with value: 1.0.
[I 2026-04-18 11:40:54,113] Trial 115 finished with value: 0.9425465838509317 and parameters: {'lr_finetune': 1.0379071589635477e-05, 'epochs_finetune': 42, 'weight_decay': 0.0028145931397544495, 'batch_size': 32, 'patience': 18, 'scheduler_patience': 8, 'scheduler_factor': 0.45286816101430427, 'pos_weight_multiplier': 1.9465427830666233, 'num_layers': 4, 'base_filters': 64, 'dropout': 0.5124226745997007, 'kernel_size': 5}. Best is trial 28 with value: 1.0.
[I 2026-04-18 11:40:55,524] Trial 116 finished with value: 0.9722430607651913 and parameters: {'lr_finetune': 2.3890400659592394e-05, 'epochs_finetune': 58, 'weight_decay': 0.0008842875510716639, 'batch_size': 32, 'patience': 19, 'scheduler_patience': 8, 'scheduler_factor': 0.23709561346817062, 'pos_weight_multiplier': 1.6922814560160453, 'num_layers': 4, 'base_filters': 64, 'dropout': 0.5266694143649134, 'kernel_size': 5}. Best is trial 28 with value: 1.0.
[I 2026-04-18 11:40:56,781] Trial 117 finished with value: 0.9722430607651913 and parameters: {'lr_finetune': 0.000178902138653956, 'epochs_finetune': 48, 'weight_decay': 0.0018471709251745788, 'batch_size': 32, 'patience': 16, 'scheduler_patience': 8, 'scheduler_factor': 0.34242903301800387, 'pos_weight_multiplier': 2.3441337900419312, 'num_layers': 4, 'base_filters': 64, 'dropout': 0.4144304284920034, 'kernel_size': 3}. Best is trial 28 with value: 1.0.
[I 2026-04-18 11:40:58,085] Trial 118 finished with value: 0.8489795918367347 and parameters: {'lr_finetune': 1.2407811090831842e-05, 'epochs_finetune': 63, 'weight_decay': 0.0005011298172408396, 'batch_size': 32, 'patience': 18, 'scheduler_patience': 8, 'scheduler_factor': 0.2974537290050802, 'pos_weight_multiplier': 1.990650773576912, 'num_layers': 4, 'base_filters': 32, 'dropout': 0.5412464935900658, 'kernel_size': 7}. Best is trial 28 with value: 1.0.
[I 2026-04-18 11:40:59,586] Trial 119 finished with value: 0.9722430607651913 and parameters: {'lr_finetune': 0.00011797595580706633, 'epochs_finetune': 51, 'weight_decay': 0.0001958694404323704, 'batch_size': 32, 'patience': 20, 'scheduler_patience': 7, 'scheduler_factor': 0.26731561643031243, 'pos_weight_multiplier': 1.5703899788500575, 'num_layers': 4, 'base_filters': 64, 'dropout': 0.49820199207045407, 'kernel_size': 5}. Best is trial 28 with value: 1.0.
[I 2026-04-18 11:41:01,049] Trial 120 finished with value: 1.0 and parameters: {'lr_finetune': 1.4631374124408488e-05, 'epochs_finetune': 56, 'weight_decay': 0.0011087759701446716, 'batch_size': 32, 'patience': 15, 'scheduler_patience': 4, 'scheduler_factor': 0.17154431556867208, 'pos_weight_multiplier': 1.4576773611597231, 'num_layers': 4, 'base_filters': 64, 'dropout': 0.592136254706241, 'kernel_size': 5}. Best is trial 28 with value: 1.0.
[I 2026-04-18 11:41:02,535] Trial 121 finished with value: 1.0 and parameters: {'lr_finetune': 1.7341095796062762e-05, 'epochs_finetune': 41, 'weight_decay': 0.001519402065984854, 'batch_size': 32, 'patience': 20, 'scheduler_patience': 8, 'scheduler_factor': 0.25096476922249156, 'pos_weight_multiplier': 1.6269346095027295, 'num_layers': 4, 'base_filters': 64, 'dropout': 0.4811664769407449, 'kernel_size': 5}. Best is trial 28 with value: 1.0.
[I 2026-04-18 11:41:04,062] Trial 122 finished with value: 1.0 and parameters: {'lr_finetune': 1.6093113441168134e-05, 'epochs_finetune': 43, 'weight_decay': 0.0020485457846112286, 'batch_size': 32, 'patience': 20, 'scheduler_patience': 8, 'scheduler_factor': 0.2600533387509761, 'pos_weight_multiplier': 1.8332448421796232, 'num_layers': 4, 'base_filters': 64, 'dropout': 0.46408838896552884, 'kernel_size': 5}. Best is trial 28 with value: 1.0.
[I 2026-04-18 11:41:05,497] Trial 123 finished with value: 0.9722430607651913 and parameters: {'lr_finetune': 2.189857077936914e-05, 'epochs_finetune': 44, 'weight_decay': 0.00011620182945602396, 'batch_size': 32, 'patience': 19, 'scheduler_patience': 8, 'scheduler_factor': 0.33185945424877755, 'pos_weight_multiplier': 1.6699896427513994, 'num_layers': 4, 'base_filters': 64, 'dropout': 0.4372900921440385, 'kernel_size': 5}. Best is trial 28 with value: 1.0.
[I 2026-04-18 11:41:06,893] Trial 124 finished with value: 1.0 and parameters: {'lr_finetune': 1.2298233031218725e-05, 'epochs_finetune': 42, 'weight_decay': 0.003576831873877503, 'batch_size': 32, 'patience': 20, 'scheduler_patience': 8, 'scheduler_factor': 0.22007811598128635, 'pos_weight_multiplier': 1.7406320670942408, 'num_layers': 4, 'base_filters': 64, 'dropout': 0.5773841545222687, 'kernel_size': 5}. Best is trial 28 with value: 1.0.
[I 2026-04-18 11:41:08,426] Trial 125 finished with value: 1.0 and parameters: {'lr_finetune': 3.4221351513548246e-05, 'epochs_finetune': 47, 'weight_decay': 0.0013096634751990656, 'batch_size': 32, 'patience': 17, 'scheduler_patience': 8, 'scheduler_factor': 0.18606207679434802, 'pos_weight_multiplier': 1.5453221297136772, 'num_layers': 4, 'base_filters': 64, 'dropout': 0.4508410379020587, 'kernel_size': 5}. Best is trial 28 with value: 1.0.
[I 2026-04-18 11:41:09,894] Trial 126 finished with value: 0.9722430607651913 and parameters: {'lr_finetune': 1.001331910910752e-05, 'epochs_finetune': 40, 'weight_decay': 0.0017877364224473358, 'batch_size': 32, 'patience': 19, 'scheduler_patience': 8, 'scheduler_factor': 0.28736922374631013, 'pos_weight_multiplier': 1.3839876588372022, 'num_layers': 4, 'base_filters': 64, 'dropout': 0.5228187845392319, 'kernel_size': 5}. Best is trial 28 with value: 1.0.
[I 2026-04-18 11:41:11,456] Trial 127 finished with value: 1.0 and parameters: {'lr_finetune': 6.859440241614088e-05, 'epochs_finetune': 45, 'weight_decay': 0.0005894823434319131, 'batch_size': 32, 'patience': 18, 'scheduler_patience': 8, 'scheduler_factor': 0.8401431902385852, 'pos_weight_multiplier': 1.910030319029406, 'num_layers': 4, 'base_filters': 64, 'dropout': 0.5054614295931422, 'kernel_size': 3}. Best is trial 28 with value: 1.0.
[I 2026-04-18 11:41:12,750] Trial 128 finished with value: 0.9722430607651913 and parameters: {'lr_finetune': 0.0006311822437495341, 'epochs_finetune': 37, 'weight_decay': 0.00249800773376612, 'batch_size': 32, 'patience': 20, 'scheduler_patience': 2, 'scheduler_factor': 0.36072123434286624, 'pos_weight_multiplier': 2.104388571869168, 'num_layers': 4, 'base_filters': 16, 'dropout': 0.4926093168851062, 'kernel_size': 5}. Best is trial 28 with value: 1.0.
[I 2026-04-18 11:41:13,345] Trial 129 finished with value: 0.28846153846153844 and parameters: {'lr_finetune': 2.6016302754111e-05, 'epochs_finetune': 61, 'weight_decay': 0.00074769579939934, 'batch_size': 128, 'patience': 19, 'scheduler_patience': 8, 'scheduler_factor': 0.3063165183832907, 'pos_weight_multiplier': 1.491711479858179, 'num_layers': 4, 'base_filters': 64, 'dropout': 0.5506294917536372, 'kernel_size': 7}. Best is trial 28 with value: 1.0.
[I 2026-04-18 11:41:14,768] Trial 130 finished with value: 0.9722430607651913 and parameters: {'lr_finetune': 1.4041689343750052e-05, 'epochs_finetune': 49, 'weight_decay': 0.00012832304010551408, 'batch_size': 32, 'patience': 18, 'scheduler_patience': 6, 'scheduler_factor': 0.14552128226747035, 'pos_weight_multiplier': 1.6071126030740204, 'num_layers': 4, 'base_filters': 64, 'dropout': 0.535885348539056, 'kernel_size': 5}. Best is trial 28 with value: 1.0.
[I 2026-04-18 11:41:16,208] Trial 131 finished with value: 0.9722430607651913 and parameters: {'lr_finetune': 1.9607543915642378e-05, 'epochs_finetune': 48, 'weight_decay': 0.0009927157327847963, 'batch_size': 32, 'patience': 20, 'scheduler_patience': 8, 'scheduler_factor': 0.3428652768351343, 'pos_weight_multiplier': 1.7905577146142826, 'num_layers': 4, 'base_filters': 64, 'dropout': 0.5323360382577792, 'kernel_size': 5}. Best is trial 28 with value: 1.0.
[I 2026-04-18 11:41:17,984] Trial 132 finished with value: 1.0 and parameters: {'lr_finetune': 1.3504148873230041e-05, 'epochs_finetune': 50, 'weight_decay': 0.0006842311443378679, 'batch_size': 32, 'patience': 20, 'scheduler_patience': 8, 'scheduler_factor': 0.31824933192086535, 'pos_weight_multiplier': 1.6955373004082008, 'num_layers': 4, 'base_filters': 64, 'dropout': 0.5406965309904246, 'kernel_size': 5}. Best is trial 28 with value: 1.0.
[I 2026-04-18 11:41:19,539] Trial 133 finished with value: 1.0 and parameters: {'lr_finetune': 1.1940411840842934e-05, 'epochs_finetune': 44, 'weight_decay': 0.0008559967087174839, 'batch_size': 32, 'patience': 19, 'scheduler_patience': 8, 'scheduler_factor': 0.2402657042891776, 'pos_weight_multiplier': 1.3234531875768294, 'num_layers': 4, 'base_filters': 64, 'dropout': 0.514264471147605, 'kernel_size': 5}. Best is trial 28 with value: 1.0.
[I 2026-04-18 11:41:21,094] Trial 134 finished with value: 1.0 and parameters: {'lr_finetune': 1.734806871039534e-05, 'epochs_finetune': 43, 'weight_decay': 0.0015710488114388415, 'batch_size': 32, 'patience': 20, 'scheduler_patience': 8, 'scheduler_factor': 0.2725515960749846, 'pos_weight_multiplier': 1.5845334220050875, 'num_layers': 4, 'base_filters': 64, 'dropout': 0.5244458421952058, 'kernel_size': 5}. Best is trial 28 with value: 1.0.
[I 2026-04-18 11:41:22,731] Trial 135 finished with value: 1.0 and parameters: {'lr_finetune': 0.000390472780162749, 'epochs_finetune': 58, 'weight_decay': 0.00031697002169489216, 'batch_size': 32, 'patience': 19, 'scheduler_patience': 8, 'scheduler_factor': 0.3734994749353017, 'pos_weight_multiplier': 1.8546950252747871, 'num_layers': 4, 'base_filters': 64, 'dropout': 0.5669791423894882, 'kernel_size': 5}. Best is trial 28 with value: 1.0.
[I 2026-04-18 11:41:24,105] Trial 136 finished with value: 0.9722430607651913 and parameters: {'lr_finetune': 1.5293644392875686e-05, 'epochs_finetune': 69, 'weight_decay': 0.001161885786828024, 'batch_size': 64, 'patience': 17, 'scheduler_patience': 8, 'scheduler_factor': 0.33316737218695563, 'pos_weight_multiplier': 2.2742027238905616, 'num_layers': 4, 'base_filters': 64, 'dropout': 0.5436505551432101, 'kernel_size': 5}. Best is trial 28 with value: 1.0.
[I 2026-04-18 11:41:24,809] Trial 137 finished with value: 0.7279411764705883 and parameters: {'lr_finetune': 1.1082597706101498e-05, 'epochs_finetune': 47, 'weight_decay': 0.0004433237169296617, 'batch_size': 32, 'patience': 10, 'scheduler_patience': 8, 'scheduler_factor': 0.2960141381546835, 'pos_weight_multiplier': 2.380088298677707, 'num_layers': 4, 'base_filters': 64, 'dropout': 0.3946253109176292, 'kernel_size': 5}. Best is trial 28 with value: 1.0.
[I 2026-04-18 11:41:26,153] Trial 138 finished with value: 0.9425465838509317 and parameters: {'lr_finetune': 1.990077852808322e-05, 'epochs_finetune': 49, 'weight_decay': 0.0007722826151822537, 'batch_size': 32, 'patience': 20, 'scheduler_patience': 8, 'scheduler_factor': 0.40904039621581273, 'pos_weight_multiplier': 2.4731602920060487, 'num_layers': 4, 'base_filters': 64, 'dropout': 0.37269126410985726, 'kernel_size': 3}. Best is trial 28 with value: 1.0.
[I 2026-04-18 11:41:27,312] Trial 139 finished with value: 1.0 and parameters: {'lr_finetune': 1.3096471154802926e-05, 'epochs_finetune': 41, 'weight_decay': 0.00016195568134770181, 'batch_size': 32, 'patience': 12, 'scheduler_patience': 8, 'scheduler_factor': 0.11596749917431486, 'pos_weight_multiplier': 2.218021547915517, 'num_layers': 4, 'base_filters': 64, 'dropout': 0.47358076259811693, 'kernel_size': 5}. Best is trial 28 with value: 1.0.
[I 2026-04-18 11:41:28,674] Trial 140 finished with value: 0.9722430607651913 and parameters: {'lr_finetune': 2.2958174268105452e-05, 'epochs_finetune': 53, 'weight_decay': 0.0006230088710666464, 'batch_size': 32, 'patience': 18, 'scheduler_patience': 6, 'scheduler_factor': 0.7013761531207242, 'pos_weight_multiplier': 1.7532204825072153, 'num_layers': 4, 'base_filters': 32, 'dropout': 0.5086307435838006, 'kernel_size': 7}. Best is trial 28 with value: 1.0.
[I 2026-04-18 11:41:30,268] Trial 141 finished with value: 1.0 and parameters: {'lr_finetune': 1.401624208289311e-05, 'epochs_finetune': 55, 'weight_decay': 0.0009277719925217784, 'batch_size': 32, 'patience': 19, 'scheduler_patience': 8, 'scheduler_factor': 0.25471671119593503, 'pos_weight_multiplier': 1.6427853224048987, 'num_layers': 4, 'base_filters': 64, 'dropout': 0.5252393555130486, 'kernel_size': 5}. Best is trial 28 with value: 1.0.
[I 2026-04-18 11:41:31,858] Trial 142 finished with value: 1.0 and parameters: {'lr_finetune': 1.598764473195336e-05, 'epochs_finetune': 46, 'weight_decay': 0.00014586148764037944, 'batch_size': 32, 'patience': 20, 'scheduler_patience': 8, 'scheduler_factor': 0.2725971841631932, 'pos_weight_multiplier': 1.5282110676587275, 'num_layers': 4, 'base_filters': 64, 'dropout': 0.5177400236490037, 'kernel_size': 5}. Best is trial 28 with value: 1.0.
[I 2026-04-18 11:41:33,489] Trial 143 finished with value: 1.0 and parameters: {'lr_finetune': 1.1586220104772713e-05, 'epochs_finetune': 65, 'weight_decay': 0.0008132800050132002, 'batch_size': 32, 'patience': 19, 'scheduler_patience': 8, 'scheduler_factor': 0.20418407751409218, 'pos_weight_multiplier': 1.4317210058174856, 'num_layers': 4, 'base_filters': 64, 'dropout': 0.5335146433279646, 'kernel_size': 5}. Best is trial 28 with value: 1.0.
[I 2026-04-18 11:41:34,917] Trial 144 finished with value: 0.9722430607651913 and parameters: {'lr_finetune': 1.8141096376627397e-05, 'epochs_finetune': 54, 'weight_decay': 0.001416049528799996, 'batch_size': 32, 'patience': 19, 'scheduler_patience': 8, 'scheduler_factor': 0.22851149780901353, 'pos_weight_multiplier': 1.7279114557398576, 'num_layers': 4, 'base_filters': 64, 'dropout': 0.547375455780192, 'kernel_size': 5}. Best is trial 28 with value: 1.0.
[I 2026-04-18 11:41:36,167] Trial 145 finished with value: 1.0 and parameters: {'lr_finetune': 1.2873798627285506e-05, 'epochs_finetune': 45, 'weight_decay': 0.0010185380512270008, 'batch_size': 32, 'patience': 14, 'scheduler_patience': 8, 'scheduler_factor': 0.31185780903225707, 'pos_weight_multiplier': 1.9585409228023594, 'num_layers': 4, 'base_filters': 64, 'dropout': 0.5568528174725977, 'kernel_size': 5}. Best is trial 28 with value: 1.0.
[I 2026-04-18 11:41:37,679] Trial 146 finished with value: 0.9722430607651913 and parameters: {'lr_finetune': 1.0036378719311584e-05, 'epochs_finetune': 59, 'weight_decay': 0.0022712982165991862, 'batch_size': 32, 'patience': 20, 'scheduler_patience': 8, 'scheduler_factor': 0.3534924835881472, 'pos_weight_multiplier': 1.8883230266904245, 'num_layers': 4, 'base_filters': 64, 'dropout': 0.5004359156109823, 'kernel_size': 5}. Best is trial 28 with value: 1.0.
[I 2026-04-18 11:41:39,237] Trial 147 finished with value: 0.9722430607651913 and parameters: {'lr_finetune': 1.5271729903104273e-05, 'epochs_finetune': 34, 'weight_decay': 0.00017893484481119542, 'batch_size': 32, 'patience': 18, 'scheduler_patience': 7, 'scheduler_factor': 0.2885920932203516, 'pos_weight_multiplier': 2.0307344545660775, 'num_layers': 4, 'base_filters': 64, 'dropout': 0.21363456601385014, 'kernel_size': 5}. Best is trial 28 with value: 1.0.
[I 2026-04-18 11:41:39,767] Trial 148 finished with value: 0.3728813559322034 and parameters: {'lr_finetune': 3.994529873552929e-05, 'epochs_finetune': 57, 'weight_decay': 0.0002500453170414505, 'batch_size': 32, 'patience': 9, 'scheduler_patience': 5, 'scheduler_factor': 0.257011393331591, 'pos_weight_multiplier': 1.7932258406639983, 'num_layers': 4, 'base_filters': 64, 'dropout': 0.27073818650395953, 'kernel_size': 5}. Best is trial 28 with value: 1.0.
[I 2026-04-18 11:41:41,110] Trial 149 finished with value: 1.0 and parameters: {'lr_finetune': 1.1421822109167658e-05, 'epochs_finetune': 44, 'weight_decay': 0.0006821685177434687, 'batch_size': 32, 'patience': 17, 'scheduler_patience': 8, 'scheduler_factor': 0.3848932474457017, 'pos_weight_multiplier': 1.654825548531083, 'num_layers': 4, 'base_filters': 64, 'dropout': 0.5145586935606075, 'kernel_size': 5}. Best is trial 28 with value: 1.0.
[I 2026-04-18 11:41:42,579] A new study created in RDB with name: study_cnn_ibd_pretrainFalse_arch_fold5
[I 2026-04-18 11:41:43,548] Trial 0 finished with value: 0.9722430607651913 and parameters: {'lr_finetune': 5.947547742877428e-05, 'epochs_finetune': 38, 'weight_decay': 0.0017790839851709432, 'batch_size': 32, 'patience': 14, 'scheduler_patience': 8, 'scheduler_factor': 0.43303715319676017, 'pos_weight_multiplier': 2.8380473120150285, 'num_layers': 2, 'base_filters': 64, 'dropout': 0.5476699799427347, 'kernel_size': 7}. Best is trial 0 with value: 0.9722430607651913.
[I 2026-04-18 11:41:43,856] Trial 1 finished with value: 0.28846153846153844 and parameters: {'lr_finetune': 0.001329655935719037, 'epochs_finetune': 73, 'weight_decay': 0.010907243866683942, 'batch_size': 64, 'patience': 6, 'scheduler_patience': 3, 'scheduler_factor': 0.2978703068238951, 'pos_weight_multiplier': 2.990021396393018, 'num_layers': 3, 'base_filters': 32, 'dropout': 0.35696441048318706, 'kernel_size': 3}. Best is trial 0 with value: 0.9722430607651913.
