[I 2026-04-18 11:38:02,186] Trial 113 finished with value: 0.943939393939394 and parameters: {'lr_finetune': 7.612303216990726e-05, 'epochs_finetune': 61, 'weight_decay': 0.004746623832282948, 'batch_size': 64, 'patience': 19, 'scheduler_patience': 6, 'scheduler_factor': 0.8426556086381987, 'pos_weight_multiplier': 2.026773220496971, 'num_layers': 3, 'base_filters': 16, 'dropout': 0.3277437465516272, 'kernel_size': 7}. Best is trial 1 with value: 0.9722430607651913.
[I 2026-04-18 11:38:03,259] Trial 114 finished with value: 0.9722430607651913 and parameters: {'lr_finetune': 0.00013840529171385975, 'epochs_finetune': 64, 'weight_decay': 0.006866681405457624, 'batch_size': 64, 'patience': 18, 'scheduler_patience': 7, 'scheduler_factor': 0.8135793579625304, 'pos_weight_multiplier': 1.9047035689875722, 'num_layers': 3, 'base_filters': 16, 'dropout': 0.2996074973390069, 'kernel_size': 7}. Best is trial 1 with value: 0.9722430607651913.
[I 2026-04-18 11:38:04,461] Trial 115 finished with value: 0.9722430607651913 and parameters: {'lr_finetune': 0.00011054114688720788, 'epochs_finetune': 53, 'weight_decay': 0.007963762617992646, 'batch_size': 64, 'patience': 20, 'scheduler_patience': 7, 'scheduler_factor': 0.772176866190465, 'pos_weight_multiplier': 1.7765936973275505, 'num_layers': 3, 'base_filters': 16, 'dropout': 0.5558927100816666, 'kernel_size': 7}. Best is trial 1 with value: 0.9722430607651913.
[I 2026-04-18 11:38:05,616] Trial 116 finished with value: 0.9722430607651913 and parameters: {'lr_finetune': 8.226439770257395e-05, 'epochs_finetune': 73, 'weight_decay': 0.019081907243044403, 'batch_size': 64, 'patience': 18, 'scheduler_patience': 6, 'scheduler_factor': 0.6811181047840071, 'pos_weight_multiplier': 1.9606819529001243, 'num_layers': 3, 'base_filters': 32, 'dropout': 0.2496149691750032, 'kernel_size': 5}. Best is trial 1 with value: 0.9722430607651913.
[I 2026-04-18 11:38:06,247] Trial 117 finished with value: 0.3728813559322034 and parameters: {'lr_finetune': 0.00019700338000631955, 'epochs_finetune': 55, 'weight_decay': 0.06643442616773015, 'batch_size': 32, 'patience': 14, 'scheduler_patience': 7, 'scheduler_factor': 0.8213007106643844, 'pos_weight_multiplier': 1.3800434572551339, 'num_layers': 3, 'base_filters': 32, 'dropout': 0.35519280497092365, 'kernel_size': 5}. Best is trial 1 with value: 0.9722430607651913.
[I 2026-04-18 11:38:07,582] Trial 118 finished with value: 0.9722430607651913 and parameters: {'lr_finetune': 0.00011856556686607023, 'epochs_finetune': 57, 'weight_decay': 0.048909180514801504, 'batch_size': 32, 'patience': 20, 'scheduler_patience': 6, 'scheduler_factor': 0.716947898329543, 'pos_weight_multiplier': 2.1731888016106993, 'num_layers': 3, 'base_filters': 32, 'dropout': 0.5107640368854341, 'kernel_size': 3}. Best is trial 1 with value: 0.9722430607651913.
[I 2026-04-18 11:38:08,865] Trial 119 finished with value: 0.9722430607651913 and parameters: {'lr_finetune': 5.996508319873008e-05, 'epochs_finetune': 58, 'weight_decay': 0.0032592553822500575, 'batch_size': 32, 'patience': 18, 'scheduler_patience': 7, 'scheduler_factor': 0.765617520688519, 'pos_weight_multiplier': 2.7154935115331, 'num_layers': 3, 'base_filters': 32, 'dropout': 0.4118848877934489, 'kernel_size': 7}. Best is trial 1 with value: 0.9722430607651913.
[I 2026-04-18 11:38:10,160] Trial 120 finished with value: 0.9722430607651913 and parameters: {'lr_finetune': 0.00038620648131081173, 'epochs_finetune': 50, 'weight_decay': 0.015170785765012986, 'batch_size': 32, 'patience': 17, 'scheduler_patience': 6, 'scheduler_factor': 0.4648639913652374, 'pos_weight_multiplier': 2.086224017465594, 'num_layers': 3, 'base_filters': 16, 'dropout': 0.3879819420699492, 'kernel_size': 5}. Best is trial 1 with value: 0.9722430607651913.
[I 2026-04-18 11:38:10,677] Trial 121 finished with value: 0.3943452380952381 and parameters: {'lr_finetune': 0.002738727702472425, 'epochs_finetune': 68, 'weight_decay': 0.012676908543416302, 'batch_size': 128, 'patience': 17, 'scheduler_patience': 6, 'scheduler_factor': 0.13323352994635912, 'pos_weight_multiplier': 1.1728868512530526, 'num_layers': 2, 'base_filters': 16, 'dropout': 0.45105142025533473, 'kernel_size': 3}. Best is trial 1 with value: 0.9722430607651913.
[I 2026-04-18 11:38:11,243] Trial 122 finished with value: 0.6213450292397661 and parameters: {'lr_finetune': 0.0009679315860072834, 'epochs_finetune': 65, 'weight_decay': 0.028046283846418732, 'batch_size': 128, 'patience': 18, 'scheduler_patience': 6, 'scheduler_factor': 0.15511932773420975, 'pos_weight_multiplier': 1.3551793472298657, 'num_layers': 2, 'base_filters': 16, 'dropout': 0.42255235569503524, 'kernel_size': 3}. Best is trial 1 with value: 0.9722430607651913.
[I 2026-04-18 11:38:11,693] Trial 123 finished with value: 0.3728813559322034 and parameters: {'lr_finetune': 0.00025165754479303926, 'epochs_finetune': 63, 'weight_decay': 0.03484515093981239, 'batch_size': 128, 'patience': 16, 'scheduler_patience': 7, 'scheduler_factor': 0.10640685469402303, 'pos_weight_multiplier': 1.4506769351379198, 'num_layers': 2, 'base_filters': 16, 'dropout': 0.4401342745192511, 'kernel_size': 3}. Best is trial 1 with value: 0.9722430607651913.
[I 2026-04-18 11:38:12,726] Trial 124 finished with value: 0.943939393939394 and parameters: {'lr_finetune': 0.0003192556374971946, 'epochs_finetune': 61, 'weight_decay': 0.0175442604052036, 'batch_size': 128, 'patience': 19, 'scheduler_patience': 5, 'scheduler_factor': 0.4851628458485769, 'pos_weight_multiplier': 1.507254604270213, 'num_layers': 2, 'base_filters': 16, 'dropout': 0.5386150190062694, 'kernel_size': 3}. Best is trial 1 with value: 0.9722430607651913.
[I 2026-04-18 11:38:13,874] Trial 125 finished with value: 0.9722430607651913 and parameters: {'lr_finetune': 0.0030484969209316486, 'epochs_finetune': 71, 'weight_decay': 0.0064703941486910456, 'batch_size': 32, 'patience': 17, 'scheduler_patience': 6, 'scheduler_factor': 0.12539567452137262, 'pos_weight_multiplier': 1.6986114991510417, 'num_layers': 2, 'base_filters': 32, 'dropout': 0.46144262597481667, 'kernel_size': 5}. Best is trial 1 with value: 0.9722430607651913.
[I 2026-04-18 11:38:14,386] Trial 126 finished with value: 0.3728813559322034 and parameters: {'lr_finetune': 0.00016530634176063698, 'epochs_finetune': 67, 'weight_decay': 0.02423361280513618, 'batch_size': 128, 'patience': 18, 'scheduler_patience': 4, 'scheduler_factor': 0.18425460026484983, 'pos_weight_multiplier': 1.559037018156163, 'num_layers': 3, 'base_filters': 32, 'dropout': 0.33249785591781117, 'kernel_size': 7}. Best is trial 1 with value: 0.9722430607651913.
[I 2026-04-18 11:38:15,607] Trial 127 finished with value: 0.9167291822955739 and parameters: {'lr_finetune': 0.004488119686591041, 'epochs_finetune': 69, 'weight_decay': 0.0051786757118115105, 'batch_size': 32, 'patience': 15, 'scheduler_patience': 2, 'scheduler_factor': 0.21664732837907785, 'pos_weight_multiplier': 1.2912512519190793, 'num_layers': 3, 'base_filters': 64, 'dropout': 0.5994729109786889, 'kernel_size': 5}. Best is trial 1 with value: 0.9722430607651913.
[I 2026-04-18 11:38:16,873] Trial 128 finished with value: 0.9722430607651913 and parameters: {'lr_finetune': 0.0015358797290932922, 'epochs_finetune': 59, 'weight_decay': 0.004045001619920622, 'batch_size': 32, 'patience': 19, 'scheduler_patience': 7, 'scheduler_factor': 0.16564794028375363, 'pos_weight_multiplier': 1.0860782211879698, 'num_layers': 3, 'base_filters': 32, 'dropout': 0.3982904562865117, 'kernel_size': 3}. Best is trial 1 with value: 0.9722430607651913.
[I 2026-04-18 11:38:18,168] Trial 129 finished with value: 0.9722430607651913 and parameters: {'lr_finetune': 0.0007728099197293798, 'epochs_finetune': 54, 'weight_decay': 0.04095301260729426, 'batch_size': 32, 'patience': 16, 'scheduler_patience': 6, 'scheduler_factor': 0.29021525936816667, 'pos_weight_multiplier': 2.1191109178350134, 'num_layers': 4, 'base_filters': 16, 'dropout': 0.4463129869975847, 'kernel_size': 5}. Best is trial 1 with value: 0.9722430607651913.
[I 2026-04-18 11:38:19,250] Trial 130 finished with value: 0.9722430607651913 and parameters: {'lr_finetune': 0.0021448951651740693, 'epochs_finetune': 66, 'weight_decay': 0.021934728919891056, 'batch_size': 32, 'patience': 17, 'scheduler_patience': 7, 'scheduler_factor': 0.5828735609732425, 'pos_weight_multiplier': 2.2251830599060454, 'num_layers': 2, 'base_filters': 32, 'dropout': 0.4364784706459734, 'kernel_size': 7}. Best is trial 1 with value: 0.9722430607651913.
[I 2026-04-18 11:38:20,417] Trial 131 finished with value: 0.9722430607651913 and parameters: {'lr_finetune': 0.00047569355599755124, 'epochs_finetune': 73, 'weight_decay': 0.007785346805300555, 'batch_size': 32, 'patience': 15, 'scheduler_patience': 7, 'scheduler_factor': 0.7317132063906965, 'pos_weight_multiplier': 2.772566836205556, 'num_layers': 3, 'base_filters': 32, 'dropout': 0.4080478765752563, 'kernel_size': 7}. Best is trial 1 with value: 0.9722430607651913.
[I 2026-04-18 11:38:21,593] Trial 132 finished with value: 0.9722430607651913 and parameters: {'lr_finetune': 9.624602716625629e-05, 'epochs_finetune': 78, 'weight_decay': 0.009840655660085056, 'batch_size': 32, 'patience': 15, 'scheduler_patience': 7, 'scheduler_factor': 0.748504841153357, 'pos_weight_multiplier': 2.6920215067977065, 'num_layers': 3, 'base_filters': 32, 'dropout': 0.42557345498291554, 'kernel_size': 7}. Best is trial 1 with value: 0.9722430607651913.
[I 2026-04-18 11:38:22,970] Trial 133 finished with value: 0.9722430607651913 and parameters: {'lr_finetune': 0.0004164662035830613, 'epochs_finetune': 72, 'weight_decay': 0.005403804958778045, 'batch_size': 32, 'patience': 19, 'scheduler_patience': 7, 'scheduler_factor': 0.8478408000506211, 'pos_weight_multiplier': 0.9997658570383868, 'num_layers': 3, 'base_filters': 32, 'dropout': 0.43310659005965974, 'kernel_size': 7}. Best is trial 1 with value: 0.9722430607651913.
[I 2026-04-18 11:38:23,895] Trial 134 finished with value: 0.3728813559322034 and parameters: {'lr_finetune': 0.0005506539140270786, 'epochs_finetune': 71, 'weight_decay': 0.01134206060066324, 'batch_size': 32, 'patience': 14, 'scheduler_patience': 7, 'scheduler_factor': 0.3525607859074631, 'pos_weight_multiplier': 1.6175074951394413, 'num_layers': 3, 'base_filters': 32, 'dropout': 0.34246862923770593, 'kernel_size': 7}. Best is trial 1 with value: 0.9722430607651913.
[I 2026-04-18 11:38:25,288] Trial 135 finished with value: 0.9722430607651913 and parameters: {'lr_finetune': 0.00014541459027397696, 'epochs_finetune': 55, 'weight_decay': 0.05393556156187877, 'batch_size': 32, 'patience': 13, 'scheduler_patience': 7, 'scheduler_factor': 0.7857493410442745, 'pos_weight_multiplier': 2.631214094216955, 'num_layers': 3, 'base_filters': 32, 'dropout': 0.41660955618551054, 'kernel_size': 5}. Best is trial 1 with value: 0.9722430607651913.
[I 2026-04-18 11:38:26,647] Trial 136 finished with value: 0.9722430607651913 and parameters: {'lr_finetune': 0.0001845556375998154, 'epochs_finetune': 52, 'weight_decay': 0.006025204999268143, 'batch_size': 64, 'patience': 18, 'scheduler_patience': 8, 'scheduler_factor': 0.10435020292797394, 'pos_weight_multiplier': 2.832206369369098, 'num_layers': 3, 'base_filters': 32, 'dropout': 0.3655947660008567, 'kernel_size': 7}. Best is trial 1 with value: 0.9722430607651913.
[I 2026-04-18 11:38:27,794] Trial 137 finished with value: 0.9722430607651913 and parameters: {'lr_finetune': 0.0002307611895139983, 'epochs_finetune': 68, 'weight_decay': 0.019183971815340616, 'batch_size': 32, 'patience': 14, 'scheduler_patience': 6, 'scheduler_factor': 0.54594453813767, 'pos_weight_multiplier': 1.9965703504855192, 'num_layers': 3, 'base_filters': 32, 'dropout': 0.38011402284556195, 'kernel_size': 5}. Best is trial 1 with value: 0.9722430607651913.
[I 2026-04-18 11:38:29,022] Trial 138 finished with value: 0.9722430607651913 and parameters: {'lr_finetune': 0.0002937910501103981, 'epochs_finetune': 75, 'weight_decay': 0.004471919868734776, 'batch_size': 32, 'patience': 16, 'scheduler_patience': 7, 'scheduler_factor': 0.7008093693927003, 'pos_weight_multiplier': 2.521568542193519, 'num_layers': 3, 'base_filters': 32, 'dropout': 0.39540773718333766, 'kernel_size': 5}. Best is trial 1 with value: 0.9722430607651913.
[I 2026-04-18 11:38:29,696] Trial 139 finished with value: 0.3728813559322034 and parameters: {'lr_finetune': 0.00010761905219186513, 'epochs_finetune': 39, 'weight_decay': 0.029405065762721658, 'batch_size': 32, 'patience': 5, 'scheduler_patience': 6, 'scheduler_factor': 0.5024153414518161, 'pos_weight_multiplier': 1.9441439834363117, 'num_layers': 4, 'base_filters': 16, 'dropout': 0.4133459973741575, 'kernel_size': 7}. Best is trial 1 with value: 0.9722430607651913.
[I 2026-04-18 11:38:31,208] Trial 140 finished with value: 0.9722430607651913 and parameters: {'lr_finetune': 0.00034545424951801733, 'epochs_finetune': 48, 'weight_decay': 0.008568994683634876, 'batch_size': 32, 'patience': 17, 'scheduler_patience': 6, 'scheduler_factor': 0.5276942746394423, 'pos_weight_multiplier': 1.8263744788254077, 'num_layers': 3, 'base_filters': 32, 'dropout': 0.46917336376764496, 'kernel_size': 5}. Best is trial 1 with value: 0.9722430607651913.
[I 2026-04-18 11:38:32,197] Trial 141 finished with value: 0.9722430607651913 and parameters: {'lr_finetune': 0.0020655159284739466, 'epochs_finetune': 71, 'weight_decay': 0.0064407224538130525, 'batch_size': 32, 'patience': 16, 'scheduler_patience': 8, 'scheduler_factor': 0.6858762931402043, 'pos_weight_multiplier': 2.8773766487463974, 'num_layers': 3, 'base_filters': 32, 'dropout': 0.4316889129002665, 'kernel_size': 7}. Best is trial 1 with value: 0.9722430607651913.
[I 2026-04-18 11:38:33,325] Trial 142 finished with value: 0.9722430607651913 and parameters: {'lr_finetune': 0.001783020631747227, 'epochs_finetune': 56, 'weight_decay': 0.00714396393367154, 'batch_size': 32, 'patience': 15, 'scheduler_patience': 8, 'scheduler_factor': 0.7599648656220438, 'pos_weight_multiplier': 2.58329886877946, 'num_layers': 3, 'base_filters': 32, 'dropout': 0.456228242757035, 'kernel_size': 7}. Best is trial 1 with value: 0.9722430607651913.
[I 2026-04-18 11:38:34,541] Trial 143 finished with value: 0.9722430607651913 and parameters: {'lr_finetune': 0.0012121463069377624, 'epochs_finetune': 69, 'weight_decay': 0.013879041722017278, 'batch_size': 32, 'patience': 18, 'scheduler_patience': 8, 'scheduler_factor': 0.6518513540806689, 'pos_weight_multiplier': 2.723943929467995, 'num_layers': 3, 'base_filters': 32, 'dropout': 0.2139880042052009, 'kernel_size': 7}. Best is trial 1 with value: 0.9722430607651913.
[I 2026-04-18 11:38:35,669] Trial 144 finished with value: 0.9722430607651913 and parameters: {'lr_finetune': 0.0006256414629670819, 'epochs_finetune': 64, 'weight_decay': 0.009151280157069305, 'batch_size': 32, 'patience': 15, 'scheduler_patience': 8, 'scheduler_factor': 0.8119381343058323, 'pos_weight_multiplier': 2.9198623475110645, 'num_layers': 3, 'base_filters': 32, 'dropout': 0.42071274715225665, 'kernel_size': 7}. Best is trial 1 with value: 0.9722430607651913.
[I 2026-04-18 11:38:36,920] Trial 145 finished with value: 0.9722430607651913 and parameters: {'lr_finetune': 0.0013801997332149208, 'epochs_finetune': 69, 'weight_decay': 0.03453366327058164, 'batch_size': 32, 'patience': 17, 'scheduler_patience': 7, 'scheduler_factor': 0.7146325293753489, 'pos_weight_multiplier': 2.947707744837817, 'num_layers': 3, 'base_filters': 32, 'dropout': 0.2662289168620296, 'kernel_size': 7}. Best is trial 1 with value: 0.9722430607651913.
[I 2026-04-18 11:38:37,448] Trial 146 finished with value: 0.3728813559322034 and parameters: {'lr_finetune': 5.202571654868057e-05, 'epochs_finetune': 70, 'weight_decay': 0.00012625757197312328, 'batch_size': 128, 'patience': 16, 'scheduler_patience': 7, 'scheduler_factor': 0.5696312076329215, 'pos_weight_multiplier': 2.033966984988735, 'num_layers': 3, 'base_filters': 32, 'dropout': 0.4026713118314828, 'kernel_size': 5}. Best is trial 1 with value: 0.9722430607651913.
[I 2026-04-18 11:38:38,653] Trial 147 finished with value: 0.9722430607651913 and parameters: {'lr_finetune': 0.000492854088829961, 'epochs_finetune': 74, 'weight_decay': 0.0037807943136699425, 'batch_size': 32, 'patience': 16, 'scheduler_patience': 8, 'scheduler_factor': 0.6200064077974425, 'pos_weight_multiplier': 2.986775965698914, 'num_layers': 3, 'base_filters': 32, 'dropout': 0.24222642667997296, 'kernel_size': 5}. Best is trial 1 with value: 0.9722430607651913.
[I 2026-04-18 11:38:39,776] Trial 148 finished with value: 0.9722430607651913 and parameters: {'lr_finetune': 0.0010668011107991908, 'epochs_finetune': 66, 'weight_decay': 0.0028654983312872743, 'batch_size': 32, 'patience': 18, 'scheduler_patience': 7, 'scheduler_factor': 0.7362247623697481, 'pos_weight_multiplier': 2.824211416407582, 'num_layers': 3, 'base_filters': 16, 'dropout': 0.44219149101357885, 'kernel_size': 7}. Best is trial 1 with value: 0.9722430607651913.
[I 2026-04-18 11:38:40,823] Trial 149 finished with value: 0.9722430607651913 and parameters: {'lr_finetune': 0.0008912005243078439, 'epochs_finetune': 72, 'weight_decay': 0.0073587900615933455, 'batch_size': 64, 'patience': 18, 'scheduler_patience': 7, 'scheduler_factor': 0.600203323025085, 'pos_weight_multiplier': 2.317436137186042, 'num_layers': 2, 'base_filters': 64, 'dropout': 0.42883407327464457, 'kernel_size': 5}. Best is trial 1 with value: 0.9722430607651913.
[I 2026-04-18 11:38:42,273] A new study created in RDB with name: study_cnn_ibd_pretrainFalse_arch_fold4
[I 2026-04-18 11:38:42,582] Trial 0 finished with value: 0.3728813559322034 and parameters: {'lr_finetune': 0.00033930576414716994, 'epochs_finetune': 61, 'weight_decay': 0.0024770439194684852, 'batch_size': 64, 'patience': 5, 'scheduler_patience': 5, 'scheduler_factor': 0.6638650515327663, 'pos_weight_multiplier': 2.080185209161579, 'num_layers': 2, 'base_filters': 64, 'dropout': 0.541142761824732, 'kernel_size': 3}. Best is trial 0 with value: 0.3728813559322034.
[I 2026-04-18 11:38:42,860] Trial 1 finished with value: 0.3728813559322034 and parameters: {'lr_finetune': 7.571534120343535e-05, 'epochs_finetune': 67, 'weight_decay': 0.002435622625642155, 'batch_size': 128, 'patience': 6, 'scheduler_patience': 5, 'scheduler_factor': 0.4948553039616209, 'pos_weight_multiplier': 1.5902874721252729, 'num_layers': 2, 'base_filters': 64, 'dropout': 0.32002533880148487, 'kernel_size': 7}. Best is trial 0 with value: 0.3728813559322034.
[I 2026-04-18 11:38:43,308] Trial 2 finished with value: 0.3728813559322034 and parameters: {'lr_finetune': 1.487414771284607e-05, 'epochs_finetune': 39, 'weight_decay': 0.004028269776020872, 'batch_size': 32, 'patience': 8, 'scheduler_patience': 8, 'scheduler_factor': 0.6248041767069219, 'pos_weight_multiplier': 1.1388335730727115, 'num_layers': 4, 'base_filters': 32, 'dropout': 0.47144336762138933, 'kernel_size': 5}. Best is trial 0 with value: 0.3728813559322034.
[I 2026-04-18 11:38:43,689] Trial 3 finished with value: 0.28846153846153844 and parameters: {'lr_finetune': 0.00026050033112923323, 'epochs_finetune': 73, 'weight_decay': 0.0013249428798981751, 'batch_size': 64, 'patience': 11, 'scheduler_patience': 2, 'scheduler_factor': 0.36576658921368954, 'pos_weight_multiplier': 1.1003487008939525, 'num_layers': 2, 'base_filters': 16, 'dropout': 0.5029350580572417, 'kernel_size': 5}. Best is trial 0 with value: 0.3728813559322034.
[I 2026-04-18 11:38:44,192] Trial 4 finished with value: 0.8814102564102564 and parameters: {'lr_finetune': 8.503492462852672e-05, 'epochs_finetune': 35, 'weight_decay': 0.0014310114039097438, 'batch_size': 32, 'patience': 7, 'scheduler_patience': 7, 'scheduler_factor': 0.42616570010267685, 'pos_weight_multiplier': 2.0716174896671267, 'num_layers': 3, 'base_filters': 64, 'dropout': 0.3414165697796705, 'kernel_size': 5}. Best is trial 4 with value: 0.8814102564102564.
[I 2026-04-18 11:38:44,561] Trial 5 finished with value: 0.28846153846153844 and parameters: {'lr_finetune': 0.0014610468822753762, 'epochs_finetune': 49, 'weight_decay': 0.0042767970808151425, 'batch_size': 32, 'patience': 6, 'scheduler_patience': 2, 'scheduler_factor': 0.6819392337021695, 'pos_weight_multiplier': 0.6614126564612067, 'num_layers': 3, 'base_filters': 16, 'dropout': 0.4879214243103996, 'kernel_size': 5}. Best is trial 4 with value: 0.8814102564102564.
[I 2026-04-18 11:38:45,105] Trial 6 finished with value: 0.3728813559322034 and parameters: {'lr_finetune': 0.0002698352997496244, 'epochs_finetune': 77, 'weight_decay': 0.0085903237063048, 'batch_size': 64, 'patience': 16, 'scheduler_patience': 3, 'scheduler_factor': 0.8967100352795518, 'pos_weight_multiplier': 1.6563963739176408, 'num_layers': 4, 'base_filters': 64, 'dropout': 0.31600474659926187, 'kernel_size': 3}. Best is trial 4 with value: 0.8814102564102564.
[I 2026-04-18 11:38:45,569] Trial 7 finished with value: 0.3728813559322034 and parameters: {'lr_finetune': 0.00010116978814979436, 'epochs_finetune': 67, 'weight_decay': 0.01566958370223143, 'batch_size': 128, 'patience': 18, 'scheduler_patience': 2, 'scheduler_factor': 0.24181279671373723, 'pos_weight_multiplier': 1.2645091123649193, 'num_layers': 3, 'base_filters': 16, 'dropout': 0.3524768976270284, 'kernel_size': 3}. Best is trial 4 with value: 0.8814102564102564.
[I 2026-04-18 11:38:46,161] Trial 8 finished with value: 0.3728813559322034 and parameters: {'lr_finetune': 8.709288846908777e-05, 'epochs_finetune': 59, 'weight_decay': 0.02217681308854966, 'batch_size': 32, 'patience': 13, 'scheduler_patience': 6, 'scheduler_factor': 0.5852793119553283, 'pos_weight_multiplier': 1.3294671590644984, 'num_layers': 4, 'base_filters': 16, 'dropout': 0.3272650559909519, 'kernel_size': 7}. Best is trial 4 with value: 0.8814102564102564.
