[I 2026-04-18 12:24:52,300] Trial 68 finished with value: 0.977794448612153 and parameters: {'lr_finetune': 3.287904183542364e-05, 'epochs_finetune': 53, 'weight_decay': 0.06000589665328874, 'batch_size': 32, 'patience': 18, 'scheduler_patience': 8, 'scheduler_factor': 0.8866919849052658, 'pos_weight_multiplier': 2.381408389479308, 'num_layers': 4, 'base_filters': 64, 'dropout': 0.5103152191282225, 'kernel_size': 7}. Best is trial 0 with value: 0.977794448612153.
[I 2026-04-18 12:24:53,021] Trial 69 pruned. 
[I 2026-04-18 12:24:53,968] Trial 70 pruned. 
[I 2026-04-18 12:25:00,549] Trial 71 finished with value: 0.977794448612153 and parameters: {'lr_finetune': 2.987607892024311e-05, 'epochs_finetune': 40, 'weight_decay': 0.0337655645184174, 'batch_size': 32, 'patience': 20, 'scheduler_patience': 8, 'scheduler_factor': 0.524402553012262, 'pos_weight_multiplier': 2.196486166603883, 'num_layers': 4, 'base_filters': 64, 'dropout': 0.48908205574044816, 'kernel_size': 5}. Best is trial 0 with value: 0.977794448612153.
[I 2026-04-18 12:25:07,379] Trial 72 finished with value: 0.977794448612153 and parameters: {'lr_finetune': 2.5464294443194916e-05, 'epochs_finetune': 37, 'weight_decay': 0.025769924834204348, 'batch_size': 32, 'patience': 19, 'scheduler_patience': 8, 'scheduler_factor': 0.628568685680429, 'pos_weight_multiplier': 2.397084982312953, 'num_layers': 4, 'base_filters': 64, 'dropout': 0.5047758504246355, 'kernel_size': 5}. Best is trial 0 with value: 0.977794448612153.
[I 2026-04-18 12:25:12,045] Trial 73 pruned. 
[I 2026-04-18 12:25:18,370] Trial 74 finished with value: 0.977794448612153 and parameters: {'lr_finetune': 5.768408119218429e-05, 'epochs_finetune': 41, 'weight_decay': 0.012991146477934798, 'batch_size': 32, 'patience': 17, 'scheduler_patience': 8, 'scheduler_factor': 0.6860946658863037, 'pos_weight_multiplier': 2.5813471505453403, 'num_layers': 4, 'base_filters': 64, 'dropout': 0.46815020319665124, 'kernel_size': 5}. Best is trial 0 with value: 0.977794448612153.
[I 2026-04-18 12:25:19,907] Trial 75 pruned. 
[I 2026-04-18 12:25:26,668] Trial 76 finished with value: 0.977794448612153 and parameters: {'lr_finetune': 3.987959843822779e-05, 'epochs_finetune': 43, 'weight_decay': 0.0010727275477650283, 'batch_size': 32, 'patience': 20, 'scheduler_patience': 8, 'scheduler_factor': 0.4721503361662726, 'pos_weight_multiplier': 2.528316525536154, 'num_layers': 4, 'base_filters': 64, 'dropout': 0.36349168080568767, 'kernel_size': 7}. Best is trial 0 with value: 0.977794448612153.
[I 2026-04-18 12:25:32,442] Trial 77 finished with value: 0.977794448612153 and parameters: {'lr_finetune': 0.00013680702085710697, 'epochs_finetune': 34, 'weight_decay': 0.09937942723517207, 'batch_size': 32, 'patience': 19, 'scheduler_patience': 7, 'scheduler_factor': 0.7493416685908093, 'pos_weight_multiplier': 1.7967345483589947, 'num_layers': 4, 'base_filters': 64, 'dropout': 0.5356815308764373, 'kernel_size': 5}. Best is trial 0 with value: 0.977794448612153.
[I 2026-04-18 12:25:34,988] Trial 78 pruned. 
[I 2026-04-18 12:25:41,805] Trial 79 finished with value: 0.977794448612153 and parameters: {'lr_finetune': 0.00011342284270833543, 'epochs_finetune': 48, 'weight_decay': 0.06440045387938689, 'batch_size': 32, 'patience': 20, 'scheduler_patience': 6, 'scheduler_factor': 0.8996256394043357, 'pos_weight_multiplier': 2.6899332355926666, 'num_layers': 4, 'base_filters': 64, 'dropout': 0.48951133618878095, 'kernel_size': 5}. Best is trial 0 with value: 0.977794448612153.
[I 2026-04-18 12:25:47,240] Trial 80 finished with value: 0.977794448612153 and parameters: {'lr_finetune': 7.814537009035999e-05, 'epochs_finetune': 31, 'weight_decay': 0.03804795951403713, 'batch_size': 32, 'patience': 16, 'scheduler_patience': 3, 'scheduler_factor': 0.5642126973510039, 'pos_weight_multiplier': 2.7672829343718384, 'num_layers': 4, 'base_filters': 64, 'dropout': 0.3814065627021056, 'kernel_size': 7}. Best is trial 0 with value: 0.977794448612153.
[I 2026-04-18 12:25:53,817] Trial 81 finished with value: 0.977794448612153 and parameters: {'lr_finetune': 6.153327138984267e-05, 'epochs_finetune': 45, 'weight_decay': 0.013237805691580902, 'batch_size': 32, 'patience': 19, 'scheduler_patience': 7, 'scheduler_factor': 0.7298640849667439, 'pos_weight_multiplier': 1.927826552418826, 'num_layers': 3, 'base_filters': 64, 'dropout': 0.43263751020173136, 'kernel_size': 5}. Best is trial 0 with value: 0.977794448612153.
[I 2026-04-18 12:26:01,307] Trial 82 finished with value: 0.977794448612153 and parameters: {'lr_finetune': 4.9296909805658976e-05, 'epochs_finetune': 41, 'weight_decay': 0.028610568894028545, 'batch_size': 32, 'patience': 20, 'scheduler_patience': 7, 'scheduler_factor': 0.8184665523977681, 'pos_weight_multiplier': 1.6540172671636175, 'num_layers': 3, 'base_filters': 64, 'dropout': 0.4088447333936176, 'kernel_size': 5}. Best is trial 0 with value: 0.977794448612153.
[I 2026-04-18 12:26:08,965] Trial 83 finished with value: 0.977794448612153 and parameters: {'lr_finetune': 3.038345008052477e-05, 'epochs_finetune': 51, 'weight_decay': 0.009278377269593338, 'batch_size': 32, 'patience': 19, 'scheduler_patience': 8, 'scheduler_factor': 0.7898060000137446, 'pos_weight_multiplier': 1.5792797116299564, 'num_layers': 3, 'base_filters': 64, 'dropout': 0.42189175010013746, 'kernel_size': 5}. Best is trial 0 with value: 0.977794448612153.
[I 2026-04-18 12:26:15,510] Trial 84 finished with value: 0.977794448612153 and parameters: {'lr_finetune': 2.003703770377888e-05, 'epochs_finetune': 43, 'weight_decay': 0.00045008241847358947, 'batch_size': 32, 'patience': 18, 'scheduler_patience': 8, 'scheduler_factor': 0.8439564261320199, 'pos_weight_multiplier': 1.4753949553607895, 'num_layers': 3, 'base_filters': 64, 'dropout': 0.4544550146800519, 'kernel_size': 5}. Best is trial 0 with value: 0.977794448612153.
[I 2026-04-18 12:26:21,068] Trial 85 finished with value: 0.977794448612153 and parameters: {'lr_finetune': 0.0001549334061769912, 'epochs_finetune': 47, 'weight_decay': 0.01961039257859832, 'batch_size': 32, 'patience': 18, 'scheduler_patience': 7, 'scheduler_factor': 0.6608353674234488, 'pos_weight_multiplier': 1.2570953317956965, 'num_layers': 3, 'base_filters': 64, 'dropout': 0.4798351946679317, 'kernel_size': 5}. Best is trial 0 with value: 0.977794448612153.
[I 2026-04-18 12:26:21,692] Trial 86 pruned. 
[I 2026-04-18 12:26:25,670] Trial 87 pruned. 
[I 2026-04-18 12:26:31,623] Trial 88 finished with value: 0.977794448612153 and parameters: {'lr_finetune': 5.3866376453985256e-05, 'epochs_finetune': 36, 'weight_decay': 0.08113572463433365, 'batch_size': 32, 'patience': 19, 'scheduler_patience': 7, 'scheduler_factor': 0.8631963227100464, 'pos_weight_multiplier': 2.2334711862969083, 'num_layers': 4, 'base_filters': 64, 'dropout': 0.515198538496618, 'kernel_size': 5}. Best is trial 0 with value: 0.977794448612153.
[I 2026-04-18 12:26:37,645] Trial 89 finished with value: 0.977794448612153 and parameters: {'lr_finetune': 6.514387499283324e-05, 'epochs_finetune': 76, 'weight_decay': 0.015952088736818703, 'batch_size': 32, 'patience': 17, 'scheduler_patience': 4, 'scheduler_factor': 0.7013828285475283, 'pos_weight_multiplier': 2.459200016070244, 'num_layers': 4, 'base_filters': 32, 'dropout': 0.5000196439937701, 'kernel_size': 5}. Best is trial 0 with value: 0.977794448612153.
[I 2026-04-18 12:26:43,199] Trial 90 finished with value: 0.977794448612153 and parameters: {'lr_finetune': 8.550265680164151e-05, 'epochs_finetune': 45, 'weight_decay': 0.01116567938847577, 'batch_size': 32, 'patience': 17, 'scheduler_patience': 6, 'scheduler_factor': 0.8278642850785933, 'pos_weight_multiplier': 2.126671981599766, 'num_layers': 3, 'base_filters': 64, 'dropout': 0.44114366055399623, 'kernel_size': 7}. Best is trial 0 with value: 0.977794448612153.
[I 2026-04-18 12:26:48,612] Trial 91 finished with value: 0.977794448612153 and parameters: {'lr_finetune': 1.6476895118233752e-05, 'epochs_finetune': 32, 'weight_decay': 0.029201282362057566, 'batch_size': 32, 'patience': 18, 'scheduler_patience': 6, 'scheduler_factor': 0.8906823185721147, 'pos_weight_multiplier': 2.6108361448014294, 'num_layers': 4, 'base_filters': 64, 'dropout': 0.46928862611771416, 'kernel_size': 5}. Best is trial 0 with value: 0.977794448612153.
[I 2026-04-18 12:26:53,169] Trial 92 pruned. 
[I 2026-04-18 12:26:58,572] Trial 93 finished with value: 0.977794448612153 and parameters: {'lr_finetune': 3.236640604584768e-05, 'epochs_finetune': 32, 'weight_decay': 0.004218667401100406, 'batch_size': 32, 'patience': 20, 'scheduler_patience': 5, 'scheduler_factor': 0.8071379874044816, 'pos_weight_multiplier': 2.8993068083447446, 'num_layers': 4, 'base_filters': 64, 'dropout': 0.4485709886152651, 'kernel_size': 5}. Best is trial 0 with value: 0.977794448612153.
[I 2026-04-18 12:27:03,906] Trial 94 finished with value: 0.9492135024351699 and parameters: {'lr_finetune': 1.1263029087616693e-05, 'epochs_finetune': 31, 'weight_decay': 0.007425955107361097, 'batch_size': 32, 'patience': 19, 'scheduler_patience': 7, 'scheduler_factor': 0.8442120490401928, 'pos_weight_multiplier': 2.706386928698368, 'num_layers': 4, 'base_filters': 64, 'dropout': 0.49765969845447533, 'kernel_size': 5}. Best is trial 0 with value: 0.977794448612153.
[I 2026-04-18 12:27:04,363] Trial 95 pruned. 
[I 2026-04-18 12:27:10,534] Trial 96 finished with value: 0.977794448612153 and parameters: {'lr_finetune': 3.7438530241741244e-05, 'epochs_finetune': 47, 'weight_decay': 0.0016607436033909445, 'batch_size': 32, 'patience': 16, 'scheduler_patience': 8, 'scheduler_factor': 0.8835771469420047, 'pos_weight_multiplier': 2.6452202831234204, 'num_layers': 4, 'base_filters': 64, 'dropout': 0.4143463152873973, 'kernel_size': 5}. Best is trial 0 with value: 0.977794448612153.
[I 2026-04-18 12:27:16,821] Trial 97 finished with value: 0.977794448612153 and parameters: {'lr_finetune': 2.686723876197217e-05, 'epochs_finetune': 49, 'weight_decay': 0.000723130439183787, 'batch_size': 32, 'patience': 18, 'scheduler_patience': 7, 'scheduler_factor': 0.8286434253483896, 'pos_weight_multiplier': 2.761037485754714, 'num_layers': 4, 'base_filters': 64, 'dropout': 0.4315003126256118, 'kernel_size': 7}. Best is trial 0 with value: 0.977794448612153.
[I 2026-04-18 12:27:22,850] Trial 98 finished with value: 0.977794448612153 and parameters: {'lr_finetune': 2.000828990396466e-05, 'epochs_finetune': 36, 'weight_decay': 0.06145974995836732, 'batch_size': 32, 'patience': 19, 'scheduler_patience': 7, 'scheduler_factor': 0.7601024448643543, 'pos_weight_multiplier': 2.5303136736990037, 'num_layers': 4, 'base_filters': 64, 'dropout': 0.3902981786743351, 'kernel_size': 5}. Best is trial 0 with value: 0.977794448612153.
[I 2026-04-18 12:27:28,910] Trial 99 finished with value: 0.977794448612153 and parameters: {'lr_finetune': 7.590159427300985e-05, 'epochs_finetune': 43, 'weight_decay': 0.03490073424451019, 'batch_size': 32, 'patience': 17, 'scheduler_patience': 8, 'scheduler_factor': 0.8568360076559192, 'pos_weight_multiplier': 2.8596336557022513, 'num_layers': 4, 'base_filters': 16, 'dropout': 0.4700872684255089, 'kernel_size': 7}. Best is trial 0 with value: 0.977794448612153.
[I 2026-04-18 12:27:29,427] Trial 100 pruned. 
[I 2026-04-18 12:27:34,726] Trial 101 pruned. 
[I 2026-04-18 12:27:41,649] Trial 102 finished with value: 0.977794448612153 and parameters: {'lr_finetune': 0.0004317632831204726, 'epochs_finetune': 50, 'weight_decay': 0.07642960228488437, 'batch_size': 32, 'patience': 19, 'scheduler_patience': 8, 'scheduler_factor': 0.17955009446627956, 'pos_weight_multiplier': 2.386927130828036, 'num_layers': 4, 'base_filters': 64, 'dropout': 0.2882857530717439, 'kernel_size': 5}. Best is trial 0 with value: 0.977794448612153.
[I 2026-04-18 12:27:48,397] Trial 103 finished with value: 0.977794448612153 and parameters: {'lr_finetune': 0.00022779294316359206, 'epochs_finetune': 52, 'weight_decay': 0.0002767347012448883, 'batch_size': 32, 'patience': 20, 'scheduler_patience': 8, 'scheduler_factor': 0.8631483002521229, 'pos_weight_multiplier': 2.477348150406768, 'num_layers': 4, 'base_filters': 64, 'dropout': 0.235005209546808, 'kernel_size': 5}. Best is trial 0 with value: 0.977794448612153.
[I 2026-04-18 12:27:53,568] Trial 104 pruned. 
[I 2026-04-18 12:27:58,354] Trial 105 finished with value: 0.977794448612153 and parameters: {'lr_finetune': 0.0002923088451239146, 'epochs_finetune': 30, 'weight_decay': 0.05123119611895756, 'batch_size': 32, 'patience': 20, 'scheduler_patience': 8, 'scheduler_factor': 0.2583506271217718, 'pos_weight_multiplier': 2.269315713110468, 'num_layers': 4, 'base_filters': 64, 'dropout': 0.45394274173506627, 'kernel_size': 3}. Best is trial 0 with value: 0.977794448612153.
[I 2026-04-18 12:28:02,976] Trial 106 finished with value: 0.977794448612153 and parameters: {'lr_finetune': 0.0001256626312198383, 'epochs_finetune': 46, 'weight_decay': 0.0032924435521496844, 'batch_size': 32, 'patience': 19, 'scheduler_patience': 7, 'scheduler_factor': 0.7975982029129112, 'pos_weight_multiplier': 1.9882583293298788, 'num_layers': 2, 'base_filters': 32, 'dropout': 0.4751328448605038, 'kernel_size': 5}. Best is trial 0 with value: 0.977794448612153.
[I 2026-04-18 12:28:03,534] Trial 107 pruned. 
[I 2026-04-18 12:28:10,457] Trial 108 finished with value: 0.977794448612153 and parameters: {'lr_finetune': 5.900175346435571e-05, 'epochs_finetune': 54, 'weight_decay': 0.0010079028941201353, 'batch_size': 32, 'patience': 20, 'scheduler_patience': 8, 'scheduler_factor': 0.4620196949476715, 'pos_weight_multiplier': 2.0542912627405236, 'num_layers': 4, 'base_filters': 64, 'dropout': 0.23220644068357735, 'kernel_size': 5}. Best is trial 0 with value: 0.977794448612153.
[I 2026-04-18 12:28:17,204] Trial 109 finished with value: 0.977794448612153 and parameters: {'lr_finetune': 0.00010777469573191845, 'epochs_finetune': 38, 'weight_decay': 0.02317047268180732, 'batch_size': 32, 'patience': 19, 'scheduler_patience': 6, 'scheduler_factor': 0.8176369031811325, 'pos_weight_multiplier': 1.7812307613097647, 'num_layers': 4, 'base_filters': 64, 'dropout': 0.2570920192937377, 'kernel_size': 5}. Best is trial 0 with value: 0.977794448612153.
[I 2026-04-18 12:28:17,865] Trial 110 pruned. 
[I 2026-04-18 12:28:23,438] Trial 111 finished with value: 0.977794448612153 and parameters: {'lr_finetune': 0.00011808062588197932, 'epochs_finetune': 32, 'weight_decay': 0.0003416517076049305, 'batch_size': 32, 'patience': 20, 'scheduler_patience': 7, 'scheduler_factor': 0.8452453546548447, 'pos_weight_multiplier': 2.562649085754318, 'num_layers': 4, 'base_filters': 64, 'dropout': 0.4620923155388273, 'kernel_size': 7}. Best is trial 0 with value: 0.977794448612153.
[I 2026-04-18 12:28:28,649] Trial 112 finished with value: 0.977794448612153 and parameters: {'lr_finetune': 0.00014493470344100823, 'epochs_finetune': 31, 'weight_decay': 0.0007393660378320533, 'batch_size': 32, 'patience': 19, 'scheduler_patience': 7, 'scheduler_factor': 0.8798771033872084, 'pos_weight_multiplier': 2.709024117933353, 'num_layers': 4, 'base_filters': 64, 'dropout': 0.4205941649811139, 'kernel_size': 7}. Best is trial 0 with value: 0.977794448612153.
[I 2026-04-18 12:28:34,146] Trial 113 finished with value: 0.977794448612153 and parameters: {'lr_finetune': 7.161577447478394e-05, 'epochs_finetune': 33, 'weight_decay': 0.09143696950357194, 'batch_size': 32, 'patience': 20, 'scheduler_patience': 7, 'scheduler_factor': 0.835632561301638, 'pos_weight_multiplier': 2.6227353925108634, 'num_layers': 4, 'base_filters': 64, 'dropout': 0.48384554504939015, 'kernel_size': 7}. Best is trial 0 with value: 0.977794448612153.
[I 2026-04-18 12:28:39,185] Trial 114 finished with value: 0.977794448612153 and parameters: {'lr_finetune': 9.43166217820742e-05, 'epochs_finetune': 30, 'weight_decay': 0.0006147758662988505, 'batch_size': 32, 'patience': 18, 'scheduler_patience': 8, 'scheduler_factor': 0.784850617594521, 'pos_weight_multiplier': 2.5154999445857644, 'num_layers': 4, 'base_filters': 64, 'dropout': 0.33546043482173804, 'kernel_size': 7}. Best is trial 0 with value: 0.977794448612153.
[I 2026-04-18 12:28:45,997] Trial 115 finished with value: 0.977794448612153 and parameters: {'lr_finetune': 0.00019139033682322323, 'epochs_finetune': 48, 'weight_decay': 0.03967326807429869, 'batch_size': 32, 'patience': 20, 'scheduler_patience': 7, 'scheduler_factor': 0.3004915776841892, 'pos_weight_multiplier': 1.8838923859789132, 'num_layers': 4, 'base_filters': 64, 'dropout': 0.44417492967110495, 'kernel_size': 7}. Best is trial 0 with value: 0.977794448612153.
[I 2026-04-18 12:28:52,578] Trial 116 finished with value: 0.977794448612153 and parameters: {'lr_finetune': 0.00016675916729121248, 'epochs_finetune': 45, 'weight_decay': 0.018380090149473317, 'batch_size': 32, 'patience': 19, 'scheduler_patience': 8, 'scheduler_factor': 0.6086249832133991, 'pos_weight_multiplier': 2.7377603131855, 'num_layers': 4, 'base_filters': 64, 'dropout': 0.5086170774996519, 'kernel_size': 5}. Best is trial 0 with value: 0.977794448612153.
[I 2026-04-18 12:28:58,992] Trial 117 finished with value: 0.977794448612153 and parameters: {'lr_finetune': 0.0002202410500410125, 'epochs_finetune': 42, 'weight_decay': 0.00421159237805328, 'batch_size': 32, 'patience': 18, 'scheduler_patience': 6, 'scheduler_factor': 0.8623721796253098, 'pos_weight_multiplier': 2.585276673832758, 'num_layers': 4, 'base_filters': 64, 'dropout': 0.4266951037794547, 'kernel_size': 5}. Best is trial 0 with value: 0.977794448612153.
[I 2026-04-18 12:29:04,580] Trial 118 finished with value: 0.977794448612153 and parameters: {'lr_finetune': 4.2161838436276866e-05, 'epochs_finetune': 34, 'weight_decay': 0.0012621967750255335, 'batch_size': 32, 'patience': 19, 'scheduler_patience': 8, 'scheduler_factor': 0.7705640129878402, 'pos_weight_multiplier': 2.6594229735986468, 'num_layers': 4, 'base_filters': 64, 'dropout': 0.4041205332708684, 'kernel_size': 7}. Best is trial 0 with value: 0.977794448612153.
[I 2026-04-18 12:29:05,149] Trial 119 pruned. 
[I 2026-04-18 12:29:10,563] Trial 120 pruned. 
[I 2026-04-18 12:29:15,579] Trial 121 finished with value: 0.977794448612153 and parameters: {'lr_finetune': 0.00040061051995513757, 'epochs_finetune': 30, 'weight_decay': 0.00010718291117524988, 'batch_size': 32, 'patience': 19, 'scheduler_patience': 8, 'scheduler_factor': 0.882056496641855, 'pos_weight_multiplier': 2.7959712147685742, 'num_layers': 4, 'base_filters': 64, 'dropout': 0.5469610994040384, 'kernel_size': 7}. Best is trial 0 with value: 0.977794448612153.
[I 2026-04-18 12:29:21,067] Trial 122 finished with value: 0.977794448612153 and parameters: {'lr_finetune': 0.0002746608753780522, 'epochs_finetune': 33, 'weight_decay': 0.0001574887706710258, 'batch_size': 32, 'patience': 20, 'scheduler_patience': 8, 'scheduler_factor': 0.8052599632905862, 'pos_weight_multiplier': 2.6056641836497505, 'num_layers': 4, 'base_filters': 64, 'dropout': 0.4670540128767802, 'kernel_size': 7}. Best is trial 0 with value: 0.977794448612153.
[I 2026-04-18 12:29:26,283] Trial 123 finished with value: 0.977794448612153 and parameters: {'lr_finetune': 0.00021629496206642394, 'epochs_finetune': 31, 'weight_decay': 0.006447454852737462, 'batch_size': 32, 'patience': 18, 'scheduler_patience': 8, 'scheduler_factor': 0.5107542920752952, 'pos_weight_multiplier': 2.362368614564091, 'num_layers': 4, 'base_filters': 64, 'dropout': 0.5398020344184352, 'kernel_size': 7}. Best is trial 0 with value: 0.977794448612153.
[I 2026-04-18 12:29:30,302] Trial 124 pruned. 
[I 2026-04-18 12:29:35,352] Trial 125 finished with value: 0.977794448612153 and parameters: {'lr_finetune': 2.6871423154399454e-05, 'epochs_finetune': 32, 'weight_decay': 0.011307147874548118, 'batch_size': 32, 'patience': 20, 'scheduler_patience': 8, 'scheduler_factor': 0.8571670602476259, 'pos_weight_multiplier': 2.4962370379613597, 'num_layers': 4, 'base_filters': 32, 'dropout': 0.47624408447921285, 'kernel_size': 7}. Best is trial 0 with value: 0.977794448612153.
[I 2026-04-18 12:29:41,310] Trial 126 finished with value: 0.977794448612153 and parameters: {'lr_finetune': 0.00013822163764617163, 'epochs_finetune': 36, 'weight_decay': 0.027169430317771952, 'batch_size': 32, 'patience': 19, 'scheduler_patience': 8, 'scheduler_factor': 0.8927748229092138, 'pos_weight_multiplier': 2.5546722106711477, 'num_layers': 4, 'base_filters': 64, 'dropout': 0.5007116114152638, 'kernel_size': 5}. Best is trial 0 with value: 0.977794448612153.
[I 2026-04-18 12:29:47,717] Trial 127 finished with value: 0.977794448612153 and parameters: {'lr_finetune': 8.38650135202799e-05, 'epochs_finetune': 40, 'weight_decay': 0.00021974677071472977, 'batch_size': 32, 'patience': 18, 'scheduler_patience': 7, 'scheduler_factor': 0.6799652168107619, 'pos_weight_multiplier': 2.678698606979814, 'num_layers': 4, 'base_filters': 64, 'dropout': 0.490878663040557, 'kernel_size': 5}. Best is trial 0 with value: 0.977794448612153.
[I 2026-04-18 12:29:54,260] Trial 128 finished with value: 0.977794448612153 and parameters: {'lr_finetune': 6.407910241967262e-05, 'epochs_finetune': 49, 'weight_decay': 0.0003745945433128539, 'batch_size': 32, 'patience': 19, 'scheduler_patience': 8, 'scheduler_factor': 0.5777618030125011, 'pos_weight_multiplier': 2.424272600435895, 'num_layers': 4, 'base_filters': 64, 'dropout': 0.20052888219757528, 'kernel_size': 7}. Best is trial 0 with value: 0.977794448612153.
[I 2026-04-18 12:30:00,758] Trial 129 finished with value: 0.977794448612153 and parameters: {'lr_finetune': 0.00010277147876624665, 'epochs_finetune': 44, 'weight_decay': 0.00010245142873145921, 'batch_size': 32, 'patience': 18, 'scheduler_patience': 8, 'scheduler_factor': 0.638498429800163, 'pos_weight_multiplier': 1.6823567840639932, 'num_layers': 4, 'base_filters': 64, 'dropout': 0.44681558981444897, 'kernel_size': 5}. Best is trial 0 with value: 0.977794448612153.
