[I 2026-04-18 11:38:46,758] Trial 9 finished with value: 0.3728813559322034 and parameters: {'lr_finetune': 4.432426242049377e-05, 'epochs_finetune': 77, 'weight_decay': 0.006083605784239341, 'batch_size': 64, 'patience': 20, 'scheduler_patience': 8, 'scheduler_factor': 0.1658923716854206, 'pos_weight_multiplier': 2.2612287715622825, 'num_layers': 3, 'base_filters': 64, 'dropout': 0.3836545502958425, 'kernel_size': 5}. Best is trial 4 with value: 0.8814102564102564.
[I 2026-04-18 11:38:47,271] Trial 10 finished with value: 0.3728813559322034 and parameters: {'lr_finetune': 0.003752568388357097, 'epochs_finetune': 30, 'weight_decay': 0.00016340349084840522, 'batch_size': 32, 'patience': 10, 'scheduler_patience': 7, 'scheduler_factor': 0.36876267774560556, 'pos_weight_multiplier': 2.8641512567851803, 'num_layers': 3, 'base_filters': 32, 'dropout': 0.20834798405666893, 'kernel_size': 5}. Best is trial 4 with value: 0.8814102564102564.
[I 2026-04-18 11:38:47,566] Trial 11 finished with value: 0.3728813559322034 and parameters: {'lr_finetune': 0.00079880657978807, 'epochs_finetune': 52, 'weight_decay': 0.0007392536885443444, 'batch_size': 64, 'patience': 5, 'scheduler_patience': 5, 'scheduler_factor': 0.8277719461350277, 'pos_weight_multiplier': 2.22740115886544, 'num_layers': 2, 'base_filters': 64, 'dropout': 0.5820244030500424, 'kernel_size': 3}. Best is trial 4 with value: 0.8814102564102564.
[I 2026-04-18 11:38:47,990] Trial 12 finished with value: 0.3728813559322034 and parameters: {'lr_finetune': 0.0005552077879625824, 'epochs_finetune': 44, 'weight_decay': 0.08289704436821611, 'batch_size': 32, 'patience': 9, 'scheduler_patience': 4, 'scheduler_factor': 0.7441490206261667, 'pos_weight_multiplier': 2.3049150227044244, 'num_layers': 2, 'base_filters': 64, 'dropout': 0.599896569736865, 'kernel_size': 3}. Best is trial 4 with value: 0.8814102564102564.
[I 2026-04-18 11:38:48,349] Trial 13 finished with value: 0.3728813559322034 and parameters: {'lr_finetune': 2.0137540748666538e-05, 'epochs_finetune': 59, 'weight_decay': 0.0004107294969783222, 'batch_size': 64, 'patience': 7, 'scheduler_patience': 6, 'scheduler_factor': 0.4301918958190974, 'pos_weight_multiplier': 2.7194585717550575, 'num_layers': 2, 'base_filters': 64, 'dropout': 0.244127820759353, 'kernel_size': 3}. Best is trial 4 with value: 0.8814102564102564.
[I 2026-04-18 11:38:48,789] Trial 14 finished with value: 0.3728813559322034 and parameters: {'lr_finetune': 0.00021118547995085786, 'epochs_finetune': 30, 'weight_decay': 0.00035689574275671695, 'batch_size': 128, 'patience': 14, 'scheduler_patience': 6, 'scheduler_factor': 0.5492510909864279, 'pos_weight_multiplier': 2.040401998609742, 'num_layers': 3, 'base_filters': 64, 'dropout': 0.4244976811944639, 'kernel_size': 7}. Best is trial 4 with value: 0.8814102564102564.
[I 2026-04-18 11:38:49,147] Trial 15 finished with value: 0.42612244897959184 and parameters: {'lr_finetune': 3.7875458637899014e-05, 'epochs_finetune': 41, 'weight_decay': 0.0014690004085129128, 'batch_size': 32, 'patience': 5, 'scheduler_patience': 4, 'scheduler_factor': 0.2647663523604874, 'pos_weight_multiplier': 1.9035345575394085, 'num_layers': 2, 'base_filters': 32, 'dropout': 0.42736607734093623, 'kernel_size': 5}. Best is trial 4 with value: 0.8814102564102564.
[I 2026-04-18 11:38:50,217] Trial 16 finished with value: 0.9716475095785441 and parameters: {'lr_finetune': 3.1993116888131386e-05, 'epochs_finetune': 38, 'weight_decay': 0.00010943375806393004, 'batch_size': 32, 'patience': 11, 'scheduler_patience': 4, 'scheduler_factor': 0.27281444933897614, 'pos_weight_multiplier': 2.573189804919879, 'num_layers': 4, 'base_filters': 32, 'dropout': 0.4130838133699514, 'kernel_size': 5}. Best is trial 16 with value: 0.9716475095785441.
[I 2026-04-18 11:38:51,269] Trial 17 finished with value: 0.9449404761904762 and parameters: {'lr_finetune': 2.470217832980795e-05, 'epochs_finetune': 36, 'weight_decay': 0.00010235214484916916, 'batch_size': 32, 'patience': 11, 'scheduler_patience': 7, 'scheduler_factor': 0.13572131008221394, 'pos_weight_multiplier': 2.506581282718399, 'num_layers': 4, 'base_filters': 32, 'dropout': 0.2579499664977824, 'kernel_size': 5}. Best is trial 16 with value: 0.9716475095785441.
[I 2026-04-18 11:38:52,342] Trial 18 finished with value: 0.815 and parameters: {'lr_finetune': 1.2067810233600434e-05, 'epochs_finetune': 46, 'weight_decay': 0.00011236670651302151, 'batch_size': 32, 'patience': 12, 'scheduler_patience': 4, 'scheduler_factor': 0.11788456293273036, 'pos_weight_multiplier': 2.586499198452532, 'num_layers': 4, 'base_filters': 32, 'dropout': 0.285113587043109, 'kernel_size': 5}. Best is trial 16 with value: 0.9716475095785441.
[I 2026-04-18 11:38:52,985] Trial 19 finished with value: 0.3728813559322034 and parameters: {'lr_finetune': 3.0605117448664884e-05, 'epochs_finetune': 36, 'weight_decay': 0.00023922745741395578, 'batch_size': 32, 'patience': 14, 'scheduler_patience': 7, 'scheduler_factor': 0.2614960025667331, 'pos_weight_multiplier': 2.525791875807124, 'num_layers': 4, 'base_filters': 32, 'dropout': 0.2556678987749596, 'kernel_size': 5}. Best is trial 16 with value: 0.9716475095785441.
[I 2026-04-18 11:38:54,195] Trial 20 finished with value: 0.815 and parameters: {'lr_finetune': 2.4612492634367142e-05, 'epochs_finetune': 35, 'weight_decay': 0.00010643572174970935, 'batch_size': 32, 'patience': 16, 'scheduler_patience': 3, 'scheduler_factor': 0.18661903966256765, 'pos_weight_multiplier': 2.90695240924034, 'num_layers': 4, 'base_filters': 32, 'dropout': 0.3830862190632416, 'kernel_size': 5}. Best is trial 16 with value: 0.9716475095785441.
[I 2026-04-18 11:38:54,716] Trial 21 finished with value: 0.3728813559322034 and parameters: {'lr_finetune': 6.15251565757779e-05, 'epochs_finetune': 38, 'weight_decay': 0.0005316116329816978, 'batch_size': 32, 'patience': 10, 'scheduler_patience': 7, 'scheduler_factor': 0.32452215913365484, 'pos_weight_multiplier': 2.466915474468529, 'num_layers': 4, 'base_filters': 32, 'dropout': 0.2027727445383672, 'kernel_size': 5}. Best is trial 16 with value: 0.9716475095785441.
[I 2026-04-18 11:38:55,151] Trial 22 finished with value: 0.3728813559322034 and parameters: {'lr_finetune': 9.995996430246818e-05, 'epochs_finetune': 33, 'weight_decay': 0.0002584093858993989, 'batch_size': 32, 'patience': 8, 'scheduler_patience': 8, 'scheduler_factor': 0.10012494140184813, 'pos_weight_multiplier': 2.9936382607372916, 'num_layers': 3, 'base_filters': 32, 'dropout': 0.288079236700227, 'kernel_size': 5}. Best is trial 16 with value: 0.9716475095785441.
[I 2026-04-18 11:38:55,702] Trial 23 finished with value: 0.28846153846153844 and parameters: {'lr_finetune': 0.00015626764966606031, 'epochs_finetune': 43, 'weight_decay': 0.0010701413301968984, 'batch_size': 32, 'patience': 11, 'scheduler_patience': 7, 'scheduler_factor': 0.4757322380446692, 'pos_weight_multiplier': 1.8858201611953551, 'num_layers': 4, 'base_filters': 32, 'dropout': 0.3537756435016499, 'kernel_size': 5}. Best is trial 16 with value: 0.9716475095785441.
[I 2026-04-18 11:38:56,210] Trial 24 finished with value: 0.6486486486486487 and parameters: {'lr_finetune': 4.63096164054002e-05, 'epochs_finetune': 50, 'weight_decay': 0.00019063498207061696, 'batch_size': 32, 'patience': 9, 'scheduler_patience': 6, 'scheduler_factor': 0.32514098773693767, 'pos_weight_multiplier': 2.4243424864742638, 'num_layers': 3, 'base_filters': 32, 'dropout': 0.424777264065172, 'kernel_size': 5}. Best is trial 16 with value: 0.9716475095785441.
[I 2026-04-18 11:38:56,632] Trial 25 finished with value: 0.3728813559322034 and parameters: {'lr_finetune': 2.023186018191988e-05, 'epochs_finetune': 33, 'weight_decay': 0.0006165140316274581, 'batch_size': 128, 'patience': 12, 'scheduler_patience': 3, 'scheduler_factor': 0.4258663440557441, 'pos_weight_multiplier': 2.0800620212821457, 'num_layers': 3, 'base_filters': 32, 'dropout': 0.2521167149407109, 'kernel_size': 7}. Best is trial 16 with value: 0.9716475095785441.
[I 2026-04-18 11:38:57,767] Trial 26 finished with value: 0.8489795918367347 and parameters: {'lr_finetune': 1.1408296019662994e-05, 'epochs_finetune': 47, 'weight_decay': 0.00011051154577207288, 'batch_size': 32, 'patience': 14, 'scheduler_patience': 7, 'scheduler_factor': 0.2189956258685944, 'pos_weight_multiplier': 2.679377055757281, 'num_layers': 4, 'base_filters': 32, 'dropout': 0.3598074945185461, 'kernel_size': 5}. Best is trial 16 with value: 0.9716475095785441.
[I 2026-04-18 11:38:58,237] Trial 27 finished with value: 0.3728813559322034 and parameters: {'lr_finetune': 0.00014447724476441032, 'epochs_finetune': 40, 'weight_decay': 0.06728601057983895, 'batch_size': 32, 'patience': 8, 'scheduler_patience': 5, 'scheduler_factor': 0.15860042073534814, 'pos_weight_multiplier': 2.764306840369294, 'num_layers': 3, 'base_filters': 32, 'dropout': 0.45797112243867255, 'kernel_size': 5}. Best is trial 16 with value: 0.9716475095785441.
[I 2026-04-18 11:38:59,572] Trial 28 finished with value: 1.0 and parameters: {'lr_finetune': 5.3904625805499135e-05, 'epochs_finetune': 36, 'weight_decay': 0.0003197666487032002, 'batch_size': 32, 'patience': 16, 'scheduler_patience': 8, 'scheduler_factor': 0.30391511306347313, 'pos_weight_multiplier': 2.3631338550789223, 'num_layers': 4, 'base_filters': 64, 'dropout': 0.2874690104672856, 'kernel_size': 5}. Best is trial 28 with value: 1.0.
[I 2026-04-18 11:39:00,055] Trial 29 finished with value: 0.3728813559322034 and parameters: {'lr_finetune': 5.1087909146831095e-05, 'epochs_finetune': 54, 'weight_decay': 0.0003040323633762519, 'batch_size': 128, 'patience': 16, 'scheduler_patience': 8, 'scheduler_factor': 0.294986892048558, 'pos_weight_multiplier': 2.4165226411240104, 'num_layers': 4, 'base_filters': 16, 'dropout': 0.2950950351384254, 'kernel_size': 7}. Best is trial 28 with value: 1.0.
[I 2026-04-18 11:39:01,625] Trial 30 finished with value: 1.0 and parameters: {'lr_finetune': 2.808679048982372e-05, 'epochs_finetune': 44, 'weight_decay': 0.00013898351298251833, 'batch_size': 32, 'patience': 18, 'scheduler_patience': 8, 'scheduler_factor': 0.19747838182283456, 'pos_weight_multiplier': 2.263341625317179, 'num_layers': 4, 'base_filters': 64, 'dropout': 0.5229245206292966, 'kernel_size': 5}. Best is trial 28 with value: 1.0.
[I 2026-04-18 11:39:02,976] Trial 31 finished with value: 0.9722430607651913 and parameters: {'lr_finetune': 2.604885887501487e-05, 'epochs_finetune': 43, 'weight_decay': 0.00016865071292421628, 'batch_size': 32, 'patience': 18, 'scheduler_patience': 8, 'scheduler_factor': 0.20415446313610464, 'pos_weight_multiplier': 2.263796922438904, 'num_layers': 4, 'base_filters': 64, 'dropout': 0.22212848813325528, 'kernel_size': 5}. Best is trial 28 with value: 1.0.
[I 2026-04-18 11:39:04,422] Trial 32 finished with value: 0.9722430607651913 and parameters: {'lr_finetune': 1.6640159496564275e-05, 'epochs_finetune': 43, 'weight_decay': 0.00016634590422554848, 'batch_size': 32, 'patience': 19, 'scheduler_patience': 8, 'scheduler_factor': 0.20001000496081295, 'pos_weight_multiplier': 2.23867972946605, 'num_layers': 4, 'base_filters': 64, 'dropout': 0.5471294363930747, 'kernel_size': 5}. Best is trial 28 with value: 1.0.
[I 2026-04-18 11:39:05,922] Trial 33 finished with value: 1.0 and parameters: {'lr_finetune': 1.813494852676054e-05, 'epochs_finetune': 43, 'weight_decay': 0.00016915751822806186, 'batch_size': 32, 'patience': 20, 'scheduler_patience': 8, 'scheduler_factor': 0.19854466722173753, 'pos_weight_multiplier': 1.8692765301327237, 'num_layers': 4, 'base_filters': 64, 'dropout': 0.5318718529143922, 'kernel_size': 5}. Best is trial 28 with value: 1.0.
[I 2026-04-18 11:39:07,407] Trial 34 finished with value: 1.0 and parameters: {'lr_finetune': 1.3929234137523593e-05, 'epochs_finetune': 45, 'weight_decay': 0.000190261910321108, 'batch_size': 32, 'patience': 18, 'scheduler_patience': 8, 'scheduler_factor': 0.22063131627944668, 'pos_weight_multiplier': 1.9030679406156952, 'num_layers': 4, 'base_filters': 64, 'dropout': 0.5291756331326578, 'kernel_size': 5}. Best is trial 28 with value: 1.0.
[I 2026-04-18 11:39:08,904] Trial 35 finished with value: 1.0 and parameters: {'lr_finetune': 1.1023902604929176e-05, 'epochs_finetune': 47, 'weight_decay': 0.0008426116528074472, 'batch_size': 32, 'patience': 20, 'scheduler_patience': 8, 'scheduler_factor': 0.3221565915023866, 'pos_weight_multiplier': 1.506283081887558, 'num_layers': 4, 'base_filters': 64, 'dropout': 0.5404912122059956, 'kernel_size': 5}. Best is trial 28 with value: 1.0.
[I 2026-04-18 11:39:10,422] Trial 36 finished with value: 1.0 and parameters: {'lr_finetune': 1.5364308983365377e-05, 'epochs_finetune': 56, 'weight_decay': 0.0020201616745365645, 'batch_size': 32, 'patience': 17, 'scheduler_patience': 8, 'scheduler_factor': 0.37851558196103524, 'pos_weight_multiplier': 1.8903986887989532, 'num_layers': 4, 'base_filters': 64, 'dropout': 0.5167358352529602, 'kernel_size': 5}. Best is trial 28 with value: 1.0.
[I 2026-04-18 11:39:10,992] Trial 37 finished with value: 0.3728813559322034 and parameters: {'lr_finetune': 5.904278873817974e-05, 'epochs_finetune': 50, 'weight_decay': 0.00039582357615326215, 'batch_size': 128, 'patience': 19, 'scheduler_patience': 8, 'scheduler_factor': 0.23044849114841637, 'pos_weight_multiplier': 1.7306546455201164, 'num_layers': 4, 'base_filters': 64, 'dropout': 0.46258202490051065, 'kernel_size': 5}. Best is trial 28 with value: 1.0.
[I 2026-04-18 11:39:11,760] Trial 38 finished with value: 0.815 and parameters: {'lr_finetune': 1.71619038650382e-05, 'epochs_finetune': 66, 'weight_decay': 0.00022217003883732357, 'batch_size': 64, 'patience': 18, 'scheduler_patience': 7, 'scheduler_factor': 0.15732201474727217, 'pos_weight_multiplier': 1.5090071687316307, 'num_layers': 4, 'base_filters': 64, 'dropout': 0.5563520741327197, 'kernel_size': 7}. Best is trial 28 with value: 1.0.
[I 2026-04-18 11:39:13,228] Trial 39 finished with value: 0.9722430607651913 and parameters: {'lr_finetune': 1.0572926413497219e-05, 'epochs_finetune': 40, 'weight_decay': 0.0005183102331353418, 'batch_size': 32, 'patience': 17, 'scheduler_patience': 8, 'scheduler_factor': 0.29581929724185857, 'pos_weight_multiplier': 0.728855898469911, 'num_layers': 4, 'base_filters': 64, 'dropout': 0.5095811432771079, 'kernel_size': 5}. Best is trial 28 with value: 1.0.
[I 2026-04-18 11:39:14,590] Trial 40 finished with value: 0.9722430607651913 and parameters: {'lr_finetune': 3.7815725076827934e-05, 'epochs_finetune': 45, 'weight_decay': 0.0003057761786646437, 'batch_size': 32, 'patience': 19, 'scheduler_patience': 7, 'scheduler_factor': 0.23200031076654687, 'pos_weight_multiplier': 1.9700729236476833, 'num_layers': 4, 'base_filters': 64, 'dropout': 0.4782930660659163, 'kernel_size': 3}. Best is trial 28 with value: 1.0.
[I 2026-04-18 11:39:16,043] Trial 41 finished with value: 1.0 and parameters: {'lr_finetune': 1.3521910661348295e-05, 'epochs_finetune': 48, 'weight_decay': 0.0007758714314300827, 'batch_size': 32, 'patience': 20, 'scheduler_patience': 8, 'scheduler_factor': 0.33500860508320346, 'pos_weight_multiplier': 1.5636320468383917, 'num_layers': 4, 'base_filters': 64, 'dropout': 0.5312157140921308, 'kernel_size': 5}. Best is trial 28 with value: 1.0.
[I 2026-04-18 11:39:17,489] Trial 42 finished with value: 0.9722430607651913 and parameters: {'lr_finetune': 1.0664120392926363e-05, 'epochs_finetune': 53, 'weight_decay': 0.0002039659895956623, 'batch_size': 32, 'patience': 20, 'scheduler_patience': 8, 'scheduler_factor': 0.3867419594448649, 'pos_weight_multiplier': 1.4406072450881613, 'num_layers': 4, 'base_filters': 64, 'dropout': 0.5719569892423917, 'kernel_size': 5}. Best is trial 28 with value: 1.0.
[I 2026-04-18 11:39:18,966] Trial 43 finished with value: 1.0 and parameters: {'lr_finetune': 2.033771976179259e-05, 'epochs_finetune': 41, 'weight_decay': 0.0011078934929707703, 'batch_size': 32, 'patience': 17, 'scheduler_patience': 8, 'scheduler_factor': 0.29185701478229914, 'pos_weight_multiplier': 1.7332842376637905, 'num_layers': 4, 'base_filters': 64, 'dropout': 0.49343730990375423, 'kernel_size': 5}. Best is trial 28 with value: 1.0.
[I 2026-04-18 11:39:20,412] Trial 44 finished with value: 0.9722430607651913 and parameters: {'lr_finetune': 7.312163570274468e-05, 'epochs_finetune': 46, 'weight_decay': 0.003289346449121753, 'batch_size': 32, 'patience': 19, 'scheduler_patience': 8, 'scheduler_factor': 0.18073766348451925, 'pos_weight_multiplier': 0.9447980661067241, 'num_layers': 4, 'base_filters': 64, 'dropout': 0.5287575124247891, 'kernel_size': 5}. Best is trial 28 with value: 1.0.
[I 2026-04-18 11:39:20,992] Trial 45 finished with value: 0.7018315018315018 and parameters: {'lr_finetune': 3.235108844654954e-05, 'epochs_finetune': 51, 'weight_decay': 0.00015044166993288485, 'batch_size': 64, 'patience': 15, 'scheduler_patience': 7, 'scheduler_factor': 0.49153370415878084, 'pos_weight_multiplier': 1.3828077994278796, 'num_layers': 4, 'base_filters': 64, 'dropout': 0.5582706255254002, 'kernel_size': 5}. Best is trial 28 with value: 1.0.
[I 2026-04-18 11:39:22,357] Trial 46 finished with value: 0.8489795918367347 and parameters: {'lr_finetune': 1.5162923727500184e-05, 'epochs_finetune': 57, 'weight_decay': 0.0004547137639023963, 'batch_size': 32, 'patience': 18, 'scheduler_patience': 8, 'scheduler_factor': 0.34666100811289674, 'pos_weight_multiplier': 1.1566984738339012, 'num_layers': 4, 'base_filters': 16, 'dropout': 0.5914817961469092, 'kernel_size': 5}. Best is trial 28 with value: 1.0.
[I 2026-04-18 11:39:23,844] Trial 47 finished with value: 1.0 and parameters: {'lr_finetune': 0.0017525788212368581, 'epochs_finetune': 63, 'weight_decay': 0.0007338177959600003, 'batch_size': 32, 'patience': 20, 'scheduler_patience': 6, 'scheduler_factor': 0.13311964163479165, 'pos_weight_multiplier': 1.6541484142729264, 'num_layers': 4, 'base_filters': 64, 'dropout': 0.4475907790510777, 'kernel_size': 3}. Best is trial 28 with value: 1.0.
[I 2026-04-18 11:39:24,333] Trial 48 finished with value: 0.3728813559322034 and parameters: {'lr_finetune': 2.048604121258801e-05, 'epochs_finetune': 38, 'weight_decay': 0.0003237429537594876, 'batch_size': 128, 'patience': 17, 'scheduler_patience': 7, 'scheduler_factor': 0.4068483311898062, 'pos_weight_multiplier': 1.816828635356979, 'num_layers': 3, 'base_filters': 64, 'dropout': 0.49798816382362243, 'kernel_size': 5}. Best is trial 28 with value: 1.0.
[I 2026-04-18 11:39:25,944] Trial 49 finished with value: 1.0 and parameters: {'lr_finetune': 0.0003857891692138584, 'epochs_finetune': 72, 'weight_decay': 0.00014957611970045905, 'batch_size': 32, 'patience': 19, 'scheduler_patience': 8, 'scheduler_factor': 0.24413548832184034, 'pos_weight_multiplier': 2.10633635406347, 'num_layers': 4, 'base_filters': 64, 'dropout': 0.5766555132704553, 'kernel_size': 7}. Best is trial 28 with value: 1.0.
[I 2026-04-18 11:39:26,539] Trial 50 finished with value: 0.3728813559322034 and parameters: {'lr_finetune': 2.6165815689090516e-05, 'epochs_finetune': 48, 'weight_decay': 0.0002666569914977674, 'batch_size': 64, 'patience': 15, 'scheduler_patience': 7, 'scheduler_factor': 0.6503746628105073, 'pos_weight_multiplier': 2.1394033714083784, 'num_layers': 4, 'base_filters': 64, 'dropout': 0.527105906158329, 'kernel_size': 5}. Best is trial 28 with value: 1.0.
[I 2026-04-18 11:39:28,151] Trial 51 finished with value: 1.0 and parameters: {'lr_finetune': 1.46544531337046e-05, 'epochs_finetune': 57, 'weight_decay': 0.00242896338492785, 'batch_size': 32, 'patience': 18, 'scheduler_patience': 8, 'scheduler_factor': 0.3097521251992301, 'pos_weight_multiplier': 1.9710465580630403, 'num_layers': 4, 'base_filters': 64, 'dropout': 0.5149609099589106, 'kernel_size': 5}. Best is trial 28 with value: 1.0.
[I 2026-04-18 11:39:29,647] Trial 52 finished with value: 1.0 and parameters: {'lr_finetune': 1.030546687404884e-05, 'epochs_finetune': 62, 'weight_decay': 0.0019174804327398215, 'batch_size': 32, 'patience': 17, 'scheduler_patience': 8, 'scheduler_factor': 0.3677351023359269, 'pos_weight_multiplier': 1.8606944722758139, 'num_layers': 4, 'base_filters': 64, 'dropout': 0.5492539434668016, 'kernel_size': 5}. Best is trial 28 with value: 1.0.
[I 2026-04-18 11:39:31,135] Trial 53 finished with value: 1.0 and parameters: {'lr_finetune': 1.6917934934070433e-05, 'epochs_finetune': 42, 'weight_decay': 0.0019311934510671397, 'batch_size': 32, 'patience': 20, 'scheduler_patience': 8, 'scheduler_factor': 0.25729911871187167, 'pos_weight_multiplier': 1.6383804417384336, 'num_layers': 4, 'base_filters': 64, 'dropout': 0.4795963244080439, 'kernel_size': 5}. Best is trial 28 with value: 1.0.
[I 2026-04-18 11:39:32,436] Trial 54 finished with value: 0.9722430607651913 and parameters: {'lr_finetune': 3.7294614158167464e-05, 'epochs_finetune': 56, 'weight_decay': 0.004743126084038349, 'batch_size': 32, 'patience': 15, 'scheduler_patience': 8, 'scheduler_factor': 0.4394503603282459, 'pos_weight_multiplier': 1.9847599286715862, 'num_layers': 4, 'base_filters': 64, 'dropout': 0.516893841407923, 'kernel_size': 5}. Best is trial 28 with value: 1.0.
[I 2026-04-18 11:39:33,580] Trial 55 finished with value: 0.8489795918367347 and parameters: {'lr_finetune': 2.2158568334642816e-05, 'epochs_finetune': 32, 'weight_decay': 0.0009714329831917634, 'batch_size': 32, 'patience': 18, 'scheduler_patience': 7, 'scheduler_factor': 0.46159967859202916, 'pos_weight_multiplier': 2.3702099862904022, 'num_layers': 4, 'base_filters': 16, 'dropout': 0.5387398385205198, 'kernel_size': 5}. Best is trial 28 with value: 1.0.
