[I 2026-04-18 11:35:40,799] Trial 125 finished with value: 0.9722430607651913 and parameters: {'lr_finetune': 2.9853758750382026e-05, 'epochs_finetune': 51, 'weight_decay': 0.00038139991831553276, 'batch_size': 32, 'patience': 9, 'scheduler_patience': 8, 'scheduler_factor': 0.18401372399443328, 'pos_weight_multiplier': 2.5483594577988957, 'num_layers': 2, 'base_filters': 64, 'dropout': 0.3066667787188015, 'kernel_size': 5}. Best is trial 7 with value: 0.9722430607651913.
[I 2026-04-18 11:35:41,932] Trial 126 finished with value: 0.9722430607651913 and parameters: {'lr_finetune': 6.733367305682658e-05, 'epochs_finetune': 69, 'weight_decay': 0.0011409178322241296, 'batch_size': 32, 'patience': 14, 'scheduler_patience': 7, 'scheduler_factor': 0.12997283279548985, 'pos_weight_multiplier': 1.0230961123670896, 'num_layers': 2, 'base_filters': 64, 'dropout': 0.3205898876720632, 'kernel_size': 5}. Best is trial 7 with value: 0.9722430607651913.
[I 2026-04-18 11:35:43,004] Trial 127 finished with value: 0.9722430607651913 and parameters: {'lr_finetune': 0.0001005673403175529, 'epochs_finetune': 48, 'weight_decay': 0.0038340110936165386, 'batch_size': 32, 'patience': 16, 'scheduler_patience': 8, 'scheduler_factor': 0.17079931636080242, 'pos_weight_multiplier': 1.3963785746400144, 'num_layers': 2, 'base_filters': 64, 'dropout': 0.2413752668319338, 'kernel_size': 3}. Best is trial 7 with value: 0.9722430607651913.
[I 2026-04-18 11:35:44,134] Trial 128 finished with value: 0.9722430607651913 and parameters: {'lr_finetune': 0.00011293514932862644, 'epochs_finetune': 47, 'weight_decay': 0.0002544460056574281, 'batch_size': 32, 'patience': 15, 'scheduler_patience': 5, 'scheduler_factor': 0.37399476285027433, 'pos_weight_multiplier': 2.12203678826309, 'num_layers': 3, 'base_filters': 64, 'dropout': 0.50547259392638, 'kernel_size': 5}. Best is trial 7 with value: 0.9722430607651913.
[I 2026-04-18 11:35:44,555] Trial 129 finished with value: 0.3728813559322034 and parameters: {'lr_finetune': 0.0011975046541372845, 'epochs_finetune': 63, 'weight_decay': 0.00021761535023209834, 'batch_size': 64, 'patience': 10, 'scheduler_patience': 8, 'scheduler_factor': 0.11657781971659928, 'pos_weight_multiplier': 1.0872130731355834, 'num_layers': 2, 'base_filters': 64, 'dropout': 0.4014255633067151, 'kernel_size': 5}. Best is trial 7 with value: 0.9722430607651913.
[I 2026-04-18 11:35:45,523] Trial 130 finished with value: 0.9722430607651913 and parameters: {'lr_finetune': 0.0002877076872606419, 'epochs_finetune': 52, 'weight_decay': 0.0005320705533073533, 'batch_size': 32, 'patience': 12, 'scheduler_patience': 8, 'scheduler_factor': 0.6154944330633159, 'pos_weight_multiplier': 0.8331931689523299, 'num_layers': 2, 'base_filters': 64, 'dropout': 0.2672343836205411, 'kernel_size': 5}. Best is trial 7 with value: 0.9722430607651913.
[I 2026-04-18 11:35:45,945] Trial 131 finished with value: 0.28846153846153844 and parameters: {'lr_finetune': 5.367353873710915e-05, 'epochs_finetune': 67, 'weight_decay': 0.008049545363654506, 'batch_size': 32, 'patience': 6, 'scheduler_patience': 7, 'scheduler_factor': 0.27217532076193, 'pos_weight_multiplier': 0.9852951372188743, 'num_layers': 3, 'base_filters': 64, 'dropout': 0.47935729296041973, 'kernel_size': 5}. Best is trial 7 with value: 0.9722430607651913.
[I 2026-04-18 11:35:47,141] Trial 132 finished with value: 0.9722430607651913 and parameters: {'lr_finetune': 9.223074034767824e-05, 'epochs_finetune': 61, 'weight_decay': 0.009309397827233504, 'batch_size': 32, 'patience': 14, 'scheduler_patience': 7, 'scheduler_factor': 0.258348133921678, 'pos_weight_multiplier': 0.9302942386528849, 'num_layers': 3, 'base_filters': 64, 'dropout': 0.47205675903277167, 'kernel_size': 5}. Best is trial 7 with value: 0.9722430607651913.
[I 2026-04-18 11:35:48,338] Trial 133 finished with value: 0.9722430607651913 and parameters: {'lr_finetune': 8.057750543241039e-05, 'epochs_finetune': 77, 'weight_decay': 0.01716166688454914, 'batch_size': 32, 'patience': 13, 'scheduler_patience': 7, 'scheduler_factor': 0.31916900184586333, 'pos_weight_multiplier': 0.8891158388029807, 'num_layers': 3, 'base_filters': 64, 'dropout': 0.427658583433568, 'kernel_size': 5}. Best is trial 7 with value: 0.9722430607651913.
[I 2026-04-18 11:35:49,541] Trial 134 finished with value: 0.9722430607651913 and parameters: {'lr_finetune': 0.0001822170239556141, 'epochs_finetune': 79, 'weight_decay': 0.006412879536453127, 'batch_size': 32, 'patience': 14, 'scheduler_patience': 7, 'scheduler_factor': 0.24120969540345963, 'pos_weight_multiplier': 1.2471017469186878, 'num_layers': 3, 'base_filters': 64, 'dropout': 0.43992249398452876, 'kernel_size': 5}. Best is trial 7 with value: 0.9722430607651913.
[I 2026-04-18 11:35:50,829] Trial 135 finished with value: 0.9722430607651913 and parameters: {'lr_finetune': 6.836842530055085e-05, 'epochs_finetune': 74, 'weight_decay': 0.013083501187487752, 'batch_size': 32, 'patience': 15, 'scheduler_patience': 6, 'scheduler_factor': 0.19446839101885188, 'pos_weight_multiplier': 1.1849789911084998, 'num_layers': 3, 'base_filters': 16, 'dropout': 0.5230155052204886, 'kernel_size': 7}. Best is trial 7 with value: 0.9722430607651913.
[I 2026-04-18 11:35:51,410] Trial 136 finished with value: 0.45588235294117646 and parameters: {'lr_finetune': 0.0016493926830715923, 'epochs_finetune': 50, 'weight_decay': 0.0023331654107111898, 'batch_size': 32, 'patience': 11, 'scheduler_patience': 8, 'scheduler_factor': 0.346521197004415, 'pos_weight_multiplier': 1.0580045892669963, 'num_layers': 2, 'base_filters': 64, 'dropout': 0.4637934780223052, 'kernel_size': 5}. Best is trial 7 with value: 0.9722430607651913.
[I 2026-04-18 11:35:52,611] Trial 137 finished with value: 0.9722430607651913 and parameters: {'lr_finetune': 0.00046926060275345803, 'epochs_finetune': 62, 'weight_decay': 0.0007227253308987241, 'batch_size': 32, 'patience': 17, 'scheduler_patience': 8, 'scheduler_factor': 0.15856818723407723, 'pos_weight_multiplier': 0.7619606068055575, 'num_layers': 2, 'base_filters': 64, 'dropout': 0.49529919650633086, 'kernel_size': 5}. Best is trial 7 with value: 0.9722430607651913.
[I 2026-04-18 11:35:53,921] Trial 138 finished with value: 0.9722430607651913 and parameters: {'lr_finetune': 0.00013594766614939674, 'epochs_finetune': 65, 'weight_decay': 0.00030370714717016983, 'batch_size': 32, 'patience': 16, 'scheduler_patience': 7, 'scheduler_factor': 0.21777467536826606, 'pos_weight_multiplier': 0.6595564711678739, 'num_layers': 3, 'base_filters': 64, 'dropout': 0.37752801317249146, 'kernel_size': 5}. Best is trial 7 with value: 0.9722430607651913.
[I 2026-04-18 11:35:54,896] Trial 139 finished with value: 0.9722430607651913 and parameters: {'lr_finetune': 0.0002164869892653714, 'epochs_finetune': 47, 'weight_decay': 0.0009959971431286315, 'batch_size': 32, 'patience': 15, 'scheduler_patience': 5, 'scheduler_factor': 0.14599511593983322, 'pos_weight_multiplier': 0.9520413435526477, 'num_layers': 2, 'base_filters': 64, 'dropout': 0.3599365239496822, 'kernel_size': 5}. Best is trial 7 with value: 0.9722430607651913.
[I 2026-04-18 11:35:55,981] Trial 140 finished with value: 0.9722430607651913 and parameters: {'lr_finetune': 0.00015968927336576811, 'epochs_finetune': 54, 'weight_decay': 0.0013765942050827278, 'batch_size': 32, 'patience': 14, 'scheduler_patience': 8, 'scheduler_factor': 0.26255714146374354, 'pos_weight_multiplier': 0.8055101840103105, 'num_layers': 2, 'base_filters': 32, 'dropout': 0.31383755702461613, 'kernel_size': 5}. Best is trial 7 with value: 0.9722430607651913.
[I 2026-04-18 11:35:56,945] Trial 141 finished with value: 0.9722430607651913 and parameters: {'lr_finetune': 0.00011656190418874311, 'epochs_finetune': 78, 'weight_decay': 0.004603992303862097, 'batch_size': 32, 'patience': 12, 'scheduler_patience': 7, 'scheduler_factor': 0.2360745643809628, 'pos_weight_multiplier': 0.8446744732075742, 'num_layers': 2, 'base_filters': 64, 'dropout': 0.38877260888934073, 'kernel_size': 5}. Best is trial 7 with value: 0.9722430607651913.
[I 2026-04-18 11:35:57,890] Trial 142 finished with value: 0.9722430607651913 and parameters: {'lr_finetune': 8.012381067622547e-05, 'epochs_finetune': 80, 'weight_decay': 0.0018502189642440954, 'batch_size': 32, 'patience': 12, 'scheduler_patience': 7, 'scheduler_factor': 0.20639807847207403, 'pos_weight_multiplier': 0.9866936713819555, 'num_layers': 2, 'base_filters': 64, 'dropout': 0.3819251840322455, 'kernel_size': 5}. Best is trial 7 with value: 0.9722430607651913.
[I 2026-04-18 11:35:58,930] Trial 143 finished with value: 0.9722430607651913 and parameters: {'lr_finetune': 9.54493096858044e-05, 'epochs_finetune': 76, 'weight_decay': 0.0006219311228644196, 'batch_size': 32, 'patience': 13, 'scheduler_patience': 7, 'scheduler_factor': 0.17566104608769234, 'pos_weight_multiplier': 1.1205900480520428, 'num_layers': 2, 'base_filters': 64, 'dropout': 0.4506492898444921, 'kernel_size': 5}. Best is trial 7 with value: 0.9722430607651913.
[I 2026-04-18 11:36:00,008] Trial 144 finished with value: 0.9722430607651913 and parameters: {'lr_finetune': 0.00019993360009020218, 'epochs_finetune': 56, 'weight_decay': 0.0030529257701639376, 'batch_size': 32, 'patience': 18, 'scheduler_patience': 8, 'scheduler_factor': 0.8543785972909199, 'pos_weight_multiplier': 0.7159013942072053, 'num_layers': 2, 'base_filters': 64, 'dropout': 0.369168575389528, 'kernel_size': 5}. Best is trial 7 with value: 0.9722430607651913.
[I 2026-04-18 11:36:00,395] Trial 145 finished with value: 0.3728813559322034 and parameters: {'lr_finetune': 0.00025894971177483305, 'epochs_finetune': 79, 'weight_decay': 0.0025680244381407814, 'batch_size': 128, 'patience': 10, 'scheduler_patience': 6, 'scheduler_factor': 0.6641799750183162, 'pos_weight_multiplier': 0.9037137499021548, 'num_layers': 2, 'base_filters': 64, 'dropout': 0.42238673416521955, 'kernel_size': 5}. Best is trial 7 with value: 0.9722430607651913.
[I 2026-04-18 11:36:01,396] Trial 146 finished with value: 0.9722430607651913 and parameters: {'lr_finetune': 0.0001526823144775875, 'epochs_finetune': 77, 'weight_decay': 0.003657842748104338, 'batch_size': 32, 'patience': 13, 'scheduler_patience': 8, 'scheduler_factor': 0.22392290598019493, 'pos_weight_multiplier': 1.0617944022038075, 'num_layers': 2, 'base_filters': 64, 'dropout': 0.39602297885603993, 'kernel_size': 7}. Best is trial 7 with value: 0.9722430607651913.
[I 2026-04-18 11:36:01,949] Trial 147 finished with value: 0.7959022852639874 and parameters: {'lr_finetune': 0.00012639831914876612, 'epochs_finetune': 50, 'weight_decay': 0.0016516300695204158, 'batch_size': 32, 'patience': 11, 'scheduler_patience': 7, 'scheduler_factor': 0.2821686721350756, 'pos_weight_multiplier': 0.8590421024150997, 'num_layers': 2, 'base_filters': 64, 'dropout': 0.35079552649092793, 'kernel_size': 5}. Best is trial 7 with value: 0.9722430607651913.
[I 2026-04-18 11:36:03,018] Trial 148 finished with value: 0.9722430607651913 and parameters: {'lr_finetune': 0.00010443381198013392, 'epochs_finetune': 72, 'weight_decay': 0.005886979177036022, 'batch_size': 32, 'patience': 15, 'scheduler_patience': 8, 'scheduler_factor': 0.12422630495175668, 'pos_weight_multiplier': 1.426370634714128, 'num_layers': 2, 'base_filters': 64, 'dropout': 0.34569236984304264, 'kernel_size': 3}. Best is trial 7 with value: 0.9722430607651913.
[I 2026-04-18 11:36:03,551] Trial 149 finished with value: 0.3728813559322034 and parameters: {'lr_finetune': 4.550491934247783e-05, 'epochs_finetune': 48, 'weight_decay': 0.0004186369793428823, 'batch_size': 64, 'patience': 14, 'scheduler_patience': 8, 'scheduler_factor': 0.4424430131860534, 'pos_weight_multiplier': 1.1757072368652235, 'num_layers': 3, 'base_filters': 64, 'dropout': 0.41159583623358215, 'kernel_size': 5}. Best is trial 7 with value: 0.9722430607651913.
[I 2026-04-18 11:36:04,703] A new study created in RDB with name: study_cnn_ibd_pretrainFalse_arch_fold3
[I 2026-04-18 11:36:05,259] Trial 0 finished with value: 0.3728813559322034 and parameters: {'lr_finetune': 0.0010177053439990873, 'epochs_finetune': 63, 'weight_decay': 0.07910142309302803, 'batch_size': 128, 'patience': 20, 'scheduler_patience': 6, 'scheduler_factor': 0.45487959803638744, 'pos_weight_multiplier': 1.5531810151573735, 'num_layers': 3, 'base_filters': 16, 'dropout': 0.5465372782492446, 'kernel_size': 3}. Best is trial 0 with value: 0.3728813559322034.
[I 2026-04-18 11:36:06,637] Trial 1 finished with value: 0.9722430607651913 and parameters: {'lr_finetune': 0.0001875264274084056, 'epochs_finetune': 51, 'weight_decay': 0.041333981595689386, 'batch_size': 32, 'patience': 18, 'scheduler_patience': 6, 'scheduler_factor': 0.456960455457449, 'pos_weight_multiplier': 2.05732704066553, 'num_layers': 4, 'base_filters': 16, 'dropout': 0.576629093721279, 'kernel_size': 7}. Best is trial 1 with value: 0.9722430607651913.
[I 2026-04-18 11:36:07,061] Trial 2 finished with value: 0.3728813559322034 and parameters: {'lr_finetune': 0.003869812487225245, 'epochs_finetune': 77, 'weight_decay': 0.0013484725170771436, 'batch_size': 128, 'patience': 16, 'scheduler_patience': 8, 'scheduler_factor': 0.8924863152955255, 'pos_weight_multiplier': 1.6731546312071575, 'num_layers': 2, 'base_filters': 16, 'dropout': 0.4566086049107954, 'kernel_size': 3}. Best is trial 1 with value: 0.9722430607651913.
[I 2026-04-18 11:36:07,395] Trial 3 finished with value: 0.3728813559322034 and parameters: {'lr_finetune': 0.0009657177055297279, 'epochs_finetune': 66, 'weight_decay': 0.012076412631517796, 'batch_size': 128, 'patience': 5, 'scheduler_patience': 6, 'scheduler_factor': 0.8901670107393912, 'pos_weight_multiplier': 2.0637160183389485, 'num_layers': 2, 'base_filters': 32, 'dropout': 0.47926569476673114, 'kernel_size': 7}. Best is trial 1 with value: 0.9722430607651913.
[I 2026-04-18 11:36:08,077] Trial 4 finished with value: 0.3728813559322034 and parameters: {'lr_finetune': 0.004570997665054804, 'epochs_finetune': 54, 'weight_decay': 0.0026496946070892597, 'batch_size': 64, 'patience': 6, 'scheduler_patience': 8, 'scheduler_factor': 0.27854152318012937, 'pos_weight_multiplier': 1.8221062321117902, 'num_layers': 4, 'base_filters': 32, 'dropout': 0.5078823223436544, 'kernel_size': 3}. Best is trial 1 with value: 0.9722430607651913.
[I 2026-04-18 11:36:08,710] Trial 5 finished with value: 0.5595238095238095 and parameters: {'lr_finetune': 0.0010334730165577346, 'epochs_finetune': 47, 'weight_decay': 0.051512908538478605, 'batch_size': 64, 'patience': 5, 'scheduler_patience': 4, 'scheduler_factor': 0.6585504995891343, 'pos_weight_multiplier': 1.6464396134527837, 'num_layers': 2, 'base_filters': 64, 'dropout': 0.28683955318658116, 'kernel_size': 7}. Best is trial 1 with value: 0.9722430607651913.
[I 2026-04-18 11:36:09,529] Trial 6 finished with value: 0.3728813559322034 and parameters: {'lr_finetune': 1.793416628617025e-05, 'epochs_finetune': 37, 'weight_decay': 0.029678775971094987, 'batch_size': 64, 'patience': 13, 'scheduler_patience': 5, 'scheduler_factor': 0.4633271201958141, 'pos_weight_multiplier': 2.925960894656239, 'num_layers': 4, 'base_filters': 64, 'dropout': 0.3474639497497334, 'kernel_size': 7}. Best is trial 1 with value: 0.9722430607651913.
[I 2026-04-18 11:36:10,255] Trial 7 finished with value: 0.48291925465838514 and parameters: {'lr_finetune': 0.004065925627116109, 'epochs_finetune': 60, 'weight_decay': 0.0032176693277117647, 'batch_size': 64, 'patience': 6, 'scheduler_patience': 8, 'scheduler_factor': 0.7074980240036869, 'pos_weight_multiplier': 0.858476533578642, 'num_layers': 4, 'base_filters': 64, 'dropout': 0.4855741629976381, 'kernel_size': 7}. Best is trial 1 with value: 0.9722430607651913.
[I 2026-04-18 11:36:10,683] Trial 8 finished with value: 0.3728813559322034 and parameters: {'lr_finetune': 7.22975652801274e-05, 'epochs_finetune': 76, 'weight_decay': 0.0027187932601343604, 'batch_size': 32, 'patience': 5, 'scheduler_patience': 5, 'scheduler_factor': 0.448427391631785, 'pos_weight_multiplier': 2.423276492344028, 'num_layers': 2, 'base_filters': 64, 'dropout': 0.5025086706704474, 'kernel_size': 7}. Best is trial 1 with value: 0.9722430607651913.
[I 2026-04-18 11:36:11,294] Trial 9 finished with value: 0.3728813559322034 and parameters: {'lr_finetune': 0.00013576606798740095, 'epochs_finetune': 49, 'weight_decay': 0.000366761375188741, 'batch_size': 128, 'patience': 16, 'scheduler_patience': 4, 'scheduler_factor': 0.3940454637790448, 'pos_weight_multiplier': 1.244657491549031, 'num_layers': 3, 'base_filters': 16, 'dropout': 0.2703763888611309, 'kernel_size': 7}. Best is trial 1 with value: 0.9722430607651913.
[I 2026-04-18 11:36:12,508] Trial 10 finished with value: 0.8221153846153846 and parameters: {'lr_finetune': 4.1880584710028874e-05, 'epochs_finetune': 31, 'weight_decay': 0.00016742055203323292, 'batch_size': 32, 'patience': 19, 'scheduler_patience': 2, 'scheduler_factor': 0.10763044047380149, 'pos_weight_multiplier': 2.4935207604734098, 'num_layers': 4, 'base_filters': 16, 'dropout': 0.5899785851730835, 'kernel_size': 5}. Best is trial 1 with value: 0.9722430607651913.
[I 2026-04-18 11:36:13,598] Trial 11 finished with value: 0.827639751552795 and parameters: {'lr_finetune': 2.9434982782303742e-05, 'epochs_finetune': 30, 'weight_decay': 0.00010928718357096438, 'batch_size': 32, 'patience': 20, 'scheduler_patience': 2, 'scheduler_factor': 0.159153168056835, 'pos_weight_multiplier': 2.5810304059739675, 'num_layers': 4, 'base_filters': 16, 'dropout': 0.5878229913839674, 'kernel_size': 5}. Best is trial 1 with value: 0.9722430607651913.
[I 2026-04-18 11:36:14,545] Trial 12 finished with value: 0.3728813559322034 and parameters: {'lr_finetune': 1.1684868193079227e-05, 'epochs_finetune': 41, 'weight_decay': 0.00010390054865872578, 'batch_size': 32, 'patience': 17, 'scheduler_patience': 2, 'scheduler_factor': 0.20395792183324646, 'pos_weight_multiplier': 2.4311942652206895, 'num_layers': 3, 'base_filters': 16, 'dropout': 0.5936196618660274, 'kernel_size': 5}. Best is trial 1 with value: 0.9722430607651913.
[I 2026-04-18 11:36:15,425] Trial 13 finished with value: 0.3728813559322034 and parameters: {'lr_finetune': 0.00032092934397023453, 'epochs_finetune': 30, 'weight_decay': 0.014242905324283735, 'batch_size': 32, 'patience': 12, 'scheduler_patience': 3, 'scheduler_factor': 0.29748848425297003, 'pos_weight_multiplier': 2.927770790551076, 'num_layers': 4, 'base_filters': 16, 'dropout': 0.37229989094368793, 'kernel_size': 5}. Best is trial 1 with value: 0.9722430607651913.
[I 2026-04-18 11:36:16,247] Trial 14 finished with value: 0.3728813559322034 and parameters: {'lr_finetune': 3.126727796013007e-05, 'epochs_finetune': 40, 'weight_decay': 0.0007293504728811845, 'batch_size': 32, 'patience': 13, 'scheduler_patience': 6, 'scheduler_factor': 0.5983286887386475, 'pos_weight_multiplier': 2.1535664488089754, 'num_layers': 4, 'base_filters': 16, 'dropout': 0.5511877023276855, 'kernel_size': 5}. Best is trial 1 with value: 0.9722430607651913.
[I 2026-04-18 11:36:17,494] Trial 15 finished with value: 0.9722430607651913 and parameters: {'lr_finetune': 0.0002681424311566254, 'epochs_finetune': 69, 'weight_decay': 0.009105351384941705, 'batch_size': 32, 'patience': 18, 'scheduler_patience': 7, 'scheduler_factor': 0.14527238771430992, 'pos_weight_multiplier': 2.7413768091791244, 'num_layers': 3, 'base_filters': 32, 'dropout': 0.41403984776913993, 'kernel_size': 5}. Best is trial 1 with value: 0.9722430607651913.
[I 2026-04-18 11:36:18,001] Trial 16 finished with value: 0.28846153846153844 and parameters: {'lr_finetune': 0.00031665048335285137, 'epochs_finetune': 69, 'weight_decay': 0.009660878605575162, 'batch_size': 32, 'patience': 10, 'scheduler_patience': 7, 'scheduler_factor': 0.33072123310190765, 'pos_weight_multiplier': 0.5320535923711707, 'num_layers': 3, 'base_filters': 32, 'dropout': 0.20481622834880345, 'kernel_size': 5}. Best is trial 1 with value: 0.9722430607651913.
[I 2026-04-18 11:36:19,255] Trial 17 finished with value: 0.9722430607651913 and parameters: {'lr_finetune': 0.00013518886976244252, 'epochs_finetune': 56, 'weight_decay': 0.03104968707930912, 'batch_size': 32, 'patience': 18, 'scheduler_patience': 7, 'scheduler_factor': 0.5475261589057798, 'pos_weight_multiplier': 2.0661541865012483, 'num_layers': 3, 'base_filters': 32, 'dropout': 0.4180743109211129, 'kernel_size': 5}. Best is trial 1 with value: 0.9722430607651913.
[I 2026-04-18 11:36:20,416] Trial 18 finished with value: 0.9722430607651913 and parameters: {'lr_finetune': 0.0005693180861839329, 'epochs_finetune': 71, 'weight_decay': 0.006655333384114322, 'batch_size': 32, 'patience': 15, 'scheduler_patience': 7, 'scheduler_factor': 0.7320637430823239, 'pos_weight_multiplier': 2.736324440460128, 'num_layers': 3, 'base_filters': 32, 'dropout': 0.42706419890865277, 'kernel_size': 7}. Best is trial 1 with value: 0.9722430607651913.
[I 2026-04-18 11:36:20,900] Trial 19 finished with value: 0.3728813559322034 and parameters: {'lr_finetune': 0.0001238149319907323, 'epochs_finetune': 48, 'weight_decay': 0.09744944585227326, 'batch_size': 32, 'patience': 9, 'scheduler_patience': 5, 'scheduler_factor': 0.19660535634347776, 'pos_weight_multiplier': 1.3976065491166803, 'num_layers': 3, 'base_filters': 32, 'dropout': 0.32411885100788906, 'kernel_size': 3}. Best is trial 1 with value: 0.9722430607651913.
[I 2026-04-18 11:36:22,063] Trial 20 finished with value: 0.9722430607651913 and parameters: {'lr_finetune': 0.0004361119988038146, 'epochs_finetune': 58, 'weight_decay': 0.02577597416899425, 'batch_size': 32, 'patience': 15, 'scheduler_patience': 7, 'scheduler_factor': 0.37093901728943324, 'pos_weight_multiplier': 2.206546830499157, 'num_layers': 3, 'base_filters': 32, 'dropout': 0.3837803559565202, 'kernel_size': 7}. Best is trial 1 with value: 0.9722430607651913.
