[I 2026-04-18 11:39:34,891] Trial 56 finished with value: 0.9425465838509317 and parameters: {'lr_finetune': 1.3671978252498303e-05, 'epochs_finetune': 45, 'weight_decay': 0.0077284372409260555, 'batch_size': 32, 'patience': 17, 'scheduler_patience': 8, 'scheduler_factor': 0.5430881148668663, 'pos_weight_multiplier': 2.1813532259032224, 'num_layers': 4, 'base_filters': 64, 'dropout': 0.5689847238002882, 'kernel_size': 3}. Best is trial 28 with value: 1.0.
[I 2026-04-18 11:39:36,234] Trial 57 finished with value: 0.9722430607651913 and parameters: {'lr_finetune': 3.077066176072654e-05, 'epochs_finetune': 59, 'weight_decay': 0.00013069190491512043, 'batch_size': 32, 'patience': 16, 'scheduler_patience': 7, 'scheduler_factor': 0.283497689944545, 'pos_weight_multiplier': 1.5138247973548322, 'num_layers': 4, 'base_filters': 64, 'dropout': 0.5052500812558303, 'kernel_size': 5}. Best is trial 28 with value: 1.0.
[I 2026-04-18 11:39:37,665] Trial 58 finished with value: 0.9722430607651913 and parameters: {'lr_finetune': 1.4096787503986075e-05, 'epochs_finetune': 52, 'weight_decay': 0.0014083531398172914, 'batch_size': 32, 'patience': 19, 'scheduler_patience': 8, 'scheduler_factor': 0.36319921439318953, 'pos_weight_multiplier': 1.8102708584732639, 'num_layers': 4, 'base_filters': 64, 'dropout': 0.43969590949874304, 'kernel_size': 5}. Best is trial 28 with value: 1.0.
[I 2026-04-18 11:39:38,870] Trial 59 finished with value: 0.9425465838509317 and parameters: {'lr_finetune': 1.9091079952236862e-05, 'epochs_finetune': 37, 'weight_decay': 0.012200240762654422, 'batch_size': 32, 'patience': 20, 'scheduler_patience': 6, 'scheduler_factor': 0.399094835821582, 'pos_weight_multiplier': 2.3482908248279752, 'num_layers': 3, 'base_filters': 64, 'dropout': 0.39016026292997996, 'kernel_size': 5}. Best is trial 28 with value: 1.0.
[I 2026-04-18 11:39:39,493] Trial 60 finished with value: 0.28846153846153844 and parameters: {'lr_finetune': 4.2179143293350686e-05, 'epochs_finetune': 47, 'weight_decay': 0.00038741313113987145, 'batch_size': 64, 'patience': 18, 'scheduler_patience': 8, 'scheduler_factor': 0.20874485959932912, 'pos_weight_multiplier': 1.267193873995502, 'num_layers': 4, 'base_filters': 64, 'dropout': 0.4849920731383966, 'kernel_size': 5}. Best is trial 28 with value: 1.0.
[I 2026-04-18 11:39:41,223] Trial 61 finished with value: 1.0 and parameters: {'lr_finetune': 1.3434320360445993e-05, 'epochs_finetune': 49, 'weight_decay': 0.0007398830488961371, 'batch_size': 32, 'patience': 20, 'scheduler_patience': 8, 'scheduler_factor': 0.33823924272239825, 'pos_weight_multiplier': 1.5678434876840537, 'num_layers': 4, 'base_filters': 64, 'dropout': 0.5401440990730195, 'kernel_size': 5}. Best is trial 28 with value: 1.0.
[I 2026-04-18 11:39:43,107] Trial 62 finished with value: 1.0 and parameters: {'lr_finetune': 1.272716232346466e-05, 'epochs_finetune': 54, 'weight_decay': 0.000894773289061416, 'batch_size': 32, 'patience': 19, 'scheduler_patience': 8, 'scheduler_factor': 0.2614703987114612, 'pos_weight_multiplier': 1.7376992870149803, 'num_layers': 4, 'base_filters': 64, 'dropout': 0.5260014603225763, 'kernel_size': 5}. Best is trial 28 with value: 1.0.
[I 2026-04-18 11:39:44,549] Trial 63 finished with value: 0.9722430607651913 and parameters: {'lr_finetune': 2.6007566877205737e-05, 'epochs_finetune': 48, 'weight_decay': 0.0006262515687935304, 'batch_size': 32, 'patience': 20, 'scheduler_patience': 8, 'scheduler_factor': 0.32334131566113644, 'pos_weight_multiplier': 2.034798654081234, 'num_layers': 4, 'base_filters': 64, 'dropout': 0.5614691048929477, 'kernel_size': 5}. Best is trial 28 with value: 1.0.
[I 2026-04-18 11:39:46,133] Trial 64 finished with value: 1.0 and parameters: {'lr_finetune': 1.833216695218998e-05, 'epochs_finetune': 44, 'weight_decay': 0.0019438109058081566, 'batch_size': 32, 'patience': 19, 'scheduler_patience': 8, 'scheduler_factor': 0.15583398432726703, 'pos_weight_multiplier': 1.5668031683942951, 'num_layers': 4, 'base_filters': 64, 'dropout': 0.5841315124672781, 'kernel_size': 5}. Best is trial 28 with value: 1.0.
[I 2026-04-18 11:39:47,295] Trial 65 finished with value: 0.8489795918367347 and parameters: {'lr_finetune': 1.010983638088249e-05, 'epochs_finetune': 39, 'weight_decay': 0.0002224280623187656, 'batch_size': 32, 'patience': 16, 'scheduler_patience': 7, 'scheduler_factor': 0.7658319667614524, 'pos_weight_multiplier': 1.3901254645600916, 'num_layers': 4, 'base_filters': 16, 'dropout': 0.4970329518185206, 'kernel_size': 5}. Best is trial 28 with value: 1.0.
[I 2026-04-18 11:39:47,989] Trial 66 finished with value: 0.815 and parameters: {'lr_finetune': 0.004871041650310701, 'epochs_finetune': 51, 'weight_decay': 0.0001352515390105174, 'batch_size': 128, 'patience': 18, 'scheduler_patience': 2, 'scheduler_factor': 0.18550439490565468, 'pos_weight_multiplier': 1.9422633868065375, 'num_layers': 4, 'base_filters': 64, 'dropout': 0.5269453360287386, 'kernel_size': 7}. Best is trial 28 with value: 1.0.
[I 2026-04-18 11:39:49,478] Trial 67 finished with value: 0.9722430607651913 and parameters: {'lr_finetune': 2.4304587795171094e-05, 'epochs_finetune': 45, 'weight_decay': 0.0004663479416637292, 'batch_size': 32, 'patience': 20, 'scheduler_patience': 8, 'scheduler_factor': 0.2258839420176435, 'pos_weight_multiplier': 1.6929548785846553, 'num_layers': 4, 'base_filters': 64, 'dropout': 0.4689756469183327, 'kernel_size': 5}. Best is trial 28 with value: 1.0.
[I 2026-04-18 11:39:50,590] Trial 68 finished with value: 0.9125295508274232 and parameters: {'lr_finetune': 1.2354234308917938e-05, 'epochs_finetune': 34, 'weight_decay': 0.0001833479579860662, 'batch_size': 32, 'patience': 17, 'scheduler_patience': 7, 'scheduler_factor': 0.35339315900792584, 'pos_weight_multiplier': 1.8100833398082135, 'num_layers': 2, 'base_filters': 64, 'dropout': 0.3205574347198955, 'kernel_size': 3}. Best is trial 28 with value: 1.0.
[I 2026-04-18 11:39:52,306] Trial 69 finished with value: 1.0 and parameters: {'lr_finetune': 0.00012575774065312354, 'epochs_finetune': 48, 'weight_decay': 0.00026549155105422967, 'batch_size': 32, 'patience': 19, 'scheduler_patience': 8, 'scheduler_factor': 0.3134645653448796, 'pos_weight_multiplier': 2.1764173987699924, 'num_layers': 4, 'base_filters': 64, 'dropout': 0.5376212722435111, 'kernel_size': 5}. Best is trial 28 with value: 1.0.
[I 2026-04-18 11:39:53,712] Trial 70 finished with value: 1.0 and parameters: {'lr_finetune': 1.7282272246088095e-05, 'epochs_finetune': 41, 'weight_decay': 0.0026124897327043243, 'batch_size': 32, 'patience': 18, 'scheduler_patience': 7, 'scheduler_factor': 0.3825877503669519, 'pos_weight_multiplier': 1.471390841931005, 'num_layers': 3, 'base_filters': 64, 'dropout': 0.5123470817375507, 'kernel_size': 5}. Best is trial 28 with value: 1.0.
[I 2026-04-18 11:39:55,091] Trial 71 finished with value: 0.9722430607651913 and parameters: {'lr_finetune': 2.1321565261887883e-05, 'epochs_finetune': 41, 'weight_decay': 0.0011601139649199486, 'batch_size': 32, 'patience': 17, 'scheduler_patience': 8, 'scheduler_factor': 0.288319222316039, 'pos_weight_multiplier': 1.7815318930802797, 'num_layers': 4, 'base_filters': 64, 'dropout': 0.492988494705322, 'kernel_size': 5}. Best is trial 28 with value: 1.0.
[I 2026-04-18 11:39:56,618] Trial 72 finished with value: 1.0 and parameters: {'lr_finetune': 3.017892268242975e-05, 'epochs_finetune': 42, 'weight_decay': 0.0015186519152535786, 'batch_size': 32, 'patience': 16, 'scheduler_patience': 8, 'scheduler_factor': 0.2688761582113157, 'pos_weight_multiplier': 1.8907807894193154, 'num_layers': 4, 'base_filters': 64, 'dropout': 0.3393662198302552, 'kernel_size': 5}. Best is trial 28 with value: 1.0.
[I 2026-04-18 11:39:57,949] Trial 73 finished with value: 1.0 and parameters: {'lr_finetune': 1.5184614295125483e-05, 'epochs_finetune': 36, 'weight_decay': 0.0008365708236037185, 'batch_size': 32, 'patience': 17, 'scheduler_patience': 8, 'scheduler_factor': 0.24682864486913653, 'pos_weight_multiplier': 2.0404505493382956, 'num_layers': 4, 'base_filters': 64, 'dropout': 0.5518562248512847, 'kernel_size': 5}. Best is trial 28 with value: 1.0.
[I 2026-04-18 11:39:59,175] Trial 74 finished with value: 0.9722430607651913 and parameters: {'lr_finetune': 2.1132532183259663e-05, 'epochs_finetune': 44, 'weight_decay': 0.001152658694307136, 'batch_size': 32, 'patience': 13, 'scheduler_patience': 8, 'scheduler_factor': 0.2998638497898954, 'pos_weight_multiplier': 2.6262022606798143, 'num_layers': 4, 'base_filters': 64, 'dropout': 0.5180200556968357, 'kernel_size': 5}. Best is trial 28 with value: 1.0.
[I 2026-04-18 11:40:00,604] Trial 75 finished with value: 1.0 and parameters: {'lr_finetune': 1.1783143344747045e-05, 'epochs_finetune': 39, 'weight_decay': 0.0005457456101275872, 'batch_size': 32, 'patience': 16, 'scheduler_patience': 8, 'scheduler_factor': 0.10724206096222258, 'pos_weight_multiplier': 1.5804815995505155, 'num_layers': 4, 'base_filters': 64, 'dropout': 0.5979918130820653, 'kernel_size': 5}. Best is trial 28 with value: 1.0.
[I 2026-04-18 11:40:01,988] Trial 76 finished with value: 0.9722430607651913 and parameters: {'lr_finetune': 5.413096746823775e-05, 'epochs_finetune': 46, 'weight_decay': 0.0016057114408124498, 'batch_size': 32, 'patience': 20, 'scheduler_patience': 8, 'scheduler_factor': 0.33728314422143046, 'pos_weight_multiplier': 1.6512163377774263, 'num_layers': 4, 'base_filters': 16, 'dropout': 0.534765137698578, 'kernel_size': 5}. Best is trial 28 with value: 1.0.
[I 2026-04-18 11:40:02,498] Trial 77 finished with value: 0.28846153846153844 and parameters: {'lr_finetune': 2.8595556005192977e-05, 'epochs_finetune': 80, 'weight_decay': 0.0006340113147039266, 'batch_size': 128, 'patience': 15, 'scheduler_patience': 7, 'scheduler_factor': 0.16877253523748936, 'pos_weight_multiplier': 1.747245380970979, 'num_layers': 4, 'base_filters': 64, 'dropout': 0.5651888155664013, 'kernel_size': 7}. Best is trial 28 with value: 1.0.
[I 2026-04-18 11:40:03,929] Trial 78 finished with value: 0.9722430607651913 and parameters: {'lr_finetune': 3.5039973805258166e-05, 'epochs_finetune': 40, 'weight_decay': 0.028771144977054724, 'batch_size': 32, 'patience': 19, 'scheduler_patience': 8, 'scheduler_factor': 0.14053717010789807, 'pos_weight_multiplier': 1.2580294198470305, 'num_layers': 4, 'base_filters': 64, 'dropout': 0.27482851567532235, 'kernel_size': 5}. Best is trial 28 with value: 1.0.
[I 2026-04-18 11:40:04,534] Trial 79 finished with value: 0.3728813559322034 and parameters: {'lr_finetune': 7.641752837583528e-05, 'epochs_finetune': 42, 'weight_decay': 0.00012935591707769322, 'batch_size': 64, 'patience': 18, 'scheduler_patience': 3, 'scheduler_factor': 0.20290842585718274, 'pos_weight_multiplier': 2.2852063715200583, 'num_layers': 4, 'base_filters': 64, 'dropout': 0.501810237082218, 'kernel_size': 5}. Best is trial 28 with value: 1.0.
[I 2026-04-18 11:40:05,964] Trial 80 finished with value: 0.9722430607651913 and parameters: {'lr_finetune': 1.641299123355645e-05, 'epochs_finetune': 50, 'weight_decay': 0.000347991472871421, 'batch_size': 32, 'patience': 19, 'scheduler_patience': 5, 'scheduler_factor': 0.28149522959873674, 'pos_weight_multiplier': 1.8729264482118892, 'num_layers': 4, 'base_filters': 64, 'dropout': 0.41032020157900817, 'kernel_size': 5}. Best is trial 28 with value: 1.0.
[I 2026-04-18 11:40:07,524] Trial 81 finished with value: 0.9722430607651913 and parameters: {'lr_finetune': 0.0024836774962668606, 'epochs_finetune': 64, 'weight_decay': 0.0008099432399319913, 'batch_size': 32, 'patience': 20, 'scheduler_patience': 4, 'scheduler_factor': 0.1370146967122454, 'pos_weight_multiplier': 1.6832357604511805, 'num_layers': 4, 'base_filters': 64, 'dropout': 0.4504936208229525, 'kernel_size': 3}. Best is trial 28 with value: 1.0.
[I 2026-04-18 11:40:09,023] Trial 82 finished with value: 0.9722430607651913 and parameters: {'lr_finetune': 0.001055233486529769, 'epochs_finetune': 69, 'weight_decay': 0.0012238932085180565, 'batch_size': 32, 'patience': 20, 'scheduler_patience': 6, 'scheduler_factor': 0.22294972439720656, 'pos_weight_multiplier': 1.6276149697713216, 'num_layers': 4, 'base_filters': 64, 'dropout': 0.47157464763890566, 'kernel_size': 3}. Best is trial 28 with value: 1.0.
[I 2026-04-18 11:40:10,352] Trial 83 finished with value: 0.9722430607651913 and parameters: {'lr_finetune': 0.00026379366240820485, 'epochs_finetune': 61, 'weight_decay': 0.0007164593555738333, 'batch_size': 32, 'patience': 17, 'scheduler_patience': 6, 'scheduler_factor': 0.19638036376565784, 'pos_weight_multiplier': 1.4246177169711638, 'num_layers': 4, 'base_filters': 64, 'dropout': 0.4416623651562999, 'kernel_size': 3}. Best is trial 28 with value: 1.0.
[I 2026-04-18 11:40:11,878] Trial 84 finished with value: 1.0 and parameters: {'lr_finetune': 0.0017569059029547405, 'epochs_finetune': 70, 'weight_decay': 0.003134701065504803, 'batch_size': 32, 'patience': 18, 'scheduler_patience': 8, 'scheduler_factor': 0.13320008102596564, 'pos_weight_multiplier': 1.503028065813038, 'num_layers': 4, 'base_filters': 64, 'dropout': 0.48462968046328464, 'kernel_size': 3}. Best is trial 28 with value: 1.0.
[I 2026-04-18 11:40:13,381] Trial 85 finished with value: 1.0 and parameters: {'lr_finetune': 0.000889228351755977, 'epochs_finetune': 44, 'weight_decay': 0.0009604585612613086, 'batch_size': 32, 'patience': 20, 'scheduler_patience': 8, 'scheduler_factor': 0.17319325417635945, 'pos_weight_multiplier': 1.3081241305146194, 'num_layers': 4, 'base_filters': 64, 'dropout': 0.5197247411553327, 'kernel_size': 3}. Best is trial 28 with value: 1.0.
[I 2026-04-18 11:40:14,737] Trial 86 finished with value: 0.9722430607651913 and parameters: {'lr_finetune': 4.5173227879212586e-05, 'epochs_finetune': 47, 'weight_decay': 0.0002018241658158518, 'batch_size': 32, 'patience': 19, 'scheduler_patience': 7, 'scheduler_factor': 0.24809057036771584, 'pos_weight_multiplier': 2.4981678433355197, 'num_layers': 4, 'base_filters': 64, 'dropout': 0.548299717636252, 'kernel_size': 3}. Best is trial 28 with value: 1.0.
[I 2026-04-18 11:40:15,924] Trial 87 finished with value: 1.0 and parameters: {'lr_finetune': 0.00048112628840243856, 'epochs_finetune': 31, 'weight_decay': 0.00042482195425775406, 'batch_size': 32, 'patience': 19, 'scheduler_patience': 8, 'scheduler_factor': 0.5184662960996433, 'pos_weight_multiplier': 1.7114600971243576, 'num_layers': 4, 'base_filters': 64, 'dropout': 0.2308903361817352, 'kernel_size': 5}. Best is trial 28 with value: 1.0.
[I 2026-04-18 11:40:17,375] Trial 88 finished with value: 1.0 and parameters: {'lr_finetune': 0.00020702540470412655, 'epochs_finetune': 65, 'weight_decay': 0.00026304840314274287, 'batch_size': 32, 'patience': 18, 'scheduler_patience': 7, 'scheduler_factor': 0.406092634536911, 'pos_weight_multiplier': 1.927940241319739, 'num_layers': 4, 'base_filters': 64, 'dropout': 0.508266580967831, 'kernel_size': 5}. Best is trial 28 with value: 1.0.
[I 2026-04-18 11:40:18,641] Trial 89 finished with value: 0.8489795918367347 and parameters: {'lr_finetune': 2.3514580415167072e-05, 'epochs_finetune': 62, 'weight_decay': 0.0016797003648903722, 'batch_size': 32, 'patience': 20, 'scheduler_patience': 8, 'scheduler_factor': 0.32787100154943133, 'pos_weight_multiplier': 2.0091996337521434, 'num_layers': 4, 'base_filters': 16, 'dropout': 0.5290873606183402, 'kernel_size': 5}. Best is trial 28 with value: 1.0.
[I 2026-04-18 11:40:19,230] Trial 90 finished with value: 0.3728813559322034 and parameters: {'lr_finetune': 1.495349451880338e-05, 'epochs_finetune': 37, 'weight_decay': 0.0005457426567487439, 'batch_size': 128, 'patience': 17, 'scheduler_patience': 8, 'scheduler_factor': 0.6055762402706549, 'pos_weight_multiplier': 1.603222217208776, 'num_layers': 4, 'base_filters': 64, 'dropout': 0.30545630739798174, 'kernel_size': 5}. Best is trial 28 with value: 1.0.
[I 2026-04-18 11:40:20,824] Trial 91 finished with value: 1.0 and parameters: {'lr_finetune': 0.000463000029461792, 'epochs_finetune': 71, 'weight_decay': 0.0001382004997942235, 'batch_size': 32, 'patience': 19, 'scheduler_patience': 8, 'scheduler_factor': 0.23672103533239874, 'pos_weight_multiplier': 2.084103129631578, 'num_layers': 4, 'base_filters': 64, 'dropout': 0.5720907827354602, 'kernel_size': 7}. Best is trial 28 with value: 1.0.
[I 2026-04-18 11:40:22,663] Trial 92 finished with value: 1.0 and parameters: {'lr_finetune': 0.0003196799459891518, 'epochs_finetune': 73, 'weight_decay': 0.00016580812906074008, 'batch_size': 32, 'patience': 19, 'scheduler_patience': 8, 'scheduler_factor': 0.2737676539578362, 'pos_weight_multiplier': 1.8239152248880073, 'num_layers': 4, 'base_filters': 64, 'dropout': 0.5844104568360261, 'kernel_size': 7}. Best is trial 28 with value: 1.0.
[I 2026-04-18 11:40:24,571] Trial 93 finished with value: 1.0 and parameters: {'lr_finetune': 0.001865769077886144, 'epochs_finetune': 74, 'weight_decay': 0.00010172561580243462, 'batch_size': 32, 'patience': 20, 'scheduler_patience': 8, 'scheduler_factor': 0.24764070622390505, 'pos_weight_multiplier': 2.1135842571803556, 'num_layers': 4, 'base_filters': 64, 'dropout': 0.5450241124056941, 'kernel_size': 7}. Best is trial 28 with value: 1.0.
[I 2026-04-18 11:40:25,963] Trial 94 finished with value: 0.9722430607651913 and parameters: {'lr_finetune': 1.887059626094906e-05, 'epochs_finetune': 67, 'weight_decay': 0.00029136460148370384, 'batch_size': 32, 'patience': 18, 'scheduler_patience': 8, 'scheduler_factor': 0.30175758196117847, 'pos_weight_multiplier': 1.9313221072348814, 'num_layers': 4, 'base_filters': 64, 'dropout': 0.36862344622116866, 'kernel_size': 7}. Best is trial 28 with value: 1.0.
[I 2026-04-18 11:40:27,533] Trial 95 finished with value: 1.0 and parameters: {'lr_finetune': 0.0007094009043444706, 'epochs_finetune': 56, 'weight_decay': 0.00012024626389710458, 'batch_size': 32, 'patience': 20, 'scheduler_patience': 8, 'scheduler_factor': 0.1199779642850421, 'pos_weight_multiplier': 2.410956395918403, 'num_layers': 4, 'base_filters': 64, 'dropout': 0.576094371182508, 'kernel_size': 7}. Best is trial 28 with value: 1.0.
[I 2026-04-18 11:40:28,683] Trial 96 finished with value: 0.8850931677018633 and parameters: {'lr_finetune': 0.003145751971008656, 'epochs_finetune': 43, 'weight_decay': 0.00015443359518405454, 'batch_size': 64, 'patience': 19, 'scheduler_patience': 8, 'scheduler_factor': 0.2093811987109174, 'pos_weight_multiplier': 2.159264216032601, 'num_layers': 4, 'base_filters': 64, 'dropout': 0.559108083404072, 'kernel_size': 5}. Best is trial 28 with value: 1.0.
[I 2026-04-18 11:40:29,156] Trial 97 finished with value: 0.3728813559322034 and parameters: {'lr_finetune': 1.1007573362162495e-05, 'epochs_finetune': 49, 'weight_decay': 0.0002186716891027123, 'batch_size': 32, 'patience': 6, 'scheduler_patience': 8, 'scheduler_factor': 0.8988374184941093, 'pos_weight_multiplier': 2.2069745853790512, 'num_layers': 4, 'base_filters': 64, 'dropout': 0.4914554254735184, 'kernel_size': 7}. Best is trial 28 with value: 1.0.
[I 2026-04-18 11:40:30,755] Trial 98 finished with value: 1.0 and parameters: {'lr_finetune': 0.0002015265215630875, 'epochs_finetune': 46, 'weight_decay': 0.0001797667789325957, 'batch_size': 32, 'patience': 18, 'scheduler_patience': 7, 'scheduler_factor': 0.1891353330976105, 'pos_weight_multiplier': 2.3174730152169802, 'num_layers': 4, 'base_filters': 64, 'dropout': 0.5220500482168527, 'kernel_size': 5}. Best is trial 28 with value: 1.0.
[I 2026-04-18 11:40:31,893] Trial 99 finished with value: 0.8489795918367347 and parameters: {'lr_finetune': 1.298575822731893e-05, 'epochs_finetune': 60, 'weight_decay': 0.0010440340305389207, 'batch_size': 32, 'patience': 17, 'scheduler_patience': 8, 'scheduler_factor': 0.375250454241704, 'pos_weight_multiplier': 1.853815803987961, 'num_layers': 3, 'base_filters': 32, 'dropout': 0.5374553729731382, 'kernel_size': 5}. Best is trial 28 with value: 1.0.
[I 2026-04-18 11:40:33,196] Trial 100 finished with value: 0.9722430607651913 and parameters: {'lr_finetune': 1.5486767817725765e-05, 'epochs_finetune': 75, 'weight_decay': 0.00037988831910589567, 'batch_size': 32, 'patience': 20, 'scheduler_patience': 8, 'scheduler_factor': 0.31334586231730915, 'pos_weight_multiplier': 1.7757852523960156, 'num_layers': 4, 'base_filters': 64, 'dropout': 0.5040789369503313, 'kernel_size': 3}. Best is trial 28 with value: 1.0.
[I 2026-04-18 11:40:34,516] Trial 101 finished with value: 0.9722430607651913 and parameters: {'lr_finetune': 1.345736215089896e-05, 'epochs_finetune': 58, 'weight_decay': 0.002515094037969144, 'batch_size': 32, 'patience': 18, 'scheduler_patience': 8, 'scheduler_factor': 0.3061532123732791, 'pos_weight_multiplier': 2.0813612142348927, 'num_layers': 4, 'base_filters': 64, 'dropout': 0.5099515777102417, 'kernel_size': 5}. Best is trial 28 with value: 1.0.
[I 2026-04-18 11:40:35,941] Trial 102 finished with value: 1.0 and parameters: {'lr_finetune': 1.868146311368966e-05, 'epochs_finetune': 54, 'weight_decay': 0.0020835918612403122, 'batch_size': 32, 'patience': 16, 'scheduler_patience': 8, 'scheduler_factor': 0.2597253747748713, 'pos_weight_multiplier': 2.2389946426980085, 'num_layers': 4, 'base_filters': 64, 'dropout': 0.5339656411348005, 'kernel_size': 5}. Best is trial 28 with value: 1.0.
[I 2026-04-18 11:40:37,277] Trial 103 finished with value: 0.9425465838509317 and parameters: {'lr_finetune': 1.1599479475216079e-05, 'epochs_finetune': 52, 'weight_decay': 0.005374236696328285, 'batch_size': 32, 'patience': 18, 'scheduler_patience': 8, 'scheduler_factor': 0.35007035711650714, 'pos_weight_multiplier': 1.9678914537708847, 'num_layers': 4, 'base_filters': 64, 'dropout': 0.5157845145325506, 'kernel_size': 5}. Best is trial 28 with value: 1.0.
