[I 2026-04-17 15:50:43,250] Trial 43 finished with value: 0.977794448612153 and parameters: {'lr_finetune': 0.0012360878540036385, 'epochs_finetune': 60, 'weight_decay': 0.002023089380636383, 'batch_size': 32, 'patience': 16, 'scheduler_patience': 4, 'scheduler_factor': 0.8638848314706775, 'pos_weight_multiplier': 2.3769503601783004, 'num_layers': 2, 'base_filters': 16, 'dropout': 0.21868069301379817, 'kernel_size': 3}. Best is trial 18 with value: 0.977794448612153.
Traceback (most recent call last):
  File "/home/y222/y222446/.local/lib/python3.9/site-packages/sqlalchemy/engine/base.py", line 1967, in _exec_single_context
    self.dialect.do_execute(
  File "/home/y222/y222446/.local/lib/python3.9/site-packages/sqlalchemy/engine/default.py", line 952, in do_execute
    cursor.execute(statement, parameters)
sqlite3.OperationalError: attempt to write a readonly database

The above exception was the direct cause of the following exception:

Traceback (most recent call last):
  File "/home/y222/y222446/.local/lib/python3.9/site-packages/optuna/storages/_rdb/storage.py", line 80, in _create_scoped_session
    session.commit()
  File "/home/y222/y222446/.local/lib/python3.9/site-packages/sqlalchemy/orm/session.py", line 2030, in commit
    trans.commit(_to_root=True)
  File "<string>", line 2, in commit
  File "/home/y222/y222446/.local/lib/python3.9/site-packages/sqlalchemy/orm/state_changes.py", line 137, in _go
    ret_value = fn(self, *arg, **kw)
  File "/home/y222/y222446/.local/lib/python3.9/site-packages/sqlalchemy/orm/session.py", line 1311, in commit
    self._prepare_impl()
  File "<string>", line 2, in _prepare_impl
  File "/home/y222/y222446/.local/lib/python3.9/site-packages/sqlalchemy/orm/state_changes.py", line 137, in _go
    ret_value = fn(self, *arg, **kw)
  File "/home/y222/y222446/.local/lib/python3.9/site-packages/sqlalchemy/orm/session.py", line 1286, in _prepare_impl
    self.session.flush()
  File "/home/y222/y222446/.local/lib/python3.9/site-packages/sqlalchemy/orm/session.py", line 4331, in flush
    self._flush(objects)
  File "/home/y222/y222446/.local/lib/python3.9/site-packages/sqlalchemy/orm/session.py", line 4467, in _flush
    transaction.rollback(_capture_exception=True)
  File "/home/y222/y222446/.local/lib/python3.9/site-packages/sqlalchemy/util/langhelpers.py", line 121, in __exit__
    raise exc_value.with_traceback(exc_tb)
  File "/home/y222/y222446/.local/lib/python3.9/site-packages/sqlalchemy/orm/session.py", line 4427, in _flush
    flush_context.execute()
  File "/home/y222/y222446/.local/lib/python3.9/site-packages/sqlalchemy/orm/unitofwork.py", line 466, in execute
    rec.execute(self)
  File "/home/y222/y222446/.local/lib/python3.9/site-packages/sqlalchemy/orm/unitofwork.py", line 642, in execute
    util.preloaded.orm_persistence.save_obj(
  File "/home/y222/y222446/.local/lib/python3.9/site-packages/sqlalchemy/orm/persistence.py", line 85, in save_obj
    _emit_update_statements(
  File "/home/y222/y222446/.local/lib/python3.9/site-packages/sqlalchemy/orm/persistence.py", line 912, in _emit_update_statements
    c = connection.execute(
  File "/home/y222/y222446/.local/lib/python3.9/site-packages/sqlalchemy/engine/base.py", line 1419, in execute
    return meth(
  File "/home/y222/y222446/.local/lib/python3.9/site-packages/sqlalchemy/sql/elements.py", line 527, in _execute_on_connection
    return connection._execute_clauseelement(
  File "/home/y222/y222446/.local/lib/python3.9/site-packages/sqlalchemy/engine/base.py", line 1641, in _execute_clauseelement
    ret = self._execute_context(
  File "/home/y222/y222446/.local/lib/python3.9/site-packages/sqlalchemy/engine/base.py", line 1846, in _execute_context
    return self._exec_single_context(
  File "/home/y222/y222446/.local/lib/python3.9/site-packages/sqlalchemy/engine/base.py", line 1986, in _exec_single_context
    self._handle_dbapi_exception(
  File "/home/y222/y222446/.local/lib/python3.9/site-packages/sqlalchemy/engine/base.py", line 2363, in _handle_dbapi_exception
    raise sqlalchemy_exception.with_traceback(exc_info[2]) from e
  File "/home/y222/y222446/.local/lib/python3.9/site-packages/sqlalchemy/engine/base.py", line 1967, in _exec_single_context
    self.dialect.do_execute(
  File "/home/y222/y222446/.local/lib/python3.9/site-packages/sqlalchemy/engine/default.py", line 952, in do_execute
    cursor.execute(statement, parameters)
sqlalchemy.exc.OperationalError: (sqlite3.OperationalError) attempt to write a readonly database
[SQL: UPDATE trials SET state=?, datetime_complete=? WHERE trials.trial_id = ?]
[parameters: ('FAIL', '2026-04-17 15:50:45.973093', 45)]
(Background on this error at: https://sqlalche.me/e/20/e3q8)

The above exception was the direct cause of the following exception:

Traceback (most recent call last):
  File "/home/y222/y222446/.local/lib/python3.9/site-packages/optuna/study/_optimize.py", line 218, in _run_trial
    updated_state, values, warning_message = _tell_with_warning(
  File "/home/y222/y222446/.local/lib/python3.9/site-packages/optuna/study/_tell.py", line 174, in _tell_with_warning
    study._storage.set_trial_state_values(frozen_trial._trial_id, state, values)
  File "/home/y222/y222446/.local/lib/python3.9/site-packages/optuna/storages/_cached_storage.py", line 194, in set_trial_state_values
    return self._backend.set_trial_state_values(trial_id, state=state, values=values)
  File "/home/y222/y222446/.local/lib/python3.9/site-packages/optuna/storages/_rdb/storage.py", line 674, in set_trial_state_values
    trial.datetime_complete = datetime.now()
  File "/media/apps/avx512-2021/software/Python/3.9.5-GCCcore-10.3.0/lib/python3.9/contextlib.py", line 124, in __exit__
    next(self.gen)
  File "/home/y222/y222446/.local/lib/python3.9/site-packages/optuna/storages/_rdb/storage.py", line 98, in _create_scoped_session
    raise optuna.exceptions.StorageInternalError(message) from e
optuna.exceptions.StorageInternalError: An exception is raised during the commit. This typically happens due to invalid data in the commit, e.g. exceeding max length. 

During handling of the above exception, another exception occurred:

Traceback (most recent call last):
  File "/media/beegfs/home/y222/y222446/SpectraBreast/src/tuning/optuna_study.py", line 243, in <module>
    run_optuna_study()
  File "/media/beegfs/home/y222/y222446/SpectraBreast/src/tuning/optuna_study.py", line 236, in run_optuna_study
    study.optimize(objective, n_trials=args.n_trials)
  File "/home/y222/y222446/.local/lib/python3.9/site-packages/optuna/study/study.py", line 490, in optimize
    _optimize(
  File "/home/y222/y222446/.local/lib/python3.9/site-packages/optuna/study/_optimize.py", line 68, in _optimize
    _optimize_sequential(
  File "/home/y222/y222446/.local/lib/python3.9/site-packages/optuna/study/_optimize.py", line 165, in _optimize_sequential
    frozen_trial_id = _run_trial(study, func, catch)
  File "/home/y222/y222446/.local/lib/python3.9/site-packages/optuna/study/_optimize.py", line 256, in _run_trial
    assert False, "Should not reach."
AssertionError: Should not reach.
srun: error: r2n5: task 0: Exited with exit code 1
