The following modules were not unloaded:
  (Use "module --force purge" to unload all):

  1) apps/2021
WARNING: You are using pip version 21.1.1; however, version 26.0.1 is available.
You should consider upgrading via the '/media/apps/avx512-2021/software/Python/3.9.5-GCCcore-10.3.0/bin/python3 -m pip install --upgrade pip' command.
[I 2026-04-17 15:57:41,365] A new study created in RDB with name: study_cnn_ibd_pretrainFalse_arch
[I 2026-04-17 15:57:49,596] Trial 0 finished with value: 0.38880616360544995 and parameters: {'lr_finetune': 0.0018949632440694655, 'epochs_finetune': 32, 'weight_decay': 0.00016095006489805425, 'batch_size': 128, 'patience': 12, 'scheduler_patience': 7, 'scheduler_factor': 0.5620235358237445, 'pos_weight_multiplier': 1.6072316720909807, 'num_layers': 4, 'base_filters': 32, 'dropout': 0.46190327992656, 'kernel_size': 5}. Best is trial 0 with value: 0.38880616360544995.
[I 2026-04-17 15:57:50,607] Trial 1 finished with value: 0.5062926414428291 and parameters: {'lr_finetune': 0.00030068863986268233, 'epochs_finetune': 70, 'weight_decay': 0.009158618405039365, 'batch_size': 128, 'patience': 7, 'scheduler_patience': 4, 'scheduler_factor': 0.6020046677941969, 'pos_weight_multiplier': 0.5178297733012014, 'num_layers': 2, 'base_filters': 64, 'dropout': 0.30430657528860194, 'kernel_size': 5}. Best is trial 1 with value: 0.5062926414428291.
[I 2026-04-17 15:57:52,950] Trial 2 finished with value: 0.4225740905937159 and parameters: {'lr_finetune': 0.0018650344303673514, 'epochs_finetune': 80, 'weight_decay': 0.00018831651467991447, 'batch_size': 128, 'patience': 18, 'scheduler_patience': 7, 'scheduler_factor': 0.7610419905361261, 'pos_weight_multiplier': 2.6779357965857606, 'num_layers': 4, 'base_filters': 64, 'dropout': 0.5514633045441035, 'kernel_size': 3}. Best is trial 1 with value: 0.5062926414428291.
[I 2026-04-17 15:57:55,298] Trial 3 finished with value: 0.6862528436544963 and parameters: {'lr_finetune': 0.0019396007663882169, 'epochs_finetune': 44, 'weight_decay': 0.0010857280214348652, 'batch_size': 128, 'patience': 19, 'scheduler_patience': 3, 'scheduler_factor': 0.20952648282305042, 'pos_weight_multiplier': 2.308618628429995, 'num_layers': 2, 'base_filters': 16, 'dropout': 0.3368964553287872, 'kernel_size': 5}. Best is trial 3 with value: 0.6862528436544963.
[I 2026-04-17 15:58:00,408] Trial 4 finished with value: 0.9722430607651912 and parameters: {'lr_finetune': 0.0001589443941150501, 'epochs_finetune': 35, 'weight_decay': 0.0007948560886988735, 'batch_size': 32, 'patience': 17, 'scheduler_patience': 5, 'scheduler_factor': 0.49364146951303467, 'pos_weight_multiplier': 0.8993004485388476, 'num_layers': 3, 'base_filters': 64, 'dropout': 0.4141934133021911, 'kernel_size': 3}. Best is trial 4 with value: 0.9722430607651912.
[I 2026-04-17 15:58:00,861] Trial 5 pruned. 
[I 2026-04-17 15:58:01,356] Trial 6 pruned. 
[I 2026-04-17 15:58:01,753] Trial 7 pruned. 
[I 2026-04-17 15:58:02,164] Trial 8 pruned. 
[I 2026-04-17 15:58:03,453] Trial 9 finished with value: 0.4522643048607707 and parameters: {'lr_finetune': 3.7338590434091674e-05, 'epochs_finetune': 53, 'weight_decay': 0.0010220256366320728, 'batch_size': 64, 'patience': 7, 'scheduler_patience': 3, 'scheduler_factor': 0.2556830453509168, 'pos_weight_multiplier': 1.5596753173887663, 'num_layers': 3, 'base_filters': 64, 'dropout': 0.4155133398096983, 'kernel_size': 7}. Best is trial 4 with value: 0.9722430607651912.
[I 2026-04-17 15:58:07,516] Trial 10 finished with value: 0.8744670724414894 and parameters: {'lr_finetune': 1.3975556805305616e-05, 'epochs_finetune': 31, 'weight_decay': 0.07330865158041674, 'batch_size': 32, 'patience': 15, 'scheduler_patience': 5, 'scheduler_factor': 0.12258510710899956, 'pos_weight_multiplier': 1.0326493641100993, 'num_layers': 2, 'base_filters': 64, 'dropout': 0.45830519328496416, 'kernel_size': 3}. Best is trial 4 with value: 0.9722430607651912.
[I 2026-04-17 15:58:11,762] Trial 11 finished with value: 0.8915365232838888 and parameters: {'lr_finetune': 1.0713220052373205e-05, 'epochs_finetune': 33, 'weight_decay': 0.09427555409722733, 'batch_size': 32, 'patience': 15, 'scheduler_patience': 5, 'scheduler_factor': 0.4040648372862069, 'pos_weight_multiplier': 1.0563863588012032, 'num_layers': 2, 'base_filters': 64, 'dropout': 0.47049102278204813, 'kernel_size': 3}. Best is trial 4 with value: 0.9722430607651912.
[I 2026-04-17 15:58:16,692] Trial 12 finished with value: 0.9722430607651912 and parameters: {'lr_finetune': 0.00011913532927757536, 'epochs_finetune': 39, 'weight_decay': 0.015485840829370998, 'batch_size': 32, 'patience': 20, 'scheduler_patience': 5, 'scheduler_factor': 0.4647510432105745, 'pos_weight_multiplier': 1.115294845059917, 'num_layers': 2, 'base_filters': 64, 'dropout': 0.3970482106510426, 'kernel_size': 3}. Best is trial 4 with value: 0.9722430607651912.
[I 2026-04-17 15:58:22,285] Trial 13 finished with value: 0.977794448612153 and parameters: {'lr_finetune': 0.00015970359748178938, 'epochs_finetune': 39, 'weight_decay': 0.008250201658257647, 'batch_size': 32, 'patience': 20, 'scheduler_patience': 6, 'scheduler_factor': 0.6538481489067385, 'pos_weight_multiplier': 1.1312343820152992, 'num_layers': 3, 'base_filters': 64, 'dropout': 0.37034799091257925, 'kernel_size': 3}. Best is trial 13 with value: 0.977794448612153.
[I 2026-04-17 15:58:27,723] Trial 14 finished with value: 0.977794448612153 and parameters: {'lr_finetune': 0.00027334323265391724, 'epochs_finetune': 40, 'weight_decay': 0.00038913265826775106, 'batch_size': 32, 'patience': 17, 'scheduler_patience': 6, 'scheduler_factor': 0.645365037065477, 'pos_weight_multiplier': 0.7943318779712858, 'num_layers': 3, 'base_filters': 64, 'dropout': 0.38037721653866574, 'kernel_size': 3}. Best is trial 13 with value: 0.977794448612153.
[I 2026-04-17 15:58:33,718] Trial 15 finished with value: 0.977794448612153 and parameters: {'lr_finetune': 0.0005114390348196117, 'epochs_finetune': 43, 'weight_decay': 0.006051000689601747, 'batch_size': 32, 'patience': 20, 'scheduler_patience': 7, 'scheduler_factor': 0.6766845476300394, 'pos_weight_multiplier': 1.3171286179271695, 'num_layers': 3, 'base_filters': 32, 'dropout': 0.2524646031512768, 'kernel_size': 3}. Best is trial 13 with value: 0.977794448612153.
[I 2026-04-17 15:58:34,389] Trial 16 pruned. 
[I 2026-04-17 15:58:39,968] Trial 17 finished with value: 0.9607829543592794 and parameters: {'lr_finetune': 0.004637444961074523, 'epochs_finetune': 38, 'weight_decay': 0.005121084348031462, 'batch_size': 32, 'patience': 18, 'scheduler_patience': 6, 'scheduler_factor': 0.8968069346785517, 'pos_weight_multiplier': 0.7651588403846005, 'num_layers': 3, 'base_filters': 64, 'dropout': 0.28384199640093644, 'kernel_size': 3}. Best is trial 13 with value: 0.977794448612153.
[I 2026-04-17 15:58:40,543] Trial 18 pruned. 
[I 2026-04-17 15:58:40,920] Trial 19 pruned. 
[I 2026-04-17 15:58:45,925] Trial 20 finished with value: 0.8354867563044607 and parameters: {'lr_finetune': 0.0002129146309028026, 'epochs_finetune': 40, 'weight_decay': 0.0003551617175088161, 'batch_size': 32, 'patience': 15, 'scheduler_patience': 6, 'scheduler_factor': 0.7399906294127437, 'pos_weight_multiplier': 0.7416114342881179, 'num_layers': 3, 'base_filters': 64, 'dropout': 0.35192265700381775, 'kernel_size': 3}. Best is trial 13 with value: 0.977794448612153.
[I 2026-04-17 15:58:52,123] Trial 21 finished with value: 0.977794448612153 and parameters: {'lr_finetune': 0.000495665688556918, 'epochs_finetune': 47, 'weight_decay': 0.00590963963164458, 'batch_size': 32, 'patience': 20, 'scheduler_patience': 7, 'scheduler_factor': 0.6577867590617612, 'pos_weight_multiplier': 1.310307301426925, 'num_layers': 3, 'base_filters': 32, 'dropout': 0.21317443289966181, 'kernel_size': 3}. Best is trial 13 with value: 0.977794448612153.
[I 2026-04-17 15:58:58,100] Trial 22 finished with value: 0.977794448612153 and parameters: {'lr_finetune': 7.807073197214697e-05, 'epochs_finetune': 43, 'weight_decay': 0.012321747309752547, 'batch_size': 32, 'patience': 20, 'scheduler_patience': 7, 'scheduler_factor': 0.5500420391686142, 'pos_weight_multiplier': 1.3289334387692386, 'num_layers': 3, 'base_filters': 32, 'dropout': 0.2661853686887119, 'kernel_size': 3}. Best is trial 13 with value: 0.977794448612153.
[I 2026-04-17 15:59:03,373] Trial 23 finished with value: 0.977794448612153 and parameters: {'lr_finetune': 0.0009234872392777541, 'epochs_finetune': 37, 'weight_decay': 0.030116745613253504, 'batch_size': 32, 'patience': 18, 'scheduler_patience': 8, 'scheduler_factor': 0.71018087369706, 'pos_weight_multiplier': 1.8631134263349471, 'num_layers': 3, 'base_filters': 32, 'dropout': 0.24446001110815307, 'kernel_size': 3}. Best is trial 13 with value: 0.977794448612153.
[I 2026-04-17 15:59:08,900] Trial 24 finished with value: 0.977794448612153 and parameters: {'lr_finetune': 0.00024906375597247564, 'epochs_finetune': 55, 'weight_decay': 0.005544146650035957, 'batch_size': 32, 'patience': 17, 'scheduler_patience': 6, 'scheduler_factor': 0.8006443317314835, 'pos_weight_multiplier': 1.241036184599944, 'num_layers': 3, 'base_filters': 32, 'dropout': 0.43258419141274285, 'kernel_size': 3}. Best is trial 13 with value: 0.977794448612153.
[I 2026-04-17 15:59:11,559] Trial 25 finished with value: 0.4589857699105349 and parameters: {'lr_finetune': 0.00040706586286770667, 'epochs_finetune': 48, 'weight_decay': 0.002442321478405527, 'batch_size': 64, 'patience': 19, 'scheduler_patience': 7, 'scheduler_factor': 0.6150706221742404, 'pos_weight_multiplier': 0.8286395033969446, 'num_layers': 3, 'base_filters': 32, 'dropout': 0.3680606820796103, 'kernel_size': 3}. Best is trial 13 with value: 0.977794448612153.
[I 2026-04-17 15:59:16,443] Trial 26 finished with value: 0.9722430607651912 and parameters: {'lr_finetune': 0.00014082432662560477, 'epochs_finetune': 30, 'weight_decay': 0.004114997413919465, 'batch_size': 32, 'patience': 19, 'scheduler_patience': 6, 'scheduler_factor': 0.6389303444782369, 'pos_weight_multiplier': 0.965871135153319, 'num_layers': 4, 'base_filters': 64, 'dropout': 0.5071106300363369, 'kernel_size': 3}. Best is trial 13 with value: 0.977794448612153.
[I 2026-04-17 15:59:20,966] Trial 27 finished with value: 0.9722430607651912 and parameters: {'lr_finetune': 7.449128996143343e-05, 'epochs_finetune': 42, 'weight_decay': 0.027351800634626864, 'batch_size': 32, 'patience': 17, 'scheduler_patience': 7, 'scheduler_factor': 0.4411882378822446, 'pos_weight_multiplier': 1.4103793748744087, 'num_layers': 2, 'base_filters': 64, 'dropout': 0.3136488553508254, 'kernel_size': 3}. Best is trial 13 with value: 0.977794448612153.
[I 2026-04-17 15:59:26,084] Trial 28 finished with value: 0.977794448612153 and parameters: {'lr_finetune': 0.0006823839901520848, 'epochs_finetune': 36, 'weight_decay': 0.002016776676953217, 'batch_size': 32, 'patience': 20, 'scheduler_patience': 4, 'scheduler_factor': 0.5499115300702201, 'pos_weight_multiplier': 0.6533527046930026, 'num_layers': 3, 'base_filters': 32, 'dropout': 0.25303963564859544, 'kernel_size': 7}. Best is trial 13 with value: 0.977794448612153.
[I 2026-04-17 15:59:26,738] Trial 29 pruned. 
[I 2026-04-17 15:59:31,443] Trial 30 finished with value: 0.977794448612153 and parameters: {'lr_finetune': 0.00018510043509637129, 'epochs_finetune': 34, 'weight_decay': 0.008545947681406046, 'batch_size': 32, 'patience': 14, 'scheduler_patience': 6, 'scheduler_factor': 0.8629983897067691, 'pos_weight_multiplier': 1.1813045551761452, 'num_layers': 3, 'base_filters': 32, 'dropout': 0.49337869463757933, 'kernel_size': 5}. Best is trial 13 with value: 0.977794448612153.
[I 2026-04-17 15:59:37,331] Trial 31 finished with value: 0.977794448612153 and parameters: {'lr_finetune': 0.0004928840211713719, 'epochs_finetune': 46, 'weight_decay': 0.007233397957661315, 'batch_size': 32, 'patience': 20, 'scheduler_patience': 7, 'scheduler_factor': 0.6500131122773879, 'pos_weight_multiplier': 1.268883049972631, 'num_layers': 3, 'base_filters': 32, 'dropout': 0.21957368739648092, 'kernel_size': 3}. Best is trial 13 with value: 0.977794448612153.
[I 2026-04-17 15:59:42,994] Trial 32 finished with value: 0.977794448612153 and parameters: {'lr_finetune': 0.00037970722910066505, 'epochs_finetune': 40, 'weight_decay': 0.0038146421218548813, 'batch_size': 32, 'patience': 19, 'scheduler_patience': 7, 'scheduler_factor': 0.7220253664455255, 'pos_weight_multiplier': 1.6933118336358022, 'num_layers': 3, 'base_filters': 32, 'dropout': 0.2127321196468202, 'kernel_size': 3}. Best is trial 13 with value: 0.977794448612153.
[I 2026-04-17 15:59:48,626] Trial 33 finished with value: 0.977794448612153 and parameters: {'lr_finetune': 0.0011106006306005095, 'epochs_finetune': 45, 'weight_decay': 0.011154660087794036, 'batch_size': 32, 'patience': 18, 'scheduler_patience': 7, 'scheduler_factor': 0.587923029424038, 'pos_weight_multiplier': 1.4891192745970776, 'num_layers': 3, 'base_filters': 32, 'dropout': 0.29216038103930525, 'kernel_size': 3}. Best is trial 13 with value: 0.977794448612153.
[I 2026-04-17 15:59:49,147] Trial 34 pruned. 
[I 2026-04-17 15:59:53,741] Trial 35 finished with value: 0.977794448612153 and parameters: {'lr_finetune': 0.00011353326719487086, 'epochs_finetune': 49, 'weight_decay': 0.0006123567375116465, 'batch_size': 32, 'patience': 16, 'scheduler_patience': 6, 'scheduler_factor': 0.6784371802037127, 'pos_weight_multiplier': 1.831588566859079, 'num_layers': 2, 'base_filters': 64, 'dropout': 0.2414912691225701, 'kernel_size': 5}. Best is trial 13 with value: 0.977794448612153.
[I 2026-04-17 15:59:59,294] Trial 36 finished with value: 0.977794448612153 and parameters: {'lr_finetune': 0.0005770757578710623, 'epochs_finetune': 40, 'weight_decay': 0.00021284854376262102, 'batch_size': 32, 'patience': 18, 'scheduler_patience': 5, 'scheduler_factor': 0.6198390404740797, 'pos_weight_multiplier': 0.619908251301623, 'num_layers': 3, 'base_filters': 32, 'dropout': 0.33021240589742235, 'kernel_size': 3}. Best is trial 13 with value: 0.977794448612153.
[I 2026-04-17 15:59:59,794] Trial 37 pruned. 
[I 2026-04-17 16:00:06,217] Trial 38 finished with value: 0.977794448612153 and parameters: {'lr_finetune': 0.0013673669377994267, 'epochs_finetune': 52, 'weight_decay': 0.020681072675910243, 'batch_size': 32, 'patience': 16, 'scheduler_patience': 8, 'scheduler_factor': 0.826936516865161, 'pos_weight_multiplier': 0.8944261254798889, 'num_layers': 4, 'base_filters': 64, 'dropout': 0.33836872920434796, 'kernel_size': 3}. Best is trial 13 with value: 0.977794448612153.
[I 2026-04-17 16:00:07,139] Trial 39 pruned. 
[I 2026-04-17 16:00:07,752] Trial 40 pruned. 
[I 2026-04-17 16:00:13,585] Trial 41 finished with value: 0.977794448612153 and parameters: {'lr_finetune': 7.422708566119299e-05, 'epochs_finetune': 42, 'weight_decay': 0.015813069421653968, 'batch_size': 32, 'patience': 20, 'scheduler_patience': 7, 'scheduler_factor': 0.5522306482071171, 'pos_weight_multiplier': 1.3494081817049306, 'num_layers': 3, 'base_filters': 32, 'dropout': 0.2608971044928088, 'kernel_size': 3}. Best is trial 13 with value: 0.977794448612153.
[I 2026-04-17 16:00:19,456] Trial 42 finished with value: 0.977794448612153 and parameters: {'lr_finetune': 9.700777928967828e-05, 'epochs_finetune': 44, 'weight_decay': 0.01149189462469783, 'batch_size': 32, 'patience': 20, 'scheduler_patience': 7, 'scheduler_factor': 0.6996573416208295, 'pos_weight_multiplier': 1.3751892300678428, 'num_layers': 3, 'base_filters': 32, 'dropout': 0.23232982062497257, 'kernel_size': 3}. Best is trial 13 with value: 0.977794448612153.
[I 2026-04-17 16:00:25,251] Trial 43 finished with value: 0.977794448612153 and parameters: {'lr_finetune': 4.279100402635871e-05, 'epochs_finetune': 42, 'weight_decay': 0.005694247686771217, 'batch_size': 32, 'patience': 18, 'scheduler_patience': 6, 'scheduler_factor': 0.6453022944126896, 'pos_weight_multiplier': 1.0516057886652965, 'num_layers': 3, 'base_filters': 32, 'dropout': 0.2732718818190464, 'kernel_size': 3}. Best is trial 13 with value: 0.977794448612153.
[I 2026-04-17 16:00:31,135] Trial 44 finished with value: 0.977794448612153 and parameters: {'lr_finetune': 5.2342922723677306e-05, 'epochs_finetune': 47, 'weight_decay': 0.012907926359284285, 'batch_size': 32, 'patience': 19, 'scheduler_patience': 6, 'scheduler_factor': 0.36555249180838745, 'pos_weight_multiplier': 1.5924781387683478, 'num_layers': 3, 'base_filters': 32, 'dropout': 0.4200576778624001, 'kernel_size': 3}. Best is trial 13 with value: 0.977794448612153.
[I 2026-04-17 16:00:34,959] Trial 45 pruned. 
[I 2026-04-17 16:00:40,191] Trial 46 finished with value: 0.977794448612153 and parameters: {'lr_finetune': 0.0007369687522175701, 'epochs_finetune': 38, 'weight_decay': 0.0025938188381736016, 'batch_size': 32, 'patience': 16, 'scheduler_patience': 6, 'scheduler_factor': 0.5997134882193175, 'pos_weight_multiplier': 1.1388848657273374, 'num_layers': 3, 'base_filters': 64, 'dropout': 0.2631614291202655, 'kernel_size': 3}. Best is trial 13 with value: 0.977794448612153.
[I 2026-04-17 16:00:40,818] Trial 47 pruned. 
[I 2026-04-17 16:00:41,413] Trial 48 pruned. 
[I 2026-04-17 16:00:46,126] Trial 49 pruned. 
[I 2026-04-17 16:00:50,832] Trial 50 finished with value: 0.977794448612153 and parameters: {'lr_finetune': 0.0004945321802302035, 'epochs_finetune': 44, 'weight_decay': 0.004685892363852549, 'batch_size': 32, 'patience': 17, 'scheduler_patience': 7, 'scheduler_factor': 0.6298512572090758, 'pos_weight_multiplier': 0.5380763412265158, 'num_layers': 2, 'base_filters': 32, 'dropout': 0.3503658212556191, 'kernel_size': 7}. Best is trial 13 with value: 0.977794448612153.
[I 2026-04-17 16:00:56,284] Trial 51 finished with value: 0.977794448612153 and parameters: {'lr_finetune': 0.0010555396113227315, 'epochs_finetune': 37, 'weight_decay': 0.027319970708688378, 'batch_size': 32, 'patience': 18, 'scheduler_patience': 8, 'scheduler_factor': 0.7172079767275797, 'pos_weight_multiplier': 1.8847962607760487, 'num_layers': 3, 'base_filters': 32, 'dropout': 0.24840570592619143, 'kernel_size': 3}. Best is trial 13 with value: 0.977794448612153.
[I 2026-04-17 16:01:01,773] Trial 52 finished with value: 0.977794448612153 and parameters: {'lr_finetune': 0.0008137222077509296, 'epochs_finetune': 35, 'weight_decay': 0.04088434488045958, 'batch_size': 32, 'patience': 19, 'scheduler_patience': 8, 'scheduler_factor': 0.7002253914082261, 'pos_weight_multiplier': 2.116063640002987, 'num_layers': 3, 'base_filters': 32, 'dropout': 0.22494637327981196, 'kernel_size': 3}. Best is trial 13 with value: 0.977794448612153.
[I 2026-04-17 16:01:07,800] Trial 53 finished with value: 0.977794448612153 and parameters: {'lr_finetune': 0.0018060525187876097, 'epochs_finetune': 40, 'weight_decay': 0.022171152209644995, 'batch_size': 32, 'patience': 20, 'scheduler_patience': 8, 'scheduler_factor': 0.7519297022875229, 'pos_weight_multiplier': 2.4403880526768926, 'num_layers': 3, 'base_filters': 32, 'dropout': 0.2814196459749829, 'kernel_size': 3}. Best is trial 13 with value: 0.977794448612153.
[I 2026-04-17 16:01:11,462] Trial 54 pruned. 
[I 2026-04-17 16:01:12,032] Trial 55 pruned. 
[I 2026-04-17 16:01:17,317] Trial 56 finished with value: 0.977794448612153 and parameters: {'lr_finetune': 0.000225738132218419, 'epochs_finetune': 41, 'weight_decay': 0.030537005571429052, 'batch_size': 32, 'patience': 17, 'scheduler_patience': 8, 'scheduler_factor': 0.7118625528525688, 'pos_weight_multiplier': 2.0077832581835704, 'num_layers': 3, 'base_filters': 16, 'dropout': 0.4041717843107379, 'kernel_size': 3}. Best is trial 13 with value: 0.977794448612153.
[I 2026-04-17 16:01:21,853] Trial 57 pruned. 
[I 2026-04-17 16:01:26,909] Trial 58 finished with value: 0.977794448612153 and parameters: {'lr_finetune': 0.00012731744785738104, 'epochs_finetune': 37, 'weight_decay': 0.01865387202451415, 'batch_size': 32, 'patience': 14, 'scheduler_patience': 6, 'scheduler_factor': 0.6177915008513076, 'pos_weight_multiplier': 0.7279687220865954, 'num_layers': 3, 'base_filters': 64, 'dropout': 0.266481002590113, 'kernel_size': 5}. Best is trial 13 with value: 0.977794448612153.
[I 2026-04-17 16:01:30,540] Trial 59 finished with value: 0.7211658031848248 and parameters: {'lr_finetune': 0.0001620762752514306, 'epochs_finetune': 43, 'weight_decay': 0.013554446317570216, 'batch_size': 64, 'patience': 20, 'scheduler_patience': 2, 'scheduler_factor': 0.681625747109975, 'pos_weight_multiplier': 1.2890276356527308, 'num_layers': 3, 'base_filters': 32, 'dropout': 0.22186329094290885, 'kernel_size': 3}. Best is trial 13 with value: 0.977794448612153.
[I 2026-04-17 16:01:30,955] Trial 60 pruned. 
[I 2026-04-17 16:01:36,488] Trial 61 finished with value: 0.977794448612153 and parameters: {'lr_finetune': 0.0002414427184685776, 'epochs_finetune': 56, 'weight_decay': 0.004594757502835338, 'batch_size': 32, 'patience': 17, 'scheduler_patience': 5, 'scheduler_factor': 0.7655162306105241, 'pos_weight_multiplier': 1.2235379888589102, 'num_layers': 3, 'base_filters': 32, 'dropout': 0.4264289943947521, 'kernel_size': 3}. Best is trial 13 with value: 0.977794448612153.
[I 2026-04-17 16:01:41,773] Trial 62 finished with value: 0.977794448612153 and parameters: {'lr_finetune': 0.00044420821862316094, 'epochs_finetune': 58, 'weight_decay': 0.006392339584187328, 'batch_size': 32, 'patience': 15, 'scheduler_patience': 6, 'scheduler_factor': 0.8918246108925988, 'pos_weight_multiplier': 1.0850413155682606, 'num_layers': 3, 'base_filters': 32, 'dropout': 0.43104772728747737, 'kernel_size': 3}. Best is trial 13 with value: 0.977794448612153.
