[I 2026-04-18 11:43:42,635] Trial 140 finished with value: 0.9722430607651913 and parameters: {'lr_finetune': 0.0006380460744677543, 'epochs_finetune': 48, 'weight_decay': 0.004184483225250047, 'batch_size': 32, 'patience': 12, 'scheduler_patience': 8, 'scheduler_factor': 0.8379189539471161, 'pos_weight_multiplier': 2.969092763771093, 'num_layers': 2, 'base_filters': 16, 'dropout': 0.2596677427611604, 'kernel_size': 7}. Best is trial 0 with value: 0.9722430607651913.
[I 2026-04-18 11:43:43,467] Trial 141 finished with value: 0.9722430607651913 and parameters: {'lr_finetune': 0.004890029025562946, 'epochs_finetune': 44, 'weight_decay': 0.0034734919410288, 'batch_size': 32, 'patience': 16, 'scheduler_patience': 7, 'scheduler_factor': 0.4398072124090401, 'pos_weight_multiplier': 2.2767523413309223, 'num_layers': 2, 'base_filters': 16, 'dropout': 0.23826966971388752, 'kernel_size': 7}. Best is trial 0 with value: 0.9722430607651913.
[I 2026-04-18 11:43:44,459] Trial 142 finished with value: 0.9722430607651913 and parameters: {'lr_finetune': 0.003111000215243282, 'epochs_finetune': 40, 'weight_decay': 0.003078192035578814, 'batch_size': 32, 'patience': 15, 'scheduler_patience': 7, 'scheduler_factor': 0.4197156109505799, 'pos_weight_multiplier': 1.6476164349202507, 'num_layers': 2, 'base_filters': 16, 'dropout': 0.26786095549087774, 'kernel_size': 7}. Best is trial 0 with value: 0.9722430607651913.
[I 2026-04-18 11:43:45,046] Trial 143 finished with value: 0.3728813559322034 and parameters: {'lr_finetune': 0.002088788849788722, 'epochs_finetune': 49, 'weight_decay': 0.0019445620147942224, 'batch_size': 32, 'patience': 11, 'scheduler_patience': 6, 'scheduler_factor': 0.4581037635870215, 'pos_weight_multiplier': 1.485814272522596, 'num_layers': 4, 'base_filters': 16, 'dropout': 0.28307416559683735, 'kernel_size': 7}. Best is trial 0 with value: 0.9722430607651913.
[I 2026-04-18 11:43:46,049] Trial 144 finished with value: 0.9722430607651913 and parameters: {'lr_finetune': 0.002464172186358293, 'epochs_finetune': 42, 'weight_decay': 0.0026348629767058524, 'batch_size': 32, 'patience': 16, 'scheduler_patience': 7, 'scheduler_factor': 0.5253623433304483, 'pos_weight_multiplier': 1.397954593769097, 'num_layers': 2, 'base_filters': 16, 'dropout': 0.3006545811839444, 'kernel_size': 7}. Best is trial 0 with value: 0.9722430607651913.
[I 2026-04-18 11:43:46,992] Trial 145 finished with value: 0.9722430607651913 and parameters: {'lr_finetune': 7.306089086491228e-05, 'epochs_finetune': 46, 'weight_decay': 0.0021207590351952762, 'batch_size': 32, 'patience': 14, 'scheduler_patience': 7, 'scheduler_factor': 0.3549822204573645, 'pos_weight_multiplier': 2.638924516457565, 'num_layers': 2, 'base_filters': 64, 'dropout': 0.4175428469797603, 'kernel_size': 7}. Best is trial 0 with value: 0.9722430607651913.
[I 2026-04-18 11:43:48,057] Trial 146 finished with value: 0.9722430607651913 and parameters: {'lr_finetune': 0.001360443424494933, 'epochs_finetune': 43, 'weight_decay': 0.0015973439588959153, 'batch_size': 32, 'patience': 17, 'scheduler_patience': 6, 'scheduler_factor': 0.5704876049421262, 'pos_weight_multiplier': 1.5636376848588667, 'num_layers': 2, 'base_filters': 16, 'dropout': 0.25249752055856034, 'kernel_size': 5}. Best is trial 0 with value: 0.9722430607651913.
[I 2026-04-18 11:43:49,148] Trial 147 finished with value: 0.9722430607651913 and parameters: {'lr_finetune': 0.0003303686520844033, 'epochs_finetune': 47, 'weight_decay': 0.006479069784404927, 'batch_size': 32, 'patience': 18, 'scheduler_patience': 8, 'scheduler_factor': 0.40073272192841014, 'pos_weight_multiplier': 0.8952565155350415, 'num_layers': 2, 'base_filters': 16, 'dropout': 0.46076482965801113, 'kernel_size': 7}. Best is trial 0 with value: 0.9722430607651913.
[I 2026-04-18 11:43:49,739] Trial 148 finished with value: 0.3728813559322034 and parameters: {'lr_finetune': 0.0004974127725345159, 'epochs_finetune': 45, 'weight_decay': 0.004817596415022853, 'batch_size': 32, 'patience': 13, 'scheduler_patience': 2, 'scheduler_factor': 0.6846760593916943, 'pos_weight_multiplier': 1.8005594180527498, 'num_layers': 3, 'base_filters': 16, 'dropout': 0.3094405023981756, 'kernel_size': 7}. Best is trial 0 with value: 0.9722430607651913.
[I 2026-04-18 11:43:50,770] Trial 149 finished with value: 0.9722430607651913 and parameters: {'lr_finetune': 0.0011373560563158601, 'epochs_finetune': 41, 'weight_decay': 0.0013118084279205298, 'batch_size': 32, 'patience': 15, 'scheduler_patience': 8, 'scheduler_factor': 0.6386527561711823, 'pos_weight_multiplier': 1.6901978171239032, 'num_layers': 2, 'base_filters': 64, 'dropout': 0.27699015140750366, 'kernel_size': 7}. Best is trial 0 with value: 0.9722430607651913.
