[I 2026-04-18 11:34:14,370] Trial 33 finished with value: 0.9722430607651913 and parameters: {'lr_finetune': 4.23147457076916e-05, 'epochs_finetune': 80, 'weight_decay': 0.006318176851031366, 'batch_size': 32, 'patience': 15, 'scheduler_patience': 7, 'scheduler_factor': 0.21935958489740615, 'pos_weight_multiplier': 0.7676720051501534, 'num_layers': 2, 'base_filters': 64, 'dropout': 0.3561718038942951, 'kernel_size': 5}. Best is trial 7 with value: 0.9722430607651913.
[I 2026-04-18 11:34:14,927] Trial 34 finished with value: 0.28846153846153844 and parameters: {'lr_finetune': 0.00014337714564578672, 'epochs_finetune': 76, 'weight_decay': 0.0019000976313143716, 'batch_size': 32, 'patience': 11, 'scheduler_patience': 8, 'scheduler_factor': 0.18615699323131651, 'pos_weight_multiplier': 0.9784795247471076, 'num_layers': 3, 'base_filters': 64, 'dropout': 0.4185505556359067, 'kernel_size': 5}. Best is trial 7 with value: 0.9722430607651913.
[I 2026-04-18 11:34:15,914] Trial 35 finished with value: 0.9722430607651913 and parameters: {'lr_finetune': 0.0019755503512099096, 'epochs_finetune': 67, 'weight_decay': 0.0009020393750986708, 'batch_size': 32, 'patience': 16, 'scheduler_patience': 7, 'scheduler_factor': 0.30698392401626695, 'pos_weight_multiplier': 0.6255578094531372, 'num_layers': 2, 'base_filters': 32, 'dropout': 0.3208584338865552, 'kernel_size': 5}. Best is trial 7 with value: 0.9722430607651913.
[I 2026-04-18 11:34:16,901] Trial 36 finished with value: 0.9722430607651913 and parameters: {'lr_finetune': 4.3708453535248916e-05, 'epochs_finetune': 52, 'weight_decay': 0.01522182770460919, 'batch_size': 32, 'patience': 13, 'scheduler_patience': 6, 'scheduler_factor': 0.43819419503149226, 'pos_weight_multiplier': 1.8075241811065261, 'num_layers': 2, 'base_filters': 64, 'dropout': 0.3657408096742858, 'kernel_size': 5}. Best is trial 7 with value: 0.9722430607651913.
[I 2026-04-18 11:34:17,315] Trial 37 finished with value: 0.28846153846153844 and parameters: {'lr_finetune': 0.002721998524415887, 'epochs_finetune': 77, 'weight_decay': 0.0032056094458176713, 'batch_size': 64, 'patience': 9, 'scheduler_patience': 3, 'scheduler_factor': 0.8971417056786538, 'pos_weight_multiplier': 1.1988548077619359, 'num_layers': 3, 'base_filters': 16, 'dropout': 0.3975313420316691, 'kernel_size': 5}. Best is trial 7 with value: 0.9722430607651913.
[I 2026-04-18 11:34:17,711] Trial 38 finished with value: 0.3728813559322034 and parameters: {'lr_finetune': 0.00022467645034658296, 'epochs_finetune': 69, 'weight_decay': 0.001942294996448089, 'batch_size': 128, 'patience': 12, 'scheduler_patience': 8, 'scheduler_factor': 0.13232825199892678, 'pos_weight_multiplier': 0.6769123369474133, 'num_layers': 2, 'base_filters': 32, 'dropout': 0.4809881281536237, 'kernel_size': 7}. Best is trial 7 with value: 0.9722430607651913.
[I 2026-04-18 11:34:18,880] Trial 39 finished with value: 0.9722430607651913 and parameters: {'lr_finetune': 0.0004248904002454973, 'epochs_finetune': 57, 'weight_decay': 0.0003756051199597979, 'batch_size': 32, 'patience': 14, 'scheduler_patience': 7, 'scheduler_factor': 0.34876093969289446, 'pos_weight_multiplier': 0.8613490198288202, 'num_layers': 3, 'base_filters': 64, 'dropout': 0.2798217802591132, 'kernel_size': 3}. Best is trial 7 with value: 0.9722430607651913.
[I 2026-04-18 11:34:19,548] Trial 40 finished with value: 0.3728813559322034 and parameters: {'lr_finetune': 0.0006981916684797142, 'epochs_finetune': 38, 'weight_decay': 0.06857349978042435, 'batch_size': 64, 'patience': 17, 'scheduler_patience': 8, 'scheduler_factor': 0.584111731475338, 'pos_weight_multiplier': 1.7474758268348354, 'num_layers': 4, 'base_filters': 64, 'dropout': 0.5131538351359657, 'kernel_size': 5}. Best is trial 7 with value: 0.9722430607651913.
[I 2026-04-18 11:34:20,531] Trial 41 finished with value: 0.9722430607651913 and parameters: {'lr_finetune': 0.001562520003123903, 'epochs_finetune': 47, 'weight_decay': 0.0005911855460477755, 'batch_size': 32, 'patience': 15, 'scheduler_patience': 7, 'scheduler_factor': 0.6498447556532386, 'pos_weight_multiplier': 1.3757643523430438, 'num_layers': 2, 'base_filters': 64, 'dropout': 0.43372769821361545, 'kernel_size': 7}. Best is trial 7 with value: 0.9722430607651913.
[I 2026-04-18 11:34:21,523] Trial 42 finished with value: 0.9722430607651913 and parameters: {'lr_finetune': 0.0010591878185058458, 'epochs_finetune': 53, 'weight_decay': 0.00017281091063169193, 'batch_size': 32, 'patience': 16, 'scheduler_patience': 6, 'scheduler_factor': 0.7100833716804487, 'pos_weight_multiplier': 1.3349334866523348, 'num_layers': 2, 'base_filters': 64, 'dropout': 0.21663742867347394, 'kernel_size': 7}. Best is trial 7 with value: 0.9722430607651913.
[I 2026-04-18 11:34:22,216] Trial 43 finished with value: 0.3728813559322034 and parameters: {'lr_finetune': 0.0024962637993225425, 'epochs_finetune': 47, 'weight_decay': 0.000816625804689176, 'batch_size': 32, 'patience': 12, 'scheduler_patience': 8, 'scheduler_factor': 0.6634921593616239, 'pos_weight_multiplier': 1.1004270421407953, 'num_layers': 2, 'base_filters': 64, 'dropout': 0.5541428712812124, 'kernel_size': 7}. Best is trial 7 with value: 0.9722430607651913.
[I 2026-04-18 11:34:23,207] Trial 44 finished with value: 0.9722430607651913 and parameters: {'lr_finetune': 0.00010458528597402928, 'epochs_finetune': 42, 'weight_decay': 0.0013719682686558672, 'batch_size': 32, 'patience': 15, 'scheduler_patience': 7, 'scheduler_factor': 0.4978256615828027, 'pos_weight_multiplier': 1.437294797060667, 'num_layers': 2, 'base_filters': 64, 'dropout': 0.20607324109439365, 'kernel_size': 7}. Best is trial 7 with value: 0.9722430607651913.
[I 2026-04-18 11:34:24,111] Trial 45 finished with value: 0.9722430607651913 and parameters: {'lr_finetune': 6.157693287060579e-05, 'epochs_finetune': 51, 'weight_decay': 0.0005233116337131546, 'batch_size': 32, 'patience': 9, 'scheduler_patience': 5, 'scheduler_factor': 0.830680994167289, 'pos_weight_multiplier': 1.648114246016798, 'num_layers': 2, 'base_filters': 32, 'dropout': 0.22611784881770258, 'kernel_size': 7}. Best is trial 7 with value: 0.9722430607651913.
[I 2026-04-18 11:34:25,138] Trial 46 finished with value: 0.9722430607651913 and parameters: {'lr_finetune': 0.0014846842235868296, 'epochs_finetune': 48, 'weight_decay': 0.001006412019445743, 'batch_size': 32, 'patience': 18, 'scheduler_patience': 6, 'scheduler_factor': 0.7891213930140804, 'pos_weight_multiplier': 1.141420559932126, 'num_layers': 2, 'base_filters': 16, 'dropout': 0.24370021086577842, 'kernel_size': 5}. Best is trial 7 with value: 0.9722430607651913.
[I 2026-04-18 11:34:26,251] Trial 47 finished with value: 0.9722430607651913 and parameters: {'lr_finetune': 0.004433996615522903, 'epochs_finetune': 73, 'weight_decay': 0.00037140790909511747, 'batch_size': 32, 'patience': 13, 'scheduler_patience': 8, 'scheduler_factor': 0.527526057942092, 'pos_weight_multiplier': 0.9873433161392507, 'num_layers': 2, 'base_filters': 64, 'dropout': 0.5926516838664366, 'kernel_size': 5}. Best is trial 7 with value: 0.9722430607651913.
[I 2026-04-18 11:34:27,173] Trial 48 finished with value: 0.9722430607651913 and parameters: {'lr_finetune': 0.000610066783018579, 'epochs_finetune': 63, 'weight_decay': 0.0018006713232976467, 'batch_size': 32, 'patience': 11, 'scheduler_patience': 4, 'scheduler_factor': 0.5857729114438204, 'pos_weight_multiplier': 1.2873335658907714, 'num_layers': 2, 'base_filters': 64, 'dropout': 0.29989053800436805, 'kernel_size': 7}. Best is trial 7 with value: 0.9722430607651913.
[I 2026-04-18 11:34:27,636] Trial 49 finished with value: 0.3728813559322034 and parameters: {'lr_finetune': 0.00025373081263903145, 'epochs_finetune': 41, 'weight_decay': 0.0006467749462508284, 'batch_size': 128, 'patience': 14, 'scheduler_patience': 7, 'scheduler_factor': 0.24891244465412227, 'pos_weight_multiplier': 2.591793527456284, 'num_layers': 3, 'base_filters': 64, 'dropout': 0.27439558348672877, 'kernel_size': 5}. Best is trial 7 with value: 0.9722430607651913.
[I 2026-04-18 11:34:28,422] Trial 50 finished with value: 0.9722430607651913 and parameters: {'lr_finetune': 0.00018731857407020003, 'epochs_finetune': 32, 'weight_decay': 0.006368407653112665, 'batch_size': 64, 'patience': 17, 'scheduler_patience': 8, 'scheduler_factor': 0.20125700453175271, 'pos_weight_multiplier': 0.8596669487709736, 'num_layers': 2, 'base_filters': 64, 'dropout': 0.3925435699000871, 'kernel_size': 5}. Best is trial 7 with value: 0.9722430607651913.
[I 2026-04-18 11:34:29,030] Trial 51 finished with value: 0.3728813559322034 and parameters: {'lr_finetune': 7.504763380495981e-05, 'epochs_finetune': 72, 'weight_decay': 0.0015258671317236224, 'batch_size': 32, 'patience': 10, 'scheduler_patience': 5, 'scheduler_factor': 0.7324492864875919, 'pos_weight_multiplier': 0.7666950016805, 'num_layers': 4, 'base_filters': 64, 'dropout': 0.49487347281387506, 'kernel_size': 5}. Best is trial 7 with value: 0.9722430607651913.
[I 2026-04-18 11:34:29,569] Trial 52 finished with value: 0.28846153846153844 and parameters: {'lr_finetune': 0.0004253645195447368, 'epochs_finetune': 78, 'weight_decay': 0.0038718903589732598, 'batch_size': 32, 'patience': 10, 'scheduler_patience': 4, 'scheduler_factor': 0.3024964922309172, 'pos_weight_multiplier': 0.8043268638586633, 'num_layers': 3, 'base_filters': 64, 'dropout': 0.3420372273970521, 'kernel_size': 5}. Best is trial 7 with value: 0.9722430607651913.
[I 2026-04-18 11:34:30,070] Trial 53 finished with value: 0.28846153846153844 and parameters: {'lr_finetune': 0.0001057359064207727, 'epochs_finetune': 71, 'weight_decay': 0.0024235573539115023, 'batch_size': 32, 'patience': 9, 'scheduler_patience': 5, 'scheduler_factor': 0.6261035662537795, 'pos_weight_multiplier': 0.9744707753423901, 'num_layers': 3, 'base_filters': 64, 'dropout': 0.4167129897391979, 'kernel_size': 5}. Best is trial 7 with value: 0.9722430607651913.
[I 2026-04-18 11:34:30,513] Trial 54 finished with value: 0.7959022852639874 and parameters: {'lr_finetune': 0.00017930100907567208, 'epochs_finetune': 74, 'weight_decay': 0.0011341433644641928, 'batch_size': 32, 'patience': 7, 'scheduler_patience': 3, 'scheduler_factor': 0.6786382781810033, 'pos_weight_multiplier': 0.6058182125443674, 'num_layers': 2, 'base_filters': 64, 'dropout': 0.5416682865022688, 'kernel_size': 5}. Best is trial 7 with value: 0.9722430607651913.
[I 2026-04-18 11:34:31,548] Trial 55 finished with value: 0.9722430607651913 and parameters: {'lr_finetune': 0.00028988953280964335, 'epochs_finetune': 45, 'weight_decay': 0.002357269455921128, 'batch_size': 32, 'patience': 15, 'scheduler_patience': 6, 'scheduler_factor': 0.7873029713357372, 'pos_weight_multiplier': 1.0574393890333933, 'num_layers': 2, 'base_filters': 64, 'dropout': 0.44800086919855087, 'kernel_size': 3}. Best is trial 7 with value: 0.9722430607651913.
[I 2026-04-18 11:34:32,994] Trial 56 finished with value: 0.9449404761904762 and parameters: {'lr_finetune': 0.00011574109060061885, 'epochs_finetune': 55, 'weight_decay': 0.0001834883441911562, 'batch_size': 32, 'patience': 12, 'scheduler_patience': 5, 'scheduler_factor': 0.12974947190928376, 'pos_weight_multiplier': 0.7072927766313613, 'num_layers': 4, 'base_filters': 16, 'dropout': 0.3654148046390779, 'kernel_size': 5}. Best is trial 7 with value: 0.9722430607651913.
[I 2026-04-18 11:34:34,455] Trial 57 finished with value: 0.9722430607651913 and parameters: {'lr_finetune': 2.57334410886111e-05, 'epochs_finetune': 69, 'weight_decay': 0.04138819614514028, 'batch_size': 32, 'patience': 16, 'scheduler_patience': 8, 'scheduler_factor': 0.6978249562829012, 'pos_weight_multiplier': 0.5641442413154155, 'num_layers': 3, 'base_filters': 64, 'dropout': 0.3304753828270345, 'kernel_size': 5}. Best is trial 7 with value: 0.9722430607651913.
[I 2026-04-18 11:34:35,414] Trial 58 finished with value: 0.9722430607651913 and parameters: {'lr_finetune': 0.0009287214795410602, 'epochs_finetune': 58, 'weight_decay': 0.0007432355593045705, 'batch_size': 32, 'patience': 13, 'scheduler_patience': 7, 'scheduler_factor': 0.47286216853193896, 'pos_weight_multiplier': 1.2293781691318042, 'num_layers': 2, 'base_filters': 64, 'dropout': 0.44331027544983936, 'kernel_size': 5}. Best is trial 7 with value: 0.9722430607651913.
[I 2026-04-18 11:34:35,893] Trial 59 finished with value: 0.3728813559322034 and parameters: {'lr_finetune': 0.00013164902784817438, 'epochs_finetune': 80, 'weight_decay': 0.00044678807762093853, 'batch_size': 32, 'patience': 10, 'scheduler_patience': 8, 'scheduler_factor': 0.42611773270572084, 'pos_weight_multiplier': 0.9096627760540734, 'num_layers': 2, 'base_filters': 32, 'dropout': 0.3854830882645796, 'kernel_size': 7}. Best is trial 7 with value: 0.9722430607651913.
[I 2026-04-18 11:34:36,478] Trial 60 finished with value: 0.3728813559322034 and parameters: {'lr_finetune': 0.00340772386522731, 'epochs_finetune': 49, 'weight_decay': 0.09867265182581764, 'batch_size': 128, 'patience': 18, 'scheduler_patience': 6, 'scheduler_factor': 0.1025124429801766, 'pos_weight_multiplier': 1.131109107150551, 'num_layers': 2, 'base_filters': 64, 'dropout': 0.41004988596033004, 'kernel_size': 5}. Best is trial 7 with value: 0.9722430607651913.
[I 2026-04-18 11:34:37,672] Trial 61 finished with value: 0.9722430607651913 and parameters: {'lr_finetune': 2.6240305501510106e-05, 'epochs_finetune': 45, 'weight_decay': 0.0002742295435908263, 'batch_size': 32, 'patience': 20, 'scheduler_patience': 8, 'scheduler_factor': 0.24114457329719644, 'pos_weight_multiplier': 1.277806111900076, 'num_layers': 2, 'base_filters': 64, 'dropout': 0.30811039202284674, 'kernel_size': 5}. Best is trial 7 with value: 0.9722430607651913.
[I 2026-04-18 11:34:39,115] Trial 62 finished with value: 0.9167291822955739 and parameters: {'lr_finetune': 1.0800356698113798e-05, 'epochs_finetune': 52, 'weight_decay': 0.0014147792651325723, 'batch_size': 32, 'patience': 17, 'scheduler_patience': 8, 'scheduler_factor': 0.16070963905997343, 'pos_weight_multiplier': 1.047779933489174, 'num_layers': 2, 'base_filters': 64, 'dropout': 0.36108724086261035, 'kernel_size': 5}. Best is trial 7 with value: 0.9722430607651913.
[I 2026-04-18 11:34:40,260] Trial 63 finished with value: 0.9722430607651913 and parameters: {'lr_finetune': 3.3211240057507595e-05, 'epochs_finetune': 76, 'weight_decay': 0.0004089865627582121, 'batch_size': 32, 'patience': 19, 'scheduler_patience': 7, 'scheduler_factor': 0.36318700002085325, 'pos_weight_multiplier': 1.4529699812328531, 'num_layers': 2, 'base_filters': 64, 'dropout': 0.2447650488802126, 'kernel_size': 5}. Best is trial 7 with value: 0.9722430607651913.
[I 2026-04-18 11:34:40,763] Trial 64 finished with value: 0.3728813559322034 and parameters: {'lr_finetune': 1.3793376565083257e-05, 'epochs_finetune': 50, 'weight_decay': 0.0010416459992858402, 'batch_size': 32, 'patience': 11, 'scheduler_patience': 8, 'scheduler_factor': 0.14191135130946364, 'pos_weight_multiplier': 0.769675906552956, 'num_layers': 2, 'base_filters': 64, 'dropout': 0.28484092891360835, 'kernel_size': 5}. Best is trial 7 with value: 0.9722430607651913.
[I 2026-04-18 11:34:41,872] Trial 65 finished with value: 0.9722430607651913 and parameters: {'lr_finetune': 8.070795932180507e-05, 'epochs_finetune': 54, 'weight_decay': 0.0005731273052462487, 'batch_size': 32, 'patience': 14, 'scheduler_patience': 8, 'scheduler_factor': 0.1835830784717044, 'pos_weight_multiplier': 0.8277967098231628, 'num_layers': 2, 'base_filters': 64, 'dropout': 0.34997891227883615, 'kernel_size': 3}. Best is trial 7 with value: 0.9722430607651913.
[I 2026-04-18 11:34:42,864] Trial 66 finished with value: 0.9722430607651913 and parameters: {'lr_finetune': 4.539052635880906e-05, 'epochs_finetune': 44, 'weight_decay': 0.0027204686945035443, 'batch_size': 64, 'patience': 16, 'scheduler_patience': 7, 'scheduler_factor': 0.23613407194159927, 'pos_weight_multiplier': 1.5966617268978582, 'num_layers': 2, 'base_filters': 64, 'dropout': 0.2606283218918165, 'kernel_size': 5}. Best is trial 7 with value: 0.9722430607651913.
[I 2026-04-18 11:34:43,981] Trial 67 finished with value: 0.9722430607651913 and parameters: {'lr_finetune': 0.00032888700555394943, 'epochs_finetune': 49, 'weight_decay': 0.0007876575262321456, 'batch_size': 32, 'patience': 15, 'scheduler_patience': 8, 'scheduler_factor': 0.30429674660192485, 'pos_weight_multiplier': 1.9535675035759803, 'num_layers': 2, 'base_filters': 16, 'dropout': 0.3185866057346192, 'kernel_size': 5}. Best is trial 7 with value: 0.9722430607651913.
[I 2026-04-18 11:34:44,923] Trial 68 finished with value: 0.9722430607651913 and parameters: {'lr_finetune': 0.000173013293553876, 'epochs_finetune': 78, 'weight_decay': 0.00033256766056061795, 'batch_size': 32, 'patience': 11, 'scheduler_patience': 4, 'scheduler_factor': 0.1942786817703569, 'pos_weight_multiplier': 0.9398599263758339, 'num_layers': 2, 'base_filters': 64, 'dropout': 0.3762482407496288, 'kernel_size': 5}. Best is trial 7 with value: 0.9722430607651913.
[I 2026-04-18 11:34:46,084] Trial 69 finished with value: 0.9722430607651913 and parameters: {'lr_finetune': 0.00023273838923651313, 'epochs_finetune': 38, 'weight_decay': 0.0055663448646908805, 'batch_size': 32, 'patience': 12, 'scheduler_patience': 8, 'scheduler_factor': 0.2748423234923707, 'pos_weight_multiplier': 1.2279746791964437, 'num_layers': 3, 'base_filters': 64, 'dropout': 0.3808654104273937, 'kernel_size': 5}. Best is trial 7 with value: 0.9722430607651913.
[I 2026-04-18 11:34:47,057] Trial 70 finished with value: 0.9722430607651913 and parameters: {'lr_finetune': 1.849866085821415e-05, 'epochs_finetune': 75, 'weight_decay': 0.0018336357549250094, 'batch_size': 32, 'patience': 13, 'scheduler_patience': 7, 'scheduler_factor': 0.7714389596197937, 'pos_weight_multiplier': 1.3655307808405157, 'num_layers': 2, 'base_filters': 64, 'dropout': 0.3429279543257464, 'kernel_size': 7}. Best is trial 7 with value: 0.9722430607651913.
[I 2026-04-18 11:34:48,551] Trial 71 finished with value: 0.9722430607651913 and parameters: {'lr_finetune': 6.441972124902201e-05, 'epochs_finetune': 64, 'weight_decay': 0.00026091219660350726, 'batch_size': 32, 'patience': 14, 'scheduler_patience': 6, 'scheduler_factor': 0.28132575156280243, 'pos_weight_multiplier': 0.7367192786774788, 'num_layers': 3, 'base_filters': 64, 'dropout': 0.3293825918340765, 'kernel_size': 5}. Best is trial 7 with value: 0.9722430607651913.
[I 2026-04-18 11:34:49,822] Trial 72 finished with value: 0.9722430607651913 and parameters: {'lr_finetune': 8.889871840749974e-05, 'epochs_finetune': 66, 'weight_decay': 0.00023512037594500198, 'batch_size': 32, 'patience': 15, 'scheduler_patience': 5, 'scheduler_factor': 0.22331390199401424, 'pos_weight_multiplier': 1.0243153252193231, 'num_layers': 3, 'base_filters': 64, 'dropout': 0.26898357577825993, 'kernel_size': 5}. Best is trial 7 with value: 0.9722430607651913.
[I 2026-04-18 11:34:51,087] Trial 73 finished with value: 0.9449404761904762 and parameters: {'lr_finetune': 5.052398224332368e-05, 'epochs_finetune': 61, 'weight_decay': 0.0004600781693412448, 'batch_size': 32, 'patience': 14, 'scheduler_patience': 7, 'scheduler_factor': 0.1685207090718331, 'pos_weight_multiplier': 0.5101933149010927, 'num_layers': 3, 'base_filters': 64, 'dropout': 0.29221455419695835, 'kernel_size': 5}. Best is trial 7 with value: 0.9722430607651913.
[I 2026-04-18 11:34:52,433] Trial 74 finished with value: 0.9449404761904762 and parameters: {'lr_finetune': 9.621077949988538e-05, 'epochs_finetune': 68, 'weight_decay': 0.00013006192827896837, 'batch_size': 32, 'patience': 16, 'scheduler_patience': 6, 'scheduler_factor': 0.14438934455927227, 'pos_weight_multiplier': 0.6715932938355591, 'num_layers': 3, 'base_filters': 32, 'dropout': 0.4038039246763019, 'kernel_size': 5}. Best is trial 7 with value: 0.9722430607651913.
[I 2026-04-18 11:34:52,858] Trial 75 finished with value: 0.3728813559322034 and parameters: {'lr_finetune': 0.0001215863672576746, 'epochs_finetune': 46, 'weight_decay': 0.0013480821022549534, 'batch_size': 128, 'patience': 13, 'scheduler_patience': 8, 'scheduler_factor': 0.32197770439760065, 'pos_weight_multiplier': 0.9083143880469626, 'num_layers': 2, 'base_filters': 64, 'dropout': 0.467237606894554, 'kernel_size': 5}. Best is trial 7 with value: 0.9722430607651913.
[I 2026-04-18 11:34:54,162] Trial 76 finished with value: 0.9722430607651913 and parameters: {'lr_finetune': 0.0001612955498336984, 'epochs_finetune': 58, 'weight_decay': 0.0006677573617866115, 'batch_size': 32, 'patience': 18, 'scheduler_patience': 7, 'scheduler_factor': 0.8233925123581536, 'pos_weight_multiplier': 1.0925999341167363, 'num_layers': 3, 'base_filters': 64, 'dropout': 0.2297626982333045, 'kernel_size': 3}. Best is trial 7 with value: 0.9722430607651913.
[I 2026-04-18 11:34:54,805] Trial 77 finished with value: 0.6916666666666667 and parameters: {'lr_finetune': 3.6388435486994005e-05, 'epochs_finetune': 77, 'weight_decay': 0.0009509616864049256, 'batch_size': 64, 'patience': 17, 'scheduler_patience': 6, 'scheduler_factor': 0.3740891723420727, 'pos_weight_multiplier': 0.8166023579512862, 'num_layers': 2, 'base_filters': 64, 'dropout': 0.3053090470324295, 'kernel_size': 5}. Best is trial 7 with value: 0.9722430607651913.
[I 2026-04-18 11:34:55,442] Trial 78 finished with value: 0.3728813559322034 and parameters: {'lr_finetune': 0.001415579530933362, 'epochs_finetune': 51, 'weight_decay': 0.00031603890333804785, 'batch_size': 32, 'patience': 12, 'scheduler_patience': 5, 'scheduler_factor': 0.11917957093015208, 'pos_weight_multiplier': 1.1645243782241457, 'num_layers': 4, 'base_filters': 64, 'dropout': 0.31492483241129643, 'kernel_size': 7}. Best is trial 7 with value: 0.9722430607651913.
