[I 2026-04-18 11:41:44,379] Trial 2 finished with value: 0.3728813559322034 and parameters: {'lr_finetune': 0.00012960273010674295, 'epochs_finetune': 32, 'weight_decay': 0.07948702588128374, 'batch_size': 64, 'patience': 16, 'scheduler_patience': 6, 'scheduler_factor': 0.12198579417630535, 'pos_weight_multiplier': 2.9568049841518773, 'num_layers': 4, 'base_filters': 32, 'dropout': 0.36517229403241985, 'kernel_size': 7}. Best is trial 0 with value: 0.9722430607651913.
[I 2026-04-18 11:41:44,867] Trial 3 finished with value: 0.8221153846153846 and parameters: {'lr_finetune': 0.0004911074778372772, 'epochs_finetune': 34, 'weight_decay': 0.06777636941542584, 'batch_size': 128, 'patience': 18, 'scheduler_patience': 3, 'scheduler_factor': 0.861061226152771, 'pos_weight_multiplier': 2.5039705435999857, 'num_layers': 3, 'base_filters': 32, 'dropout': 0.5761938522961182, 'kernel_size': 5}. Best is trial 0 with value: 0.9722430607651913.
[I 2026-04-18 11:41:45,460] Trial 4 finished with value: 0.3728813559322034 and parameters: {'lr_finetune': 1.1056011282149286e-05, 'epochs_finetune': 56, 'weight_decay': 0.000265402446705037, 'batch_size': 64, 'patience': 19, 'scheduler_patience': 5, 'scheduler_factor': 0.8129749782601258, 'pos_weight_multiplier': 2.2465555755387534, 'num_layers': 3, 'base_filters': 64, 'dropout': 0.2417006804506493, 'kernel_size': 7}. Best is trial 0 with value: 0.9722430607651913.
[I 2026-04-18 11:41:46,014] Trial 5 finished with value: 0.3728813559322034 and parameters: {'lr_finetune': 0.004936571251996502, 'epochs_finetune': 36, 'weight_decay': 0.0038574303738586123, 'batch_size': 128, 'patience': 19, 'scheduler_patience': 8, 'scheduler_factor': 0.7071264566205285, 'pos_weight_multiplier': 2.36353367465937, 'num_layers': 4, 'base_filters': 64, 'dropout': 0.22985145376948024, 'kernel_size': 3}. Best is trial 0 with value: 0.9722430607651913.
[I 2026-04-18 11:41:46,973] Trial 6 finished with value: 0.9722430607651913 and parameters: {'lr_finetune': 0.0012800656633262465, 'epochs_finetune': 49, 'weight_decay': 0.05025972294555106, 'batch_size': 32, 'patience': 16, 'scheduler_patience': 8, 'scheduler_factor': 0.5885512775668882, 'pos_weight_multiplier': 0.9305701305140244, 'num_layers': 2, 'base_filters': 16, 'dropout': 0.29097403589135734, 'kernel_size': 7}. Best is trial 0 with value: 0.9722430607651913.
[I 2026-04-18 11:41:47,389] Trial 7 finished with value: 0.3728813559322034 and parameters: {'lr_finetune': 0.0038737135010517404, 'epochs_finetune': 42, 'weight_decay': 0.0004567641381509103, 'batch_size': 128, 'patience': 17, 'scheduler_patience': 2, 'scheduler_factor': 0.25903579871512666, 'pos_weight_multiplier': 2.3112852517487115, 'num_layers': 2, 'base_filters': 32, 'dropout': 0.21629417327690836, 'kernel_size': 3}. Best is trial 0 with value: 0.9722430607651913.
[I 2026-04-18 11:41:47,872] Trial 8 finished with value: 0.28846153846153844 and parameters: {'lr_finetune': 0.0001618668180275174, 'epochs_finetune': 49, 'weight_decay': 0.03972976939492774, 'batch_size': 128, 'patience': 15, 'scheduler_patience': 6, 'scheduler_factor': 0.8803612114765409, 'pos_weight_multiplier': 0.9668742048816763, 'num_layers': 4, 'base_filters': 64, 'dropout': 0.21015694726216372, 'kernel_size': 5}. Best is trial 0 with value: 0.9722430607651913.
[I 2026-04-18 11:41:48,367] Trial 9 finished with value: 0.28846153846153844 and parameters: {'lr_finetune': 0.00016861004262693163, 'epochs_finetune': 58, 'weight_decay': 0.0005178594378854376, 'batch_size': 128, 'patience': 19, 'scheduler_patience': 5, 'scheduler_factor': 0.19268913049572334, 'pos_weight_multiplier': 2.1821293105992696, 'num_layers': 3, 'base_filters': 64, 'dropout': 0.2531880912133972, 'kernel_size': 7}. Best is trial 0 with value: 0.9722430607651913.
[I 2026-04-18 11:41:48,825] Trial 10 finished with value: 0.3728813559322034 and parameters: {'lr_finetune': 3.163651784031794e-05, 'epochs_finetune': 67, 'weight_decay': 0.0018365167725471637, 'batch_size': 32, 'patience': 10, 'scheduler_patience': 7, 'scheduler_factor': 0.42553234024286535, 'pos_weight_multiplier': 1.4804711909180754, 'num_layers': 2, 'base_filters': 16, 'dropout': 0.5492717143806555, 'kernel_size': 7}. Best is trial 0 with value: 0.9722430607651913.
[I 2026-04-18 11:41:49,895] Trial 11 finished with value: 0.9449404761904762 and parameters: {'lr_finetune': 4.6877957562155875e-05, 'epochs_finetune': 46, 'weight_decay': 0.010489407738512672, 'batch_size': 32, 'patience': 11, 'scheduler_patience': 8, 'scheduler_factor': 0.615916357710287, 'pos_weight_multiplier': 0.5120711610196393, 'num_layers': 2, 'base_filters': 16, 'dropout': 0.4931958919503844, 'kernel_size': 7}. Best is trial 0 with value: 0.9722430607651913.
[I 2026-04-18 11:41:50,739] Trial 12 finished with value: 0.9722430607651913 and parameters: {'lr_finetune': 0.0007450098817056095, 'epochs_finetune': 42, 'weight_decay': 0.001598839404476686, 'batch_size': 32, 'patience': 13, 'scheduler_patience': 8, 'scheduler_factor': 0.4682122847934424, 'pos_weight_multiplier': 1.4679529399190936, 'num_layers': 2, 'base_filters': 16, 'dropout': 0.4430254384361203, 'kernel_size': 7}. Best is trial 0 with value: 0.9722430607651913.
[I 2026-04-18 11:41:51,743] Trial 13 finished with value: 0.9722430607651913 and parameters: {'lr_finetune': 4.342231755272255e-05, 'epochs_finetune': 51, 'weight_decay': 0.01491828001979684, 'batch_size': 32, 'patience': 14, 'scheduler_patience': 7, 'scheduler_factor': 0.5921742219059982, 'pos_weight_multiplier': 0.7916351859606598, 'num_layers': 2, 'base_filters': 16, 'dropout': 0.30798881338480405, 'kernel_size': 7}. Best is trial 0 with value: 0.9722430607651913.
[I 2026-04-18 11:41:52,149] Trial 14 finished with value: 0.3728813559322034 and parameters: {'lr_finetune': 0.0016340695401987203, 'epochs_finetune': 61, 'weight_decay': 0.004518942147142713, 'batch_size': 32, 'patience': 8, 'scheduler_patience': 7, 'scheduler_factor': 0.38818005042338444, 'pos_weight_multiplier': 1.7261218024596068, 'num_layers': 2, 'base_filters': 64, 'dropout': 0.47297231608881396, 'kernel_size': 7}. Best is trial 0 with value: 0.9722430607651913.
[I 2026-04-18 11:41:53,032] Trial 15 finished with value: 0.9722430607651913 and parameters: {'lr_finetune': 0.00046949482958289813, 'epochs_finetune': 80, 'weight_decay': 0.000841804075942893, 'batch_size': 32, 'patience': 12, 'scheduler_patience': 6, 'scheduler_factor': 0.5633185532620014, 'pos_weight_multiplier': 1.1102836929978976, 'num_layers': 2, 'base_filters': 16, 'dropout': 0.30668827489023626, 'kernel_size': 5}. Best is trial 0 with value: 0.9722430607651913.
[I 2026-04-18 11:41:54,151] Trial 16 finished with value: 0.9722430607651913 and parameters: {'lr_finetune': 8.267706841692991e-05, 'epochs_finetune': 42, 'weight_decay': 0.00016810664146880037, 'batch_size': 32, 'patience': 15, 'scheduler_patience': 4, 'scheduler_factor': 0.7083199598996363, 'pos_weight_multiplier': 1.7928061741885997, 'num_layers': 3, 'base_filters': 64, 'dropout': 0.4041314756520618, 'kernel_size': 7}. Best is trial 0 with value: 0.9722430607651913.
[I 2026-04-18 11:41:54,583] Trial 17 finished with value: 0.3728813559322034 and parameters: {'lr_finetune': 2.016210875478315e-05, 'epochs_finetune': 38, 'weight_decay': 0.02581743194871536, 'batch_size': 32, 'patience': 9, 'scheduler_patience': 8, 'scheduler_factor': 0.33943136272442165, 'pos_weight_multiplier': 2.6637232081133972, 'num_layers': 2, 'base_filters': 16, 'dropout': 0.5293383520241869, 'kernel_size': 7}. Best is trial 0 with value: 0.9722430607651913.
[I 2026-04-18 11:41:55,516] Trial 18 finished with value: 0.9722430607651913 and parameters: {'lr_finetune': 0.0004240106738232731, 'epochs_finetune': 50, 'weight_decay': 0.006143190507025208, 'batch_size': 32, 'patience': 13, 'scheduler_patience': 7, 'scheduler_factor': 0.5139579326521928, 'pos_weight_multiplier': 1.9469791713970364, 'num_layers': 2, 'base_filters': 16, 'dropout': 0.2967281779683488, 'kernel_size': 5}. Best is trial 0 with value: 0.9722430607651913.
[I 2026-04-18 11:41:56,520] Trial 19 finished with value: 0.9722430607651913 and parameters: {'lr_finetune': 0.001992975292586887, 'epochs_finetune': 30, 'weight_decay': 0.0014877271415669727, 'batch_size': 32, 'patience': 17, 'scheduler_patience': 5, 'scheduler_factor': 0.6893807424521066, 'pos_weight_multiplier': 1.1896412059946038, 'num_layers': 3, 'base_filters': 64, 'dropout': 0.3704108799496577, 'kernel_size': 3}. Best is trial 0 with value: 0.9722430607651913.
[I 2026-04-18 11:41:56,993] Trial 20 finished with value: 0.46634615384615385 and parameters: {'lr_finetune': 0.00027792706812000754, 'epochs_finetune': 63, 'weight_decay': 0.02750730623527286, 'batch_size': 64, 'patience': 15, 'scheduler_patience': 8, 'scheduler_factor': 0.5106285993860747, 'pos_weight_multiplier': 0.5117991314677175, 'num_layers': 2, 'base_filters': 64, 'dropout': 0.5887465046920551, 'kernel_size': 7}. Best is trial 0 with value: 0.9722430607651913.
[I 2026-04-18 11:41:57,791] Trial 21 finished with value: 0.9722430607651913 and parameters: {'lr_finetune': 0.0008862374960424955, 'epochs_finetune': 41, 'weight_decay': 0.0016433941726742623, 'batch_size': 32, 'patience': 12, 'scheduler_patience': 8, 'scheduler_factor': 0.4468559079949899, 'pos_weight_multiplier': 1.454072821174812, 'num_layers': 2, 'base_filters': 16, 'dropout': 0.4432994979550656, 'kernel_size': 7}. Best is trial 0 with value: 0.9722430607651913.
[I 2026-04-18 11:41:58,592] Trial 22 finished with value: 0.9722430607651913 and parameters: {'lr_finetune': 0.0011972704094390498, 'epochs_finetune': 46, 'weight_decay': 0.00276406109131721, 'batch_size': 32, 'patience': 13, 'scheduler_patience': 7, 'scheduler_factor': 0.47296954366118626, 'pos_weight_multiplier': 1.4770179578963205, 'num_layers': 2, 'base_filters': 16, 'dropout': 0.42543106130486485, 'kernel_size': 7}. Best is trial 0 with value: 0.9722430607651913.
[I 2026-04-18 11:41:59,534] Trial 23 finished with value: 0.9722430607651913 and parameters: {'lr_finetune': 0.0007468353457549039, 'epochs_finetune': 46, 'weight_decay': 0.0011025760978886443, 'batch_size': 32, 'patience': 14, 'scheduler_patience': 8, 'scheduler_factor': 0.3744969388089013, 'pos_weight_multiplier': 1.2681440840037765, 'num_layers': 2, 'base_filters': 16, 'dropout': 0.5072398773662459, 'kernel_size': 7}. Best is trial 0 with value: 0.9722430607651913.
[I 2026-04-18 11:42:00,576] Trial 24 finished with value: 0.9722430607651913 and parameters: {'lr_finetune': 0.0022746556393773336, 'epochs_finetune': 39, 'weight_decay': 0.0007528685234968564, 'batch_size': 32, 'patience': 17, 'scheduler_patience': 7, 'scheduler_factor': 0.6576149535352642, 'pos_weight_multiplier': 0.7702161135697783, 'num_layers': 2, 'base_filters': 16, 'dropout': 0.4570080763817967, 'kernel_size': 7}. Best is trial 0 with value: 0.9722430607651913.
[I 2026-04-18 11:42:01,572] Trial 25 finished with value: 0.9722430607651913 and parameters: {'lr_finetune': 8.57047838394891e-05, 'epochs_finetune': 55, 'weight_decay': 0.00010766062767412464, 'batch_size': 32, 'patience': 11, 'scheduler_patience': 6, 'scheduler_factor': 0.5387682125480736, 'pos_weight_multiplier': 1.9011861489305766, 'num_layers': 3, 'base_filters': 16, 'dropout': 0.39971762376350534, 'kernel_size': 7}. Best is trial 0 with value: 0.9722430607651913.
[I 2026-04-18 11:42:02,379] Trial 26 finished with value: 0.9722430607651913 and parameters: {'lr_finetune': 0.00028238339773885323, 'epochs_finetune': 53, 'weight_decay': 0.007307624330369338, 'batch_size': 32, 'patience': 14, 'scheduler_patience': 8, 'scheduler_factor': 0.7891571454805574, 'pos_weight_multiplier': 0.9419217039799332, 'num_layers': 2, 'base_filters': 16, 'dropout': 0.5545976352073807, 'kernel_size': 7}. Best is trial 0 with value: 0.9722430607651913.
[I 2026-04-18 11:42:03,371] Trial 27 finished with value: 0.9722430607651913 and parameters: {'lr_finetune': 0.0028695589580300623, 'epochs_finetune': 44, 'weight_decay': 0.00245055068640373, 'batch_size': 32, 'patience': 16, 'scheduler_patience': 7, 'scheduler_factor': 0.43788046260530156, 'pos_weight_multiplier': 1.6543117561430256, 'num_layers': 2, 'base_filters': 16, 'dropout': 0.2732384418335187, 'kernel_size': 7}. Best is trial 0 with value: 0.9722430607651913.
[I 2026-04-18 11:42:03,857] Trial 28 finished with value: 0.3728813559322034 and parameters: {'lr_finetune': 0.0008855005839435868, 'epochs_finetune': 37, 'weight_decay': 0.0003277577771348876, 'batch_size': 32, 'patience': 8, 'scheduler_patience': 8, 'scheduler_factor': 0.6331481425975168, 'pos_weight_multiplier': 2.083086392987692, 'num_layers': 3, 'base_filters': 64, 'dropout': 0.3445594040911017, 'kernel_size': 5}. Best is trial 0 with value: 0.9722430607651913.
[I 2026-04-18 11:42:04,193] Trial 29 finished with value: 0.3728813559322034 and parameters: {'lr_finetune': 0.0013080668883256388, 'epochs_finetune': 34, 'weight_decay': 0.014119488269313498, 'batch_size': 64, 'patience': 6, 'scheduler_patience': 4, 'scheduler_factor': 0.2783842951946468, 'pos_weight_multiplier': 2.9927308358863964, 'num_layers': 3, 'base_filters': 32, 'dropout': 0.5004174752023463, 'kernel_size': 3}. Best is trial 0 with value: 0.9722430607651913.
[I 2026-04-18 11:42:05,275] Trial 30 finished with value: 0.9722430607651913 and parameters: {'lr_finetune': 0.0005967400784048063, 'epochs_finetune': 69, 'weight_decay': 0.005208021623477831, 'batch_size': 64, 'patience': 20, 'scheduler_patience': 6, 'scheduler_factor': 0.33127634972781267, 'pos_weight_multiplier': 1.3296729727394851, 'num_layers': 2, 'base_filters': 32, 'dropout': 0.35098710974583947, 'kernel_size': 3}. Best is trial 0 with value: 0.9722430607651913.
[I 2026-04-18 11:42:06,244] Trial 31 finished with value: 0.9722430607651913 and parameters: {'lr_finetune': 4.6248448044380875e-05, 'epochs_finetune': 52, 'weight_decay': 0.014535849791013817, 'batch_size': 32, 'patience': 14, 'scheduler_patience': 7, 'scheduler_factor': 0.5741719082483637, 'pos_weight_multiplier': 0.7751456270583305, 'num_layers': 2, 'base_filters': 16, 'dropout': 0.3147031826422105, 'kernel_size': 7}. Best is trial 0 with value: 0.9722430607651913.
[I 2026-04-18 11:42:07,262] Trial 32 finished with value: 0.9722430607651913 and parameters: {'lr_finetune': 8.106111494022275e-05, 'epochs_finetune': 49, 'weight_decay': 0.09470600784037499, 'batch_size': 32, 'patience': 16, 'scheduler_patience': 8, 'scheduler_factor': 0.5958108630797995, 'pos_weight_multiplier': 0.7107855940214215, 'num_layers': 2, 'base_filters': 16, 'dropout': 0.3304863530536688, 'kernel_size': 7}. Best is trial 0 with value: 0.9722430607651913.
[I 2026-04-18 11:42:08,388] Trial 33 finished with value: 0.8542159180457052 and parameters: {'lr_finetune': 1.6548328933108343e-05, 'epochs_finetune': 45, 'weight_decay': 0.03568618790485967, 'batch_size': 32, 'patience': 13, 'scheduler_patience': 7, 'scheduler_factor': 0.4837934600048539, 'pos_weight_multiplier': 2.7894575065329112, 'num_layers': 2, 'base_filters': 16, 'dropout': 0.28352217711737693, 'kernel_size': 7}. Best is trial 0 with value: 0.9722430607651913.
[I 2026-04-18 11:42:09,362] Trial 34 finished with value: 0.9722430607651913 and parameters: {'lr_finetune': 4.4311393173341544e-05, 'epochs_finetune': 51, 'weight_decay': 0.05821820018426457, 'batch_size': 32, 'patience': 11, 'scheduler_patience': 8, 'scheduler_factor': 0.3932885437060498, 'pos_weight_multiplier': 0.6661678994369603, 'num_layers': 2, 'base_filters': 16, 'dropout': 0.3757674354960374, 'kernel_size': 7}. Best is trial 0 with value: 0.9722430607651913.
[I 2026-04-18 11:42:09,900] Trial 35 finished with value: 0.28846153846153844 and parameters: {'lr_finetune': 2.7810807750136045e-05, 'epochs_finetune': 33, 'weight_decay': 0.01784135875709487, 'batch_size': 64, 'patience': 16, 'scheduler_patience': 7, 'scheduler_factor': 0.7589462013523363, 'pos_weight_multiplier': 1.0262533192549936, 'num_layers': 4, 'base_filters': 32, 'dropout': 0.2548083538111856, 'kernel_size': 7}. Best is trial 0 with value: 0.9722430607651913.
[I 2026-04-18 11:42:10,358] Trial 36 finished with value: 0.3728813559322034 and parameters: {'lr_finetune': 1.0150834177291264e-05, 'epochs_finetune': 57, 'weight_decay': 0.008895297700132542, 'batch_size': 128, 'patience': 14, 'scheduler_patience': 8, 'scheduler_factor': 0.518332836271899, 'pos_weight_multiplier': 0.8833508719291646, 'num_layers': 2, 'base_filters': 16, 'dropout': 0.4022569109538573, 'kernel_size': 7}. Best is trial 0 with value: 0.9722430607651913.
[I 2026-04-18 11:42:11,573] Trial 37 finished with value: 0.9722430607651913 and parameters: {'lr_finetune': 0.00011988259056101906, 'epochs_finetune': 42, 'weight_decay': 0.053514955907472773, 'batch_size': 32, 'patience': 18, 'scheduler_patience': 2, 'scheduler_factor': 0.5593523168565256, 'pos_weight_multiplier': 1.6032820906883192, 'num_layers': 3, 'base_filters': 64, 'dropout': 0.32827813947880335, 'kernel_size': 5}. Best is trial 0 with value: 0.9722430607651913.
[I 2026-04-18 11:42:12,014] Trial 38 finished with value: 0.3728813559322034 and parameters: {'lr_finetune': 6.571279978697379e-05, 'epochs_finetune': 48, 'weight_decay': 0.0026679040256458956, 'batch_size': 128, 'patience': 15, 'scheduler_patience': 8, 'scheduler_factor': 0.18515454961507544, 'pos_weight_multiplier': 2.4734405186506145, 'num_layers': 2, 'base_filters': 32, 'dropout': 0.27305341170162817, 'kernel_size': 3}. Best is trial 0 with value: 0.9722430607651913.
[I 2026-04-18 11:42:12,989] Trial 39 finished with value: 0.9722430607651913 and parameters: {'lr_finetune': 0.0003271908804793331, 'epochs_finetune': 60, 'weight_decay': 0.020694984880611497, 'batch_size': 32, 'patience': 12, 'scheduler_patience': 6, 'scheduler_factor': 0.6606815933528369, 'pos_weight_multiplier': 1.1079539204477997, 'num_layers': 3, 'base_filters': 64, 'dropout': 0.22802113672266874, 'kernel_size': 7}. Best is trial 0 with value: 0.9722430607651913.
[I 2026-04-18 11:42:13,546] Trial 40 finished with value: 0.3728813559322034 and parameters: {'lr_finetune': 0.0001922947972831054, 'epochs_finetune': 40, 'weight_decay': 0.04167349810566548, 'batch_size': 128, 'patience': 18, 'scheduler_patience': 3, 'scheduler_factor': 0.734045339060029, 'pos_weight_multiplier': 1.3155441875323899, 'num_layers': 4, 'base_filters': 16, 'dropout': 0.2029451803337039, 'kernel_size': 7}. Best is trial 0 with value: 0.9722430607651913.
[I 2026-04-18 11:42:14,366] Trial 41 finished with value: 0.9722430607651913 and parameters: {'lr_finetune': 0.00047688504779166947, 'epochs_finetune': 75, 'weight_decay': 0.0009308821450825514, 'batch_size': 32, 'patience': 12, 'scheduler_patience': 6, 'scheduler_factor': 0.5819328129536395, 'pos_weight_multiplier': 1.124250931958287, 'num_layers': 2, 'base_filters': 16, 'dropout': 0.32169214865831314, 'kernel_size': 5}. Best is trial 0 with value: 0.9722430607651913.
[I 2026-04-18 11:42:15,235] Trial 42 finished with value: 0.9722430607651913 and parameters: {'lr_finetune': 0.00013379637352684142, 'epochs_finetune': 78, 'weight_decay': 0.0005945001877327306, 'batch_size': 32, 'patience': 10, 'scheduler_patience': 6, 'scheduler_factor': 0.546816866883033, 'pos_weight_multiplier': 0.891027769434301, 'num_layers': 2, 'base_filters': 16, 'dropout': 0.3017984251117382, 'kernel_size': 5}. Best is trial 0 with value: 0.9722430607651913.
[I 2026-04-18 11:42:15,759] Trial 43 finished with value: 0.3728813559322034 and parameters: {'lr_finetune': 0.0005901790309088853, 'epochs_finetune': 53, 'weight_decay': 0.00036414598165712935, 'batch_size': 32, 'patience': 13, 'scheduler_patience': 7, 'scheduler_factor': 0.4738063163385058, 'pos_weight_multiplier': 1.0374508961580924, 'num_layers': 2, 'base_filters': 16, 'dropout': 0.5671008099736378, 'kernel_size': 5}. Best is trial 0 with value: 0.9722430607651913.
[I 2026-04-18 11:42:16,666] Trial 44 finished with value: 0.9722430607651913 and parameters: {'lr_finetune': 0.0003745260991880412, 'epochs_finetune': 65, 'weight_decay': 0.0012583195059968919, 'batch_size': 32, 'patience': 15, 'scheduler_patience': 5, 'scheduler_factor': 0.4171382559954293, 'pos_weight_multiplier': 1.3959886630483451, 'num_layers': 2, 'base_filters': 16, 'dropout': 0.2492740247541607, 'kernel_size': 5}. Best is trial 0 with value: 0.9722430607651913.
[I 2026-04-18 11:42:17,216] Trial 45 finished with value: 0.6213450292397661 and parameters: {'lr_finetune': 0.001084200662944815, 'epochs_finetune': 35, 'weight_decay': 0.003674785913849816, 'batch_size': 32, 'patience': 14, 'scheduler_patience': 7, 'scheduler_factor': 0.6178505650754065, 'pos_weight_multiplier': 0.6343954048347944, 'num_layers': 2, 'base_filters': 64, 'dropout': 0.5238242961838737, 'kernel_size': 5}. Best is trial 0 with value: 0.9722430607651913.
[I 2026-04-18 11:42:18,073] Trial 46 finished with value: 0.9722430607651913 and parameters: {'lr_finetune': 0.00023506599135948467, 'epochs_finetune': 43, 'weight_decay': 0.0022298073564250846, 'batch_size': 32, 'patience': 11, 'scheduler_patience': 6, 'scheduler_factor': 0.8267577913610605, 'pos_weight_multiplier': 1.175702342486118, 'num_layers': 2, 'base_filters': 16, 'dropout': 0.38024055462137907, 'kernel_size': 7}. Best is trial 0 with value: 0.9722430607651913.
[I 2026-04-18 11:42:18,687] Trial 47 finished with value: 0.3728813559322034 and parameters: {'lr_finetune': 2.846420484513303e-05, 'epochs_finetune': 70, 'weight_decay': 0.0007709846656021477, 'batch_size': 64, 'patience': 17, 'scheduler_patience': 8, 'scheduler_factor': 0.3496857117731068, 'pos_weight_multiplier': 1.5674784403039217, 'num_layers': 2, 'base_filters': 16, 'dropout': 0.28533079441586107, 'kernel_size': 5}. Best is trial 0 with value: 0.9722430607651913.
