[I 2026-04-18 12:30:05,855] Trial 130 finished with value: 0.977794448612153 and parameters: {'lr_finetune': 2.872240943583814e-05, 'epochs_finetune': 35, 'weight_decay': 0.00017432606990607055, 'batch_size': 32, 'patience': 20, 'scheduler_patience': 6, 'scheduler_factor': 0.8409863169930585, 'pos_weight_multiplier': 2.2908027495263767, 'num_layers': 3, 'base_filters': 64, 'dropout': 0.43591454515104633, 'kernel_size': 5}. Best is trial 0 with value: 0.977794448612153.
[I 2026-04-18 12:30:11,324] Trial 131 finished with value: 0.977794448612153 and parameters: {'lr_finetune': 0.0001306275053711178, 'epochs_finetune': 33, 'weight_decay': 0.0004427599940002241, 'batch_size': 32, 'patience': 20, 'scheduler_patience': 7, 'scheduler_factor': 0.8673511448154501, 'pos_weight_multiplier': 2.3195690111337552, 'num_layers': 4, 'base_filters': 64, 'dropout': 0.39415940418756223, 'kernel_size': 7}. Best is trial 0 with value: 0.977794448612153.
[I 2026-04-18 12:30:16,670] Trial 132 finished with value: 0.977794448612153 and parameters: {'lr_finetune': 4.782138415795729e-05, 'epochs_finetune': 32, 'weight_decay': 0.0002793149267354646, 'batch_size': 32, 'patience': 20, 'scheduler_patience': 7, 'scheduler_factor': 0.8277813175179382, 'pos_weight_multiplier': 2.1007851879028547, 'num_layers': 4, 'base_filters': 64, 'dropout': 0.4087895499658696, 'kernel_size': 7}. Best is trial 0 with value: 0.977794448612153.
[I 2026-04-18 12:30:19,750] Trial 133 pruned. 
[I 2026-04-18 12:30:20,436] Trial 134 pruned. 
[I 2026-04-18 12:30:26,625] Trial 135 finished with value: 0.977794448612153 and parameters: {'lr_finetune': 0.00016138544881813492, 'epochs_finetune': 69, 'weight_decay': 0.0015511394245586922, 'batch_size': 32, 'patience': 20, 'scheduler_patience': 7, 'scheduler_factor': 0.7823359025103579, 'pos_weight_multiplier': 2.836694858933043, 'num_layers': 4, 'base_filters': 64, 'dropout': 0.3693711234450936, 'kernel_size': 7}. Best is trial 0 with value: 0.977794448612153.
[I 2026-04-18 12:30:31,756] Trial 136 pruned. 
[I 2026-04-18 12:30:38,532] Trial 137 finished with value: 0.977794448612153 and parameters: {'lr_finetune': 0.00011699080851620198, 'epochs_finetune': 53, 'weight_decay': 0.0006409095496119653, 'batch_size': 32, 'patience': 19, 'scheduler_patience': 8, 'scheduler_factor': 0.8116990369492434, 'pos_weight_multiplier': 2.4620753689048036, 'num_layers': 4, 'base_filters': 64, 'dropout': 0.48273384282073534, 'kernel_size': 5}. Best is trial 0 with value: 0.977794448612153.
[I 2026-04-18 12:30:43,554] Trial 138 finished with value: 0.977794448612153 and parameters: {'lr_finetune': 8.378868072086495e-05, 'epochs_finetune': 30, 'weight_decay': 0.053197035483811654, 'batch_size': 32, 'patience': 20, 'scheduler_patience': 7, 'scheduler_factor': 0.8717488106154573, 'pos_weight_multiplier': 1.5739063067064796, 'num_layers': 4, 'base_filters': 64, 'dropout': 0.5587865673198145, 'kernel_size': 7}. Best is trial 0 with value: 0.977794448612153.
[I 2026-04-18 12:30:44,240] Trial 139 pruned. 
[I 2026-04-18 12:30:50,518] Trial 140 finished with value: 0.977794448612153 and parameters: {'lr_finetune': 5.529549735665681e-05, 'epochs_finetune': 48, 'weight_decay': 0.032165418016908615, 'batch_size': 32, 'patience': 18, 'scheduler_patience': 6, 'scheduler_factor': 0.7988060598829084, 'pos_weight_multiplier': 2.256223144967799, 'num_layers': 4, 'base_filters': 64, 'dropout': 0.4277002154487448, 'kernel_size': 7}. Best is trial 0 with value: 0.977794448612153.
[I 2026-04-18 12:30:56,315] Trial 141 finished with value: 0.977794448612153 and parameters: {'lr_finetune': 0.00025499757292647864, 'epochs_finetune': 38, 'weight_decay': 0.0009179896330044427, 'batch_size': 32, 'patience': 19, 'scheduler_patience': 5, 'scheduler_factor': 0.8808270194525532, 'pos_weight_multiplier': 2.4055741691914485, 'num_layers': 4, 'base_filters': 32, 'dropout': 0.4381256611375911, 'kernel_size': 7}. Best is trial 0 with value: 0.977794448612153.
[I 2026-04-18 12:31:02,292] Trial 142 finished with value: 0.977794448612153 and parameters: {'lr_finetune': 0.0005070568041241412, 'epochs_finetune': 39, 'weight_decay': 0.0004068877642677181, 'batch_size': 32, 'patience': 19, 'scheduler_patience': 6, 'scheduler_factor': 0.21924705136344175, 'pos_weight_multiplier': 2.490773973667623, 'num_layers': 4, 'base_filters': 32, 'dropout': 0.3824850924104564, 'kernel_size': 7}. Best is trial 0 with value: 0.977794448612153.
[I 2026-04-18 12:31:07,618] Trial 143 finished with value: 0.977794448612153 and parameters: {'lr_finetune': 0.0001902193630953337, 'epochs_finetune': 34, 'weight_decay': 0.0005145983100478127, 'batch_size': 32, 'patience': 20, 'scheduler_patience': 7, 'scheduler_factor': 0.8878421761251687, 'pos_weight_multiplier': 2.3432664152176024, 'num_layers': 4, 'base_filters': 32, 'dropout': 0.47019494141724527, 'kernel_size': 7}. Best is trial 0 with value: 0.977794448612153.
[I 2026-04-18 12:31:12,531] Trial 144 finished with value: 0.9013059251509109 and parameters: {'lr_finetune': 9.936139065634038e-05, 'epochs_finetune': 35, 'weight_decay': 0.08927994499370946, 'batch_size': 32, 'patience': 15, 'scheduler_patience': 5, 'scheduler_factor': 0.8546488501160144, 'pos_weight_multiplier': 2.54004486049253, 'num_layers': 4, 'base_filters': 32, 'dropout': 0.44917727751289044, 'kernel_size': 7}. Best is trial 0 with value: 0.977794448612153.
[I 2026-04-18 12:31:13,784] Trial 145 pruned. 
[I 2026-04-18 12:31:19,879] Trial 146 finished with value: 0.977794448612153 and parameters: {'lr_finetune': 0.0002969785117714735, 'epochs_finetune': 37, 'weight_decay': 0.0003109010218158288, 'batch_size': 32, 'patience': 18, 'scheduler_patience': 4, 'scheduler_factor': 0.664487167024322, 'pos_weight_multiplier': 2.6992142881711, 'num_layers': 4, 'base_filters': 64, 'dropout': 0.4235908443274578, 'kernel_size': 5}. Best is trial 0 with value: 0.977794448612153.
[I 2026-04-18 12:31:26,013] Trial 147 finished with value: 0.977794448612153 and parameters: {'lr_finetune': 3.4342634349439246e-05, 'epochs_finetune': 51, 'weight_decay': 0.000675014964201899, 'batch_size': 32, 'patience': 17, 'scheduler_patience': 8, 'scheduler_factor': 0.8714505019678792, 'pos_weight_multiplier': 2.450515922956693, 'num_layers': 4, 'base_filters': 64, 'dropout': 0.29560073528370356, 'kernel_size': 7}. Best is trial 0 with value: 0.977794448612153.
[I 2026-04-18 12:31:32,161] Trial 148 finished with value: 0.977794448612153 and parameters: {'lr_finetune': 3.1463061228075446e-05, 'epochs_finetune': 42, 'weight_decay': 0.0005448927091274225, 'batch_size': 32, 'patience': 16, 'scheduler_patience': 7, 'scheduler_factor': 0.8990889238310301, 'pos_weight_multiplier': 2.9328036362765366, 'num_layers': 4, 'base_filters': 64, 'dropout': 0.44434183320908327, 'kernel_size': 5}. Best is trial 0 with value: 0.977794448612153.
[I 2026-04-18 12:31:33,395] Trial 149 pruned. 
