The following modules were not unloaded:
  (Use "module --force purge" to unload all):

  1) apps/2021
WARNING: You are using pip version 21.1.1; however, version 26.0.1 is available.
You should consider upgrading via the '/media/apps/avx512-2021/software/Python/3.9.5-GCCcore-10.3.0/bin/python3 -m pip install --upgrade pip' command.
[I 2026-04-18 12:19:39,975] A new study created in RDB with name: study_FINAL_cnn_ibd_pretrainFalse
[I 2026-04-18 12:19:52,813] Trial 0 finished with value: 0.977794448612153 and parameters: {'lr_finetune': 7.684803943636052e-05, 'epochs_finetune': 35, 'weight_decay': 0.05110920473821017, 'batch_size': 32, 'patience': 20, 'scheduler_patience': 8, 'scheduler_factor': 0.5844109197095921, 'pos_weight_multiplier': 2.5869746496000103, 'num_layers': 4, 'base_filters': 64, 'dropout': 0.4206036925137989, 'kernel_size': 7}. Best is trial 0 with value: 0.977794448612153.
[I 2026-04-18 12:19:54,018] Trial 1 finished with value: 0.41115085098135945 and parameters: {'lr_finetune': 0.00016877037797255131, 'epochs_finetune': 63, 'weight_decay': 0.00013930948166276084, 'batch_size': 128, 'patience': 11, 'scheduler_patience': 4, 'scheduler_factor': 0.2457228235063239, 'pos_weight_multiplier': 0.6156321869907168, 'num_layers': 3, 'base_filters': 32, 'dropout': 0.3554637680221374, 'kernel_size': 7}. Best is trial 0 with value: 0.977794448612153.
[I 2026-04-18 12:19:56,855] Trial 2 finished with value: 0.7849312960040261 and parameters: {'lr_finetune': 0.00032979031912209474, 'epochs_finetune': 59, 'weight_decay': 0.0025115638571967724, 'batch_size': 64, 'patience': 15, 'scheduler_patience': 7, 'scheduler_factor': 0.5379154894538182, 'pos_weight_multiplier': 1.0476912836487773, 'num_layers': 2, 'base_filters': 32, 'dropout': 0.34416019747482907, 'kernel_size': 7}. Best is trial 0 with value: 0.977794448612153.
[I 2026-04-18 12:19:58,849] Trial 3 finished with value: 0.5228086137333788 and parameters: {'lr_finetune': 0.004448918510314746, 'epochs_finetune': 37, 'weight_decay': 0.029708684713393333, 'batch_size': 64, 'patience': 14, 'scheduler_patience': 2, 'scheduler_factor': 0.7689132978227307, 'pos_weight_multiplier': 0.8073107350475579, 'num_layers': 2, 'base_filters': 32, 'dropout': 0.36030577028867256, 'kernel_size': 3}. Best is trial 0 with value: 0.977794448612153.
[I 2026-04-18 12:20:00,032] Trial 4 finished with value: 0.4574855417985602 and parameters: {'lr_finetune': 9.419716101550852e-05, 'epochs_finetune': 63, 'weight_decay': 0.04507178917951915, 'batch_size': 128, 'patience': 10, 'scheduler_patience': 6, 'scheduler_factor': 0.10318157045882481, 'pos_weight_multiplier': 2.5388935508185746, 'num_layers': 3, 'base_filters': 64, 'dropout': 0.5772452138844274, 'kernel_size': 3}. Best is trial 0 with value: 0.977794448612153.
[I 2026-04-18 12:20:03,789] Trial 5 finished with value: 0.8799296873907917 and parameters: {'lr_finetune': 0.0015304472221896242, 'epochs_finetune': 79, 'weight_decay': 0.005830238770253898, 'batch_size': 32, 'patience': 13, 'scheduler_patience': 5, 'scheduler_factor': 0.5840924240275228, 'pos_weight_multiplier': 2.1919738381868976, 'num_layers': 2, 'base_filters': 16, 'dropout': 0.22861573212745015, 'kernel_size': 3}. Best is trial 0 with value: 0.977794448612153.
[I 2026-04-18 12:20:08,836] Trial 6 finished with value: 0.8727778905847015 and parameters: {'lr_finetune': 2.0797869220065355e-05, 'epochs_finetune': 37, 'weight_decay': 0.0019490345997161388, 'batch_size': 32, 'patience': 17, 'scheduler_patience': 7, 'scheduler_factor': 0.4996025411711734, 'pos_weight_multiplier': 1.3162341900310963, 'num_layers': 3, 'base_filters': 16, 'dropout': 0.32693487995641723, 'kernel_size': 7}. Best is trial 0 with value: 0.977794448612153.
[I 2026-04-18 12:20:09,228] Trial 7 pruned. 
[I 2026-04-18 12:20:09,620] Trial 8 pruned. 
[I 2026-04-18 12:20:10,067] Trial 9 pruned. 
[I 2026-04-18 12:20:16,782] Trial 10 finished with value: 0.9666916729182295 and parameters: {'lr_finetune': 1.7944787948303785e-05, 'epochs_finetune': 46, 'weight_decay': 0.09845744294577663, 'batch_size': 32, 'patience': 20, 'scheduler_patience': 8, 'scheduler_factor': 0.6932052003379752, 'pos_weight_multiplier': 2.924580347886798, 'num_layers': 4, 'base_filters': 64, 'dropout': 0.49719424403941975, 'kernel_size': 5}. Best is trial 0 with value: 0.977794448612153.
[I 2026-04-18 12:20:24,487] Trial 11 finished with value: 0.949182925611268 and parameters: {'lr_finetune': 1.0362288743221273e-05, 'epochs_finetune': 47, 'weight_decay': 0.09684963230911692, 'batch_size': 32, 'patience': 20, 'scheduler_patience': 8, 'scheduler_factor': 0.6439752496723002, 'pos_weight_multiplier': 2.9927262079038117, 'num_layers': 4, 'base_filters': 64, 'dropout': 0.4850977993095671, 'kernel_size': 5}. Best is trial 0 with value: 0.977794448612153.
[I 2026-04-18 12:20:31,270] Trial 12 finished with value: 0.977794448612153 and parameters: {'lr_finetune': 3.487420068993671e-05, 'epochs_finetune': 46, 'weight_decay': 0.08612522743914383, 'batch_size': 32, 'patience': 19, 'scheduler_patience': 8, 'scheduler_factor': 0.8416512695752815, 'pos_weight_multiplier': 2.998270288237386, 'num_layers': 4, 'base_filters': 64, 'dropout': 0.47328016826373676, 'kernel_size': 5}. Best is trial 0 with value: 0.977794448612153.
[I 2026-04-18 12:20:37,698] Trial 13 finished with value: 0.977794448612153 and parameters: {'lr_finetune': 4.2796830487797355e-05, 'epochs_finetune': 46, 'weight_decay': 0.02162629114408527, 'batch_size': 32, 'patience': 17, 'scheduler_patience': 8, 'scheduler_factor': 0.8939949250585326, 'pos_weight_multiplier': 2.042608768309184, 'num_layers': 4, 'base_filters': 64, 'dropout': 0.4805941877070304, 'kernel_size': 5}. Best is trial 0 with value: 0.977794448612153.
[I 2026-04-18 12:20:42,729] Trial 14 finished with value: 0.977794448612153 and parameters: {'lr_finetune': 0.00011656972140160204, 'epochs_finetune': 30, 'weight_decay': 0.0006257052956211962, 'batch_size': 32, 'patience': 20, 'scheduler_patience': 7, 'scheduler_factor': 0.8304896923859926, 'pos_weight_multiplier': 2.6313861795844273, 'num_layers': 4, 'base_filters': 64, 'dropout': 0.4686947713314035, 'kernel_size': 7}. Best is trial 0 with value: 0.977794448612153.
[I 2026-04-18 12:20:43,216] Trial 15 pruned. 
[I 2026-04-18 12:20:44,464] Trial 16 pruned. 
[I 2026-04-18 12:20:51,097] Trial 17 finished with value: 0.977794448612153 and parameters: {'lr_finetune': 2.3854987976870896e-05, 'epochs_finetune': 52, 'weight_decay': 0.0009858350915269583, 'batch_size': 32, 'patience': 19, 'scheduler_patience': 8, 'scheduler_factor': 0.8761702663231361, 'pos_weight_multiplier': 2.1351086966348154, 'num_layers': 4, 'base_filters': 64, 'dropout': 0.4244533990287268, 'kernel_size': 7}. Best is trial 0 with value: 0.977794448612153.
[I 2026-04-18 12:20:52,603] Trial 18 pruned. 
[I 2026-04-18 12:20:53,239] Trial 19 pruned. 
[I 2026-04-18 12:20:53,592] Trial 20 pruned. 
[I 2026-04-18 12:20:58,646] Trial 21 pruned. 
[I 2026-04-18 12:21:05,164] Trial 22 finished with value: 0.977794448612153 and parameters: {'lr_finetune': 4.177630506255108e-05, 'epochs_finetune': 43, 'weight_decay': 0.06854526159884228, 'batch_size': 32, 'patience': 18, 'scheduler_patience': 8, 'scheduler_factor': 0.8870685896808231, 'pos_weight_multiplier': 2.8401280003166547, 'num_layers': 4, 'base_filters': 64, 'dropout': 0.5303372924036308, 'kernel_size': 5}. Best is trial 0 with value: 0.977794448612153.
[I 2026-04-18 12:21:11,357] Trial 23 finished with value: 0.977794448612153 and parameters: {'lr_finetune': 8.740080900132535e-05, 'epochs_finetune': 49, 'weight_decay': 0.023433915727543084, 'batch_size': 32, 'patience': 16, 'scheduler_patience': 7, 'scheduler_factor': 0.8055146066813942, 'pos_weight_multiplier': 2.0593938845325237, 'num_layers': 4, 'base_filters': 64, 'dropout': 0.3934979155338812, 'kernel_size': 5}. Best is trial 0 with value: 0.977794448612153.
[I 2026-04-18 12:21:17,945] Trial 24 finished with value: 0.977794448612153 and parameters: {'lr_finetune': 2.855007220778317e-05, 'epochs_finetune': 40, 'weight_decay': 0.03652346863764353, 'batch_size': 32, 'patience': 19, 'scheduler_patience': 8, 'scheduler_factor': 0.683535361292881, 'pos_weight_multiplier': 2.3706553722689847, 'num_layers': 4, 'base_filters': 64, 'dropout': 0.4973618730751701, 'kernel_size': 5}. Best is trial 0 with value: 0.977794448612153.
[I 2026-04-18 12:21:23,788] Trial 25 finished with value: 0.977794448612153 and parameters: {'lr_finetune': 5.8933633105832536e-05, 'epochs_finetune': 45, 'weight_decay': 0.011237178114682923, 'batch_size': 32, 'patience': 19, 'scheduler_patience': 7, 'scheduler_factor': 0.7396206030352223, 'pos_weight_multiplier': 1.6396536307806089, 'num_layers': 3, 'base_filters': 64, 'dropout': 0.432226976268869, 'kernel_size': 5}. Best is trial 0 with value: 0.977794448612153.
[I 2026-04-18 12:21:29,249] Trial 26 finished with value: 0.977794448612153 and parameters: {'lr_finetune': 1.5524354135898702e-05, 'epochs_finetune': 32, 'weight_decay': 0.005292122674673212, 'batch_size': 32, 'patience': 17, 'scheduler_patience': 6, 'scheduler_factor': 0.8967175054368867, 'pos_weight_multiplier': 2.719158692131142, 'num_layers': 4, 'base_filters': 64, 'dropout': 0.4722900069881824, 'kernel_size': 5}. Best is trial 0 with value: 0.977794448612153.
[I 2026-04-18 12:21:36,029] Trial 27 finished with value: 0.977794448612153 and parameters: {'lr_finetune': 0.00017811485949908635, 'epochs_finetune': 51, 'weight_decay': 0.07007891372350485, 'batch_size': 32, 'patience': 20, 'scheduler_patience': 8, 'scheduler_factor': 0.37716767113693545, 'pos_weight_multiplier': 2.374549788539727, 'num_layers': 4, 'base_filters': 64, 'dropout': 0.3044493858571902, 'kernel_size': 5}. Best is trial 0 with value: 0.977794448612153.
[I 2026-04-18 12:21:36,494] Trial 28 pruned. 
[I 2026-04-18 12:21:37,083] Trial 29 pruned. 
[I 2026-04-18 12:21:37,464] Trial 30 pruned. 
[I 2026-04-18 12:21:42,514] Trial 31 finished with value: 0.977794448612153 and parameters: {'lr_finetune': 0.00012355489040051417, 'epochs_finetune': 30, 'weight_decay': 0.0006430160622224159, 'batch_size': 32, 'patience': 20, 'scheduler_patience': 7, 'scheduler_factor': 0.8293784645945196, 'pos_weight_multiplier': 2.595657131892578, 'num_layers': 4, 'base_filters': 64, 'dropout': 0.45889765815806477, 'kernel_size': 7}. Best is trial 0 with value: 0.977794448612153.
[I 2026-04-18 12:21:47,694] Trial 32 finished with value: 0.977794448612153 and parameters: {'lr_finetune': 0.00025599548766730917, 'epochs_finetune': 30, 'weight_decay': 0.00010203074616256085, 'batch_size': 32, 'patience': 19, 'scheduler_patience': 8, 'scheduler_factor': 0.8098949344774378, 'pos_weight_multiplier': 2.606254764925572, 'num_layers': 4, 'base_filters': 64, 'dropout': 0.50914205598074, 'kernel_size': 7}. Best is trial 0 with value: 0.977794448612153.
[I 2026-04-18 12:21:53,457] Trial 33 finished with value: 0.977794448612153 and parameters: {'lr_finetune': 9.26038178398495e-05, 'epochs_finetune': 35, 'weight_decay': 0.00034647803479545677, 'batch_size': 32, 'patience': 20, 'scheduler_patience': 7, 'scheduler_factor': 0.8403532349203002, 'pos_weight_multiplier': 2.3037385626498983, 'num_layers': 4, 'base_filters': 64, 'dropout': 0.4127477143527303, 'kernel_size': 7}. Best is trial 0 with value: 0.977794448612153.
[I 2026-04-18 12:21:54,026] Trial 34 pruned. 
[I 2026-04-18 12:22:00,013] Trial 35 finished with value: 0.977794448612153 and parameters: {'lr_finetune': 0.0002601045930160482, 'epochs_finetune': 38, 'weight_decay': 0.0004444802732850058, 'batch_size': 32, 'patience': 19, 'scheduler_patience': 6, 'scheduler_factor': 0.8993149588979095, 'pos_weight_multiplier': 2.4859136474355896, 'num_layers': 4, 'base_filters': 32, 'dropout': 0.4414278635448244, 'kernel_size': 7}. Best is trial 0 with value: 0.977794448612153.
[I 2026-04-18 12:22:03,688] Trial 36 pruned. 
[I 2026-04-18 12:22:08,451] Trial 37 finished with value: 0.977794448612153 and parameters: {'lr_finetune': 4.5836472343259394e-05, 'epochs_finetune': 44, 'weight_decay': 0.0029129379193704743, 'batch_size': 32, 'patience': 17, 'scheduler_patience': 8, 'scheduler_factor': 0.6596478614304673, 'pos_weight_multiplier': 2.671558271892295, 'num_layers': 2, 'base_filters': 64, 'dropout': 0.3426609127971991, 'kernel_size': 7}. Best is trial 0 with value: 0.977794448612153.
[I 2026-04-18 12:22:09,144] Trial 38 pruned. 
[I 2026-04-18 12:22:10,900] Trial 39 pruned. 
[I 2026-04-18 12:22:11,340] Trial 40 pruned. 
[I 2026-04-18 12:22:17,911] Trial 41 finished with value: 0.977794448612153 and parameters: {'lr_finetune': 2.851083041090567e-05, 'epochs_finetune': 50, 'weight_decay': 0.0007387075634386572, 'batch_size': 32, 'patience': 19, 'scheduler_patience': 8, 'scheduler_factor': 0.853769752556259, 'pos_weight_multiplier': 2.0718092689660343, 'num_layers': 4, 'base_filters': 64, 'dropout': 0.43714068751185503, 'kernel_size': 7}. Best is trial 0 with value: 0.977794448612153.
[I 2026-04-18 12:22:23,415] Trial 42 finished with value: 0.977794448612153 and parameters: {'lr_finetune': 2.289164877565863e-05, 'epochs_finetune': 33, 'weight_decay': 0.0013341463078356995, 'batch_size': 32, 'patience': 20, 'scheduler_patience': 8, 'scheduler_factor': 0.8599633503419549, 'pos_weight_multiplier': 2.5060440313786287, 'num_layers': 4, 'base_filters': 64, 'dropout': 0.4238225589268735, 'kernel_size': 7}. Best is trial 0 with value: 0.977794448612153.
[I 2026-04-18 12:22:29,978] Trial 43 finished with value: 0.977794448612153 and parameters: {'lr_finetune': 5.1312822322619306e-05, 'epochs_finetune': 52, 'weight_decay': 0.001403158423937771, 'batch_size': 32, 'patience': 19, 'scheduler_patience': 8, 'scheduler_factor': 0.722285089509254, 'pos_weight_multiplier': 2.176444614781817, 'num_layers': 4, 'base_filters': 64, 'dropout': 0.4612033790688632, 'kernel_size': 7}. Best is trial 0 with value: 0.977794448612153.
[I 2026-04-18 12:22:36,240] Trial 44 finished with value: 0.977794448612153 and parameters: {'lr_finetune': 6.648943013251807e-05, 'epochs_finetune': 55, 'weight_decay': 0.0008588278991160254, 'batch_size': 32, 'patience': 17, 'scheduler_patience': 7, 'scheduler_factor': 0.7857890632249173, 'pos_weight_multiplier': 1.8495037865490227, 'num_layers': 4, 'base_filters': 64, 'dropout': 0.2064482939509837, 'kernel_size': 7}. Best is trial 0 with value: 0.977794448612153.
[I 2026-04-18 12:22:43,379] Trial 45 finished with value: 0.977794448612153 and parameters: {'lr_finetune': 1.45917952457546e-05, 'epochs_finetune': 47, 'weight_decay': 0.0019375196010027928, 'batch_size': 32, 'patience': 20, 'scheduler_patience': 8, 'scheduler_factor': 0.8544270706576401, 'pos_weight_multiplier': 2.1570630687196104, 'num_layers': 4, 'base_filters': 64, 'dropout': 0.4908971184228031, 'kernel_size': 7}. Best is trial 0 with value: 0.977794448612153.
[I 2026-04-18 12:22:49,783] Trial 46 finished with value: 0.9723339316972099 and parameters: {'lr_finetune': 2.1868376684801198e-05, 'epochs_finetune': 67, 'weight_decay': 0.00038245368567606003, 'batch_size': 32, 'patience': 18, 'scheduler_patience': 7, 'scheduler_factor': 0.7625792339529787, 'pos_weight_multiplier': 1.9510543674393814, 'num_layers': 4, 'base_filters': 64, 'dropout': 0.5209455408153585, 'kernel_size': 3}. Best is trial 0 with value: 0.977794448612153.
[I 2026-04-18 12:22:50,315] Trial 47 pruned. 
[I 2026-04-18 12:22:56,430] Trial 48 finished with value: 0.977794448612153 and parameters: {'lr_finetune': 0.00037933083077341804, 'epochs_finetune': 60, 'weight_decay': 0.0005573063530003346, 'batch_size': 32, 'patience': 18, 'scheduler_patience': 8, 'scheduler_factor': 0.8234433079407364, 'pos_weight_multiplier': 1.0426313129000029, 'num_layers': 4, 'base_filters': 16, 'dropout': 0.3446689057252754, 'kernel_size': 7}. Best is trial 0 with value: 0.977794448612153.
[I 2026-04-18 12:22:59,116] Trial 49 pruned. 
[I 2026-04-18 12:23:05,337] Trial 50 finished with value: 0.977794448612153 and parameters: {'lr_finetune': 0.00018310808658014336, 'epochs_finetune': 53, 'weight_decay': 0.03605628764550747, 'batch_size': 32, 'patience': 16, 'scheduler_patience': 7, 'scheduler_factor': 0.44157894085354465, 'pos_weight_multiplier': 0.7281941833948318, 'num_layers': 4, 'base_filters': 64, 'dropout': 0.5687769776582999, 'kernel_size': 7}. Best is trial 0 with value: 0.977794448612153.
[I 2026-04-18 12:23:12,062] Trial 51 finished with value: 0.977794448612153 and parameters: {'lr_finetune': 4.3909133695268116e-05, 'epochs_finetune': 46, 'weight_decay': 0.07399670079826501, 'batch_size': 32, 'patience': 18, 'scheduler_patience': 8, 'scheduler_factor': 0.8989072349959557, 'pos_weight_multiplier': 2.8486082483320128, 'num_layers': 4, 'base_filters': 64, 'dropout': 0.5261383495401158, 'kernel_size': 5}. Best is trial 0 with value: 0.977794448612153.
[I 2026-04-18 12:23:18,516] Trial 52 finished with value: 0.966937854197474 and parameters: {'lr_finetune': 1.2352536096214338e-05, 'epochs_finetune': 40, 'weight_decay': 0.058282287487650575, 'batch_size': 32, 'patience': 19, 'scheduler_patience': 8, 'scheduler_factor': 0.8738899491857558, 'pos_weight_multiplier': 2.648483664581793, 'num_layers': 4, 'base_filters': 64, 'dropout': 0.47917057427161963, 'kernel_size': 5}. Best is trial 0 with value: 0.977794448612153.
[I 2026-04-18 12:23:25,251] Trial 53 finished with value: 0.977794448612153 and parameters: {'lr_finetune': 7.337713397916653e-05, 'epochs_finetune': 49, 'weight_decay': 0.04002213245178486, 'batch_size': 32, 'patience': 20, 'scheduler_patience': 8, 'scheduler_factor': 0.8189112641301572, 'pos_weight_multiplier': 2.445388373952169, 'num_layers': 4, 'base_filters': 64, 'dropout': 0.4500525723837529, 'kernel_size': 5}. Best is trial 0 with value: 0.977794448612153.
[I 2026-04-18 12:23:31,802] Trial 54 finished with value: 0.977794448612153 and parameters: {'lr_finetune': 3.7117896757518446e-05, 'epochs_finetune': 44, 'weight_decay': 0.025476720427613033, 'batch_size': 32, 'patience': 17, 'scheduler_patience': 7, 'scheduler_factor': 0.7074081622090846, 'pos_weight_multiplier': 2.756965890380095, 'num_layers': 4, 'base_filters': 64, 'dropout': 0.39979474552921773, 'kernel_size': 5}. Best is trial 0 with value: 0.977794448612153.
[I 2026-04-18 12:23:32,436] Trial 55 pruned. 
[I 2026-04-18 12:23:33,061] Trial 56 pruned. 
[I 2026-04-18 12:23:40,164] Trial 57 finished with value: 0.977794448612153 and parameters: {'lr_finetune': 1.9732172671042307e-05, 'epochs_finetune': 42, 'weight_decay': 0.02175179239817726, 'batch_size': 32, 'patience': 20, 'scheduler_patience': 8, 'scheduler_factor': 0.8359410640643395, 'pos_weight_multiplier': 2.2584160404824907, 'num_layers': 4, 'base_filters': 64, 'dropout': 0.463226998209702, 'kernel_size': 5}. Best is trial 0 with value: 0.977794448612153.
[I 2026-04-18 12:23:45,117] Trial 58 finished with value: 0.977794448612153 and parameters: {'lr_finetune': 3.558186145583773e-05, 'epochs_finetune': 32, 'weight_decay': 0.00025251927534697475, 'batch_size': 32, 'patience': 19, 'scheduler_patience': 8, 'scheduler_factor': 0.8752977752732737, 'pos_weight_multiplier': 2.440086112795915, 'num_layers': 3, 'base_filters': 64, 'dropout': 0.49642302762149065, 'kernel_size': 5}. Best is trial 0 with value: 0.977794448612153.
[I 2026-04-18 12:23:45,644] Trial 59 pruned. 
[I 2026-04-18 12:23:51,957] Trial 60 finished with value: 0.977794448612153 and parameters: {'lr_finetune': 0.0001096752870463009, 'epochs_finetune': 57, 'weight_decay': 0.004118326387773828, 'batch_size': 32, 'patience': 16, 'scheduler_patience': 2, 'scheduler_factor': 0.7611682448930014, 'pos_weight_multiplier': 1.5332870693438139, 'num_layers': 4, 'base_filters': 32, 'dropout': 0.5658509838474316, 'kernel_size': 7}. Best is trial 0 with value: 0.977794448612153.
[I 2026-04-18 12:23:59,887] Trial 61 finished with value: 0.977794448612153 and parameters: {'lr_finetune': 9.059836380148911e-05, 'epochs_finetune': 50, 'weight_decay': 0.021373089316586547, 'batch_size': 32, 'patience': 16, 'scheduler_patience': 7, 'scheduler_factor': 0.876795869350374, 'pos_weight_multiplier': 2.1026353715287383, 'num_layers': 4, 'base_filters': 64, 'dropout': 0.37761475857022353, 'kernel_size': 5}. Best is trial 0 with value: 0.977794448612153.
[I 2026-04-18 12:24:18,816] Trial 62 finished with value: 0.977794448612153 and parameters: {'lr_finetune': 0.0001475501679697866, 'epochs_finetune': 52, 'weight_decay': 0.031718045671403974, 'batch_size': 32, 'patience': 17, 'scheduler_patience': 8, 'scheduler_factor': 0.7955420718448158, 'pos_weight_multiplier': 1.9490697478836247, 'num_layers': 4, 'base_filters': 64, 'dropout': 0.40092242700729264, 'kernel_size': 5}. Best is trial 0 with value: 0.977794448612153.
[I 2026-04-18 12:24:23,043] Trial 63 pruned. 
[I 2026-04-18 12:24:29,643] Trial 64 finished with value: 0.977794448612153 and parameters: {'lr_finetune': 7.029986939450537e-05, 'epochs_finetune': 39, 'weight_decay': 0.008102720790833916, 'batch_size': 32, 'patience': 19, 'scheduler_patience': 5, 'scheduler_factor': 0.7476827521806768, 'pos_weight_multiplier': 2.7251937842762173, 'num_layers': 4, 'base_filters': 64, 'dropout': 0.42879442973377446, 'kernel_size': 5}. Best is trial 0 with value: 0.977794448612153.
[I 2026-04-18 12:24:34,421] Trial 65 pruned. 
[I 2026-04-18 12:24:41,320] Trial 66 finished with value: 0.977794448612153 and parameters: {'lr_finetune': 0.0010486902654449457, 'epochs_finetune': 44, 'weight_decay': 0.002122618565167974, 'batch_size': 32, 'patience': 17, 'scheduler_patience': 8, 'scheduler_factor': 0.8115774765894183, 'pos_weight_multiplier': 1.99812291371513, 'num_layers': 4, 'base_filters': 64, 'dropout': 0.3192605862375273, 'kernel_size': 7}. Best is trial 0 with value: 0.977794448612153.
[I 2026-04-18 12:24:41,855] Trial 67 pruned. 
