[I 2026-04-17 16:06:05,333] Trial 121 finished with value: 0.977794448612153 and parameters: {'lr_finetune': 0.00010146062537680635, 'epochs_finetune': 49, 'weight_decay': 0.00044655599352894673, 'batch_size': 32, 'patience': 13, 'scheduler_patience': 6, 'scheduler_factor': 0.6983929886615051, 'pos_weight_multiplier': 1.8243672480756516, 'num_layers': 2, 'base_filters': 64, 'dropout': 0.22862908262033588, 'kernel_size': 5}. Best is trial 13 with value: 0.977794448612153.
[I 2026-04-17 16:06:09,674] Trial 122 finished with value: 0.977794448612153 and parameters: {'lr_finetune': 6.859852391726985e-05, 'epochs_finetune': 52, 'weight_decay': 0.0006945484757332707, 'batch_size': 32, 'patience': 16, 'scheduler_patience': 6, 'scheduler_factor': 0.6704572159963498, 'pos_weight_multiplier': 1.9344413443051873, 'num_layers': 2, 'base_filters': 64, 'dropout': 0.522630121072903, 'kernel_size': 5}. Best is trial 13 with value: 0.977794448612153.
[I 2026-04-17 16:06:15,901] Trial 123 finished with value: 0.977794448612153 and parameters: {'lr_finetune': 0.0001198240183695602, 'epochs_finetune': 59, 'weight_decay': 0.007329681291231307, 'batch_size': 32, 'patience': 16, 'scheduler_patience': 6, 'scheduler_factor': 0.6245707133659977, 'pos_weight_multiplier': 1.9659608352413034, 'num_layers': 4, 'base_filters': 64, 'dropout': 0.23854977051182363, 'kernel_size': 5}. Best is trial 13 with value: 0.977794448612153.
[I 2026-04-17 16:06:20,566] Trial 124 finished with value: 0.977794448612153 and parameters: {'lr_finetune': 0.0001375667678568099, 'epochs_finetune': 46, 'weight_decay': 0.00036841396534551647, 'batch_size': 32, 'patience': 18, 'scheduler_patience': 5, 'scheduler_factor': 0.6530218173556727, 'pos_weight_multiplier': 2.070184612779096, 'num_layers': 2, 'base_filters': 64, 'dropout': 0.39724664390938086, 'kernel_size': 5}. Best is trial 13 with value: 0.977794448612153.
[I 2026-04-17 16:06:25,994] Trial 125 finished with value: 0.977794448612153 and parameters: {'lr_finetune': 8.177770727225793e-05, 'epochs_finetune': 48, 'weight_decay': 0.0002789018619668169, 'batch_size': 32, 'patience': 17, 'scheduler_patience': 7, 'scheduler_factor': 0.48197304768509774, 'pos_weight_multiplier': 1.6344573711897883, 'num_layers': 3, 'base_filters': 64, 'dropout': 0.2759983972744008, 'kernel_size': 5}. Best is trial 13 with value: 0.977794448612153.
[I 2026-04-17 16:06:30,401] Trial 126 finished with value: 0.8579221076455553 and parameters: {'lr_finetune': 0.0012393311224135276, 'epochs_finetune': 35, 'weight_decay': 0.010816136508826804, 'batch_size': 32, 'patience': 14, 'scheduler_patience': 6, 'scheduler_factor': 0.6876469811341276, 'pos_weight_multiplier': 1.230081935299526, 'num_layers': 3, 'base_filters': 32, 'dropout': 0.2567781695958816, 'kernel_size': 3}. Best is trial 13 with value: 0.977794448612153.
[I 2026-04-17 16:06:35,003] Trial 127 finished with value: 0.9425262935119122 and parameters: {'lr_finetune': 0.00015716701172059208, 'epochs_finetune': 43, 'weight_decay': 0.0008649151810656404, 'batch_size': 32, 'patience': 15, 'scheduler_patience': 5, 'scheduler_factor': 0.5915999122219198, 'pos_weight_multiplier': 1.3698345350824492, 'num_layers': 3, 'base_filters': 32, 'dropout': 0.48568119990414915, 'kernel_size': 3}. Best is trial 13 with value: 0.977794448612153.
[I 2026-04-17 16:06:35,535] Trial 128 pruned. 
[I 2026-04-17 16:06:40,524] Trial 129 finished with value: 0.977794448612153 and parameters: {'lr_finetune': 0.0001988462574864687, 'epochs_finetune': 50, 'weight_decay': 0.008833107956996942, 'batch_size': 32, 'patience': 19, 'scheduler_patience': 7, 'scheduler_factor': 0.7260636295298887, 'pos_weight_multiplier': 1.891217375765389, 'num_layers': 2, 'base_filters': 64, 'dropout': 0.5738046511989799, 'kernel_size': 3}. Best is trial 13 with value: 0.977794448612153.
[I 2026-04-17 16:06:46,337] Trial 130 finished with value: 0.977794448612153 and parameters: {'lr_finetune': 0.0006229637615820576, 'epochs_finetune': 38, 'weight_decay': 0.004217500510219421, 'batch_size': 32, 'patience': 18, 'scheduler_patience': 7, 'scheduler_factor': 0.5718496901416494, 'pos_weight_multiplier': 1.407660292899476, 'num_layers': 4, 'base_filters': 32, 'dropout': 0.22439300317245162, 'kernel_size': 5}. Best is trial 13 with value: 0.977794448612153.
[I 2026-04-17 16:06:51,081] Trial 131 pruned. 
[I 2026-04-17 16:06:56,869] Trial 132 finished with value: 0.977794448612153 and parameters: {'lr_finetune': 0.0008126616791674884, 'epochs_finetune': 41, 'weight_decay': 0.005396797971403582, 'batch_size': 32, 'patience': 18, 'scheduler_patience': 5, 'scheduler_factor': 0.6133270470710814, 'pos_weight_multiplier': 0.6149743129399313, 'num_layers': 3, 'base_filters': 32, 'dropout': 0.3618147009707285, 'kernel_size': 3}. Best is trial 13 with value: 0.977794448612153.
[I 2026-04-17 16:07:01,942] Trial 133 finished with value: 0.977794448612153 and parameters: {'lr_finetune': 0.0005559394688018581, 'epochs_finetune': 36, 'weight_decay': 0.00048363177191676574, 'batch_size': 32, 'patience': 19, 'scheduler_patience': 6, 'scheduler_factor': 0.6641976758174077, 'pos_weight_multiplier': 1.7250089960061825, 'num_layers': 3, 'base_filters': 32, 'dropout': 0.2636587346052662, 'kernel_size': 3}. Best is trial 13 with value: 0.977794448612153.
[I 2026-04-17 16:07:07,485] Trial 134 finished with value: 0.977794448612153 and parameters: {'lr_finetune': 0.00038832901623994524, 'epochs_finetune': 39, 'weight_decay': 0.00021425166232594568, 'batch_size': 32, 'patience': 18, 'scheduler_patience': 6, 'scheduler_factor': 0.7102712285347883, 'pos_weight_multiplier': 0.5272163321011712, 'num_layers': 3, 'base_filters': 32, 'dropout': 0.42107894275172514, 'kernel_size': 3}. Best is trial 13 with value: 0.977794448612153.
[I 2026-04-17 16:07:11,929] Trial 135 pruned. 
[I 2026-04-17 16:07:15,509] Trial 136 pruned. 
[I 2026-04-17 16:07:21,488] Trial 137 finished with value: 0.977794448612153 and parameters: {'lr_finetune': 0.0007054563266310374, 'epochs_finetune': 45, 'weight_decay': 0.0001521413963838139, 'batch_size': 32, 'patience': 19, 'scheduler_patience': 5, 'scheduler_factor': 0.6883348375547144, 'pos_weight_multiplier': 0.5577720279892865, 'num_layers': 3, 'base_filters': 32, 'dropout': 0.28695698642989753, 'kernel_size': 3}. Best is trial 13 with value: 0.977794448612153.
[I 2026-04-17 16:07:26,744] Trial 138 finished with value: 0.977794448612153 and parameters: {'lr_finetune': 9.249106117626045e-05, 'epochs_finetune': 38, 'weight_decay': 0.006940480720653737, 'batch_size': 32, 'patience': 17, 'scheduler_patience': 6, 'scheduler_factor': 0.8345347422570302, 'pos_weight_multiplier': 2.7231191657947202, 'num_layers': 3, 'base_filters': 32, 'dropout': 0.37153289672358536, 'kernel_size': 3}. Best is trial 13 with value: 0.977794448612153.
[I 2026-04-17 16:07:32,885] Trial 139 finished with value: 0.977794448612153 and parameters: {'lr_finetune': 0.00045320664508589263, 'epochs_finetune': 47, 'weight_decay': 0.013525877621184922, 'batch_size': 32, 'patience': 18, 'scheduler_patience': 2, 'scheduler_factor': 0.6490312140192422, 'pos_weight_multiplier': 1.0474686184943758, 'num_layers': 3, 'base_filters': 64, 'dropout': 0.3830255282545908, 'kernel_size': 7}. Best is trial 13 with value: 0.977794448612153.
[I 2026-04-17 16:07:35,423] Trial 140 pruned. 
[I 2026-04-17 16:07:41,219] Trial 141 finished with value: 0.977794448612153 and parameters: {'lr_finetune': 0.0010754663268411795, 'epochs_finetune': 53, 'weight_decay': 0.029091373035313457, 'batch_size': 32, 'patience': 15, 'scheduler_patience': 8, 'scheduler_factor': 0.865056861964169, 'pos_weight_multiplier': 0.8682577525585624, 'num_layers': 4, 'base_filters': 64, 'dropout': 0.3039946085147985, 'kernel_size': 3}. Best is trial 13 with value: 0.977794448612153.
[I 2026-04-17 16:07:47,352] Trial 142 finished with value: 0.977794448612153 and parameters: {'lr_finetune': 0.00134649255560939, 'epochs_finetune': 54, 'weight_decay': 0.025273605172198073, 'batch_size': 32, 'patience': 16, 'scheduler_patience': 8, 'scheduler_factor': 0.6188488953345019, 'pos_weight_multiplier': 1.1124644723245298, 'num_layers': 4, 'base_filters': 64, 'dropout': 0.33602274433028334, 'kernel_size': 3}. Best is trial 13 with value: 0.977794448612153.
[I 2026-04-17 16:07:53,551] Trial 143 finished with value: 0.977794448612153 and parameters: {'lr_finetune': 0.0009882830923348363, 'epochs_finetune': 51, 'weight_decay': 0.0006055631709955055, 'batch_size': 32, 'patience': 17, 'scheduler_patience': 8, 'scheduler_factor': 0.8239846342750755, 'pos_weight_multiplier': 0.785141909431321, 'num_layers': 4, 'base_filters': 64, 'dropout': 0.3125824399605593, 'kernel_size': 3}. Best is trial 13 with value: 0.977794448612153.
[I 2026-04-17 16:07:58,230] Trial 144 pruned. 
[I 2026-04-17 16:08:03,463] Trial 145 finished with value: 0.977794448612153 and parameters: {'lr_finetune': 0.00023971841338971367, 'epochs_finetune': 56, 'weight_decay': 0.00829183845485669, 'batch_size': 32, 'patience': 16, 'scheduler_patience': 7, 'scheduler_factor': 0.8408766112373423, 'pos_weight_multiplier': 0.6918746527027794, 'num_layers': 3, 'base_filters': 32, 'dropout': 0.2752051212252543, 'kernel_size': 3}. Best is trial 13 with value: 0.977794448612153.
[I 2026-04-17 16:08:03,841] Trial 146 pruned. 
[I 2026-04-17 16:08:09,281] Trial 147 finished with value: 0.977794448612153 and parameters: {'lr_finetune': 0.0022936593185391213, 'epochs_finetune': 54, 'weight_decay': 0.0407337306359346, 'batch_size': 32, 'patience': 16, 'scheduler_patience': 7, 'scheduler_factor': 0.17873706243633114, 'pos_weight_multiplier': 0.6202927420415013, 'num_layers': 3, 'base_filters': 32, 'dropout': 0.22035669712973915, 'kernel_size': 5}. Best is trial 13 with value: 0.977794448612153.
[I 2026-04-17 16:08:13,007] Trial 148 finished with value: 0.7042818396906918 and parameters: {'lr_finetune': 0.00032672930694391077, 'epochs_finetune': 40, 'weight_decay': 0.009769997999770283, 'batch_size': 32, 'patience': 12, 'scheduler_patience': 7, 'scheduler_factor': 0.635758335917498, 'pos_weight_multiplier': 1.3279033724133886, 'num_layers': 3, 'base_filters': 32, 'dropout': 0.3297861012378353, 'kernel_size': 3}. Best is trial 13 with value: 0.977794448612153.
[I 2026-04-17 16:08:17,524] Trial 149 finished with value: 0.977794448612153 and parameters: {'lr_finetune': 0.0007638464485679801, 'epochs_finetune': 48, 'weight_decay': 0.034281778930640744, 'batch_size': 32, 'patience': 19, 'scheduler_patience': 6, 'scheduler_factor': 0.8977080691382358, 'pos_weight_multiplier': 1.163921768983974, 'num_layers': 2, 'base_filters': 64, 'dropout': 0.20555085256802555, 'kernel_size': 3}. Best is trial 13 with value: 0.977794448612153.
