[I 2026-04-18 11:33:32,412] Trial 137 finished with value: 0.9722430607651913 and parameters: {'lr_finetune': 0.003433552260361343, 'epochs_finetune': 57, 'weight_decay': 0.0024634352716886862, 'batch_size': 32, 'patience': 17, 'scheduler_patience': 7, 'scheduler_factor': 0.4524705344547254, 'pos_weight_multiplier': 2.9150909670953373, 'num_layers': 2, 'base_filters': 64, 'dropout': 0.37686926911659996, 'kernel_size': 5}. Best is trial 0 with value: 0.9722430607651913.
[I 2026-04-18 11:33:33,687] Trial 138 finished with value: 0.9722430607651913 and parameters: {'lr_finetune': 3.184726206620501e-05, 'epochs_finetune': 38, 'weight_decay': 0.000337835006054818, 'batch_size': 32, 'patience': 20, 'scheduler_patience': 3, 'scheduler_factor': 0.8210783694853705, 'pos_weight_multiplier': 2.3293751665945672, 'num_layers': 3, 'base_filters': 64, 'dropout': 0.25025841012034716, 'kernel_size': 3}. Best is trial 0 with value: 0.9722430607651913.
[I 2026-04-18 11:33:34,242] Trial 139 finished with value: 0.827639751552795 and parameters: {'lr_finetune': 0.002367428118005121, 'epochs_finetune': 41, 'weight_decay': 0.0006508585241214924, 'batch_size': 64, 'patience': 14, 'scheduler_patience': 4, 'scheduler_factor': 0.16535381724916248, 'pos_weight_multiplier': 0.5109272981929811, 'num_layers': 2, 'base_filters': 64, 'dropout': 0.31367691318522506, 'kernel_size': 7}. Best is trial 0 with value: 0.9722430607651913.
[I 2026-04-18 11:33:35,636] Trial 140 finished with value: 0.9722430607651913 and parameters: {'lr_finetune': 0.0005299544536915195, 'epochs_finetune': 43, 'weight_decay': 0.03790729372657174, 'batch_size': 32, 'patience': 16, 'scheduler_patience': 6, 'scheduler_factor': 0.7654850978119592, 'pos_weight_multiplier': 1.5215825644721757, 'num_layers': 4, 'base_filters': 64, 'dropout': 0.3450581389778544, 'kernel_size': 3}. Best is trial 0 with value: 0.9722430607651913.
[I 2026-04-18 11:33:36,543] Trial 141 finished with value: 0.9722430607651913 and parameters: {'lr_finetune': 0.0001498869368727674, 'epochs_finetune': 41, 'weight_decay': 0.023353497110091277, 'batch_size': 64, 'patience': 14, 'scheduler_patience': 5, 'scheduler_factor': 0.6318753246980162, 'pos_weight_multiplier': 1.421595367048641, 'num_layers': 2, 'base_filters': 32, 'dropout': 0.33325898443592894, 'kernel_size': 3}. Best is trial 0 with value: 0.9722430607651913.
[I 2026-04-18 11:33:37,420] Trial 142 finished with value: 0.9722430607651913 and parameters: {'lr_finetune': 0.00016725195694711063, 'epochs_finetune': 39, 'weight_decay': 0.04449740940001199, 'batch_size': 64, 'patience': 15, 'scheduler_patience': 5, 'scheduler_factor': 0.6536583572354426, 'pos_weight_multiplier': 2.022168802614054, 'num_layers': 2, 'base_filters': 32, 'dropout': 0.35888629134845246, 'kernel_size': 3}. Best is trial 0 with value: 0.9722430607651913.
[I 2026-04-18 11:33:38,345] Trial 143 finished with value: 0.9722430607651913 and parameters: {'lr_finetune': 0.0002115438289446791, 'epochs_finetune': 42, 'weight_decay': 0.038563977779309956, 'batch_size': 64, 'patience': 14, 'scheduler_patience': 5, 'scheduler_factor': 0.6783542974987995, 'pos_weight_multiplier': 1.6169595470085116, 'num_layers': 2, 'base_filters': 32, 'dropout': 0.20090739375408312, 'kernel_size': 3}. Best is trial 0 with value: 0.9722430607651913.
[I 2026-04-18 11:33:38,858] Trial 144 finished with value: 0.8542159180457052 and parameters: {'lr_finetune': 0.00025720373800083255, 'epochs_finetune': 49, 'weight_decay': 0.04986781104180802, 'batch_size': 64, 'patience': 12, 'scheduler_patience': 5, 'scheduler_factor': 0.8707069626834089, 'pos_weight_multiplier': 1.7470072742682257, 'num_layers': 2, 'base_filters': 32, 'dropout': 0.43521629803501766, 'kernel_size': 3}. Best is trial 0 with value: 0.9722430607651913.
[I 2026-04-18 11:33:39,844] Trial 145 finished with value: 0.9722430607651913 and parameters: {'lr_finetune': 6.656581150641003e-05, 'epochs_finetune': 44, 'weight_decay': 0.029296209519141705, 'batch_size': 64, 'patience': 15, 'scheduler_patience': 8, 'scheduler_factor': 0.8569364359908935, 'pos_weight_multiplier': 1.5728810517949432, 'num_layers': 2, 'base_filters': 32, 'dropout': 0.4049070468542211, 'kernel_size': 3}. Best is trial 0 with value: 0.9722430607651913.
[I 2026-04-18 11:33:40,858] Trial 146 finished with value: 0.9722430607651913 and parameters: {'lr_finetune': 9.242977077244188e-05, 'epochs_finetune': 51, 'weight_decay': 0.05512329112682962, 'batch_size': 32, 'patience': 13, 'scheduler_patience': 4, 'scheduler_factor': 0.6152185826654853, 'pos_weight_multiplier': 2.2476468986561047, 'num_layers': 2, 'base_filters': 64, 'dropout': 0.28018361159624805, 'kernel_size': 5}. Best is trial 0 with value: 0.9722430607651913.
[I 2026-04-18 11:33:42,064] Trial 147 finished with value: 0.9722430607651913 and parameters: {'lr_finetune': 0.00046280125840099807, 'epochs_finetune': 40, 'weight_decay': 0.001816615713122415, 'batch_size': 32, 'patience': 18, 'scheduler_patience': 7, 'scheduler_factor': 0.5679235621966473, 'pos_weight_multiplier': 1.6555207023293481, 'num_layers': 3, 'base_filters': 64, 'dropout': 0.3214263490566644, 'kernel_size': 7}. Best is trial 0 with value: 0.9722430607651913.
[I 2026-04-18 11:33:42,506] Trial 148 finished with value: 0.3728813559322034 and parameters: {'lr_finetune': 0.0001300330604367997, 'epochs_finetune': 35, 'weight_decay': 0.0010939037987302113, 'batch_size': 64, 'patience': 11, 'scheduler_patience': 6, 'scheduler_factor': 0.6425764373637343, 'pos_weight_multiplier': 1.3545793629758256, 'num_layers': 2, 'base_filters': 64, 'dropout': 0.2966892977661021, 'kernel_size': 3}. Best is trial 0 with value: 0.9722430607651913.
[I 2026-04-18 11:33:43,744] Trial 149 finished with value: 0.9722430607651913 and parameters: {'lr_finetune': 0.0002904834084205753, 'epochs_finetune': 37, 'weight_decay': 0.0006009262774180947, 'batch_size': 32, 'patience': 17, 'scheduler_patience': 4, 'scheduler_factor': 0.29077052452729735, 'pos_weight_multiplier': 1.5110583852525559, 'num_layers': 3, 'base_filters': 64, 'dropout': 0.2375234802463389, 'kernel_size': 3}. Best is trial 0 with value: 0.9722430607651913.
[I 2026-04-18 11:33:45,092] A new study created in RDB with name: study_cnn_ibd_pretrainFalse_arch_fold2
[I 2026-04-18 11:33:45,691] Trial 0 finished with value: 0.28846153846153844 and parameters: {'lr_finetune': 0.0005881127603372952, 'epochs_finetune': 60, 'weight_decay': 0.036717025812348876, 'batch_size': 128, 'patience': 19, 'scheduler_patience': 3, 'scheduler_factor': 0.8534843237334145, 'pos_weight_multiplier': 0.5195353120593325, 'num_layers': 4, 'base_filters': 64, 'dropout': 0.32775645803109815, 'kernel_size': 3}. Best is trial 0 with value: 0.28846153846153844.
[I 2026-04-18 11:33:46,146] Trial 1 finished with value: 0.3728813559322034 and parameters: {'lr_finetune': 4.269331394696478e-05, 'epochs_finetune': 53, 'weight_decay': 0.060706038966967815, 'batch_size': 128, 'patience': 13, 'scheduler_patience': 2, 'scheduler_factor': 0.4504036662395795, 'pos_weight_multiplier': 2.9500470248160537, 'num_layers': 3, 'base_filters': 32, 'dropout': 0.4154715921824026, 'kernel_size': 5}. Best is trial 1 with value: 0.3728813559322034.
[I 2026-04-18 11:33:46,882] Trial 2 finished with value: 0.3728813559322034 and parameters: {'lr_finetune': 0.0033112437796168005, 'epochs_finetune': 56, 'weight_decay': 0.021802232945003996, 'batch_size': 32, 'patience': 16, 'scheduler_patience': 6, 'scheduler_factor': 0.33185437926470673, 'pos_weight_multiplier': 2.7187833906883863, 'num_layers': 4, 'base_filters': 16, 'dropout': 0.5281465476902546, 'kernel_size': 5}. Best is trial 1 with value: 0.3728813559322034.
[I 2026-04-18 11:33:47,437] Trial 3 finished with value: 0.7701863354037267 and parameters: {'lr_finetune': 5.9670159930114267e-05, 'epochs_finetune': 66, 'weight_decay': 0.009545167394120207, 'batch_size': 64, 'patience': 6, 'scheduler_patience': 4, 'scheduler_factor': 0.8398514303501831, 'pos_weight_multiplier': 1.5879551621259274, 'num_layers': 3, 'base_filters': 32, 'dropout': 0.45465707913423553, 'kernel_size': 3}. Best is trial 3 with value: 0.7701863354037267.
[I 2026-04-18 11:33:47,860] Trial 4 finished with value: 0.3728813559322034 and parameters: {'lr_finetune': 0.001952536785123455, 'epochs_finetune': 63, 'weight_decay': 0.0001195539820757191, 'batch_size': 64, 'patience': 12, 'scheduler_patience': 4, 'scheduler_factor': 0.40418235159274685, 'pos_weight_multiplier': 2.903105580843869, 'num_layers': 2, 'base_filters': 32, 'dropout': 0.2584289737138793, 'kernel_size': 7}. Best is trial 3 with value: 0.7701863354037267.
[I 2026-04-18 11:33:48,259] Trial 5 finished with value: 0.28846153846153844 and parameters: {'lr_finetune': 0.00027925427464845263, 'epochs_finetune': 58, 'weight_decay': 0.0019265090355538798, 'batch_size': 32, 'patience': 6, 'scheduler_patience': 6, 'scheduler_factor': 0.6043470681660905, 'pos_weight_multiplier': 0.6304068841568837, 'num_layers': 3, 'base_filters': 16, 'dropout': 0.577396369026121, 'kernel_size': 7}. Best is trial 3 with value: 0.7701863354037267.
[I 2026-04-18 11:33:48,668] Trial 6 finished with value: 0.3728813559322034 and parameters: {'lr_finetune': 0.0007351838303982112, 'epochs_finetune': 40, 'weight_decay': 0.00021409185584332746, 'batch_size': 64, 'patience': 5, 'scheduler_patience': 4, 'scheduler_factor': 0.3322790108675633, 'pos_weight_multiplier': 1.7331758622871427, 'num_layers': 4, 'base_filters': 64, 'dropout': 0.5673983124485946, 'kernel_size': 5}. Best is trial 3 with value: 0.7701863354037267.
[I 2026-04-18 11:33:49,605] Trial 7 finished with value: 0.9722430607651913 and parameters: {'lr_finetune': 0.0010420806716584258, 'epochs_finetune': 52, 'weight_decay': 0.002015791474076599, 'batch_size': 32, 'patience': 11, 'scheduler_patience': 8, 'scheduler_factor': 0.4142468304569352, 'pos_weight_multiplier': 0.8829750980946545, 'num_layers': 2, 'base_filters': 64, 'dropout': 0.3709430778754913, 'kernel_size': 5}. Best is trial 7 with value: 0.9722430607651913.
[I 2026-04-18 11:33:50,053] Trial 8 finished with value: 0.28846153846153844 and parameters: {'lr_finetune': 0.0004557389096342553, 'epochs_finetune': 70, 'weight_decay': 0.010062996130887217, 'batch_size': 32, 'patience': 8, 'scheduler_patience': 6, 'scheduler_factor': 0.5464271014120659, 'pos_weight_multiplier': 2.0800250049623497, 'num_layers': 3, 'base_filters': 32, 'dropout': 0.30936756062705395, 'kernel_size': 5}. Best is trial 7 with value: 0.9722430607651913.
[I 2026-04-18 11:33:50,406] Trial 9 finished with value: 0.3728813559322034 and parameters: {'lr_finetune': 0.0005454827784003123, 'epochs_finetune': 37, 'weight_decay': 0.042714195100778306, 'batch_size': 128, 'patience': 10, 'scheduler_patience': 8, 'scheduler_factor': 0.33642995146367627, 'pos_weight_multiplier': 1.2994761307880613, 'num_layers': 2, 'base_filters': 64, 'dropout': 0.2519390782212722, 'kernel_size': 3}. Best is trial 7 with value: 0.9722430607651913.
[I 2026-04-18 11:33:51,474] Trial 10 finished with value: 0.9722430607651913 and parameters: {'lr_finetune': 8.555399776960182e-05, 'epochs_finetune': 79, 'weight_decay': 0.0008641119815632609, 'batch_size': 32, 'patience': 15, 'scheduler_patience': 8, 'scheduler_factor': 0.15124517366207735, 'pos_weight_multiplier': 1.1025806425783111, 'num_layers': 2, 'base_filters': 64, 'dropout': 0.3604909275589332, 'kernel_size': 5}. Best is trial 7 with value: 0.9722430607651913.
[I 2026-04-18 11:33:52,669] Trial 11 finished with value: 0.9722430607651913 and parameters: {'lr_finetune': 9.633063054778802e-05, 'epochs_finetune': 48, 'weight_decay': 0.0010072751044228896, 'batch_size': 32, 'patience': 15, 'scheduler_patience': 8, 'scheduler_factor': 0.107976046736795, 'pos_weight_multiplier': 1.000018550697257, 'num_layers': 2, 'base_filters': 64, 'dropout': 0.3544538596201193, 'kernel_size': 5}. Best is trial 7 with value: 0.9722430607651913.
[I 2026-04-18 11:33:54,370] Trial 12 finished with value: 0.8582375478927202 and parameters: {'lr_finetune': 1.2142370331078893e-05, 'epochs_finetune': 79, 'weight_decay': 0.0004993624114980955, 'batch_size': 32, 'patience': 18, 'scheduler_patience': 8, 'scheduler_factor': 0.10398671266346503, 'pos_weight_multiplier': 1.0791902777577496, 'num_layers': 2, 'base_filters': 64, 'dropout': 0.456566986681937, 'kernel_size': 5}. Best is trial 7 with value: 0.9722430607651913.
[I 2026-04-18 11:33:55,616] Trial 13 finished with value: 0.9722430607651913 and parameters: {'lr_finetune': 0.00013875128115666623, 'epochs_finetune': 79, 'weight_decay': 0.004006899077441465, 'batch_size': 32, 'patience': 12, 'scheduler_patience': 7, 'scheduler_factor': 0.20775465112901784, 'pos_weight_multiplier': 0.8899428946011394, 'num_layers': 2, 'base_filters': 64, 'dropout': 0.38259752168190464, 'kernel_size': 5}. Best is trial 7 with value: 0.9722430607651913.
[I 2026-04-18 11:33:56,734] Trial 14 finished with value: 0.9722430607651913 and parameters: {'lr_finetune': 0.0015190444159791383, 'epochs_finetune': 46, 'weight_decay': 0.0005826885330287425, 'batch_size': 32, 'patience': 15, 'scheduler_patience': 7, 'scheduler_factor': 0.6689730199042414, 'pos_weight_multiplier': 1.3635279343488953, 'num_layers': 2, 'base_filters': 64, 'dropout': 0.21517520561464337, 'kernel_size': 7}. Best is trial 7 with value: 0.9722430607651913.
[I 2026-04-18 11:33:57,282] Trial 15 finished with value: 0.3728813559322034 and parameters: {'lr_finetune': 1.7592929811995885e-05, 'epochs_finetune': 30, 'weight_decay': 0.004630021448536274, 'batch_size': 32, 'patience': 10, 'scheduler_patience': 7, 'scheduler_factor': 0.21456178796942615, 'pos_weight_multiplier': 2.0978718919986856, 'num_layers': 2, 'base_filters': 16, 'dropout': 0.4308656663258011, 'kernel_size': 5}. Best is trial 7 with value: 0.9722430607651913.
[I 2026-04-18 11:33:58,353] Trial 16 finished with value: 0.9722430607651913 and parameters: {'lr_finetune': 0.00021274632770189333, 'epochs_finetune': 72, 'weight_decay': 0.0015780418848882483, 'batch_size': 32, 'patience': 10, 'scheduler_patience': 5, 'scheduler_factor': 0.7361509747752684, 'pos_weight_multiplier': 0.7937353137257357, 'num_layers': 3, 'base_filters': 64, 'dropout': 0.4971282112513507, 'kernel_size': 5}. Best is trial 7 with value: 0.9722430607651913.
[I 2026-04-18 11:33:59,515] Trial 17 finished with value: 0.9722430607651913 and parameters: {'lr_finetune': 3.168915741243622e-05, 'epochs_finetune': 50, 'weight_decay': 0.0004389035078230996, 'batch_size': 32, 'patience': 17, 'scheduler_patience': 8, 'scheduler_factor': 0.2342987962810341, 'pos_weight_multiplier': 1.266182821675125, 'num_layers': 2, 'base_filters': 64, 'dropout': 0.2990536890709859, 'kernel_size': 5}. Best is trial 7 with value: 0.9722430607651913.
[I 2026-04-18 11:34:00,491] Trial 18 finished with value: 0.3728813559322034 and parameters: {'lr_finetune': 0.0042789857024516514, 'epochs_finetune': 73, 'weight_decay': 0.0011089181422731132, 'batch_size': 64, 'patience': 20, 'scheduler_patience': 7, 'scheduler_factor': 0.5400766788900044, 'pos_weight_multiplier': 1.9995177223257097, 'num_layers': 3, 'base_filters': 64, 'dropout': 0.3746986442448872, 'kernel_size': 7}. Best is trial 7 with value: 0.9722430607651913.
[I 2026-04-18 11:34:01,122] Trial 19 finished with value: 0.28846153846153844 and parameters: {'lr_finetune': 0.0011975257574535472, 'epochs_finetune': 43, 'weight_decay': 0.0026664718218728078, 'batch_size': 128, 'patience': 13, 'scheduler_patience': 5, 'scheduler_factor': 0.4619375926971453, 'pos_weight_multiplier': 1.5353439857128008, 'num_layers': 2, 'base_filters': 16, 'dropout': 0.3496675514061928, 'kernel_size': 3}. Best is trial 7 with value: 0.9722430607651913.
[I 2026-04-18 11:34:02,378] Trial 20 finished with value: 0.9722430607651913 and parameters: {'lr_finetune': 9.682730144758074e-05, 'epochs_finetune': 65, 'weight_decay': 0.0002722861992812707, 'batch_size': 32, 'patience': 14, 'scheduler_patience': 6, 'scheduler_factor': 0.2801336255440436, 'pos_weight_multiplier': 0.7366788108390032, 'num_layers': 3, 'base_filters': 64, 'dropout': 0.27593632604623813, 'kernel_size': 5}. Best is trial 7 with value: 0.9722430607651913.
[I 2026-04-18 11:34:03,471] Trial 21 finished with value: 0.9722430607651913 and parameters: {'lr_finetune': 8.795227707437131e-05, 'epochs_finetune': 50, 'weight_decay': 0.0008423432552985588, 'batch_size': 32, 'patience': 15, 'scheduler_patience': 8, 'scheduler_factor': 0.10037586976237756, 'pos_weight_multiplier': 1.035222595853053, 'num_layers': 2, 'base_filters': 64, 'dropout': 0.3527409681491028, 'kernel_size': 5}. Best is trial 7 with value: 0.9722430607651913.
[I 2026-04-18 11:34:04,643] Trial 22 finished with value: 0.9722430607651913 and parameters: {'lr_finetune': 0.00019939514936713967, 'epochs_finetune': 47, 'weight_decay': 0.0011607702030482275, 'batch_size': 32, 'patience': 17, 'scheduler_patience': 8, 'scheduler_factor': 0.16089143694454408, 'pos_weight_multiplier': 1.0706434118778059, 'num_layers': 2, 'base_filters': 64, 'dropout': 0.39440240242012026, 'kernel_size': 5}. Best is trial 7 with value: 0.9722430607651913.
[I 2026-04-18 11:34:05,675] Trial 23 finished with value: 0.9449404761904762 and parameters: {'lr_finetune': 2.622113171855912e-05, 'epochs_finetune': 35, 'weight_decay': 0.005097218124540019, 'batch_size': 32, 'patience': 11, 'scheduler_patience': 7, 'scheduler_factor': 0.15460312852579006, 'pos_weight_multiplier': 0.8848251666042786, 'num_layers': 2, 'base_filters': 64, 'dropout': 0.3367086503329393, 'kernel_size': 5}. Best is trial 7 with value: 0.9722430607651913.
[I 2026-04-18 11:34:06,749] Trial 24 finished with value: 0.9722430607651913 and parameters: {'lr_finetune': 8.335695509673677e-05, 'epochs_finetune': 50, 'weight_decay': 0.0023711898572508034, 'batch_size': 32, 'patience': 14, 'scheduler_patience': 8, 'scheduler_factor': 0.2690191941997907, 'pos_weight_multiplier': 1.1866211817827235, 'num_layers': 2, 'base_filters': 64, 'dropout': 0.3741850323097468, 'kernel_size': 5}. Best is trial 7 with value: 0.9722430607651913.
[I 2026-04-18 11:34:07,781] Trial 25 finished with value: 0.9722430607651913 and parameters: {'lr_finetune': 0.0003130924397410293, 'epochs_finetune': 54, 'weight_decay': 0.0006803547413750798, 'batch_size': 32, 'patience': 16, 'scheduler_patience': 7, 'scheduler_factor': 0.3907546053792981, 'pos_weight_multiplier': 1.532673282287052, 'num_layers': 2, 'base_filters': 64, 'dropout': 0.4317814262907471, 'kernel_size': 5}. Best is trial 7 with value: 0.9722430607651913.
[I 2026-04-18 11:34:08,619] Trial 26 finished with value: 0.9722430607651913 and parameters: {'lr_finetune': 0.00012030513305168849, 'epochs_finetune': 43, 'weight_decay': 0.0002965535171866024, 'batch_size': 32, 'patience': 8, 'scheduler_patience': 8, 'scheduler_factor': 0.1577413500506195, 'pos_weight_multiplier': 2.4229025061638447, 'num_layers': 2, 'base_filters': 64, 'dropout': 0.2965011336832568, 'kernel_size': 5}. Best is trial 7 with value: 0.9722430607651913.
[I 2026-04-18 11:34:09,887] Trial 27 finished with value: 0.9722430607651913 and parameters: {'lr_finetune': 5.46384763387707e-05, 'epochs_finetune': 61, 'weight_decay': 0.008438861410189749, 'batch_size': 32, 'patience': 14, 'scheduler_patience': 7, 'scheduler_factor': 0.265118099750564, 'pos_weight_multiplier': 0.9457371752680459, 'num_layers': 3, 'base_filters': 64, 'dropout': 0.4644710696283403, 'kernel_size': 5}. Best is trial 7 with value: 0.9722430607651913.
[I 2026-04-18 11:34:10,266] Trial 28 finished with value: 0.28846153846153844 and parameters: {'lr_finetune': 0.00015424123179293695, 'epochs_finetune': 56, 'weight_decay': 0.001397611925273309, 'batch_size': 64, 'patience': 8, 'scheduler_patience': 8, 'scheduler_factor': 0.7561084522720233, 'pos_weight_multiplier': 0.5017651653748643, 'num_layers': 2, 'base_filters': 16, 'dropout': 0.4083956010189657, 'kernel_size': 7}. Best is trial 7 with value: 0.9722430607651913.
[I 2026-04-18 11:34:10,829] Trial 29 finished with value: 0.28846153846153844 and parameters: {'lr_finetune': 0.0003535453668718251, 'epochs_finetune': 45, 'weight_decay': 0.019157435928631852, 'batch_size': 128, 'patience': 19, 'scheduler_patience': 6, 'scheduler_factor': 0.1749716058767603, 'pos_weight_multiplier': 0.6407316113435202, 'num_layers': 4, 'base_filters': 32, 'dropout': 0.3400220181783004, 'kernel_size': 3}. Best is trial 7 with value: 0.9722430607651913.
[I 2026-04-18 11:34:11,236] Trial 30 finished with value: 0.3728813559322034 and parameters: {'lr_finetune': 0.0009376207583212776, 'epochs_finetune': 60, 'weight_decay': 0.00011324040756402983, 'batch_size': 128, 'patience': 11, 'scheduler_patience': 2, 'scheduler_factor': 0.38571909482294936, 'pos_weight_multiplier': 1.440172393954042, 'num_layers': 2, 'base_filters': 64, 'dropout': 0.3200957883235265, 'kernel_size': 3}. Best is trial 7 with value: 0.9722430607651913.
[I 2026-04-18 11:34:12,160] Trial 31 finished with value: 0.9722430607651913 and parameters: {'lr_finetune': 0.00015183232586841991, 'epochs_finetune': 79, 'weight_decay': 0.004056958451772011, 'batch_size': 32, 'patience': 12, 'scheduler_patience': 7, 'scheduler_factor': 0.2187025195802569, 'pos_weight_multiplier': 0.8804130555806009, 'num_layers': 2, 'base_filters': 64, 'dropout': 0.3760384623272726, 'kernel_size': 5}. Best is trial 7 with value: 0.9722430607651913.
[I 2026-04-18 11:34:13,208] Trial 32 finished with value: 0.9722430607651913 and parameters: {'lr_finetune': 6.372684772923401e-05, 'epochs_finetune': 75, 'weight_decay': 0.0032277855014101607, 'batch_size': 32, 'patience': 13, 'scheduler_patience': 8, 'scheduler_factor': 0.11820363521367133, 'pos_weight_multiplier': 1.1886508928000823, 'num_layers': 2, 'base_filters': 64, 'dropout': 0.3895509897269684, 'kernel_size': 5}. Best is trial 7 with value: 0.9722430607651913.
