[I 2026-04-18 11:32:03,134] Trial 45 finished with value: 0.9722430607651913 and parameters: {'lr_finetune': 0.0002472157534113672, 'epochs_finetune': 46, 'weight_decay': 0.0001469331467933141, 'batch_size': 32, 'patience': 19, 'scheduler_patience': 8, 'scheduler_factor': 0.7982125147248302, 'pos_weight_multiplier': 1.3084540344751856, 'num_layers': 2, 'base_filters': 64, 'dropout': 0.24816572639508908, 'kernel_size': 7}. Best is trial 0 with value: 0.9722430607651913.
[I 2026-04-18 11:32:04,402] Trial 46 finished with value: 0.9722430607651913 and parameters: {'lr_finetune': 3.8506093815316315e-05, 'epochs_finetune': 49, 'weight_decay': 0.08270829150811695, 'batch_size': 32, 'patience': 17, 'scheduler_patience': 5, 'scheduler_factor': 0.8630086967241085, 'pos_weight_multiplier': 0.8380390018781526, 'num_layers': 3, 'base_filters': 64, 'dropout': 0.31200862060628726, 'kernel_size': 5}. Best is trial 0 with value: 0.9722430607651913.
[I 2026-04-18 11:32:04,983] Trial 47 finished with value: 0.3728813559322034 and parameters: {'lr_finetune': 2.4991672318154767e-05, 'epochs_finetune': 36, 'weight_decay': 0.00020427595637327728, 'batch_size': 64, 'patience': 18, 'scheduler_patience': 7, 'scheduler_factor': 0.6676604088024264, 'pos_weight_multiplier': 1.9364289658618166, 'num_layers': 3, 'base_filters': 32, 'dropout': 0.39349663007222935, 'kernel_size': 3}. Best is trial 0 with value: 0.9722430607651913.
[I 2026-04-18 11:32:05,826] Trial 48 finished with value: 0.9722430607651913 and parameters: {'lr_finetune': 0.00016167249406178348, 'epochs_finetune': 39, 'weight_decay': 0.0038019004096150333, 'batch_size': 32, 'patience': 12, 'scheduler_patience': 2, 'scheduler_factor': 0.6131632369452655, 'pos_weight_multiplier': 1.6721438706566643, 'num_layers': 2, 'base_filters': 64, 'dropout': 0.26591767363045543, 'kernel_size': 7}. Best is trial 0 with value: 0.9722430607651913.
[I 2026-04-18 11:32:06,784] Trial 49 finished with value: 0.9722430607651913 and parameters: {'lr_finetune': 0.00010578638536055279, 'epochs_finetune': 34, 'weight_decay': 0.0004862888106501954, 'batch_size': 32, 'patience': 10, 'scheduler_patience': 6, 'scheduler_factor': 0.8739718156202103, 'pos_weight_multiplier': 1.069247745608877, 'num_layers': 2, 'base_filters': 64, 'dropout': 0.21397364786007214, 'kernel_size': 3}. Best is trial 0 with value: 0.9722430607651913.
[I 2026-04-18 11:32:07,370] Trial 50 finished with value: 0.28846153846153844 and parameters: {'lr_finetune': 0.00034282189767639534, 'epochs_finetune': 53, 'weight_decay': 0.021824340855058806, 'batch_size': 64, 'patience': 15, 'scheduler_patience': 5, 'scheduler_factor': 0.8220453630900091, 'pos_weight_multiplier': 1.4681036677749233, 'num_layers': 4, 'base_filters': 64, 'dropout': 0.2413111745543386, 'kernel_size': 5}. Best is trial 0 with value: 0.9722430607651913.
[I 2026-04-18 11:32:08,007] Trial 51 finished with value: 0.8612153038259565 and parameters: {'lr_finetune': 6.625957860882214e-05, 'epochs_finetune': 41, 'weight_decay': 0.04243147933428259, 'batch_size': 32, 'patience': 12, 'scheduler_patience': 4, 'scheduler_factor': 0.6019160288132989, 'pos_weight_multiplier': 0.81248423974672, 'num_layers': 2, 'base_filters': 64, 'dropout': 0.44039668859974174, 'kernel_size': 3}. Best is trial 0 with value: 0.9722430607651913.
[I 2026-04-18 11:32:09,098] Trial 52 finished with value: 0.9722430607651913 and parameters: {'lr_finetune': 0.00012477047962932637, 'epochs_finetune': 44, 'weight_decay': 0.06414203551288675, 'batch_size': 32, 'patience': 14, 'scheduler_patience': 4, 'scheduler_factor': 0.5378930602226628, 'pos_weight_multiplier': 0.9685033064802483, 'num_layers': 2, 'base_filters': 64, 'dropout': 0.4657131272456764, 'kernel_size': 3}. Best is trial 0 with value: 0.9722430607651913.
[I 2026-04-18 11:32:10,169] Trial 53 finished with value: 0.9722430607651913 and parameters: {'lr_finetune': 3.888609311650747e-05, 'epochs_finetune': 37, 'weight_decay': 0.018358695070767917, 'batch_size': 32, 'patience': 13, 'scheduler_patience': 4, 'scheduler_factor': 0.8999542581609932, 'pos_weight_multiplier': 0.5763159593028988, 'num_layers': 2, 'base_filters': 64, 'dropout': 0.46418292130539557, 'kernel_size': 3}. Best is trial 0 with value: 0.9722430607651913.
[I 2026-04-18 11:32:11,125] Trial 54 finished with value: 0.9722430607651913 and parameters: {'lr_finetune': 0.00016618163231280428, 'epochs_finetune': 48, 'weight_decay': 0.05864393604817377, 'batch_size': 32, 'patience': 10, 'scheduler_patience': 3, 'scheduler_factor': 0.4825631124852174, 'pos_weight_multiplier': 1.219096114943092, 'num_layers': 2, 'base_filters': 64, 'dropout': 0.4828612687235671, 'kernel_size': 3}. Best is trial 0 with value: 0.9722430607651913.
[I 2026-04-18 11:32:12,404] Trial 55 finished with value: 0.9149425287356322 and parameters: {'lr_finetune': 0.003692268759273159, 'epochs_finetune': 62, 'weight_decay': 0.02631355334371831, 'batch_size': 32, 'patience': 16, 'scheduler_patience': 3, 'scheduler_factor': 0.7087762942680667, 'pos_weight_multiplier': 1.5530022554440208, 'num_layers': 3, 'base_filters': 64, 'dropout': 0.5163454067317393, 'kernel_size': 7}. Best is trial 0 with value: 0.9722430607651913.
[I 2026-04-18 11:32:13,159] Trial 56 finished with value: 0.9449404761904762 and parameters: {'lr_finetune': 0.0002950902779649613, 'epochs_finetune': 31, 'weight_decay': 0.0062265074134039864, 'batch_size': 64, 'patience': 11, 'scheduler_patience': 5, 'scheduler_factor': 0.6360375481677651, 'pos_weight_multiplier': 0.8815696725859694, 'num_layers': 2, 'base_filters': 32, 'dropout': 0.41006479819275476, 'kernel_size': 3}. Best is trial 0 with value: 0.9722430607651913.
[I 2026-04-18 11:32:14,346] Trial 57 finished with value: 0.9722430607651913 and parameters: {'lr_finetune': 0.0004754919538569969, 'epochs_finetune': 35, 'weight_decay': 0.0007448036030069869, 'batch_size': 32, 'patience': 17, 'scheduler_patience': 8, 'scheduler_factor': 0.7450354108271385, 'pos_weight_multiplier': 2.448968945007272, 'num_layers': 3, 'base_filters': 64, 'dropout': 0.20245804719517507, 'kernel_size': 7}. Best is trial 0 with value: 0.9722430607651913.
[I 2026-04-18 11:32:15,161] Trial 58 finished with value: 0.9722430607651913 and parameters: {'lr_finetune': 0.0009482826952810394, 'epochs_finetune': 43, 'weight_decay': 0.0011049867902604826, 'batch_size': 128, 'patience': 20, 'scheduler_patience': 7, 'scheduler_factor': 0.7916753678767326, 'pos_weight_multiplier': 2.9658137426415445, 'num_layers': 2, 'base_filters': 16, 'dropout': 0.421193775076494, 'kernel_size': 3}. Best is trial 0 with value: 0.9722430607651913.
[I 2026-04-18 11:32:16,330] Trial 59 finished with value: 0.9722430607651913 and parameters: {'lr_finetune': 2.1592219527731855e-05, 'epochs_finetune': 52, 'weight_decay': 0.0017702763227050047, 'batch_size': 32, 'patience': 12, 'scheduler_patience': 4, 'scheduler_factor': 0.6912531452338438, 'pos_weight_multiplier': 0.7227025464585735, 'num_layers': 3, 'base_filters': 64, 'dropout': 0.3838799484299866, 'kernel_size': 5}. Best is trial 0 with value: 0.9722430607651913.
[I 2026-04-18 11:32:17,393] Trial 60 finished with value: 0.9722430607651913 and parameters: {'lr_finetune': 9.409072974056744e-05, 'epochs_finetune': 59, 'weight_decay': 0.0024345565820861723, 'batch_size': 64, 'patience': 15, 'scheduler_patience': 8, 'scheduler_factor': 0.5500135710379918, 'pos_weight_multiplier': 2.0840020444010325, 'num_layers': 2, 'base_filters': 64, 'dropout': 0.44261478619425076, 'kernel_size': 3}. Best is trial 0 with value: 0.9722430607651913.
[I 2026-04-18 11:32:18,669] Trial 61 finished with value: 0.9722430607651913 and parameters: {'lr_finetune': 0.0006653428984840172, 'epochs_finetune': 38, 'weight_decay': 0.03208220818573544, 'batch_size': 32, 'patience': 20, 'scheduler_patience': 6, 'scheduler_factor': 0.8687914315279696, 'pos_weight_multiplier': 1.713105912977707, 'num_layers': 3, 'base_filters': 64, 'dropout': 0.22939182489126358, 'kernel_size': 7}. Best is trial 0 with value: 0.9722430607651913.
[I 2026-04-18 11:32:19,996] Trial 62 finished with value: 0.9722430607651913 and parameters: {'lr_finetune': 0.000153608418409719, 'epochs_finetune': 56, 'weight_decay': 0.05284086523507944, 'batch_size': 32, 'patience': 18, 'scheduler_patience': 6, 'scheduler_factor': 0.8292876643255386, 'pos_weight_multiplier': 1.421893025987028, 'num_layers': 3, 'base_filters': 64, 'dropout': 0.2583457143864569, 'kernel_size': 7}. Best is trial 0 with value: 0.9722430607651913.
[I 2026-04-18 11:32:21,320] Trial 63 finished with value: 0.9722430607651913 and parameters: {'lr_finetune': 5.867712702622169e-05, 'epochs_finetune': 65, 'weight_decay': 0.014759041454164661, 'batch_size': 32, 'patience': 19, 'scheduler_patience': 7, 'scheduler_factor': 0.10459540482321089, 'pos_weight_multiplier': 1.1078608860785422, 'num_layers': 3, 'base_filters': 64, 'dropout': 0.21152590006219057, 'kernel_size': 7}. Best is trial 0 with value: 0.9722430607651913.
[I 2026-04-18 11:32:22,537] Trial 64 finished with value: 0.9722430607651913 and parameters: {'lr_finetune': 7.753836071513905e-05, 'epochs_finetune': 69, 'weight_decay': 0.03375854554075691, 'batch_size': 32, 'patience': 16, 'scheduler_patience': 5, 'scheduler_factor': 0.8135638950975383, 'pos_weight_multiplier': 1.2970860628641108, 'num_layers': 3, 'base_filters': 64, 'dropout': 0.2812047209633317, 'kernel_size': 7}. Best is trial 0 with value: 0.9722430607651913.
[I 2026-04-18 11:32:23,992] Trial 65 finished with value: 0.9722430607651913 and parameters: {'lr_finetune': 4.0838903348502166e-05, 'epochs_finetune': 42, 'weight_decay': 0.09642528131631985, 'batch_size': 32, 'patience': 19, 'scheduler_patience': 4, 'scheduler_factor': 0.8744823183185985, 'pos_weight_multiplier': 1.6243932766386537, 'num_layers': 4, 'base_filters': 64, 'dropout': 0.23524492491647353, 'kernel_size': 7}. Best is trial 0 with value: 0.9722430607651913.
[I 2026-04-18 11:32:25,152] Trial 66 finished with value: 0.9722430607651913 and parameters: {'lr_finetune': 0.00022233086204462548, 'epochs_finetune': 33, 'weight_decay': 0.00031521326313737556, 'batch_size': 32, 'patience': 20, 'scheduler_patience': 7, 'scheduler_factor': 0.8485564901880711, 'pos_weight_multiplier': 1.5082944678722097, 'num_layers': 3, 'base_filters': 64, 'dropout': 0.30603077643051396, 'kernel_size': 5}. Best is trial 0 with value: 0.9722430607651913.
[I 2026-04-18 11:32:25,646] Trial 67 finished with value: 0.6213450292397661 and parameters: {'lr_finetune': 0.0011662772958901519, 'epochs_finetune': 36, 'weight_decay': 0.04471187202357579, 'batch_size': 64, 'patience': 13, 'scheduler_patience': 5, 'scheduler_factor': 0.7767887087207328, 'pos_weight_multiplier': 1.154607169449029, 'num_layers': 2, 'base_filters': 32, 'dropout': 0.5874228822526641, 'kernel_size': 3}. Best is trial 0 with value: 0.9722430607651913.
[I 2026-04-18 11:32:26,151] Trial 68 finished with value: 0.3728813559322034 and parameters: {'lr_finetune': 0.0015679858900406408, 'epochs_finetune': 39, 'weight_decay': 0.07076460183250026, 'batch_size': 128, 'patience': 17, 'scheduler_patience': 8, 'scheduler_factor': 0.7431460621305486, 'pos_weight_multiplier': 1.4424127542205774, 'num_layers': 3, 'base_filters': 16, 'dropout': 0.24706594919657637, 'kernel_size': 7}. Best is trial 0 with value: 0.9722430607651913.
[I 2026-04-18 11:32:27,197] Trial 69 finished with value: 0.9722430607651913 and parameters: {'lr_finetune': 0.00012451979084524863, 'epochs_finetune': 45, 'weight_decay': 0.0013260359989271003, 'batch_size': 32, 'patience': 11, 'scheduler_patience': 6, 'scheduler_factor': 0.8922943307350365, 'pos_weight_multiplier': 1.7242847615051071, 'num_layers': 3, 'base_filters': 64, 'dropout': 0.2710838179093634, 'kernel_size': 3}. Best is trial 0 with value: 0.9722430607651913.
[I 2026-04-18 11:32:28,331] Trial 70 finished with value: 0.9722430607651913 and parameters: {'lr_finetune': 0.0022387509147217956, 'epochs_finetune': 62, 'weight_decay': 0.0007780937203097784, 'batch_size': 32, 'patience': 18, 'scheduler_patience': 4, 'scheduler_factor': 0.44285249817907407, 'pos_weight_multiplier': 1.8130108137972265, 'num_layers': 2, 'base_filters': 64, 'dropout': 0.3391284823790711, 'kernel_size': 5}. Best is trial 0 with value: 0.9722430607651913.
[I 2026-04-18 11:32:29,282] Trial 71 finished with value: 0.9722430607651913 and parameters: {'lr_finetune': 0.000709334541212198, 'epochs_finetune': 30, 'weight_decay': 0.0005663434908800114, 'batch_size': 32, 'patience': 14, 'scheduler_patience': 3, 'scheduler_factor': 0.34876935733040554, 'pos_weight_multiplier': 1.6640054799201944, 'num_layers': 2, 'base_filters': 32, 'dropout': 0.32296285544278464, 'kernel_size': 3}. Best is trial 0 with value: 0.9722430607651913.
[I 2026-04-18 11:32:30,272] Trial 72 finished with value: 0.9722430607651913 and parameters: {'lr_finetune': 0.00041467565172562684, 'epochs_finetune': 32, 'weight_decay': 0.00043369170862159667, 'batch_size': 32, 'patience': 13, 'scheduler_patience': 2, 'scheduler_factor': 0.31944995294139983, 'pos_weight_multiplier': 1.9805285781707398, 'num_layers': 2, 'base_filters': 32, 'dropout': 0.35169872737431185, 'kernel_size': 3}. Best is trial 0 with value: 0.9722430607651913.
[I 2026-04-18 11:32:31,193] Trial 73 finished with value: 0.9722430607651913 and parameters: {'lr_finetune': 0.0005802201020393668, 'epochs_finetune': 32, 'weight_decay': 0.00025538051870423336, 'batch_size': 32, 'patience': 9, 'scheduler_patience': 3, 'scheduler_factor': 0.18474113833252737, 'pos_weight_multiplier': 1.549228678002647, 'num_layers': 2, 'base_filters': 32, 'dropout': 0.2897351368902854, 'kernel_size': 3}. Best is trial 0 with value: 0.9722430607651913.
[I 2026-04-18 11:32:32,197] Trial 74 finished with value: 0.9722430607651913 and parameters: {'lr_finetune': 0.00030220894192864125, 'epochs_finetune': 34, 'weight_decay': 0.0009571891937390236, 'batch_size': 32, 'patience': 15, 'scheduler_patience': 3, 'scheduler_factor': 0.28287878936104216, 'pos_weight_multiplier': 1.3992736696868593, 'num_layers': 2, 'base_filters': 32, 'dropout': 0.21556766293150736, 'kernel_size': 3}. Best is trial 0 with value: 0.9722430607651913.
[I 2026-04-18 11:32:32,751] Trial 75 finished with value: 0.8850931677018633 and parameters: {'lr_finetune': 0.0008374660222853791, 'epochs_finetune': 54, 'weight_decay': 0.00033605996866499006, 'batch_size': 64, 'patience': 11, 'scheduler_patience': 4, 'scheduler_factor': 0.8070653872388915, 'pos_weight_multiplier': 1.892811808322967, 'num_layers': 2, 'base_filters': 64, 'dropout': 0.3119913239838744, 'kernel_size': 7}. Best is trial 0 with value: 0.9722430607651913.
[I 2026-04-18 11:32:33,826] Trial 76 finished with value: 0.9722430607651913 and parameters: {'lr_finetune': 0.00018082572966785513, 'epochs_finetune': 40, 'weight_decay': 0.0004174795730437589, 'batch_size': 32, 'patience': 16, 'scheduler_patience': 5, 'scheduler_factor': 0.37831320779785016, 'pos_weight_multiplier': 1.2997374373347357, 'num_layers': 2, 'base_filters': 64, 'dropout': 0.2239404598481965, 'kernel_size': 3}. Best is trial 0 with value: 0.9722430607651913.
[I 2026-04-18 11:32:34,481] Trial 77 finished with value: 0.6343216531895777 and parameters: {'lr_finetune': 9.907427975377781e-05, 'epochs_finetune': 37, 'weight_decay': 0.00018530068549649892, 'batch_size': 32, 'patience': 10, 'scheduler_patience': 2, 'scheduler_factor': 0.8334057283933097, 'pos_weight_multiplier': 1.7422968061762374, 'num_layers': 3, 'base_filters': 32, 'dropout': 0.20030359620372964, 'kernel_size': 7}. Best is trial 0 with value: 0.9722430607651913.
[I 2026-04-18 11:32:35,538] Trial 78 finished with value: 0.9722430607651913 and parameters: {'lr_finetune': 0.00041813156644326905, 'epochs_finetune': 35, 'weight_decay': 0.009050652595266105, 'batch_size': 32, 'patience': 12, 'scheduler_patience': 7, 'scheduler_factor': 0.6662501474186446, 'pos_weight_multiplier': 2.276585596606075, 'num_layers': 2, 'base_filters': 64, 'dropout': 0.24212341971895618, 'kernel_size': 3}. Best is trial 0 with value: 0.9722430607651913.
[I 2026-04-18 11:32:36,001] Trial 79 finished with value: 0.28846153846153844 and parameters: {'lr_finetune': 0.000607469175592188, 'epochs_finetune': 75, 'weight_decay': 0.004761972482419056, 'batch_size': 128, 'patience': 13, 'scheduler_patience': 3, 'scheduler_factor': 0.8708746358808883, 'pos_weight_multiplier': 2.6224657026624296, 'num_layers': 4, 'base_filters': 16, 'dropout': 0.2602082778253931, 'kernel_size': 5}. Best is trial 0 with value: 0.9722430607651913.
[I 2026-04-18 11:32:37,266] Trial 80 finished with value: 0.9722430607651913 and parameters: {'lr_finetune': 7.943484867915504e-05, 'epochs_finetune': 57, 'weight_decay': 0.0032642906421026987, 'batch_size': 32, 'patience': 17, 'scheduler_patience': 4, 'scheduler_factor': 0.5186499893701407, 'pos_weight_multiplier': 1.6278045466905582, 'num_layers': 3, 'base_filters': 64, 'dropout': 0.2789160437124803, 'kernel_size': 7}. Best is trial 0 with value: 0.9722430607651913.
[I 2026-04-18 11:32:38,559] Trial 81 finished with value: 0.9722430607651913 and parameters: {'lr_finetune': 1.3610279609452936e-05, 'epochs_finetune': 39, 'weight_decay': 0.0005049155110784533, 'batch_size': 32, 'patience': 18, 'scheduler_patience': 4, 'scheduler_factor': 0.7572069834297164, 'pos_weight_multiplier': 1.5307340933429048, 'num_layers': 3, 'base_filters': 64, 'dropout': 0.44118611094956184, 'kernel_size': 7}. Best is trial 0 with value: 0.9722430607651913.
[I 2026-04-18 11:32:39,748] Trial 82 finished with value: 0.9722430607651913 and parameters: {'lr_finetune': 2.7369003251810556e-05, 'epochs_finetune': 35, 'weight_decay': 0.0013598924003885178, 'batch_size': 32, 'patience': 16, 'scheduler_patience': 4, 'scheduler_factor': 0.7149421180473136, 'pos_weight_multiplier': 1.7785556726197655, 'num_layers': 3, 'base_filters': 64, 'dropout': 0.5019088643856919, 'kernel_size': 7}. Best is trial 0 with value: 0.9722430607651913.
[I 2026-04-18 11:32:40,879] Trial 83 finished with value: 0.9722430607651913 and parameters: {'lr_finetune': 6.533432944480069e-05, 'epochs_finetune': 33, 'weight_decay': 0.0006640785146650911, 'batch_size': 32, 'patience': 19, 'scheduler_patience': 4, 'scheduler_factor': 0.7780999215086881, 'pos_weight_multiplier': 1.3302041470511832, 'num_layers': 3, 'base_filters': 64, 'dropout': 0.464042735994973, 'kernel_size': 7}. Best is trial 0 with value: 0.9722430607651913.
[I 2026-04-18 11:32:41,505] Trial 84 finished with value: 0.3728813559322034 and parameters: {'lr_finetune': 4.715539367830609e-05, 'epochs_finetune': 30, 'weight_decay': 0.0010556076297166032, 'batch_size': 64, 'patience': 18, 'scheduler_patience': 6, 'scheduler_factor': 0.8441404904878329, 'pos_weight_multiplier': 1.2566569530635066, 'num_layers': 3, 'base_filters': 64, 'dropout': 0.4551096826742414, 'kernel_size': 7}. Best is trial 0 with value: 0.9722430607651913.
[I 2026-04-18 11:32:42,558] Trial 85 finished with value: 0.9722430607651913 and parameters: {'lr_finetune': 0.002819754800064747, 'epochs_finetune': 41, 'weight_decay': 0.0008259474769668751, 'batch_size': 32, 'patience': 15, 'scheduler_patience': 5, 'scheduler_factor': 0.5761961693445362, 'pos_weight_multiplier': 1.8275867465345614, 'num_layers': 2, 'base_filters': 64, 'dropout': 0.4881623313044647, 'kernel_size': 3}. Best is trial 0 with value: 0.9722430607651913.
[I 2026-04-18 11:32:43,614] Trial 86 finished with value: 0.9722430607651913 and parameters: {'lr_finetune': 0.00013178538746919989, 'epochs_finetune': 38, 'weight_decay': 0.0024718559769137025, 'batch_size': 32, 'patience': 14, 'scheduler_patience': 3, 'scheduler_factor': 0.6841659181310261, 'pos_weight_multiplier': 2.1557483130908746, 'num_layers': 3, 'base_filters': 64, 'dropout': 0.3309620081375034, 'kernel_size': 7}. Best is trial 0 with value: 0.9722430607651913.
[I 2026-04-18 11:32:44,201] Trial 87 finished with value: 0.3728813559322034 and parameters: {'lr_finetune': 0.004192624201776672, 'epochs_finetune': 43, 'weight_decay': 0.0015906830490972816, 'batch_size': 32, 'patience': 14, 'scheduler_patience': 8, 'scheduler_factor': 0.8101453213232633, 'pos_weight_multiplier': 1.6865535543589376, 'num_layers': 2, 'base_filters': 64, 'dropout': 0.4270103120620559, 'kernel_size': 3}. Best is trial 0 with value: 0.9722430607651913.
[I 2026-04-18 11:32:45,236] Trial 88 finished with value: 0.9722430607651913 and parameters: {'lr_finetune': 0.0009963766470749915, 'epochs_finetune': 51, 'weight_decay': 0.03006602406667218, 'batch_size': 32, 'patience': 12, 'scheduler_patience': 5, 'scheduler_factor': 0.8890322069107298, 'pos_weight_multiplier': 1.5896230372379756, 'num_layers': 2, 'base_filters': 64, 'dropout': 0.35158383746723504, 'kernel_size': 5}. Best is trial 0 with value: 0.9722430607651913.
[I 2026-04-18 11:32:46,331] Trial 89 finished with value: 0.9722430607651913 and parameters: {'lr_finetune': 0.00011252443862022548, 'epochs_finetune': 47, 'weight_decay': 0.0011962021038394721, 'batch_size': 64, 'patience': 20, 'scheduler_patience': 4, 'scheduler_factor': 0.7406792126648489, 'pos_weight_multiplier': 1.192978573579548, 'num_layers': 3, 'base_filters': 32, 'dropout': 0.22824329291588108, 'kernel_size': 3}. Best is trial 0 with value: 0.9722430607651913.
[I 2026-04-18 11:32:47,355] Trial 90 finished with value: 0.9149425287356322 and parameters: {'lr_finetune': 1.982685118972563e-05, 'epochs_finetune': 37, 'weight_decay': 0.0020033062348855774, 'batch_size': 32, 'patience': 17, 'scheduler_patience': 8, 'scheduler_factor': 0.6185554856169386, 'pos_weight_multiplier': 1.428977218470228, 'num_layers': 2, 'base_filters': 64, 'dropout': 0.3648749850106231, 'kernel_size': 7}. Best is trial 0 with value: 0.9722430607651913.
