[I 2026-04-18 11:37:11,801] Trial 67 finished with value: 0.9722430607651913 and parameters: {'lr_finetune': 3.460179376649088e-05, 'epochs_finetune': 47, 'weight_decay': 0.02008746277107144, 'batch_size': 32, 'patience': 11, 'scheduler_patience': 7, 'scheduler_factor': 0.7930467162746915, 'pos_weight_multiplier': 1.8257304822162235, 'num_layers': 3, 'base_filters': 32, 'dropout': 0.43940819098918976, 'kernel_size': 5}. Best is trial 1 with value: 0.9722430607651913.
[I 2026-04-18 11:37:12,305] Trial 68 finished with value: 0.3728813559322034 and parameters: {'lr_finetune': 5.627658610448817e-05, 'epochs_finetune': 58, 'weight_decay': 0.004127360657644969, 'batch_size': 128, 'patience': 17, 'scheduler_patience': 5, 'scheduler_factor': 0.4050260670637229, 'pos_weight_multiplier': 2.2060181643046795, 'num_layers': 3, 'base_filters': 32, 'dropout': 0.4065369837493539, 'kernel_size': 7}. Best is trial 1 with value: 0.9722430607651913.
[I 2026-04-18 11:37:13,476] Trial 69 finished with value: 0.9722430607651913 and parameters: {'lr_finetune': 0.00015562073960005912, 'epochs_finetune': 66, 'weight_decay': 0.011538812306926454, 'batch_size': 32, 'patience': 16, 'scheduler_patience': 6, 'scheduler_factor': 0.7255728108371627, 'pos_weight_multiplier': 2.4970650014181452, 'num_layers': 3, 'base_filters': 32, 'dropout': 0.46958815210040405, 'kernel_size': 5}. Best is trial 1 with value: 0.9722430607651913.
[I 2026-04-18 11:37:14,699] Trial 70 finished with value: 0.9722430607651913 and parameters: {'lr_finetune': 0.0012223071059558148, 'epochs_finetune': 71, 'weight_decay': 0.00027470209399458933, 'batch_size': 32, 'patience': 19, 'scheduler_patience': 7, 'scheduler_factor': 0.565592476235573, 'pos_weight_multiplier': 2.655773983658361, 'num_layers': 3, 'base_filters': 16, 'dropout': 0.3580451084926405, 'kernel_size': 3}. Best is trial 1 with value: 0.9722430607651913.
[I 2026-04-18 11:37:16,008] Trial 71 finished with value: 0.9722430607651913 and parameters: {'lr_finetune': 8.808748506083701e-05, 'epochs_finetune': 80, 'weight_decay': 0.0024679373886974418, 'batch_size': 32, 'patience': 18, 'scheduler_patience': 7, 'scheduler_factor': 0.8002762736944294, 'pos_weight_multiplier': 2.900480272262502, 'num_layers': 3, 'base_filters': 32, 'dropout': 0.5289115645948068, 'kernel_size': 5}. Best is trial 1 with value: 0.9722430607651913.
[I 2026-04-18 11:37:17,288] Trial 72 finished with value: 0.9722430607651913 and parameters: {'lr_finetune': 7.708918632100326e-05, 'epochs_finetune': 78, 'weight_decay': 0.0044777745922563355, 'batch_size': 32, 'patience': 18, 'scheduler_patience': 4, 'scheduler_factor': 0.8660617513644724, 'pos_weight_multiplier': 2.976969775383305, 'num_layers': 3, 'base_filters': 32, 'dropout': 0.5477909462750001, 'kernel_size': 5}. Best is trial 1 with value: 0.9722430607651913.
[I 2026-04-18 11:37:18,503] Trial 73 finished with value: 0.9722430607651913 and parameters: {'lr_finetune': 0.0001151661272643114, 'epochs_finetune': 55, 'weight_decay': 0.006108927949203273, 'batch_size': 32, 'patience': 17, 'scheduler_patience': 7, 'scheduler_factor': 0.6931979058846849, 'pos_weight_multiplier': 2.7518148579623958, 'num_layers': 3, 'base_filters': 32, 'dropout': 0.584068644063522, 'kernel_size': 5}. Best is trial 1 with value: 0.9722430607651913.
[I 2026-04-18 11:37:19,822] Trial 74 finished with value: 0.9722430607651913 and parameters: {'lr_finetune': 0.00032094562187233867, 'epochs_finetune': 75, 'weight_decay': 0.03224218124353497, 'batch_size': 32, 'patience': 20, 'scheduler_patience': 8, 'scheduler_factor': 0.7550676510961997, 'pos_weight_multiplier': 2.8050187647429348, 'num_layers': 3, 'base_filters': 32, 'dropout': 0.5244865017150587, 'kernel_size': 7}. Best is trial 1 with value: 0.9722430607651913.
[I 2026-04-18 11:37:20,424] Trial 75 finished with value: 0.3728813559322034 and parameters: {'lr_finetune': 0.00018617497310013375, 'epochs_finetune': 60, 'weight_decay': 0.01407663164162949, 'batch_size': 64, 'patience': 19, 'scheduler_patience': 7, 'scheduler_factor': 0.777008957069333, 'pos_weight_multiplier': 0.9248706092630112, 'num_layers': 3, 'base_filters': 32, 'dropout': 0.45138467764076934, 'kernel_size': 5}. Best is trial 1 with value: 0.9722430607651913.
[I 2026-04-18 11:37:21,030] Trial 76 finished with value: 0.3728813559322034 and parameters: {'lr_finetune': 0.00014113683930248945, 'epochs_finetune': 58, 'weight_decay': 0.0030222933303244016, 'batch_size': 32, 'patience': 13, 'scheduler_patience': 6, 'scheduler_factor': 0.5153263225132889, 'pos_weight_multiplier': 2.5389423450449207, 'num_layers': 3, 'base_filters': 32, 'dropout': 0.5952366240253993, 'kernel_size': 7}. Best is trial 1 with value: 0.9722430607651913.
[I 2026-04-18 11:37:22,116] Trial 77 finished with value: 0.9722430607651913 and parameters: {'lr_finetune': 0.0006992352615681684, 'epochs_finetune': 53, 'weight_decay': 0.008954533820987156, 'batch_size': 32, 'patience': 17, 'scheduler_patience': 7, 'scheduler_factor': 0.3613828141023467, 'pos_weight_multiplier': 2.335699941533559, 'num_layers': 2, 'base_filters': 64, 'dropout': 0.5647979361420054, 'kernel_size': 5}. Best is trial 1 with value: 0.9722430607651913.
[I 2026-04-18 11:37:22,597] Trial 78 finished with value: 0.3728813559322034 and parameters: {'lr_finetune': 0.00024212019999090713, 'epochs_finetune': 47, 'weight_decay': 0.06069091592574588, 'batch_size': 32, 'patience': 7, 'scheduler_patience': 8, 'scheduler_factor': 0.6058600979012719, 'pos_weight_multiplier': 2.6811727490413935, 'num_layers': 4, 'base_filters': 32, 'dropout': 0.5608849392884031, 'kernel_size': 7}. Best is trial 1 with value: 0.9722430607651913.
[I 2026-04-18 11:37:23,100] Trial 79 finished with value: 0.3728813559322034 and parameters: {'lr_finetune': 0.0004618379756692307, 'epochs_finetune': 79, 'weight_decay': 0.04193243928853645, 'batch_size': 128, 'patience': 18, 'scheduler_patience': 6, 'scheduler_factor': 0.3085746453797031, 'pos_weight_multiplier': 1.8830644558653464, 'num_layers': 3, 'base_filters': 16, 'dropout': 0.37980476270225555, 'kernel_size': 5}. Best is trial 1 with value: 0.9722430607651913.
[I 2026-04-18 11:37:24,272] Trial 80 finished with value: 0.9722430607651913 and parameters: {'lr_finetune': 8.34474877043519e-05, 'epochs_finetune': 67, 'weight_decay': 0.006884245635902688, 'batch_size': 32, 'patience': 15, 'scheduler_patience': 7, 'scheduler_factor': 0.4289168552719288, 'pos_weight_multiplier': 2.0806635213931712, 'num_layers': 3, 'base_filters': 32, 'dropout': 0.5379382834411047, 'kernel_size': 7}. Best is trial 1 with value: 0.9722430607651913.
[I 2026-04-18 11:37:25,406] Trial 81 finished with value: 0.9722430607651913 and parameters: {'lr_finetune': 0.00021272092939514652, 'epochs_finetune': 62, 'weight_decay': 0.054108970987768075, 'batch_size': 32, 'patience': 15, 'scheduler_patience': 6, 'scheduler_factor': 0.5892594693380071, 'pos_weight_multiplier': 1.917406737835023, 'num_layers': 3, 'base_filters': 32, 'dropout': 0.46232387323778035, 'kernel_size': 5}. Best is trial 1 with value: 0.9722430607651913.
[I 2026-04-18 11:37:26,562] Trial 82 finished with value: 0.9722430607651913 and parameters: {'lr_finetune': 6.664843478229658e-05, 'epochs_finetune': 70, 'weight_decay': 0.026308321644881016, 'batch_size': 32, 'patience': 14, 'scheduler_patience': 6, 'scheduler_factor': 0.53117921396842, 'pos_weight_multiplier': 1.7419438642885723, 'num_layers': 3, 'base_filters': 32, 'dropout': 0.42960922538624413, 'kernel_size': 5}. Best is trial 1 with value: 0.9722430607651913.
[I 2026-04-18 11:37:27,778] Trial 83 finished with value: 0.9722430607651913 and parameters: {'lr_finetune': 0.00028689720142222296, 'epochs_finetune': 56, 'weight_decay': 0.08521251734136373, 'batch_size': 32, 'patience': 16, 'scheduler_patience': 7, 'scheduler_factor': 0.6434085318298222, 'pos_weight_multiplier': 1.9587258609454425, 'num_layers': 3, 'base_filters': 32, 'dropout': 0.4780210683948056, 'kernel_size': 5}. Best is trial 1 with value: 0.9722430607651913.
[I 2026-04-18 11:37:28,993] Trial 84 finished with value: 0.9722430607651913 and parameters: {'lr_finetune': 0.00018417891496361907, 'epochs_finetune': 61, 'weight_decay': 0.00490376447801842, 'batch_size': 32, 'patience': 16, 'scheduler_patience': 6, 'scheduler_factor': 0.4852957673526962, 'pos_weight_multiplier': 2.427924159089223, 'num_layers': 3, 'base_filters': 32, 'dropout': 0.40372489256285926, 'kernel_size': 5}. Best is trial 1 with value: 0.9722430607651913.
[I 2026-04-18 11:37:30,074] Trial 85 finished with value: 0.9722430607651913 and parameters: {'lr_finetune': 0.00010782052194810885, 'epochs_finetune': 65, 'weight_decay': 0.03672136858511247, 'batch_size': 32, 'patience': 12, 'scheduler_patience': 7, 'scheduler_factor': 0.5784506385047682, 'pos_weight_multiplier': 2.033397467647399, 'num_layers': 3, 'base_filters': 32, 'dropout': 0.3910473718639635, 'kernel_size': 5}. Best is trial 1 with value: 0.9722430607651913.
[I 2026-04-18 11:37:31,291] Trial 86 finished with value: 0.9722430607651913 and parameters: {'lr_finetune': 0.00015090314356491826, 'epochs_finetune': 64, 'weight_decay': 0.02780217336093722, 'batch_size': 32, 'patience': 18, 'scheduler_patience': 7, 'scheduler_factor': 0.47442296311432375, 'pos_weight_multiplier': 1.8049362304146022, 'num_layers': 3, 'base_filters': 32, 'dropout': 0.5117298065589673, 'kernel_size': 3}. Best is trial 1 with value: 0.9722430607651913.
[I 2026-04-18 11:37:32,487] Trial 87 finished with value: 0.9722430607651913 and parameters: {'lr_finetune': 0.0003273144016319709, 'epochs_finetune': 59, 'weight_decay': 0.06924311138502508, 'batch_size': 32, 'patience': 17, 'scheduler_patience': 5, 'scheduler_factor': 0.4410211915248783, 'pos_weight_multiplier': 2.242876962061695, 'num_layers': 3, 'base_filters': 32, 'dropout': 0.4190038352725589, 'kernel_size': 7}. Best is trial 1 with value: 0.9722430607651913.
[I 2026-04-18 11:37:33,095] Trial 88 finished with value: 0.3728813559322034 and parameters: {'lr_finetune': 5.188937965702261e-05, 'epochs_finetune': 53, 'weight_decay': 0.04411200813026356, 'batch_size': 64, 'patience': 20, 'scheduler_patience': 6, 'scheduler_factor': 0.27829258269617857, 'pos_weight_multiplier': 2.106431645093796, 'num_layers': 3, 'base_filters': 16, 'dropout': 0.44106865295699554, 'kernel_size': 5}. Best is trial 1 with value: 0.9722430607651913.
[I 2026-04-18 11:37:34,218] Trial 89 finished with value: 0.9722430607651913 and parameters: {'lr_finetune': 0.0008765606248929508, 'epochs_finetune': 55, 'weight_decay': 0.021057508316104676, 'batch_size': 32, 'patience': 14, 'scheduler_patience': 7, 'scheduler_factor': 0.17708071637081932, 'pos_weight_multiplier': 2.6085797429342565, 'num_layers': 3, 'base_filters': 32, 'dropout': 0.42985730679635054, 'kernel_size': 5}. Best is trial 1 with value: 0.9722430607651913.
[I 2026-04-18 11:37:35,483] Trial 90 finished with value: 0.9722430607651913 and parameters: {'lr_finetune': 0.0005825586979482395, 'epochs_finetune': 51, 'weight_decay': 0.017251993177809132, 'batch_size': 32, 'patience': 19, 'scheduler_patience': 7, 'scheduler_factor': 0.13551725271229786, 'pos_weight_multiplier': 2.3079763402524813, 'num_layers': 3, 'base_filters': 64, 'dropout': 0.4563924409720495, 'kernel_size': 7}. Best is trial 1 with value: 0.9722430607651913.
[I 2026-04-18 11:37:36,605] Trial 91 finished with value: 0.9722430607651913 and parameters: {'lr_finetune': 0.00013262030316738216, 'epochs_finetune': 39, 'weight_decay': 0.012175804210318893, 'batch_size': 32, 'patience': 18, 'scheduler_patience': 8, 'scheduler_factor': 0.195819640003408, 'pos_weight_multiplier': 0.8060703441249117, 'num_layers': 2, 'base_filters': 32, 'dropout': 0.3417081101968388, 'kernel_size': 5}. Best is trial 1 with value: 0.9722430607651913.
[I 2026-04-18 11:37:37,658] Trial 92 finished with value: 0.9722430607651913 and parameters: {'lr_finetune': 0.0004125919214621516, 'epochs_finetune': 44, 'weight_decay': 0.032720375465841486, 'batch_size': 32, 'patience': 15, 'scheduler_patience': 8, 'scheduler_factor': 0.12053611050508663, 'pos_weight_multiplier': 1.145791601046774, 'num_layers': 2, 'base_filters': 32, 'dropout': 0.32057338677186203, 'kernel_size': 5}. Best is trial 1 with value: 0.9722430607651913.
[I 2026-04-18 11:37:38,849] Trial 93 finished with value: 0.9722430607651913 and parameters: {'lr_finetune': 0.00020747621349377556, 'epochs_finetune': 57, 'weight_decay': 0.055636141137106916, 'batch_size': 32, 'patience': 19, 'scheduler_patience': 8, 'scheduler_factor': 0.26538681979222467, 'pos_weight_multiplier': 0.5463330789483779, 'num_layers': 2, 'base_filters': 32, 'dropout': 0.4084068772788204, 'kernel_size': 5}. Best is trial 1 with value: 0.9722430607651913.
[I 2026-04-18 11:37:40,196] Trial 94 finished with value: 0.9722430607651913 and parameters: {'lr_finetune': 0.00026480617877649326, 'epochs_finetune': 57, 'weight_decay': 0.026068940334849203, 'batch_size': 32, 'patience': 17, 'scheduler_patience': 6, 'scheduler_factor': 0.2320151255622076, 'pos_weight_multiplier': 2.0113773536528234, 'num_layers': 4, 'base_filters': 32, 'dropout': 0.2857187738476173, 'kernel_size': 5}. Best is trial 1 with value: 0.9722430607651913.
[I 2026-04-18 11:37:41,239] Trial 95 finished with value: 0.9722430607651913 and parameters: {'lr_finetune': 0.0001811431980422117, 'epochs_finetune': 42, 'weight_decay': 0.015634207043460635, 'batch_size': 32, 'patience': 19, 'scheduler_patience': 8, 'scheduler_factor': 0.5026962316216619, 'pos_weight_multiplier': 2.2008566659507847, 'num_layers': 2, 'base_filters': 32, 'dropout': 0.25973854253821227, 'kernel_size': 5}. Best is trial 1 with value: 0.9722430607651913.
[I 2026-04-18 11:37:42,631] Trial 96 finished with value: 0.9722430607651913 and parameters: {'lr_finetune': 0.00010348482093479376, 'epochs_finetune': 72, 'weight_decay': 0.03726453004536268, 'batch_size': 32, 'patience': 18, 'scheduler_patience': 7, 'scheduler_factor': 0.3170093919941469, 'pos_weight_multiplier': 2.1494318631417064, 'num_layers': 4, 'base_filters': 32, 'dropout': 0.39612690509161685, 'kernel_size': 7}. Best is trial 1 with value: 0.9722430607651913.
[I 2026-04-18 11:37:43,391] Trial 97 finished with value: 0.805701425356339 and parameters: {'lr_finetune': 0.00021720414469066543, 'epochs_finetune': 54, 'weight_decay': 0.08762960389733973, 'batch_size': 128, 'patience': 16, 'scheduler_patience': 5, 'scheduler_factor': 0.22751709878501142, 'pos_weight_multiplier': 1.9172079409678928, 'num_layers': 3, 'base_filters': 16, 'dropout': 0.22678158890620703, 'kernel_size': 5}. Best is trial 1 with value: 0.9722430607651913.
[I 2026-04-18 11:37:44,804] Trial 98 finished with value: 0.9722430607651913 and parameters: {'lr_finetune': 3.5306601464819685e-05, 'epochs_finetune': 75, 'weight_decay': 0.00371681352104164, 'batch_size': 32, 'patience': 11, 'scheduler_patience': 7, 'scheduler_factor': 0.5560426897807718, 'pos_weight_multiplier': 2.7850224929435394, 'num_layers': 3, 'base_filters': 32, 'dropout': 0.3669730093550538, 'kernel_size': 5}. Best is trial 1 with value: 0.9722430607651913.
[I 2026-04-18 11:37:45,927] Trial 99 finished with value: 0.9722430607651913 and parameters: {'lr_finetune': 0.0005177352135181239, 'epochs_finetune': 51, 'weight_decay': 0.021456074836993307, 'batch_size': 32, 'patience': 20, 'scheduler_patience': 6, 'scheduler_factor': 0.4553123564509951, 'pos_weight_multiplier': 1.8488773482039595, 'num_layers': 2, 'base_filters': 32, 'dropout': 0.415966138981245, 'kernel_size': 7}. Best is trial 1 with value: 0.9722430607651913.
[I 2026-04-18 11:37:47,061] Trial 100 finished with value: 0.7959022852639874 and parameters: {'lr_finetune': 1.043985316429938e-05, 'epochs_finetune': 46, 'weight_decay': 0.010373394679285615, 'batch_size': 32, 'patience': 13, 'scheduler_patience': 3, 'scheduler_factor': 0.6258370112650258, 'pos_weight_multiplier': 2.916792078721039, 'num_layers': 3, 'base_filters': 32, 'dropout': 0.44476042077549016, 'kernel_size': 3}. Best is trial 1 with value: 0.9722430607651913.
[I 2026-04-18 11:37:48,418] Trial 101 finished with value: 0.9722430607651913 and parameters: {'lr_finetune': 0.0007017955465970033, 'epochs_finetune': 73, 'weight_decay': 0.00842877455281009, 'batch_size': 32, 'patience': 18, 'scheduler_patience': 7, 'scheduler_factor': 0.5176576889165232, 'pos_weight_multiplier': 2.3930641097034533, 'num_layers': 4, 'base_filters': 32, 'dropout': 0.20740226700409786, 'kernel_size': 5}. Best is trial 1 with value: 0.9722430607651913.
[I 2026-04-18 11:37:49,786] Trial 102 finished with value: 0.9722430607651913 and parameters: {'lr_finetune': 0.0004456313770374544, 'epochs_finetune': 70, 'weight_decay': 0.00706844935112271, 'batch_size': 32, 'patience': 17, 'scheduler_patience': 7, 'scheduler_factor': 0.5980828032968475, 'pos_weight_multiplier': 2.6574737642738158, 'num_layers': 4, 'base_filters': 32, 'dropout': 0.49681700878521995, 'kernel_size': 5}. Best is trial 1 with value: 0.9722430607651913.
[I 2026-04-18 11:37:51,150] Trial 103 finished with value: 0.9722430607651913 and parameters: {'lr_finetune': 0.0006266828771385851, 'epochs_finetune': 67, 'weight_decay': 0.005415422240730397, 'batch_size': 32, 'patience': 19, 'scheduler_patience': 7, 'scheduler_factor': 0.5414264706120377, 'pos_weight_multiplier': 2.3046590276130923, 'num_layers': 4, 'base_filters': 32, 'dropout': 0.233326346209755, 'kernel_size': 5}. Best is trial 1 with value: 0.9722430607651913.
[I 2026-04-18 11:37:52,388] Trial 104 finished with value: 0.9722430607651913 and parameters: {'lr_finetune': 0.0002853189443044316, 'epochs_finetune': 34, 'weight_decay': 0.012829942994443143, 'batch_size': 32, 'patience': 18, 'scheduler_patience': 7, 'scheduler_factor': 0.38618174241442044, 'pos_weight_multiplier': 2.550660546572252, 'num_layers': 4, 'base_filters': 32, 'dropout': 0.424545256739717, 'kernel_size': 5}. Best is trial 1 with value: 0.9722430607651913.
[I 2026-04-18 11:37:53,720] Trial 105 finished with value: 0.9722430607651913 and parameters: {'lr_finetune': 0.0003577527930660328, 'epochs_finetune': 49, 'weight_decay': 0.0060478666973102346, 'batch_size': 32, 'patience': 17, 'scheduler_patience': 8, 'scheduler_factor': 0.5007363697429008, 'pos_weight_multiplier': 1.993631336750111, 'num_layers': 4, 'base_filters': 32, 'dropout': 0.43350964948074105, 'kernel_size': 5}. Best is trial 1 with value: 0.9722430607651913.
[I 2026-04-18 11:37:54,349] Trial 106 finished with value: 0.3728813559322034 and parameters: {'lr_finetune': 0.0002325862995008329, 'epochs_finetune': 68, 'weight_decay': 0.04472309454737244, 'batch_size': 64, 'patience': 19, 'scheduler_patience': 7, 'scheduler_factor': 0.7343771693780679, 'pos_weight_multiplier': 2.848409766627209, 'num_layers': 4, 'base_filters': 16, 'dropout': 0.3108080220685057, 'kernel_size': 5}. Best is trial 1 with value: 0.9722430607651913.
[I 2026-04-18 11:37:55,618] Trial 107 finished with value: 0.9722430607651913 and parameters: {'lr_finetune': 0.00012769199518752005, 'epochs_finetune': 76, 'weight_decay': 0.023889261504101734, 'batch_size': 32, 'patience': 18, 'scheduler_patience': 6, 'scheduler_factor': 0.5276972872111165, 'pos_weight_multiplier': 2.4624243989774914, 'num_layers': 3, 'base_filters': 32, 'dropout': 0.5809441087804045, 'kernel_size': 7}. Best is trial 1 with value: 0.9722430607651913.
[I 2026-04-18 11:37:56,876] Trial 108 finished with value: 0.9722430607651913 and parameters: {'lr_finetune': 0.00015533059581525937, 'epochs_finetune': 59, 'weight_decay': 0.0020008026726294516, 'batch_size': 32, 'patience': 17, 'scheduler_patience': 7, 'scheduler_factor': 0.4059611100060583, 'pos_weight_multiplier': 2.1888751387070915, 'num_layers': 3, 'base_filters': 64, 'dropout': 0.3809852016218936, 'kernel_size': 5}. Best is trial 1 with value: 0.9722430607651913.
[I 2026-04-18 11:37:58,030] Trial 109 finished with value: 0.9722430607651913 and parameters: {'lr_finetune': 0.00016998191545614563, 'epochs_finetune': 62, 'weight_decay': 0.017383512956837145, 'batch_size': 32, 'patience': 16, 'scheduler_patience': 8, 'scheduler_factor': 0.563727153377751, 'pos_weight_multiplier': 2.1139656031395875, 'num_layers': 3, 'base_filters': 32, 'dropout': 0.4037391597122273, 'kernel_size': 5}. Best is trial 1 with value: 0.9722430607651913.
[I 2026-04-18 11:37:59,153] Trial 110 finished with value: 0.9722430607651913 and parameters: {'lr_finetune': 0.0012732741544681343, 'epochs_finetune': 70, 'weight_decay': 0.030585582980705364, 'batch_size': 32, 'patience': 15, 'scheduler_patience': 6, 'scheduler_factor': 0.334853965677998, 'pos_weight_multiplier': 1.682823222102268, 'num_layers': 3, 'base_filters': 32, 'dropout': 0.48485209766681764, 'kernel_size': 7}. Best is trial 1 with value: 0.9722430607651913.
[I 2026-04-18 11:38:00,413] Trial 111 finished with value: 0.9722430607651913 and parameters: {'lr_finetune': 9.429721127834348e-05, 'epochs_finetune': 59, 'weight_decay': 0.010709785389468996, 'batch_size': 64, 'patience': 20, 'scheduler_patience': 5, 'scheduler_factor': 0.8707952994351165, 'pos_weight_multiplier': 2.0676158388238477, 'num_layers': 3, 'base_filters': 16, 'dropout': 0.2886611282481304, 'kernel_size': 7}. Best is trial 1 with value: 0.9722430607651913.
[I 2026-04-18 11:38:00,960] Trial 112 finished with value: 0.3728813559322034 and parameters: {'lr_finetune': 6.880203519308253e-05, 'epochs_finetune': 56, 'weight_decay': 0.009234161549581543, 'batch_size': 128, 'patience': 19, 'scheduler_patience': 6, 'scheduler_factor': 0.7949608475765353, 'pos_weight_multiplier': 2.2589859957063645, 'num_layers': 3, 'base_filters': 16, 'dropout': 0.28063341282172594, 'kernel_size': 7}. Best is trial 1 with value: 0.9722430607651913.
