[I 2026-04-17 16:01:47,613] Trial 63 finished with value: 0.977794448612153 and parameters: {'lr_finetune': 0.0005436973827226128, 'epochs_finetune': 66, 'weight_decay': 0.0038212736049972433, 'batch_size': 32, 'patience': 19, 'scheduler_patience': 6, 'scheduler_factor': 0.7961193449259649, 'pos_weight_multiplier': 0.9955620020521888, 'num_layers': 3, 'base_filters': 32, 'dropout': 0.388003849476933, 'kernel_size': 3}. Best is trial 13 with value: 0.977794448612153.
[I 2026-04-17 16:01:51,647] Trial 64 finished with value: 0.7670750280595671 and parameters: {'lr_finetune': 0.00025479367459637573, 'epochs_finetune': 46, 'weight_decay': 0.009414140389165004, 'batch_size': 32, 'patience': 14, 'scheduler_patience': 6, 'scheduler_factor': 0.7264898765818824, 'pos_weight_multiplier': 1.5892589239010917, 'num_layers': 3, 'base_filters': 32, 'dropout': 0.40450065507148625, 'kernel_size': 3}. Best is trial 13 with value: 0.977794448612153.
[I 2026-04-17 16:01:57,598] Trial 65 finished with value: 0.977794448612153 and parameters: {'lr_finetune': 0.00017716099699368473, 'epochs_finetune': 51, 'weight_decay': 0.05684538931449216, 'batch_size': 32, 'patience': 18, 'scheduler_patience': 7, 'scheduler_factor': 0.793603979568085, 'pos_weight_multiplier': 1.2167980667528078, 'num_layers': 3, 'base_filters': 64, 'dropout': 0.29169073244028854, 'kernel_size': 3}. Best is trial 13 with value: 0.977794448612153.
[I 2026-04-17 16:02:03,055] Trial 66 finished with value: 0.977794448612153 and parameters: {'lr_finetune': 0.0009006333248837306, 'epochs_finetune': 61, 'weight_decay': 0.000523043656125663, 'batch_size': 32, 'patience': 16, 'scheduler_patience': 5, 'scheduler_factor': 0.6604037352101003, 'pos_weight_multiplier': 1.5180278002008303, 'num_layers': 3, 'base_filters': 32, 'dropout': 0.35983119442656686, 'kernel_size': 3}. Best is trial 13 with value: 0.977794448612153.
[I 2026-04-17 16:02:03,588] Trial 67 pruned. 
[I 2026-04-17 16:02:09,170] Trial 68 finished with value: 0.977794448612153 and parameters: {'lr_finetune': 0.0014408768992674823, 'epochs_finetune': 48, 'weight_decay': 0.00018093016585689803, 'batch_size': 32, 'patience': 17, 'scheduler_patience': 7, 'scheduler_factor': 0.4413884334128965, 'pos_weight_multiplier': 0.9211896362571423, 'num_layers': 3, 'base_filters': 32, 'dropout': 0.47206885975595153, 'kernel_size': 5}. Best is trial 13 with value: 0.977794448612153.
[I 2026-04-17 16:02:09,730] Trial 69 pruned. 
[I 2026-04-17 16:02:10,335] Trial 70 pruned. 
[I 2026-04-17 16:02:15,528] Trial 71 finished with value: 0.977794448612153 and parameters: {'lr_finetune': 0.0006830554043059295, 'epochs_finetune': 36, 'weight_decay': 0.0002592162193742289, 'batch_size': 32, 'patience': 20, 'scheduler_patience': 3, 'scheduler_factor': 0.5405960743685987, 'pos_weight_multiplier': 0.673623841596218, 'num_layers': 3, 'base_filters': 32, 'dropout': 0.2525630038134534, 'kernel_size': 7}. Best is trial 13 with value: 0.977794448612153.
[I 2026-04-17 16:02:20,925] Trial 72 finished with value: 0.977794448612153 and parameters: {'lr_finetune': 0.00042630949839096553, 'epochs_finetune': 39, 'weight_decay': 0.0001243939555795619, 'batch_size': 32, 'patience': 18, 'scheduler_patience': 4, 'scheduler_factor': 0.5586714566670405, 'pos_weight_multiplier': 0.5031120777532148, 'num_layers': 3, 'base_filters': 32, 'dropout': 0.23352454788600094, 'kernel_size': 7}. Best is trial 13 with value: 0.977794448612153.
[I 2026-04-17 16:02:26,043] Trial 73 finished with value: 0.977794448612153 and parameters: {'lr_finetune': 0.000803876045507385, 'epochs_finetune': 35, 'weight_decay': 0.007590665126278416, 'batch_size': 32, 'patience': 20, 'scheduler_patience': 4, 'scheduler_factor': 0.6275229003564498, 'pos_weight_multiplier': 0.6495653865133223, 'num_layers': 3, 'base_filters': 32, 'dropout': 0.2546386183336291, 'kernel_size': 7}. Best is trial 13 with value: 0.977794448612153.
[I 2026-04-17 16:02:31,567] Trial 74 finished with value: 0.977794448612153 and parameters: {'lr_finetune': 0.0005429351562038575, 'epochs_finetune': 45, 'weight_decay': 0.09545493739855969, 'batch_size': 32, 'patience': 19, 'scheduler_patience': 5, 'scheduler_factor': 0.5013716570601799, 'pos_weight_multiplier': 0.7761817802962617, 'num_layers': 3, 'base_filters': 32, 'dropout': 0.28065812015817265, 'kernel_size': 7}. Best is trial 13 with value: 0.977794448612153.
[I 2026-04-17 16:02:37,213] Trial 75 finished with value: 0.977794448612153 and parameters: {'lr_finetune': 0.0002875159906646024, 'epochs_finetune': 41, 'weight_decay': 0.013080234339472599, 'batch_size': 32, 'patience': 20, 'scheduler_patience': 6, 'scheduler_factor': 0.5842577881449598, 'pos_weight_multiplier': 0.60082398138397, 'num_layers': 3, 'base_filters': 32, 'dropout': 0.3043688576821412, 'kernel_size': 7}. Best is trial 13 with value: 0.977794448612153.
[I 2026-04-17 16:02:41,973] Trial 76 finished with value: 0.977794448612153 and parameters: {'lr_finetune': 0.00020413378162198117, 'epochs_finetune': 33, 'weight_decay': 0.0012131210610490906, 'batch_size': 32, 'patience': 19, 'scheduler_patience': 4, 'scheduler_factor': 0.8588592530831679, 'pos_weight_multiplier': 2.9481939838758975, 'num_layers': 3, 'base_filters': 64, 'dropout': 0.2091559714406172, 'kernel_size': 3}. Best is trial 13 with value: 0.977794448612153.
[I 2026-04-17 16:02:42,481] Trial 77 pruned. 
[I 2026-04-17 16:02:42,949] Trial 78 pruned. 
[I 2026-04-17 16:02:48,403] Trial 79 finished with value: 0.977794448612153 and parameters: {'lr_finetune': 6.134802149609814e-05, 'epochs_finetune': 38, 'weight_decay': 0.0067466144584298945, 'batch_size': 32, 'patience': 20, 'scheduler_patience': 6, 'scheduler_factor': 0.6362746708376502, 'pos_weight_multiplier': 0.8559976874583414, 'num_layers': 3, 'base_filters': 32, 'dropout': 0.27208647364604444, 'kernel_size': 3}. Best is trial 13 with value: 0.977794448612153.
[I 2026-04-17 16:02:52,930] Trial 80 finished with value: 0.8579221076455553 and parameters: {'lr_finetune': 0.0013741650642360328, 'epochs_finetune': 41, 'weight_decay': 0.010469395186865744, 'batch_size': 32, 'patience': 15, 'scheduler_patience': 7, 'scheduler_factor': 0.7250297305372468, 'pos_weight_multiplier': 1.403867849859874, 'num_layers': 3, 'base_filters': 16, 'dropout': 0.22203581227488434, 'kernel_size': 5}. Best is trial 13 with value: 0.977794448612153.
[I 2026-04-17 16:02:57,409] Trial 81 finished with value: 0.977794448612153 and parameters: {'lr_finetune': 0.00014721821988681306, 'epochs_finetune': 31, 'weight_decay': 0.008753275879152545, 'batch_size': 32, 'patience': 14, 'scheduler_patience': 6, 'scheduler_factor': 0.8583544959477456, 'pos_weight_multiplier': 1.1807930299565206, 'num_layers': 3, 'base_filters': 32, 'dropout': 0.5207394175635156, 'kernel_size': 5}. Best is trial 13 with value: 0.977794448612153.
[I 2026-04-17 16:03:00,249] Trial 82 pruned. 
[I 2026-04-17 16:03:05,384] Trial 83 finished with value: 0.977794448612153 and parameters: {'lr_finetune': 0.00019226817462403748, 'epochs_finetune': 39, 'weight_decay': 0.02482046414785412, 'batch_size': 32, 'patience': 16, 'scheduler_patience': 5, 'scheduler_factor': 0.7819905523105112, 'pos_weight_multiplier': 1.3242828467597567, 'num_layers': 3, 'base_filters': 32, 'dropout': 0.5456731065996923, 'kernel_size': 5}. Best is trial 13 with value: 0.977794448612153.
[I 2026-04-17 16:03:10,989] Trial 84 finished with value: 0.977794448612153 and parameters: {'lr_finetune': 0.0002546238578459904, 'epochs_finetune': 37, 'weight_decay': 0.01405024494208618, 'batch_size': 32, 'patience': 19, 'scheduler_patience': 5, 'scheduler_factor': 0.6652613531339938, 'pos_weight_multiplier': 0.9709426303330082, 'num_layers': 3, 'base_filters': 32, 'dropout': 0.563930413140867, 'kernel_size': 5}. Best is trial 13 with value: 0.977794448612153.
[I 2026-04-17 16:03:16,718] Trial 85 finished with value: 0.977794448612153 and parameters: {'lr_finetune': 0.0006750880347700048, 'epochs_finetune': 43, 'weight_decay': 0.004368608811484771, 'batch_size': 32, 'patience': 17, 'scheduler_patience': 7, 'scheduler_factor': 0.7378393741667937, 'pos_weight_multiplier': 1.529942120477898, 'num_layers': 3, 'base_filters': 32, 'dropout': 0.4129156997703395, 'kernel_size': 3}. Best is trial 13 with value: 0.977794448612153.
[I 2026-04-17 16:03:20,734] Trial 86 pruned. 
[I 2026-04-17 16:03:23,044] Trial 87 pruned. 
[I 2026-04-17 16:03:27,687] Trial 88 finished with value: 0.977794448612153 and parameters: {'lr_finetune': 8.492186224939856e-05, 'epochs_finetune': 32, 'weight_decay': 0.005841146177711029, 'batch_size': 32, 'patience': 19, 'scheduler_patience': 8, 'scheduler_factor': 0.6077574888372119, 'pos_weight_multiplier': 1.0695130319728692, 'num_layers': 3, 'base_filters': 32, 'dropout': 0.20076288280132498, 'kernel_size': 5}. Best is trial 13 with value: 0.977794448612153.
[I 2026-04-17 16:03:30,478] Trial 89 pruned. 
[I 2026-04-17 16:03:30,975] Trial 90 pruned. 
[I 2026-04-17 16:03:36,824] Trial 91 finished with value: 0.977794448612153 and parameters: {'lr_finetune': 0.0005397529891516081, 'epochs_finetune': 47, 'weight_decay': 0.00748534238657965, 'batch_size': 32, 'patience': 20, 'scheduler_patience': 7, 'scheduler_factor': 0.6516752111311017, 'pos_weight_multiplier': 1.3026040170613908, 'num_layers': 3, 'base_filters': 32, 'dropout': 0.22650095193573586, 'kernel_size': 3}. Best is trial 13 with value: 0.977794448612153.
[I 2026-04-17 16:03:42,671] Trial 92 finished with value: 0.977794448612153 and parameters: {'lr_finetune': 0.00031359840018310985, 'epochs_finetune': 49, 'weight_decay': 0.009709973107575248, 'batch_size': 32, 'patience': 20, 'scheduler_patience': 7, 'scheduler_factor': 0.5655125525013585, 'pos_weight_multiplier': 1.3796993521533512, 'num_layers': 3, 'base_filters': 32, 'dropout': 0.2470365586777016, 'kernel_size': 3}. Best is trial 13 with value: 0.977794448612153.
[I 2026-04-17 16:03:48,472] Trial 93 finished with value: 0.977794448612153 and parameters: {'lr_finetune': 0.0007221063093932188, 'epochs_finetune': 40, 'weight_decay': 0.005379839707152193, 'batch_size': 32, 'patience': 19, 'scheduler_patience': 8, 'scheduler_factor': 0.6816714192020881, 'pos_weight_multiplier': 1.2525892615339673, 'num_layers': 3, 'base_filters': 32, 'dropout': 0.2162164974693949, 'kernel_size': 3}. Best is trial 13 with value: 0.977794448612153.
[I 2026-04-17 16:03:54,173] Trial 94 finished with value: 0.977794448612153 and parameters: {'lr_finetune': 0.00022083596143482068, 'epochs_finetune': 43, 'weight_decay': 0.034189277983263176, 'batch_size': 32, 'patience': 20, 'scheduler_patience': 6, 'scheduler_factor': 0.6405093293092119, 'pos_weight_multiplier': 2.0338383636956543, 'num_layers': 3, 'base_filters': 32, 'dropout': 0.43708443664701085, 'kernel_size': 3}. Best is trial 13 with value: 0.977794448612153.
[I 2026-04-17 16:03:59,507] Trial 95 finished with value: 0.977794448612153 and parameters: {'lr_finetune': 0.001195238397441789, 'epochs_finetune': 46, 'weight_decay': 0.006715253596325268, 'batch_size': 32, 'patience': 15, 'scheduler_patience': 7, 'scheduler_factor': 0.7567454842142479, 'pos_weight_multiplier': 1.672813453738486, 'num_layers': 3, 'base_filters': 32, 'dropout': 0.3918543859559111, 'kernel_size': 3}. Best is trial 13 with value: 0.977794448612153.
[I 2026-04-17 16:04:05,315] Trial 96 finished with value: 0.977794448612153 and parameters: {'lr_finetune': 0.00048477706341456286, 'epochs_finetune': 51, 'weight_decay': 0.0006417039686155763, 'batch_size': 32, 'patience': 19, 'scheduler_patience': 7, 'scheduler_factor': 0.5973484226656421, 'pos_weight_multiplier': 1.1677119680582475, 'num_layers': 3, 'base_filters': 32, 'dropout': 0.2424570127988419, 'kernel_size': 3}. Best is trial 13 with value: 0.977794448612153.
[I 2026-04-17 16:04:10,311] Trial 97 finished with value: 0.977794448612153 and parameters: {'lr_finetune': 0.00041201025258078727, 'epochs_finetune': 37, 'weight_decay': 0.004142940989623699, 'batch_size': 32, 'patience': 18, 'scheduler_patience': 6, 'scheduler_factor': 0.7032733733014997, 'pos_weight_multiplier': 1.1984278448604082, 'num_layers': 3, 'base_filters': 16, 'dropout': 0.22918388994420416, 'kernel_size': 7}. Best is trial 13 with value: 0.977794448612153.
[I 2026-04-17 16:04:16,168] Trial 98 finished with value: 0.977794448612153 and parameters: {'lr_finetune': 0.0008762832692219467, 'epochs_finetune': 42, 'weight_decay': 0.015015233426471165, 'batch_size': 32, 'patience': 20, 'scheduler_patience': 6, 'scheduler_factor': 0.5803255493925324, 'pos_weight_multiplier': 0.8900557303831034, 'num_layers': 3, 'base_filters': 64, 'dropout': 0.46370295531130773, 'kernel_size': 3}. Best is trial 13 with value: 0.977794448612153.
[I 2026-04-17 16:04:21,810] Trial 99 finished with value: 0.977794448612153 and parameters: {'lr_finetune': 0.000605639228030685, 'epochs_finetune': 41, 'weight_decay': 0.01147751232940936, 'batch_size': 32, 'patience': 19, 'scheduler_patience': 8, 'scheduler_factor': 0.5481025828367188, 'pos_weight_multiplier': 1.0271112552876263, 'num_layers': 3, 'base_filters': 32, 'dropout': 0.29558589130018265, 'kernel_size': 3}. Best is trial 13 with value: 0.977794448612153.
[I 2026-04-17 16:04:26,020] Trial 100 finished with value: 0.8522613742803961 and parameters: {'lr_finetune': 0.00011192068851564424, 'epochs_finetune': 48, 'weight_decay': 0.022370297516620043, 'batch_size': 64, 'patience': 18, 'scheduler_patience': 5, 'scheduler_factor': 0.30791976308202174, 'pos_weight_multiplier': 1.2735662877817142, 'num_layers': 3, 'base_filters': 32, 'dropout': 0.36342633064561647, 'kernel_size': 3}. Best is trial 13 with value: 0.977794448612153.
[I 2026-04-17 16:04:31,514] Trial 101 finished with value: 0.977794448612153 and parameters: {'lr_finetune': 0.000275132601549555, 'epochs_finetune': 39, 'weight_decay': 0.003478195229675064, 'batch_size': 32, 'patience': 20, 'scheduler_patience': 7, 'scheduler_factor': 0.6659980738636744, 'pos_weight_multiplier': 1.3915730703318525, 'num_layers': 3, 'base_filters': 32, 'dropout': 0.20694326782695052, 'kernel_size': 3}. Best is trial 13 with value: 0.977794448612153.
[I 2026-04-17 16:04:37,129] Trial 102 finished with value: 0.977794448612153 and parameters: {'lr_finetune': 0.00037480115398991605, 'epochs_finetune': 45, 'weight_decay': 0.002932403860886307, 'batch_size': 32, 'patience': 19, 'scheduler_patience': 7, 'scheduler_factor': 0.7690680901468271, 'pos_weight_multiplier': 2.3076992301433767, 'num_layers': 3, 'base_filters': 32, 'dropout': 0.21662358862129283, 'kernel_size': 3}. Best is trial 13 with value: 0.977794448612153.
[I 2026-04-17 16:04:42,746] Trial 103 finished with value: 0.977794448612153 and parameters: {'lr_finetune': 0.00034531197849291706, 'epochs_finetune': 40, 'weight_decay': 0.0002559431623371711, 'batch_size': 32, 'patience': 20, 'scheduler_patience': 7, 'scheduler_factor': 0.6830692523960928, 'pos_weight_multiplier': 1.8542185592212235, 'num_layers': 3, 'base_filters': 32, 'dropout': 0.23658578514630707, 'kernel_size': 3}. Best is trial 13 with value: 0.977794448612153.
[I 2026-04-17 16:04:48,112] Trial 104 finished with value: 0.977794448612153 and parameters: {'lr_finetune': 0.0001863783989988679, 'epochs_finetune': 38, 'weight_decay': 0.0047277073289608415, 'batch_size': 32, 'patience': 19, 'scheduler_patience': 7, 'scheduler_factor': 0.7400462325353481, 'pos_weight_multiplier': 1.729741063043102, 'num_layers': 3, 'base_filters': 32, 'dropout': 0.2709092189571895, 'kernel_size': 3}. Best is trial 13 with value: 0.977794448612153.
[I 2026-04-17 16:04:49,217] Trial 105 pruned. 
[I 2026-04-17 16:04:54,793] Trial 106 finished with value: 0.977794448612153 and parameters: {'lr_finetune': 0.00022354953759004144, 'epochs_finetune': 55, 'weight_decay': 0.008902123486386287, 'batch_size': 32, 'patience': 18, 'scheduler_patience': 6, 'scheduler_factor': 0.7256397331435254, 'pos_weight_multiplier': 1.5968151212059776, 'num_layers': 3, 'base_filters': 64, 'dropout': 0.2209688433455339, 'kernel_size': 5}. Best is trial 13 with value: 0.977794448612153.
[I 2026-04-17 16:05:00,152] Trial 107 finished with value: 0.977794448612153 and parameters: {'lr_finetune': 0.0002962096549661651, 'epochs_finetune': 44, 'weight_decay': 0.0022651894349894367, 'batch_size': 32, 'patience': 16, 'scheduler_patience': 7, 'scheduler_factor': 0.6185020051978665, 'pos_weight_multiplier': 1.3441941963714934, 'num_layers': 3, 'base_filters': 32, 'dropout': 0.2836805996594903, 'kernel_size': 3}. Best is trial 13 with value: 0.977794448612153.
[I 2026-04-17 16:05:05,219] Trial 108 finished with value: 0.977794448612153 and parameters: {'lr_finetune': 0.0004645962919301885, 'epochs_finetune': 36, 'weight_decay': 0.0037347884780766097, 'batch_size': 32, 'patience': 19, 'scheduler_patience': 8, 'scheduler_factor': 0.5216052953740544, 'pos_weight_multiplier': 0.9328140770863299, 'num_layers': 3, 'base_filters': 32, 'dropout': 0.2422254841779481, 'kernel_size': 7}. Best is trial 13 with value: 0.977794448612153.
[I 2026-04-17 16:05:05,731] Trial 109 pruned. 
[I 2026-04-17 16:05:10,582] Trial 110 finished with value: 0.977794448612153 and parameters: {'lr_finetune': 0.0006683141703194122, 'epochs_finetune': 47, 'weight_decay': 0.0018388091689775367, 'batch_size': 32, 'patience': 20, 'scheduler_patience': 7, 'scheduler_factor': 0.7788804023694228, 'pos_weight_multiplier': 1.4366844092176692, 'num_layers': 2, 'base_filters': 32, 'dropout': 0.23198950935305163, 'kernel_size': 3}. Best is trial 13 with value: 0.977794448612153.
[I 2026-04-17 16:05:16,361] Trial 111 finished with value: 0.977794448612153 and parameters: {'lr_finetune': 0.00041385875667459426, 'epochs_finetune': 45, 'weight_decay': 0.012052148912119582, 'batch_size': 32, 'patience': 18, 'scheduler_patience': 7, 'scheduler_factor': 0.6305454638797986, 'pos_weight_multiplier': 1.6742291674465315, 'num_layers': 3, 'base_filters': 32, 'dropout': 0.3812025640410434, 'kernel_size': 3}. Best is trial 13 with value: 0.977794448612153.
[I 2026-04-17 16:05:22,143] Trial 112 finished with value: 0.977794448612153 and parameters: {'lr_finetune': 0.00114835903028688, 'epochs_finetune': 41, 'weight_decay': 0.008136632102117108, 'batch_size': 32, 'patience': 19, 'scheduler_patience': 7, 'scheduler_factor': 0.5862693063614608, 'pos_weight_multiplier': 1.4807550957475204, 'num_layers': 3, 'base_filters': 32, 'dropout': 0.2545810312973389, 'kernel_size': 3}. Best is trial 13 with value: 0.977794448612153.
[I 2026-04-17 16:05:27,903] Trial 113 finished with value: 0.977794448612153 and parameters: {'lr_finetune': 0.0017118860000832933, 'epochs_finetune': 50, 'weight_decay': 0.009963976443814542, 'batch_size': 32, 'patience': 18, 'scheduler_patience': 4, 'scheduler_factor': 0.609202729661477, 'pos_weight_multiplier': 1.5404205392220627, 'num_layers': 3, 'base_filters': 32, 'dropout': 0.2664405520433136, 'kernel_size': 3}. Best is trial 13 with value: 0.977794448612153.
[I 2026-04-17 16:05:33,345] Trial 114 finished with value: 0.977794448612153 and parameters: {'lr_finetune': 0.0005744836942558223, 'epochs_finetune': 39, 'weight_decay': 0.048364202175806316, 'batch_size': 32, 'patience': 19, 'scheduler_patience': 7, 'scheduler_factor': 0.6524163517271218, 'pos_weight_multiplier': 1.254712936747957, 'num_layers': 3, 'base_filters': 32, 'dropout': 0.2908925865357444, 'kernel_size': 3}. Best is trial 13 with value: 0.977794448612153.
[I 2026-04-17 16:05:39,273] Trial 115 finished with value: 0.977794448612153 and parameters: {'lr_finetune': 0.0009131010802446734, 'epochs_finetune': 46, 'weight_decay': 0.07995277914852618, 'batch_size': 32, 'patience': 20, 'scheduler_patience': 6, 'scheduler_factor': 0.6736537063831828, 'pos_weight_multiplier': 1.334801224891504, 'num_layers': 3, 'base_filters': 32, 'dropout': 0.32259972706595347, 'kernel_size': 3}. Best is trial 13 with value: 0.977794448612153.
[I 2026-04-17 16:05:44,938] Trial 116 finished with value: 0.977794448612153 and parameters: {'lr_finetune': 0.0002543505019863964, 'epochs_finetune': 42, 'weight_decay': 0.00511652070499671, 'batch_size': 32, 'patience': 17, 'scheduler_patience': 8, 'scheduler_factor': 0.5606640775048256, 'pos_weight_multiplier': 1.146564504629001, 'num_layers': 3, 'base_filters': 16, 'dropout': 0.4097106758684621, 'kernel_size': 7}. Best is trial 13 with value: 0.977794448612153.
[I 2026-04-17 16:05:50,265] Trial 117 finished with value: 0.977794448612153 and parameters: {'lr_finetune': 0.0023173549729846176, 'epochs_finetune': 37, 'weight_decay': 0.006198243281334086, 'batch_size': 32, 'patience': 20, 'scheduler_patience': 3, 'scheduler_factor': 0.5140829189147202, 'pos_weight_multiplier': 1.1971100511490111, 'num_layers': 3, 'base_filters': 32, 'dropout': 0.3046516938191562, 'kernel_size': 5}. Best is trial 13 with value: 0.977794448612153.
[I 2026-04-17 16:05:55,004] Trial 118 finished with value: 0.977794448612153 and parameters: {'lr_finetune': 0.0003223897143726331, 'epochs_finetune': 33, 'weight_decay': 0.016004832263580744, 'batch_size': 32, 'patience': 19, 'scheduler_patience': 7, 'scheduler_factor': 0.8824028217835772, 'pos_weight_multiplier': 1.7642535392933079, 'num_layers': 3, 'base_filters': 64, 'dropout': 0.24826363576178762, 'kernel_size': 3}. Best is trial 13 with value: 0.977794448612153.
[I 2026-04-17 16:06:00,383] Trial 119 finished with value: 0.977794448612153 and parameters: {'lr_finetune': 0.0010211753736635838, 'epochs_finetune': 44, 'weight_decay': 0.019545068769967602, 'batch_size': 32, 'patience': 17, 'scheduler_patience': 7, 'scheduler_factor': 0.5398745409425633, 'pos_weight_multiplier': 1.293091933160887, 'num_layers': 3, 'base_filters': 32, 'dropout': 0.34073262122911274, 'kernel_size': 3}. Best is trial 13 with value: 0.977794448612153.
[I 2026-04-17 16:06:00,966] Trial 120 pruned. 
