[I 2026-04-18 11:42:19,670] Trial 48 finished with value: 0.9722430607651913 and parameters: {'lr_finetune': 1.73443686411643e-05, 'epochs_finetune': 80, 'weight_decay': 0.0019655606957068544, 'batch_size': 32, 'patience': 12, 'scheduler_patience': 7, 'scheduler_factor': 0.6492420918290468, 'pos_weight_multiplier': 0.8250896974509349, 'num_layers': 2, 'base_filters': 64, 'dropout': 0.4692386456550125, 'kernel_size': 7}. Best is trial 0 with value: 0.9722430607651913.
[I 2026-04-18 11:42:20,567] Trial 49 finished with value: 0.9722430607651913 and parameters: {'lr_finetune': 0.003716399131969399, 'epochs_finetune': 31, 'weight_decay': 0.0035727751425849584, 'batch_size': 32, 'patience': 10, 'scheduler_patience': 8, 'scheduler_factor': 0.689841622445885, 'pos_weight_multiplier': 1.2311950908822213, 'num_layers': 2, 'base_filters': 16, 'dropout': 0.4282104785183417, 'kernel_size': 3}. Best is trial 0 with value: 0.9722430607651913.
[I 2026-04-18 11:42:21,097] Trial 50 finished with value: 0.8542159180457052 and parameters: {'lr_finetune': 0.0016622578346195708, 'epochs_finetune': 48, 'weight_decay': 0.0005922333224009675, 'batch_size': 128, 'patience': 16, 'scheduler_patience': 7, 'scheduler_factor': 0.44920773924431234, 'pos_weight_multiplier': 1.0346656553531532, 'num_layers': 2, 'base_filters': 32, 'dropout': 0.3060157447457967, 'kernel_size': 7}. Best is trial 0 with value: 0.9722430607651913.
[I 2026-04-18 11:42:22,374] Trial 51 finished with value: 0.9722430607651913 and parameters: {'lr_finetune': 6.49758225156475e-05, 'epochs_finetune': 39, 'weight_decay': 0.00018550772353131308, 'batch_size': 32, 'patience': 15, 'scheduler_patience': 4, 'scheduler_factor': 0.7358169870350116, 'pos_weight_multiplier': 2.848709953188153, 'num_layers': 4, 'base_filters': 64, 'dropout': 0.398647498434062, 'kernel_size': 7}. Best is trial 0 with value: 0.9722430607651913.
[I 2026-04-18 11:42:23,496] Trial 52 finished with value: 0.9722430607651913 and parameters: {'lr_finetune': 0.000651275741586804, 'epochs_finetune': 37, 'weight_decay': 0.00016440234858928625, 'batch_size': 32, 'patience': 15, 'scheduler_patience': 4, 'scheduler_factor': 0.6028267902025418, 'pos_weight_multiplier': 1.8337302276528298, 'num_layers': 3, 'base_filters': 64, 'dropout': 0.35825818024771283, 'kernel_size': 7}. Best is trial 0 with value: 0.9722430607651913.
[I 2026-04-18 11:42:24,627] Trial 53 finished with value: 0.9722430607651913 and parameters: {'lr_finetune': 3.840018297028895e-05, 'epochs_finetune': 42, 'weight_decay': 0.001303564555420344, 'batch_size': 32, 'patience': 13, 'scheduler_patience': 4, 'scheduler_factor': 0.5184358655402447, 'pos_weight_multiplier': 2.0376005097783647, 'num_layers': 3, 'base_filters': 64, 'dropout': 0.4176269269154989, 'kernel_size': 7}. Best is trial 0 with value: 0.9722430607651913.
[I 2026-04-18 11:42:25,628] Trial 54 finished with value: 0.9722430607651913 and parameters: {'lr_finetune': 5.812301545684051e-05, 'epochs_finetune': 59, 'weight_decay': 0.0009602644973211784, 'batch_size': 32, 'patience': 14, 'scheduler_patience': 5, 'scheduler_factor': 0.8915797899562035, 'pos_weight_multiplier': 2.597423550713138, 'num_layers': 2, 'base_filters': 64, 'dropout': 0.5965043688058353, 'kernel_size': 7}. Best is trial 0 with value: 0.9722430607651913.
[I 2026-04-18 11:42:26,291] Trial 55 finished with value: 0.3728813559322034 and parameters: {'lr_finetune': 9.71648110528192e-05, 'epochs_finetune': 55, 'weight_decay': 0.00023258988541047698, 'batch_size': 32, 'patience': 13, 'scheduler_patience': 3, 'scheduler_factor': 0.6872193791054809, 'pos_weight_multiplier': 2.328906049135422, 'num_layers': 4, 'base_filters': 64, 'dropout': 0.44823074778198113, 'kernel_size': 7}. Best is trial 0 with value: 0.9722430607651913.
[I 2026-04-18 11:42:27,437] Trial 56 finished with value: 0.9722430607651913 and parameters: {'lr_finetune': 0.0008705202450928363, 'epochs_finetune': 47, 'weight_decay': 0.0015407341247539255, 'batch_size': 32, 'patience': 16, 'scheduler_patience': 5, 'scheduler_factor': 0.4942727881108052, 'pos_weight_multiplier': 1.6875378591928176, 'num_layers': 3, 'base_filters': 16, 'dropout': 0.34211544840430663, 'kernel_size': 7}. Best is trial 0 with value: 0.9722430607651913.
[I 2026-04-18 11:42:28,668] Trial 57 finished with value: 0.9722430607651913 and parameters: {'lr_finetune': 2.4232013706423445e-05, 'epochs_finetune': 44, 'weight_decay': 0.00010003714422328794, 'batch_size': 32, 'patience': 15, 'scheduler_patience': 8, 'scheduler_factor': 0.5560159392020634, 'pos_weight_multiplier': 2.244502567081165, 'num_layers': 2, 'base_filters': 64, 'dropout': 0.4834040504326733, 'kernel_size': 7}. Best is trial 0 with value: 0.9722430607651913.
[I 2026-04-18 11:42:29,675] Trial 58 finished with value: 0.9722430607651913 and parameters: {'lr_finetune': 0.00013477875436125513, 'epochs_finetune': 50, 'weight_decay': 0.00041710433095464076, 'batch_size': 32, 'patience': 17, 'scheduler_patience': 8, 'scheduler_factor': 0.4027684943474084, 'pos_weight_multiplier': 1.8021478745211343, 'num_layers': 2, 'base_filters': 16, 'dropout': 0.2623702380060722, 'kernel_size': 5}. Best is trial 0 with value: 0.9722430607651913.
[I 2026-04-18 11:42:30,164] Trial 59 finished with value: 0.3728813559322034 and parameters: {'lr_finetune': 0.0015907357071432509, 'epochs_finetune': 36, 'weight_decay': 0.0058154969754916075, 'batch_size': 64, 'patience': 14, 'scheduler_patience': 7, 'scheduler_factor': 0.5326849949850265, 'pos_weight_multiplier': 0.6008121333782623, 'num_layers': 3, 'base_filters': 16, 'dropout': 0.23392753439110447, 'kernel_size': 7}. Best is trial 0 with value: 0.9722430607651913.
[I 2026-04-18 11:42:31,131] Trial 60 finished with value: 0.9722430607651913 and parameters: {'lr_finetune': 3.749653665297426e-05, 'epochs_finetune': 40, 'weight_decay': 0.08218802898047962, 'batch_size': 32, 'patience': 12, 'scheduler_patience': 8, 'scheduler_factor': 0.4559953754987064, 'pos_weight_multiplier': 1.3840139061616186, 'num_layers': 2, 'base_filters': 64, 'dropout': 0.38606654942058366, 'kernel_size': 3}. Best is trial 0 with value: 0.9722430607651913.
[I 2026-04-18 11:42:32,112] Trial 61 finished with value: 0.9722430607651913 and parameters: {'lr_finetune': 0.0007175476045997569, 'epochs_finetune': 51, 'weight_decay': 0.006519106115102013, 'batch_size': 32, 'patience': 13, 'scheduler_patience': 6, 'scheduler_factor': 0.5092055861978595, 'pos_weight_multiplier': 2.053739636742308, 'num_layers': 2, 'base_filters': 16, 'dropout': 0.2938063448412661, 'kernel_size': 5}. Best is trial 0 with value: 0.9722430607651913.
[I 2026-04-18 11:42:33,005] Trial 62 finished with value: 0.9722430607651913 and parameters: {'lr_finetune': 0.00037354655782328365, 'epochs_finetune': 55, 'weight_decay': 0.009949580258265941, 'batch_size': 32, 'patience': 14, 'scheduler_patience': 7, 'scheduler_factor': 0.6277378813851469, 'pos_weight_multiplier': 1.9262697281058851, 'num_layers': 2, 'base_filters': 16, 'dropout': 0.3381549600182788, 'kernel_size': 5}. Best is trial 0 with value: 0.9722430607651913.
[I 2026-04-18 11:42:33,570] Trial 63 finished with value: 0.8878787878787879 and parameters: {'lr_finetune': 0.0005182173462232573, 'epochs_finetune': 45, 'weight_decay': 0.0030093256217373896, 'batch_size': 32, 'patience': 11, 'scheduler_patience': 6, 'scheduler_factor': 0.5702784033986549, 'pos_weight_multiplier': 1.5752023934919193, 'num_layers': 2, 'base_filters': 16, 'dropout': 0.5344929094825099, 'kernel_size': 5}. Best is trial 0 with value: 0.9722430607651913.
[I 2026-04-18 11:42:34,463] Trial 64 finished with value: 0.9722430607651913 and parameters: {'lr_finetune': 0.0010384860497844605, 'epochs_finetune': 54, 'weight_decay': 0.004878382243140666, 'batch_size': 32, 'patience': 13, 'scheduler_patience': 8, 'scheduler_factor': 0.36156841383039273, 'pos_weight_multiplier': 1.9627885450117826, 'num_layers': 2, 'base_filters': 16, 'dropout': 0.30708254102992616, 'kernel_size': 5}. Best is trial 0 with value: 0.9722430607651913.
[I 2026-04-18 11:42:35,458] Trial 65 finished with value: 0.9722430607651913 and parameters: {'lr_finetune': 0.0005073618411772822, 'epochs_finetune': 62, 'weight_decay': 0.007584624849681898, 'batch_size': 32, 'patience': 15, 'scheduler_patience': 7, 'scheduler_factor': 0.3250510014341798, 'pos_weight_multiplier': 2.1841286997370717, 'num_layers': 2, 'base_filters': 16, 'dropout': 0.3593367046066951, 'kernel_size': 7}. Best is trial 0 with value: 0.9722430607651913.
[I 2026-04-18 11:42:36,341] Trial 66 finished with value: 0.9722430607651913 and parameters: {'lr_finetune': 0.00041453341078280986, 'epochs_finetune': 49, 'weight_decay': 0.012734891917035087, 'batch_size': 32, 'patience': 12, 'scheduler_patience': 8, 'scheduler_factor': 0.4897544983229983, 'pos_weight_multiplier': 0.9477680165443901, 'num_layers': 2, 'base_filters': 16, 'dropout': 0.2705472550563992, 'kernel_size': 7}. Best is trial 0 with value: 0.9722430607651913.
[I 2026-04-18 11:42:36,684] Trial 67 finished with value: 0.3728813559322034 and parameters: {'lr_finetune': 0.0002795465872131654, 'epochs_finetune': 46, 'weight_decay': 0.025806981221088477, 'batch_size': 32, 'patience': 5, 'scheduler_patience': 7, 'scheduler_factor': 0.5937142113936783, 'pos_weight_multiplier': 1.4982808486126187, 'num_layers': 2, 'base_filters': 32, 'dropout': 0.2816153744273622, 'kernel_size': 7}. Best is trial 0 with value: 0.9722430607651913.
[I 2026-04-18 11:42:37,033] Trial 68 finished with value: 0.3728813559322034 and parameters: {'lr_finetune': 0.002270784314523392, 'epochs_finetune': 38, 'weight_decay': 0.03172038381015413, 'batch_size': 128, 'patience': 10, 'scheduler_patience': 8, 'scheduler_factor': 0.4164608412235661, 'pos_weight_multiplier': 0.7465483727456599, 'num_layers': 2, 'base_filters': 16, 'dropout': 0.31801088900630586, 'kernel_size': 5}. Best is trial 0 with value: 0.9722430607651913.
[I 2026-04-18 11:42:38,182] Trial 69 finished with value: 0.9722430607651913 and parameters: {'lr_finetune': 5.386249701490027e-05, 'epochs_finetune': 57, 'weight_decay': 0.004345929070805963, 'batch_size': 32, 'patience': 14, 'scheduler_patience': 5, 'scheduler_factor': 0.46081347399610045, 'pos_weight_multiplier': 1.7637434827733265, 'num_layers': 3, 'base_filters': 64, 'dropout': 0.22003515682698396, 'kernel_size': 7}. Best is trial 0 with value: 0.9722430607651913.
[I 2026-04-18 11:42:39,080] Trial 70 finished with value: 0.9722430607651913 and parameters: {'lr_finetune': 0.00018670021569384008, 'epochs_finetune': 41, 'weight_decay': 0.002116620302104542, 'batch_size': 64, 'patience': 18, 'scheduler_patience': 7, 'scheduler_factor': 0.6648568551753342, 'pos_weight_multiplier': 1.1024355397896892, 'num_layers': 2, 'base_filters': 16, 'dropout': 0.4347900960706347, 'kernel_size': 7}. Best is trial 0 with value: 0.9722430607651913.
[I 2026-04-18 11:42:40,457] Trial 71 finished with value: 0.9722430607651913 and parameters: {'lr_finetune': 0.0022749721581607476, 'epochs_finetune': 43, 'weight_decay': 0.001628468115827634, 'batch_size': 32, 'patience': 17, 'scheduler_patience': 5, 'scheduler_factor': 0.7183123373284719, 'pos_weight_multiplier': 1.1772972997405415, 'num_layers': 3, 'base_filters': 64, 'dropout': 0.4094796003487596, 'kernel_size': 3}. Best is trial 0 with value: 0.9722430607651913.
[I 2026-04-18 11:42:41,711] Trial 72 finished with value: 0.9722430607651913 and parameters: {'lr_finetune': 0.0015476522023061643, 'epochs_finetune': 51, 'weight_decay': 0.0013994683181530047, 'batch_size': 32, 'patience': 16, 'scheduler_patience': 4, 'scheduler_factor': 0.7915185166756964, 'pos_weight_multiplier': 1.268457911177025, 'num_layers': 3, 'base_filters': 64, 'dropout': 0.29545024458174995, 'kernel_size': 3}. Best is trial 0 with value: 0.9722430607651913.
[I 2026-04-18 11:42:42,745] Trial 73 finished with value: 0.9722430607651913 and parameters: {'lr_finetune': 8.854291739408281e-05, 'epochs_finetune': 30, 'weight_decay': 0.01754378690109262, 'batch_size': 32, 'patience': 19, 'scheduler_patience': 6, 'scheduler_factor': 0.6367053668997769, 'pos_weight_multiplier': 0.8771265987469735, 'num_layers': 3, 'base_filters': 64, 'dropout': 0.37486825118067896, 'kernel_size': 3}. Best is trial 0 with value: 0.9722430607651913.
[I 2026-04-18 11:42:43,861] Trial 74 finished with value: 0.9722430607651913 and parameters: {'lr_finetune': 0.0008532368612951402, 'epochs_finetune': 33, 'weight_decay': 0.0007576090216468814, 'batch_size': 32, 'patience': 15, 'scheduler_patience': 5, 'scheduler_factor': 0.6805971575992705, 'pos_weight_multiplier': 2.39347103777496, 'num_layers': 3, 'base_filters': 64, 'dropout': 0.3283220761578999, 'kernel_size': 3}. Best is trial 0 with value: 0.9722430607651913.
[I 2026-04-18 11:42:44,973] Trial 75 finished with value: 0.9722430607651913 and parameters: {'lr_finetune': 0.001938280349506703, 'epochs_finetune': 48, 'weight_decay': 0.0010304717450736708, 'batch_size': 32, 'patience': 17, 'scheduler_patience': 3, 'scheduler_factor': 0.537836008014783, 'pos_weight_multiplier': 2.903908593683078, 'num_layers': 2, 'base_filters': 16, 'dropout': 0.5129807542003814, 'kernel_size': 3}. Best is trial 0 with value: 0.9722430607651913.
[I 2026-04-18 11:42:45,568] Trial 76 finished with value: 0.3728813559322034 and parameters: {'lr_finetune': 0.0012097708595353563, 'epochs_finetune': 35, 'weight_decay': 0.002496276201673164, 'batch_size': 32, 'patience': 13, 'scheduler_patience': 4, 'scheduler_factor': 0.7081285818455245, 'pos_weight_multiplier': 0.5552482139264145, 'num_layers': 3, 'base_filters': 64, 'dropout': 0.46516405823098933, 'kernel_size': 5}. Best is trial 0 with value: 0.9722430607651913.
[I 2026-04-18 11:42:46,084] Trial 77 finished with value: 0.3728813559322034 and parameters: {'lr_finetune': 0.0036276307836513254, 'epochs_finetune': 53, 'weight_decay': 0.0018774832785371626, 'batch_size': 32, 'patience': 12, 'scheduler_patience': 8, 'scheduler_factor': 0.8510899105939804, 'pos_weight_multiplier': 0.9818176811901193, 'num_layers': 2, 'base_filters': 16, 'dropout': 0.36600632673361616, 'kernel_size': 7}. Best is trial 0 with value: 0.9722430607651913.
[I 2026-04-18 11:42:47,044] Trial 78 finished with value: 0.9722430607651913 and parameters: {'lr_finetune': 0.0007568037880644841, 'epochs_finetune': 32, 'weight_decay': 0.051181990119117005, 'batch_size': 32, 'patience': 16, 'scheduler_patience': 6, 'scheduler_factor': 0.7763506776863924, 'pos_weight_multiplier': 1.4182095601474562, 'num_layers': 2, 'base_filters': 32, 'dropout': 0.31150965885867754, 'kernel_size': 7}. Best is trial 0 with value: 0.9722430607651913.
[I 2026-04-18 11:42:47,500] Trial 79 finished with value: 0.28846153846153844 and parameters: {'lr_finetune': 0.00024163914408623603, 'epochs_finetune': 72, 'weight_decay': 0.0011366120776157174, 'batch_size': 128, 'patience': 14, 'scheduler_patience': 2, 'scheduler_factor': 0.6086344352440576, 'pos_weight_multiplier': 1.2984267019561426, 'num_layers': 4, 'base_filters': 16, 'dropout': 0.24603146192524059, 'kernel_size': 3}. Best is trial 0 with value: 0.9722430607651913.
[I 2026-04-18 11:42:47,995] Trial 80 finished with value: 0.3728813559322034 and parameters: {'lr_finetune': 1.2835665233198144e-05, 'epochs_finetune': 44, 'weight_decay': 0.0033144681447200373, 'batch_size': 32, 'patience': 11, 'scheduler_patience': 7, 'scheduler_factor': 0.5821715103977796, 'pos_weight_multiplier': 2.7211054353980964, 'num_layers': 2, 'base_filters': 64, 'dropout': 0.5785976655913723, 'kernel_size': 5}. Best is trial 0 with value: 0.9722430607651913.
[I 2026-04-18 11:42:48,811] Trial 81 finished with value: 0.9722430607651913 and parameters: {'lr_finetune': 0.001036126923086156, 'epochs_finetune': 40, 'weight_decay': 0.0016018729981579587, 'batch_size': 32, 'patience': 12, 'scheduler_patience': 8, 'scheduler_factor': 0.4380859935192049, 'pos_weight_multiplier': 1.4894241369553631, 'num_layers': 2, 'base_filters': 16, 'dropout': 0.4444046644317813, 'kernel_size': 7}. Best is trial 0 with value: 0.9722430607651913.
[I 2026-04-18 11:42:49,535] Trial 82 finished with value: 0.9722430607651913 and parameters: {'lr_finetune': 0.0006045948320037548, 'epochs_finetune': 38, 'weight_decay': 0.00012454419597047998, 'batch_size': 32, 'patience': 13, 'scheduler_patience': 8, 'scheduler_factor': 0.3834971452513305, 'pos_weight_multiplier': 1.6376691384862385, 'num_layers': 2, 'base_filters': 16, 'dropout': 0.4837284292209968, 'kernel_size': 7}. Best is trial 0 with value: 0.9722430607651913.
[I 2026-04-18 11:42:50,489] Trial 83 finished with value: 0.9722430607651913 and parameters: {'lr_finetune': 0.0028608955336098594, 'epochs_finetune': 41, 'weight_decay': 0.0005302268910245902, 'batch_size': 32, 'patience': 14, 'scheduler_patience': 8, 'scheduler_factor': 0.4803100878357423, 'pos_weight_multiplier': 0.8196312267587975, 'num_layers': 2, 'base_filters': 16, 'dropout': 0.41495790267937704, 'kernel_size': 7}. Best is trial 0 with value: 0.9722430607651913.
[I 2026-04-18 11:42:51,440] Trial 84 finished with value: 0.9722430607651913 and parameters: {'lr_finetune': 7.516580656913829e-05, 'epochs_finetune': 47, 'weight_decay': 0.00028724888382756835, 'batch_size': 32, 'patience': 13, 'scheduler_patience': 8, 'scheduler_factor': 0.5314789296279094, 'pos_weight_multiplier': 1.1976761107510479, 'num_layers': 2, 'base_filters': 16, 'dropout': 0.3961062258102565, 'kernel_size': 7}. Best is trial 0 with value: 0.9722430607651913.
[I 2026-04-18 11:42:52,337] Trial 85 finished with value: 0.9722430607651913 and parameters: {'lr_finetune': 0.00045377665262454466, 'epochs_finetune': 50, 'weight_decay': 0.0008042702339201032, 'batch_size': 32, 'patience': 12, 'scheduler_patience': 8, 'scheduler_factor': 0.5106124653917022, 'pos_weight_multiplier': 1.3583574224609247, 'num_layers': 2, 'base_filters': 16, 'dropout': 0.4399578188537961, 'kernel_size': 7}. Best is trial 0 with value: 0.9722430607651913.
[I 2026-04-18 11:42:53,301] Trial 86 finished with value: 0.8850931677018633 and parameters: {'lr_finetune': 0.00011067543805417188, 'epochs_finetune': 43, 'weight_decay': 0.0024972842565424186, 'batch_size': 64, 'patience': 18, 'scheduler_patience': 7, 'scheduler_factor': 0.43093132424169256, 'pos_weight_multiplier': 1.102714828550067, 'num_layers': 2, 'base_filters': 16, 'dropout': 0.4547242776393098, 'kernel_size': 7}. Best is trial 0 with value: 0.9722430607651913.
[I 2026-04-18 11:42:54,654] Trial 87 finished with value: 0.9722430607651913 and parameters: {'lr_finetune': 0.0014744557903903573, 'epochs_finetune': 45, 'weight_decay': 0.0042303778165975105, 'batch_size': 32, 'patience': 15, 'scheduler_patience': 8, 'scheduler_factor': 0.10583345212353501, 'pos_weight_multiplier': 1.715421673088352, 'num_layers': 2, 'base_filters': 64, 'dropout': 0.26269826285701764, 'kernel_size': 7}. Best is trial 0 with value: 0.9722430607651913.
[I 2026-04-18 11:42:56,076] Trial 88 finished with value: 0.9722430607651913 and parameters: {'lr_finetune': 0.00034408485526929954, 'epochs_finetune': 36, 'weight_decay': 0.001131576551237522, 'batch_size': 32, 'patience': 16, 'scheduler_patience': 6, 'scheduler_factor': 0.747193505235023, 'pos_weight_multiplier': 1.86433341370038, 'num_layers': 3, 'base_filters': 16, 'dropout': 0.3477064526152374, 'kernel_size': 5}. Best is trial 0 with value: 0.9722430607651913.
[I 2026-04-18 11:42:57,222] Trial 89 finished with value: 0.9149425287356322 and parameters: {'lr_finetune': 3.391236364270147e-05, 'epochs_finetune': 34, 'weight_decay': 0.0016871739808064217, 'batch_size': 32, 'patience': 17, 'scheduler_patience': 5, 'scheduler_factor': 0.560921844442636, 'pos_weight_multiplier': 1.044603010548225, 'num_layers': 2, 'base_filters': 16, 'dropout': 0.425925042953598, 'kernel_size': 7}. Best is trial 0 with value: 0.9722430607651913.
[I 2026-04-18 11:42:58,241] Trial 90 finished with value: 0.9722430607651913 and parameters: {'lr_finetune': 5.120369945728323e-05, 'epochs_finetune': 52, 'weight_decay': 0.0009070791739337524, 'batch_size': 32, 'patience': 14, 'scheduler_patience': 7, 'scheduler_factor': 0.4689138661050669, 'pos_weight_multiplier': 1.5282577512316862, 'num_layers': 2, 'base_filters': 64, 'dropout': 0.28554669869918997, 'kernel_size': 7}. Best is trial 0 with value: 0.9722430607651913.
[I 2026-04-18 11:42:58,802] Trial 91 finished with value: 0.28846153846153844 and parameters: {'lr_finetune': 0.0018709368121087682, 'epochs_finetune': 47, 'weight_decay': 0.0028189544058269097, 'batch_size': 32, 'patience': 13, 'scheduler_patience': 7, 'scheduler_factor': 0.44633030437786614, 'pos_weight_multiplier': 1.4298830995453669, 'num_layers': 2, 'base_filters': 16, 'dropout': 0.42441869692513795, 'kernel_size': 7}. Best is trial 0 with value: 0.9722430607651913.
[I 2026-04-18 11:42:59,806] Trial 92 finished with value: 0.9722430607651913 and parameters: {'lr_finetune': 0.0012024462527350933, 'epochs_finetune': 49, 'weight_decay': 0.0013921519531841357, 'batch_size': 32, 'patience': 11, 'scheduler_patience': 7, 'scheduler_factor': 0.4106094198673743, 'pos_weight_multiplier': 1.6518115015936514, 'num_layers': 2, 'base_filters': 16, 'dropout': 0.3220971968845556, 'kernel_size': 7}. Best is trial 0 with value: 0.9722430607651913.
[I 2026-04-18 11:43:01,105] Trial 93 finished with value: 0.9722430607651913 and parameters: {'lr_finetune': 0.0008687488887638042, 'epochs_finetune': 46, 'weight_decay': 0.008152955533114322, 'batch_size': 32, 'patience': 20, 'scheduler_patience': 8, 'scheduler_factor': 0.48798317031578453, 'pos_weight_multiplier': 1.4490030603803488, 'num_layers': 2, 'base_filters': 16, 'dropout': 0.4103618379581188, 'kernel_size': 7}. Best is trial 0 with value: 0.9722430607651913.
