The following modules were not unloaded:
  (Use "module --force purge" to unload all):

  1) apps/2021
WARNING: You are using pip version 21.1.1; however, version 26.0.1 is available.
You should consider upgrading via the '/media/apps/avx512-2021/software/Python/3.9.5-GCCcore-10.3.0/bin/python3 -m pip install --upgrade pip' command.
[I 2026-04-18 11:31:15,140] A new study created in RDB with name: study_cnn_ibd_pretrainFalse_arch_fold1
[I 2026-04-18 11:31:23,745] Trial 0 finished with value: 0.9722430607651913 and parameters: {'lr_finetune': 0.0032695763481410908, 'epochs_finetune': 37, 'weight_decay': 0.0007628599935610063, 'batch_size': 32, 'patience': 16, 'scheduler_patience': 8, 'scheduler_factor': 0.8988335635689051, 'pos_weight_multiplier': 1.6725986331081286, 'num_layers': 3, 'base_filters': 64, 'dropout': 0.22810822444059303, 'kernel_size': 3}. Best is trial 0 with value: 0.9722430607651913.
[I 2026-04-18 11:31:24,262] Trial 1 finished with value: 0.3728813559322034 and parameters: {'lr_finetune': 0.0017287471501854113, 'epochs_finetune': 80, 'weight_decay': 0.00014773318733330486, 'batch_size': 128, 'patience': 15, 'scheduler_patience': 8, 'scheduler_factor': 0.48978071899481257, 'pos_weight_multiplier': 2.163930765132835, 'num_layers': 3, 'base_filters': 16, 'dropout': 0.5509377757521623, 'kernel_size': 7}. Best is trial 0 with value: 0.9722430607651913.
[I 2026-04-18 11:31:25,344] Trial 2 finished with value: 0.9722430607651913 and parameters: {'lr_finetune': 9.930024959543796e-05, 'epochs_finetune': 35, 'weight_decay': 0.0198055498770345, 'batch_size': 32, 'patience': 15, 'scheduler_patience': 4, 'scheduler_factor': 0.8350675066243775, 'pos_weight_multiplier': 1.3892111364574844, 'num_layers': 2, 'base_filters': 64, 'dropout': 0.318806180192633, 'kernel_size': 7}. Best is trial 0 with value: 0.9722430607651913.
[I 2026-04-18 11:31:25,800] Trial 3 finished with value: 0.3728813559322034 and parameters: {'lr_finetune': 0.0020329641776723716, 'epochs_finetune': 79, 'weight_decay': 0.0014411502552103257, 'batch_size': 64, 'patience': 11, 'scheduler_patience': 3, 'scheduler_factor': 0.4285153767848403, 'pos_weight_multiplier': 1.9911154574834455, 'num_layers': 3, 'base_filters': 16, 'dropout': 0.3960731224876177, 'kernel_size': 5}. Best is trial 0 with value: 0.9722430607651913.
[I 2026-04-18 11:31:26,151] Trial 4 finished with value: 0.3728813559322034 and parameters: {'lr_finetune': 0.0015539034758471682, 'epochs_finetune': 78, 'weight_decay': 0.00011345665875194048, 'batch_size': 128, 'patience': 7, 'scheduler_patience': 5, 'scheduler_factor': 0.13599895656393388, 'pos_weight_multiplier': 2.542793735684957, 'num_layers': 3, 'base_filters': 32, 'dropout': 0.3615992742076505, 'kernel_size': 5}. Best is trial 0 with value: 0.9722430607651913.
[I 2026-04-18 11:31:27,397] Trial 5 finished with value: 0.9722430607651913 and parameters: {'lr_finetune': 0.0011462927517827029, 'epochs_finetune': 56, 'weight_decay': 0.002084870519642025, 'batch_size': 64, 'patience': 16, 'scheduler_patience': 8, 'scheduler_factor': 0.8711857704209583, 'pos_weight_multiplier': 2.6780789558077647, 'num_layers': 3, 'base_filters': 64, 'dropout': 0.20364620792395113, 'kernel_size': 5}. Best is trial 0 with value: 0.9722430607651913.
[I 2026-04-18 11:31:27,850] Trial 6 finished with value: 0.28846153846153844 and parameters: {'lr_finetune': 0.00026949810061090943, 'epochs_finetune': 34, 'weight_decay': 0.02181775321816115, 'batch_size': 32, 'patience': 5, 'scheduler_patience': 8, 'scheduler_factor': 0.8668266066246664, 'pos_weight_multiplier': 1.1129926589048942, 'num_layers': 4, 'base_filters': 64, 'dropout': 0.38277951376516184, 'kernel_size': 5}. Best is trial 0 with value: 0.9722430607651913.
[I 2026-04-18 11:31:28,325] Trial 7 finished with value: 0.3728813559322034 and parameters: {'lr_finetune': 0.0005039544299512301, 'epochs_finetune': 31, 'weight_decay': 0.011633976444149879, 'batch_size': 128, 'patience': 14, 'scheduler_patience': 5, 'scheduler_factor': 0.8064764760275885, 'pos_weight_multiplier': 2.838713362355658, 'num_layers': 4, 'base_filters': 16, 'dropout': 0.2674457403176801, 'kernel_size': 5}. Best is trial 0 with value: 0.9722430607651913.
[I 2026-04-18 11:31:29,028] Trial 8 finished with value: 0.3728813559322034 and parameters: {'lr_finetune': 3.222788132130939e-05, 'epochs_finetune': 47, 'weight_decay': 0.0071219548516789025, 'batch_size': 64, 'patience': 17, 'scheduler_patience': 8, 'scheduler_factor': 0.25908582433534055, 'pos_weight_multiplier': 2.097521872385168, 'num_layers': 4, 'base_filters': 64, 'dropout': 0.33553886501618957, 'kernel_size': 7}. Best is trial 0 with value: 0.9722430607651913.
[I 2026-04-18 11:31:29,470] Trial 9 finished with value: 0.3728813559322034 and parameters: {'lr_finetune': 0.003779812674092475, 'epochs_finetune': 47, 'weight_decay': 0.0069436810276359675, 'batch_size': 128, 'patience': 15, 'scheduler_patience': 7, 'scheduler_factor': 0.6992178457933534, 'pos_weight_multiplier': 1.945119888136903, 'num_layers': 2, 'base_filters': 16, 'dropout': 0.27379643141948207, 'kernel_size': 5}. Best is trial 0 with value: 0.9722430607651913.
[I 2026-04-18 11:31:30,696] Trial 10 finished with value: 0.6754385964912281 and parameters: {'lr_finetune': 1.1055348451698187e-05, 'epochs_finetune': 65, 'weight_decay': 0.0863221817271928, 'batch_size': 32, 'patience': 20, 'scheduler_patience': 2, 'scheduler_factor': 0.6264743365575702, 'pos_weight_multiplier': 0.500473892694977, 'num_layers': 2, 'base_filters': 32, 'dropout': 0.4836038360675678, 'kernel_size': 3}. Best is trial 0 with value: 0.9722430607651913.
[I 2026-04-18 11:31:31,762] Trial 11 finished with value: 0.9722430607651913 and parameters: {'lr_finetune': 7.063211869155983e-05, 'epochs_finetune': 40, 'weight_decay': 0.0006410234612619655, 'batch_size': 32, 'patience': 11, 'scheduler_patience': 4, 'scheduler_factor': 0.6793385490891943, 'pos_weight_multiplier': 1.3675815787570749, 'num_layers': 2, 'base_filters': 64, 'dropout': 0.21888714353231306, 'kernel_size': 3}. Best is trial 0 with value: 0.9722430607651913.
[I 2026-04-18 11:31:32,959] Trial 12 finished with value: 0.9722430607651913 and parameters: {'lr_finetune': 7.6758965187924e-05, 'epochs_finetune': 40, 'weight_decay': 0.0005248819703696886, 'batch_size': 32, 'patience': 18, 'scheduler_patience': 6, 'scheduler_factor': 0.7524259405764072, 'pos_weight_multiplier': 1.3928427944179227, 'num_layers': 2, 'base_filters': 64, 'dropout': 0.3043440816215486, 'kernel_size': 7}. Best is trial 0 with value: 0.9722430607651913.
[I 2026-04-18 11:31:33,951] Trial 13 finished with value: 0.9722430607651913 and parameters: {'lr_finetune': 0.00012916665752158343, 'epochs_finetune': 40, 'weight_decay': 0.05838805132805949, 'batch_size': 32, 'patience': 12, 'scheduler_patience': 4, 'scheduler_factor': 0.6040756122406954, 'pos_weight_multiplier': 0.922984609349855, 'num_layers': 2, 'base_filters': 64, 'dropout': 0.4436520194382397, 'kernel_size': 3}. Best is trial 0 with value: 0.9722430607651913.
[I 2026-04-18 11:31:35,235] Trial 14 finished with value: 0.9722430607651913 and parameters: {'lr_finetune': 0.00033636504960515596, 'epochs_finetune': 53, 'weight_decay': 0.03150664690974864, 'batch_size': 32, 'patience': 20, 'scheduler_patience': 6, 'scheduler_factor': 0.867640936618691, 'pos_weight_multiplier': 1.463972933970993, 'num_layers': 3, 'base_filters': 64, 'dropout': 0.2511369120433153, 'kernel_size': 7}. Best is trial 0 with value: 0.9722430607651913.
[I 2026-04-18 11:31:36,174] Trial 15 finished with value: 0.9722430607651913 and parameters: {'lr_finetune': 0.0006614791108933256, 'epochs_finetune': 30, 'weight_decay': 0.0004392119264544972, 'batch_size': 32, 'patience': 13, 'scheduler_patience': 3, 'scheduler_factor': 0.3348873763615918, 'pos_weight_multiplier': 1.7163567177575927, 'num_layers': 2, 'base_filters': 32, 'dropout': 0.3149458162603847, 'kernel_size': 3}. Best is trial 0 with value: 0.9722430607651913.
[I 2026-04-18 11:31:36,735] Trial 16 finished with value: 0.3728813559322034 and parameters: {'lr_finetune': 0.004537365955263067, 'epochs_finetune': 64, 'weight_decay': 0.0032271032935789574, 'batch_size': 32, 'patience': 9, 'scheduler_patience': 6, 'scheduler_factor': 0.5659021735871891, 'pos_weight_multiplier': 0.8329003421968881, 'num_layers': 4, 'base_filters': 64, 'dropout': 0.28569348143040374, 'kernel_size': 3}. Best is trial 0 with value: 0.9722430607651913.
[I 2026-04-18 11:31:37,975] Trial 17 finished with value: 0.9722430607651913 and parameters: {'lr_finetune': 3.145550793179641e-05, 'epochs_finetune': 35, 'weight_decay': 0.0013709882648598325, 'batch_size': 32, 'patience': 18, 'scheduler_patience': 4, 'scheduler_factor': 0.7651250661501388, 'pos_weight_multiplier': 1.6666721121893289, 'num_layers': 3, 'base_filters': 64, 'dropout': 0.4589540568475933, 'kernel_size': 7}. Best is trial 0 with value: 0.9722430607651913.
[I 2026-04-18 11:31:39,394] Trial 18 finished with value: 0.9722430607651913 and parameters: {'lr_finetune': 0.00013712374320588278, 'epochs_finetune': 47, 'weight_decay': 0.00534673073888949, 'batch_size': 32, 'patience': 17, 'scheduler_patience': 7, 'scheduler_factor': 0.8911627487103818, 'pos_weight_multiplier': 2.4024595496089423, 'num_layers': 2, 'base_filters': 64, 'dropout': 0.5937304859631138, 'kernel_size': 3}. Best is trial 0 with value: 0.9722430607651913.
[I 2026-04-18 11:31:40,180] Trial 19 finished with value: 0.3728813559322034 and parameters: {'lr_finetune': 0.0007652122336764245, 'epochs_finetune': 37, 'weight_decay': 0.0002764261114440585, 'batch_size': 64, 'patience': 13, 'scheduler_patience': 2, 'scheduler_factor': 0.8024564995215111, 'pos_weight_multiplier': 1.1362795981457794, 'num_layers': 3, 'base_filters': 32, 'dropout': 0.2394187330393889, 'kernel_size': 7}. Best is trial 0 with value: 0.9722430607651913.
[I 2026-04-18 11:31:40,942] Trial 20 finished with value: 0.3728813559322034 and parameters: {'lr_finetune': 2.9440942156420374e-05, 'epochs_finetune': 52, 'weight_decay': 0.017388659500629372, 'batch_size': 32, 'patience': 9, 'scheduler_patience': 3, 'scheduler_factor': 0.6916241851753354, 'pos_weight_multiplier': 1.5876622495224821, 'num_layers': 4, 'base_filters': 64, 'dropout': 0.34407831932409993, 'kernel_size': 7}. Best is trial 0 with value: 0.9722430607651913.
[I 2026-04-18 11:31:42,299] Trial 21 finished with value: 0.9722430607651913 and parameters: {'lr_finetune': 0.000911998487977847, 'epochs_finetune': 61, 'weight_decay': 0.001494504189670449, 'batch_size': 64, 'patience': 16, 'scheduler_patience': 7, 'scheduler_factor': 0.8270607566685748, 'pos_weight_multiplier': 2.978311337828823, 'num_layers': 3, 'base_filters': 64, 'dropout': 0.20208603547328666, 'kernel_size': 5}. Best is trial 0 with value: 0.9722430607651913.
[I 2026-04-18 11:31:43,036] Trial 22 finished with value: 0.7757575757575758 and parameters: {'lr_finetune': 0.00282374244881125, 'epochs_finetune': 59, 'weight_decay': 0.002746900803655946, 'batch_size': 64, 'patience': 15, 'scheduler_patience': 7, 'scheduler_factor': 0.8912226594447676, 'pos_weight_multiplier': 2.333265568695796, 'num_layers': 3, 'base_filters': 64, 'dropout': 0.22534928851532787, 'kernel_size': 3}. Best is trial 0 with value: 0.9722430607651913.
[I 2026-04-18 11:31:43,676] Trial 23 finished with value: 0.3728813559322034 and parameters: {'lr_finetune': 0.0013245539577785809, 'epochs_finetune': 70, 'weight_decay': 0.000994432787065361, 'batch_size': 64, 'patience': 18, 'scheduler_patience': 8, 'scheduler_factor': 0.7431336164800911, 'pos_weight_multiplier': 1.8603439525011898, 'num_layers': 3, 'base_filters': 64, 'dropout': 0.21018205059901535, 'kernel_size': 5}. Best is trial 0 with value: 0.9722430607651913.
[I 2026-04-18 11:31:44,589] Trial 24 finished with value: 0.7279411764705883 and parameters: {'lr_finetune': 0.004941879706408711, 'epochs_finetune': 44, 'weight_decay': 0.0026569119780522512, 'batch_size': 64, 'patience': 16, 'scheduler_patience': 6, 'scheduler_factor': 0.8136866113294627, 'pos_weight_multiplier': 1.2516816358167742, 'num_layers': 2, 'base_filters': 64, 'dropout': 0.29861564722847644, 'kernel_size': 7}. Best is trial 0 with value: 0.9722430607651913.
[I 2026-04-18 11:31:45,962] Trial 25 finished with value: 0.9722430607651913 and parameters: {'lr_finetune': 0.00037912312302924666, 'epochs_finetune': 58, 'weight_decay': 0.004300690230725865, 'batch_size': 64, 'patience': 14, 'scheduler_patience': 5, 'scheduler_factor': 0.8965359467577552, 'pos_weight_multiplier': 1.7731163047594887, 'num_layers': 3, 'base_filters': 64, 'dropout': 0.2540437754239657, 'kernel_size': 3}. Best is trial 0 with value: 0.9722430607651913.
[I 2026-04-18 11:31:47,572] Trial 26 finished with value: 0.9722430607651913 and parameters: {'lr_finetune': 0.0024151680716239026, 'epochs_finetune': 55, 'weight_decay': 0.0002466385598641273, 'batch_size': 32, 'patience': 19, 'scheduler_patience': 8, 'scheduler_factor': 0.5367695295730972, 'pos_weight_multiplier': 2.6594382469157662, 'num_layers': 4, 'base_filters': 64, 'dropout': 0.20059218664999795, 'kernel_size': 5}. Best is trial 0 with value: 0.9722430607651913.
[I 2026-04-18 11:31:48,716] Trial 27 finished with value: 0.9722430607651913 and parameters: {'lr_finetune': 0.00013923932816498804, 'epochs_finetune': 50, 'weight_decay': 0.0009233215686069602, 'batch_size': 32, 'patience': 16, 'scheduler_patience': 7, 'scheduler_factor': 0.7309372959108333, 'pos_weight_multiplier': 2.2071739806357, 'num_layers': 3, 'base_filters': 64, 'dropout': 0.4202731794805213, 'kernel_size': 7}. Best is trial 0 with value: 0.9722430607651913.
[I 2026-04-18 11:31:49,659] Trial 28 finished with value: 0.9722430607651913 and parameters: {'lr_finetune': 0.0002029334893858236, 'epochs_finetune': 43, 'weight_decay': 0.0396839092731707, 'batch_size': 64, 'patience': 14, 'scheduler_patience': 5, 'scheduler_factor': 0.6452513068314099, 'pos_weight_multiplier': 1.58291924693526, 'num_layers': 2, 'base_filters': 32, 'dropout': 0.3277265687724224, 'kernel_size': 3}. Best is trial 0 with value: 0.9722430607651913.
[I 2026-04-18 11:31:50,163] Trial 29 finished with value: 0.3728813559322034 and parameters: {'lr_finetune': 0.0015062705519072758, 'epochs_finetune': 69, 'weight_decay': 0.01169502408321069, 'batch_size': 128, 'patience': 17, 'scheduler_patience': 8, 'scheduler_factor': 0.48933895230227986, 'pos_weight_multiplier': 0.6505049567273927, 'num_layers': 3, 'base_filters': 16, 'dropout': 0.5335969768526636, 'kernel_size': 5}. Best is trial 0 with value: 0.9722430607651913.
[I 2026-04-18 11:31:50,672] Trial 30 finished with value: 0.5888888888888889 and parameters: {'lr_finetune': 4.9709213408697657e-05, 'epochs_finetune': 33, 'weight_decay': 0.0020300524487288007, 'batch_size': 128, 'patience': 12, 'scheduler_patience': 4, 'scheduler_factor': 0.8271588105838258, 'pos_weight_multiplier': 0.9985276059036492, 'num_layers': 3, 'base_filters': 16, 'dropout': 0.23522630061400118, 'kernel_size': 7}. Best is trial 0 with value: 0.9722430607651913.
[I 2026-04-18 11:31:51,573] Trial 31 finished with value: 0.9722430607651913 and parameters: {'lr_finetune': 7.469291266590362e-05, 'epochs_finetune': 38, 'weight_decay': 0.0005998034898299462, 'batch_size': 32, 'patience': 11, 'scheduler_patience': 3, 'scheduler_factor': 0.6816063630830311, 'pos_weight_multiplier': 1.361610191645346, 'num_layers': 2, 'base_filters': 64, 'dropout': 0.2331201704423741, 'kernel_size': 3}. Best is trial 0 with value: 0.9722430607651913.
[I 2026-04-18 11:31:52,484] Trial 32 finished with value: 0.9722430607651913 and parameters: {'lr_finetune': 5.316418102179629e-05, 'epochs_finetune': 42, 'weight_decay': 0.00028410525275690735, 'batch_size': 32, 'patience': 10, 'scheduler_patience': 4, 'scheduler_factor': 0.8412451367474335, 'pos_weight_multiplier': 1.2571551620059067, 'num_layers': 2, 'base_filters': 64, 'dropout': 0.27418487580791173, 'kernel_size': 3}. Best is trial 0 with value: 0.9722430607651913.
[I 2026-04-18 11:31:53,584] Trial 33 finished with value: 0.9149425287356322 and parameters: {'lr_finetune': 1.6605384662278007e-05, 'epochs_finetune': 36, 'weight_decay': 0.0008483780731990924, 'batch_size': 32, 'patience': 15, 'scheduler_patience': 4, 'scheduler_factor': 0.7783198357536072, 'pos_weight_multiplier': 1.4895458838705418, 'num_layers': 2, 'base_filters': 64, 'dropout': 0.36907680288082884, 'kernel_size': 3}. Best is trial 0 with value: 0.9722430607651913.
[I 2026-04-18 11:31:54,503] Trial 34 finished with value: 0.9722430607651913 and parameters: {'lr_finetune': 9.239763082401351e-05, 'epochs_finetune': 32, 'weight_decay': 0.00015465026180120595, 'batch_size': 32, 'patience': 11, 'scheduler_patience': 5, 'scheduler_factor': 0.724056598047548, 'pos_weight_multiplier': 2.0528012140337233, 'num_layers': 2, 'base_filters': 64, 'dropout': 0.2216944353402462, 'kernel_size': 3}. Best is trial 0 with value: 0.9722430607651913.
[I 2026-04-18 11:31:54,962] Trial 35 finished with value: 0.28846153846153844 and parameters: {'lr_finetune': 0.00019129433690037256, 'epochs_finetune': 40, 'weight_decay': 0.0015883471970497155, 'batch_size': 32, 'patience': 8, 'scheduler_patience': 4, 'scheduler_factor': 0.4164642523430708, 'pos_weight_multiplier': 1.186755199344479, 'num_layers': 3, 'base_filters': 64, 'dropout': 0.26250053295946507, 'kernel_size': 5}. Best is trial 0 with value: 0.9722430607651913.
[I 2026-04-18 11:31:55,434] Trial 36 finished with value: 0.3728813559322034 and parameters: {'lr_finetune': 0.0011529650650482105, 'epochs_finetune': 45, 'weight_decay': 0.0006697508000845908, 'batch_size': 64, 'patience': 13, 'scheduler_patience': 3, 'scheduler_factor': 0.8500677783770118, 'pos_weight_multiplier': 1.876315598986663, 'num_layers': 3, 'base_filters': 16, 'dropout': 0.29833139167026057, 'kernel_size': 5}. Best is trial 0 with value: 0.9722430607651913.
[I 2026-04-18 11:31:55,859] Trial 37 finished with value: 0.3728813559322034 and parameters: {'lr_finetune': 0.0024498674270654456, 'epochs_finetune': 50, 'weight_decay': 0.00039681381606589903, 'batch_size': 128, 'patience': 14, 'scheduler_patience': 8, 'scheduler_factor': 0.6578147452936463, 'pos_weight_multiplier': 2.70631217958761, 'num_layers': 2, 'base_filters': 64, 'dropout': 0.40207538399884146, 'kernel_size': 3}. Best is trial 0 with value: 0.9722430607651913.
[I 2026-04-18 11:31:56,396] Trial 38 finished with value: 0.3728813559322034 and parameters: {'lr_finetune': 0.003122441617184582, 'epochs_finetune': 34, 'weight_decay': 0.0001110068311306473, 'batch_size': 32, 'patience': 7, 'scheduler_patience': 5, 'scheduler_factor': 0.7889560755677496, 'pos_weight_multiplier': 2.236240811984215, 'num_layers': 4, 'base_filters': 32, 'dropout': 0.35097600792591743, 'kernel_size': 5}. Best is trial 0 with value: 0.9722430607651913.
[I 2026-04-18 11:31:56,712] Trial 39 finished with value: 0.3728813559322034 and parameters: {'lr_finetune': 0.0018864599866579702, 'epochs_finetune': 38, 'weight_decay': 0.0011792334569108286, 'batch_size': 128, 'patience': 5, 'scheduler_patience': 3, 'scheduler_factor': 0.8545847499460746, 'pos_weight_multiplier': 1.0097954475714288, 'num_layers': 2, 'base_filters': 16, 'dropout': 0.25273746381233336, 'kernel_size': 7}. Best is trial 0 with value: 0.9722430607651913.
[I 2026-04-18 11:31:57,803] Trial 40 finished with value: 0.9722430607651913 and parameters: {'lr_finetune': 0.0005031813951695521, 'epochs_finetune': 77, 'weight_decay': 0.009414513004849362, 'batch_size': 32, 'patience': 15, 'scheduler_patience': 6, 'scheduler_factor': 0.5858425750692724, 'pos_weight_multiplier': 1.3672498417683574, 'num_layers': 2, 'base_filters': 64, 'dropout': 0.28151620110723663, 'kernel_size': 3}. Best is trial 0 with value: 0.9722430607651913.
[I 2026-04-18 11:31:58,842] Trial 41 finished with value: 0.9722430607651913 and parameters: {'lr_finetune': 8.572099259298542e-05, 'epochs_finetune': 40, 'weight_decay': 0.0005378107565762692, 'batch_size': 32, 'patience': 18, 'scheduler_patience': 8, 'scheduler_factor': 0.765879417211329, 'pos_weight_multiplier': 1.3691715849427668, 'num_layers': 2, 'base_filters': 64, 'dropout': 0.3227911405481105, 'kernel_size': 7}. Best is trial 0 with value: 0.9722430607651913.
[I 2026-04-18 11:31:59,820] Trial 42 finished with value: 0.9722430607651913 and parameters: {'lr_finetune': 5.06249301529419e-05, 'epochs_finetune': 30, 'weight_decay': 0.0003580981707152739, 'batch_size': 32, 'patience': 17, 'scheduler_patience': 7, 'scheduler_factor': 0.20269222910580026, 'pos_weight_multiplier': 1.482399187785503, 'num_layers': 2, 'base_filters': 64, 'dropout': 0.22221754331534094, 'kernel_size': 7}. Best is trial 0 with value: 0.9722430607651913.
[I 2026-04-18 11:32:00,936] Trial 43 finished with value: 0.9722430607651913 and parameters: {'lr_finetune': 0.00011170490531672973, 'epochs_finetune': 56, 'weight_decay': 0.0019863170897442928, 'batch_size': 32, 'patience': 19, 'scheduler_patience': 6, 'scheduler_factor': 0.7147768930259073, 'pos_weight_multiplier': 1.5975064839845992, 'num_layers': 2, 'base_filters': 64, 'dropout': 0.2957280418602314, 'kernel_size': 7}. Best is trial 0 with value: 0.9722430607651913.
[I 2026-04-18 11:32:02,052] Trial 44 finished with value: 0.9722430607651913 and parameters: {'lr_finetune': 6.685497331160996e-05, 'epochs_finetune': 41, 'weight_decay': 0.000664966444292735, 'batch_size': 32, 'patience': 16, 'scheduler_patience': 4, 'scheduler_factor': 0.7586087333029949, 'pos_weight_multiplier': 1.8052639523971008, 'num_layers': 2, 'base_filters': 64, 'dropout': 0.3680317771753854, 'kernel_size': 7}. Best is trial 0 with value: 0.9722430607651913.
