[I 2026-04-18 11:43:02,137] Trial 94 finished with value: 0.9722430607651913 and parameters: {'lr_finetune': 0.001351033465010875, 'epochs_finetune': 41, 'weight_decay': 0.002177720266764132, 'batch_size': 32, 'patience': 12, 'scheduler_patience': 6, 'scheduler_factor': 0.5181542434451173, 'pos_weight_multiplier': 0.6835325119135296, 'num_layers': 2, 'base_filters': 16, 'dropout': 0.39028935291012196, 'kernel_size': 7}. Best is trial 0 with value: 0.9722430607651913.
[I 2026-04-18 11:43:03,056] Trial 95 finished with value: 0.9722430607651913 and parameters: {'lr_finetune': 0.0006945010501332835, 'epochs_finetune': 39, 'weight_decay': 0.00593764189794347, 'batch_size': 32, 'patience': 13, 'scheduler_patience': 7, 'scheduler_factor': 0.5513549154705211, 'pos_weight_multiplier': 1.2346198731456832, 'num_layers': 2, 'base_filters': 32, 'dropout': 0.5507596567271787, 'kernel_size': 5}. Best is trial 0 with value: 0.9722430607651913.
[I 2026-04-18 11:43:03,716] Trial 96 finished with value: 0.8542159180457052 and parameters: {'lr_finetune': 0.0010501651157545499, 'epochs_finetune': 42, 'weight_decay': 0.0037328404006545615, 'batch_size': 128, 'patience': 14, 'scheduler_patience': 4, 'scheduler_factor': 0.49984752141091393, 'pos_weight_multiplier': 1.7702384811383747, 'num_layers': 2, 'base_filters': 16, 'dropout': 0.2984801624611729, 'kernel_size': 7}. Best is trial 0 with value: 0.9722430607651913.
[I 2026-04-18 11:43:04,926] Trial 97 finished with value: 0.8850931677018633 and parameters: {'lr_finetune': 4.3533346960005036e-05, 'epochs_finetune': 50, 'weight_decay': 0.0018177879264035834, 'batch_size': 32, 'patience': 15, 'scheduler_patience': 8, 'scheduler_factor': 0.6491266174478012, 'pos_weight_multiplier': 2.5363095502416684, 'num_layers': 2, 'base_filters': 16, 'dropout': 0.33559172944564075, 'kernel_size': 3}. Best is trial 0 with value: 0.9722430607651913.
[I 2026-04-18 11:43:05,900] Trial 98 finished with value: 0.9722430607651913 and parameters: {'lr_finetune': 0.0005759670378137504, 'epochs_finetune': 44, 'weight_decay': 0.003191751127306075, 'batch_size': 32, 'patience': 13, 'scheduler_patience': 6, 'scheduler_factor': 0.5876022874678475, 'pos_weight_multiplier': 1.5438329218442772, 'num_layers': 2, 'base_filters': 64, 'dropout': 0.47872792849422946, 'kernel_size': 7}. Best is trial 0 with value: 0.9722430607651913.
[I 2026-04-18 11:43:06,302] Trial 99 finished with value: 0.3728813559322034 and parameters: {'lr_finetune': 0.0001535030162403564, 'epochs_finetune': 66, 'weight_decay': 0.06658387781381701, 'batch_size': 64, 'patience': 9, 'scheduler_patience': 7, 'scheduler_factor': 0.46587949160404907, 'pos_weight_multiplier': 2.1147695591432907, 'num_layers': 2, 'base_filters': 16, 'dropout': 0.4545801138506903, 'kernel_size': 5}. Best is trial 0 with value: 0.9722430607651913.
[I 2026-04-18 11:43:07,440] Trial 100 finished with value: 0.9722430607651913 and parameters: {'lr_finetune': 0.0007806043955219207, 'epochs_finetune': 45, 'weight_decay': 0.0006673676139713924, 'batch_size': 32, 'patience': 16, 'scheduler_patience': 8, 'scheduler_factor': 0.567754674962225, 'pos_weight_multiplier': 1.991346913492565, 'num_layers': 3, 'base_filters': 16, 'dropout': 0.49520734087006174, 'kernel_size': 7}. Best is trial 0 with value: 0.9722430607651913.
[I 2026-04-18 11:43:08,294] Trial 101 finished with value: 0.9722430607651913 and parameters: {'lr_finetune': 0.0012722631600535594, 'epochs_finetune': 52, 'weight_decay': 0.00117113529679684, 'batch_size': 32, 'patience': 14, 'scheduler_patience': 8, 'scheduler_factor': 0.3692395864239284, 'pos_weight_multiplier': 1.3351949680813382, 'num_layers': 2, 'base_filters': 16, 'dropout': 0.5318895317970593, 'kernel_size': 7}. Best is trial 0 with value: 0.9722430607651913.
[I 2026-04-18 11:43:09,174] Trial 102 finished with value: 0.9722430607651913 and parameters: {'lr_finetune': 0.0009189679235537915, 'epochs_finetune': 46, 'weight_decay': 0.0023380637804401097, 'batch_size': 32, 'patience': 15, 'scheduler_patience': 8, 'scheduler_factor': 0.30426778801207366, 'pos_weight_multiplier': 1.15494577394311, 'num_layers': 2, 'base_filters': 16, 'dropout': 0.5637976191035686, 'kernel_size': 7}. Best is trial 0 with value: 0.9722430607651913.
[I 2026-04-18 11:43:10,089] Trial 103 finished with value: 0.9722430607651913 and parameters: {'lr_finetune': 0.0004418528264624636, 'epochs_finetune': 43, 'weight_decay': 0.0014802732258044388, 'batch_size': 32, 'patience': 14, 'scheduler_patience': 8, 'scheduler_factor': 0.390536977527923, 'pos_weight_multiplier': 1.2360601928480008, 'num_layers': 2, 'base_filters': 16, 'dropout': 0.435473451360453, 'kernel_size': 7}. Best is trial 0 with value: 0.9722430607651913.
[I 2026-04-18 11:43:11,036] Trial 104 finished with value: 0.9722430607651913 and parameters: {'lr_finetune': 7.107293657446037e-05, 'epochs_finetune': 48, 'weight_decay': 0.0008728192722138912, 'batch_size': 32, 'patience': 13, 'scheduler_patience': 8, 'scheduler_factor': 0.622854762013948, 'pos_weight_multiplier': 1.0033389113133435, 'num_layers': 2, 'base_filters': 16, 'dropout': 0.5081344630371791, 'kernel_size': 7}. Best is trial 0 with value: 0.9722430607651913.
[I 2026-04-18 11:43:11,544] Trial 105 finished with value: 0.3728813559322034 and parameters: {'lr_finetune': 0.0006653429124197281, 'epochs_finetune': 37, 'weight_decay': 0.042635162151366666, 'batch_size': 32, 'patience': 11, 'scheduler_patience': 7, 'scheduler_factor': 0.6753637059722782, 'pos_weight_multiplier': 1.0607573358732396, 'num_layers': 2, 'base_filters': 64, 'dropout': 0.46466443729519, 'kernel_size': 7}. Best is trial 0 with value: 0.9722430607651913.
[I 2026-04-18 11:43:12,441] Trial 106 finished with value: 0.9722430607651913 and parameters: {'lr_finetune': 0.0005261154025270791, 'epochs_finetune': 76, 'weight_decay': 0.01202009095354023, 'batch_size': 32, 'patience': 14, 'scheduler_patience': 8, 'scheduler_factor': 0.42155868763586585, 'pos_weight_multiplier': 0.8783686845940991, 'num_layers': 2, 'base_filters': 16, 'dropout': 0.5438104781271699, 'kernel_size': 3}. Best is trial 0 with value: 0.9722430607651913.
[I 2026-04-18 11:43:13,431] Trial 107 finished with value: 0.9722430607651913 and parameters: {'lr_finetune': 0.0017784272533324114, 'epochs_finetune': 47, 'weight_decay': 0.09959115001024846, 'batch_size': 32, 'patience': 12, 'scheduler_patience': 8, 'scheduler_factor': 0.37656574129059817, 'pos_weight_multiplier': 1.2896708229087261, 'num_layers': 2, 'base_filters': 64, 'dropout': 0.4034419016285318, 'kernel_size': 5}. Best is trial 0 with value: 0.9722430607651913.
[I 2026-04-18 11:43:14,503] Trial 108 finished with value: 0.9722430607651913 and parameters: {'lr_finetune': 0.002217186168598911, 'epochs_finetune': 54, 'weight_decay': 0.00042012577326360704, 'batch_size': 32, 'patience': 15, 'scheduler_patience': 5, 'scheduler_factor': 0.3404481159134194, 'pos_weight_multiplier': 1.593481441176229, 'num_layers': 4, 'base_filters': 16, 'dropout': 0.36852419864216784, 'kernel_size': 7}. Best is trial 0 with value: 0.9722430607651913.
[I 2026-04-18 11:43:15,081] Trial 109 finished with value: 0.5945945945945946 and parameters: {'lr_finetune': 0.0003242343888150597, 'epochs_finetune': 39, 'weight_decay': 0.02334070244298199, 'batch_size': 32, 'patience': 13, 'scheduler_patience': 7, 'scheduler_factor': 0.39941582692449906, 'pos_weight_multiplier': 1.3839902791216567, 'num_layers': 3, 'base_filters': 32, 'dropout': 0.38047715694992557, 'kernel_size': 7}. Best is trial 0 with value: 0.9722430607651913.
[I 2026-04-18 11:43:15,457] Trial 110 finished with value: 0.3728813559322034 and parameters: {'lr_finetune': 2.425815076705794e-05, 'epochs_finetune': 42, 'weight_decay': 0.0020793522412553877, 'batch_size': 128, 'patience': 12, 'scheduler_patience': 3, 'scheduler_factor': 0.44851907252387296, 'pos_weight_multiplier': 0.9331778184031244, 'num_layers': 2, 'base_filters': 16, 'dropout': 0.4201508856578315, 'kernel_size': 7}. Best is trial 0 with value: 0.9722430607651913.
[I 2026-04-18 11:43:16,475] Trial 111 finished with value: 0.9722430607651913 and parameters: {'lr_finetune': 0.0031599329200645084, 'epochs_finetune': 40, 'weight_decay': 0.0010280813755007409, 'batch_size': 32, 'patience': 17, 'scheduler_patience': 7, 'scheduler_factor': 0.7021686148688704, 'pos_weight_multiplier': 0.8245177841989578, 'num_layers': 2, 'base_filters': 16, 'dropout': 0.4509863210047271, 'kernel_size': 7}. Best is trial 0 with value: 0.9722430607651913.
[I 2026-04-18 11:43:17,449] Trial 112 finished with value: 0.9722430607651913 and parameters: {'lr_finetune': 0.002028459659868691, 'epochs_finetune': 49, 'weight_decay': 0.0007091602339340792, 'batch_size': 32, 'patience': 16, 'scheduler_patience': 7, 'scheduler_factor': 0.6564596128133202, 'pos_weight_multiplier': 0.7604078669086362, 'num_layers': 2, 'base_filters': 16, 'dropout': 0.29039799310441855, 'kernel_size': 7}. Best is trial 0 with value: 0.9722430607651913.
[I 2026-04-18 11:43:18,541] Trial 113 finished with value: 0.9722430607651913 and parameters: {'lr_finetune': 0.002619630930067912, 'epochs_finetune': 44, 'weight_decay': 0.0006182028664957989, 'batch_size': 32, 'patience': 18, 'scheduler_patience': 6, 'scheduler_factor': 0.24338913364291853, 'pos_weight_multiplier': 1.0797697441829035, 'num_layers': 2, 'base_filters': 16, 'dropout': 0.522617720323538, 'kernel_size': 7}. Best is trial 0 with value: 0.9722430607651913.
[I 2026-04-18 11:43:19,440] Trial 114 finished with value: 0.9722430607651913 and parameters: {'lr_finetune': 0.0009571565545410081, 'epochs_finetune': 39, 'weight_decay': 0.001276763954744985, 'batch_size': 32, 'patience': 17, 'scheduler_patience': 7, 'scheduler_factor': 0.6395825221172695, 'pos_weight_multiplier': 0.9119507148456524, 'num_layers': 2, 'base_filters': 16, 'dropout': 0.4339818946016673, 'kernel_size': 7}. Best is trial 0 with value: 0.9722430607651913.
[I 2026-04-18 11:43:20,454] Trial 115 finished with value: 0.9722430607651913 and parameters: {'lr_finetune': 0.0014298521336072614, 'epochs_finetune': 45, 'weight_decay': 0.0017826928488233157, 'batch_size': 32, 'patience': 14, 'scheduler_patience': 8, 'scheduler_factor': 0.7232608413219481, 'pos_weight_multiplier': 1.6885112345853763, 'num_layers': 2, 'base_filters': 64, 'dropout': 0.30488472857519566, 'kernel_size': 5}. Best is trial 0 with value: 0.9722430607651913.
[I 2026-04-18 11:43:21,621] Trial 116 finished with value: 0.9722430607651913 and parameters: {'lr_finetune': 6.436936453766146e-05, 'epochs_finetune': 41, 'weight_decay': 0.000495127141082673, 'batch_size': 32, 'patience': 15, 'scheduler_patience': 7, 'scheduler_factor': 0.5989202918680769, 'pos_weight_multiplier': 1.460388556143397, 'num_layers': 2, 'base_filters': 16, 'dropout': 0.4593283418089855, 'kernel_size': 7}. Best is trial 0 with value: 0.9722430607651913.
[I 2026-04-18 11:43:22,610] Trial 117 finished with value: 0.9722430607651913 and parameters: {'lr_finetune': 0.0011569814899942113, 'epochs_finetune': 30, 'weight_decay': 0.01499146041391054, 'batch_size': 32, 'patience': 16, 'scheduler_patience': 8, 'scheduler_factor': 0.6107341478900402, 'pos_weight_multiplier': 0.7287918834297783, 'num_layers': 3, 'base_filters': 16, 'dropout': 0.4776290549435884, 'kernel_size': 3}. Best is trial 0 with value: 0.9722430607651913.
[I 2026-04-18 11:43:23,610] Trial 118 finished with value: 0.9722430607651913 and parameters: {'lr_finetune': 0.002500884603717842, 'epochs_finetune': 37, 'weight_decay': 0.0027134183309668043, 'batch_size': 32, 'patience': 13, 'scheduler_patience': 4, 'scheduler_factor': 0.5275483955388879, 'pos_weight_multiplier': 1.1399880733737922, 'num_layers': 2, 'base_filters': 64, 'dropout': 0.3139012697781061, 'kernel_size': 7}. Best is trial 0 with value: 0.9722430607651913.
[I 2026-04-18 11:43:24,563] Trial 119 finished with value: 0.9722430607651913 and parameters: {'lr_finetune': 0.0008126617686937774, 'epochs_finetune': 51, 'weight_decay': 0.00021112669828500315, 'batch_size': 64, 'patience': 19, 'scheduler_patience': 6, 'scheduler_factor': 0.6980523409282159, 'pos_weight_multiplier': 0.9719185877762988, 'num_layers': 2, 'base_filters': 16, 'dropout': 0.2726980755064198, 'kernel_size': 5}. Best is trial 0 with value: 0.9722430607651913.
[I 2026-04-18 11:43:25,837] Trial 120 finished with value: 0.9449404761904762 and parameters: {'lr_finetune': 4.0623595812877063e-05, 'epochs_finetune': 56, 'weight_decay': 0.00035209931359610734, 'batch_size': 32, 'patience': 17, 'scheduler_patience': 8, 'scheduler_factor': 0.5453638404547517, 'pos_weight_multiplier': 0.599204290871092, 'num_layers': 2, 'base_filters': 16, 'dropout': 0.4437755847118573, 'kernel_size': 7}. Best is trial 0 with value: 0.9722430607651913.
[I 2026-04-18 11:43:26,366] Trial 121 finished with value: 0.3728813559322034 and parameters: {'lr_finetune': 0.0016712471711641155, 'epochs_finetune': 52, 'weight_decay': 0.00012646792658013468, 'batch_size': 32, 'patience': 11, 'scheduler_patience': 5, 'scheduler_factor': 0.47636397545911846, 'pos_weight_multiplier': 1.8679464255562335, 'num_layers': 3, 'base_filters': 16, 'dropout': 0.4061586622508345, 'kernel_size': 7}. Best is trial 0 with value: 0.9722430607651913.
[I 2026-04-18 11:43:27,357] Trial 122 finished with value: 0.9722430607651913 and parameters: {'lr_finetune': 0.0005694358794544779, 'epochs_finetune': 57, 'weight_decay': 0.00011839809116002575, 'batch_size': 32, 'patience': 12, 'scheduler_patience': 7, 'scheduler_factor': 0.49549754370536186, 'pos_weight_multiplier': 1.9215736976203095, 'num_layers': 3, 'base_filters': 16, 'dropout': 0.3900966516725333, 'kernel_size': 7}. Best is trial 0 with value: 0.9722430607651913.
[I 2026-04-18 11:43:27,873] Trial 123 finished with value: 0.3728813559322034 and parameters: {'lr_finetune': 4.927271003361306e-05, 'epochs_finetune': 54, 'weight_decay': 0.00017590680209842246, 'batch_size': 32, 'patience': 11, 'scheduler_patience': 6, 'scheduler_factor': 0.511575219428383, 'pos_weight_multiplier': 0.8476816028563902, 'num_layers': 3, 'base_filters': 16, 'dropout': 0.41527924413801803, 'kernel_size': 7}. Best is trial 0 with value: 0.9722430607651913.
[I 2026-04-18 11:43:28,367] Trial 124 finished with value: 0.3728813559322034 and parameters: {'lr_finetune': 5.527871923651385e-05, 'epochs_finetune': 59, 'weight_decay': 0.00014230118213205204, 'batch_size': 32, 'patience': 10, 'scheduler_patience': 4, 'scheduler_factor': 0.4336231511340158, 'pos_weight_multiplier': 1.8141683080317592, 'num_layers': 3, 'base_filters': 16, 'dropout': 0.397561179484423, 'kernel_size': 7}. Best is trial 0 with value: 0.9722430607651913.
[I 2026-04-18 11:43:29,479] Trial 125 finished with value: 0.9722430607651913 and parameters: {'lr_finetune': 9.202595367931908e-05, 'epochs_finetune': 35, 'weight_decay': 0.0014766489251846337, 'batch_size': 32, 'patience': 14, 'scheduler_patience': 5, 'scheduler_factor': 0.5765522579005109, 'pos_weight_multiplier': 1.2209274631822968, 'num_layers': 3, 'base_filters': 64, 'dropout': 0.4289918188270706, 'kernel_size': 7}. Best is trial 0 with value: 0.9722430607651913.
[I 2026-04-18 11:43:30,445] Trial 126 finished with value: 0.9722430607651913 and parameters: {'lr_finetune': 8.294132860835651e-05, 'epochs_finetune': 64, 'weight_decay': 0.0010189245063627818, 'batch_size': 32, 'patience': 12, 'scheduler_patience': 7, 'scheduler_factor': 0.5349374052286372, 'pos_weight_multiplier': 0.7895509202329823, 'num_layers': 2, 'base_filters': 16, 'dropout': 0.4928600144941887, 'kernel_size': 7}. Best is trial 0 with value: 0.9722430607651913.
[I 2026-04-18 11:43:31,483] Trial 127 finished with value: 0.9722430607651913 and parameters: {'lr_finetune': 0.004294132844953985, 'epochs_finetune': 32, 'weight_decay': 0.00026336005142591726, 'batch_size': 32, 'patience': 13, 'scheduler_patience': 8, 'scheduler_factor': 0.6704633297703396, 'pos_weight_multiplier': 1.620005718053212, 'num_layers': 3, 'base_filters': 16, 'dropout': 0.32495610370778405, 'kernel_size': 3}. Best is trial 0 with value: 0.9722430607651913.
[I 2026-04-18 11:43:32,508] Trial 128 finished with value: 0.9722430607651913 and parameters: {'lr_finetune': 0.00011336711166239507, 'epochs_finetune': 46, 'weight_decay': 0.00131684339767284, 'batch_size': 32, 'patience': 16, 'scheduler_patience': 6, 'scheduler_factor': 0.4569716963366315, 'pos_weight_multiplier': 1.3498850740019281, 'num_layers': 2, 'base_filters': 32, 'dropout': 0.2805170410359354, 'kernel_size': 5}. Best is trial 0 with value: 0.9722430607651913.
[I 2026-04-18 11:43:33,779] Trial 129 finished with value: 0.9722430607651913 and parameters: {'lr_finetune': 9.957501959031495e-05, 'epochs_finetune': 50, 'weight_decay': 0.0008265110893374638, 'batch_size': 32, 'patience': 13, 'scheduler_patience': 7, 'scheduler_factor': 0.5557569407274154, 'pos_weight_multiplier': 2.123954565084505, 'num_layers': 2, 'base_filters': 16, 'dropout': 0.3510595145225848, 'kernel_size': 7}. Best is trial 0 with value: 0.9722430607651913.
[I 2026-04-18 11:43:34,143] Trial 130 finished with value: 0.3728813559322034 and parameters: {'lr_finetune': 3.292465941590095e-05, 'epochs_finetune': 42, 'weight_decay': 0.03144690024393459, 'batch_size': 128, 'patience': 7, 'scheduler_patience': 8, 'scheduler_factor': 0.7612174640809795, 'pos_weight_multiplier': 2.4280940830253446, 'num_layers': 3, 'base_filters': 64, 'dropout': 0.5431126730166635, 'kernel_size': 7}. Best is trial 0 with value: 0.9722430607651913.
[I 2026-04-18 11:43:35,067] Trial 131 finished with value: 0.9722430607651913 and parameters: {'lr_finetune': 0.0003819704295470543, 'epochs_finetune': 53, 'weight_decay': 0.00932722942967891, 'batch_size': 32, 'patience': 14, 'scheduler_patience': 8, 'scheduler_factor': 0.8138253203075738, 'pos_weight_multiplier': 0.9603378098593954, 'num_layers': 2, 'base_filters': 16, 'dropout': 0.5520201564140957, 'kernel_size': 7}. Best is trial 0 with value: 0.9722430607651913.
[I 2026-04-18 11:43:36,068] Trial 132 finished with value: 0.9722430607651913 and parameters: {'lr_finetune': 0.00025394766082521917, 'epochs_finetune': 55, 'weight_decay': 0.00010318940318868519, 'batch_size': 32, 'patience': 15, 'scheduler_patience': 8, 'scheduler_factor': 0.7323269149652532, 'pos_weight_multiplier': 0.6686824617507349, 'num_layers': 2, 'base_filters': 16, 'dropout': 0.5841317811467842, 'kernel_size': 7}. Best is trial 0 with value: 0.9722430607651913.
[I 2026-04-18 11:43:36,879] Trial 133 finished with value: 0.9722430607651913 and parameters: {'lr_finetune': 0.00020387313768234928, 'epochs_finetune': 48, 'weight_decay': 0.007172133522773617, 'batch_size': 32, 'patience': 14, 'scheduler_patience': 8, 'scheduler_factor': 0.4778965464262882, 'pos_weight_multiplier': 1.7492265007124936, 'num_layers': 2, 'base_filters': 16, 'dropout': 0.5623439841876762, 'kernel_size': 7}. Best is trial 0 with value: 0.9722430607651913.
[I 2026-04-18 11:43:37,700] Trial 134 finished with value: 0.9722430607651913 and parameters: {'lr_finetune': 0.0002888725598216587, 'epochs_finetune': 51, 'weight_decay': 0.0001499950118979271, 'batch_size': 32, 'patience': 13, 'scheduler_patience': 8, 'scheduler_factor': 0.6147298076706778, 'pos_weight_multiplier': 1.8952733357445846, 'num_layers': 2, 'base_filters': 16, 'dropout': 0.5215349165324636, 'kernel_size': 7}. Best is trial 0 with value: 0.9722430607651913.
[I 2026-04-18 11:43:38,447] Trial 135 finished with value: 0.9722430607651913 and parameters: {'lr_finetune': 0.00043122813562923953, 'epochs_finetune': 38, 'weight_decay': 0.005356963995056246, 'batch_size': 32, 'patience': 12, 'scheduler_patience': 8, 'scheduler_factor': 0.5879504300032177, 'pos_weight_multiplier': 1.5269751965411071, 'num_layers': 2, 'base_filters': 16, 'dropout': 0.4383942247679805, 'kernel_size': 7}. Best is trial 0 with value: 0.9722430607651913.
[I 2026-04-18 11:43:39,465] Trial 136 finished with value: 0.8850931677018633 and parameters: {'lr_finetune': 6.092857371238511e-05, 'epochs_finetune': 53, 'weight_decay': 0.0018431627185939426, 'batch_size': 32, 'patience': 15, 'scheduler_patience': 7, 'scheduler_factor': 0.8006182479390419, 'pos_weight_multiplier': 1.2850899078817841, 'num_layers': 2, 'base_filters': 16, 'dropout': 0.5956994400467361, 'kernel_size': 7}. Best is trial 0 with value: 0.9722430607651913.
[I 2026-04-18 11:43:40,321] Trial 137 finished with value: 0.9722430607651913 and parameters: {'lr_finetune': 0.0007274884311381491, 'epochs_finetune': 56, 'weight_decay': 0.0023208321695419565, 'batch_size': 32, 'patience': 14, 'scheduler_patience': 8, 'scheduler_factor': 0.4982406769253464, 'pos_weight_multiplier': 2.008404979355378, 'num_layers': 2, 'base_filters': 64, 'dropout': 0.575477150146305, 'kernel_size': 5}. Best is trial 0 with value: 0.9722430607651913.
[I 2026-04-18 11:43:40,793] Trial 138 finished with value: 0.3728813559322034 and parameters: {'lr_finetune': 0.0009798025316906426, 'epochs_finetune': 43, 'weight_decay': 0.01887622943741074, 'batch_size': 64, 'patience': 13, 'scheduler_patience': 5, 'scheduler_factor': 0.7751495573524215, 'pos_weight_multiplier': 1.0344970230010493, 'num_layers': 2, 'base_filters': 16, 'dropout': 0.5573608586110919, 'kernel_size': 3}. Best is trial 0 with value: 0.9722430607651913.
[I 2026-04-18 11:43:41,831] Trial 139 finished with value: 0.9722430607651913 and parameters: {'lr_finetune': 0.00015102316850336493, 'epochs_finetune': 69, 'weight_decay': 0.0011398685073694538, 'batch_size': 32, 'patience': 17, 'scheduler_patience': 7, 'scheduler_factor': 0.8567350414740377, 'pos_weight_multiplier': 1.177092530629771, 'num_layers': 2, 'base_filters': 16, 'dropout': 0.29137920911285414, 'kernel_size': 7}. Best is trial 0 with value: 0.9722430607651913.
