The following modules were not unloaded:
  (Use "module --force purge" to unload all):

  1) apps/2021
WARNING: You are using pip version 21.1.1; however, version 26.0.1 is available.
You should consider upgrading via the '/media/apps/avx512-2021/software/Python/3.9.5-GCCcore-10.3.0/bin/python3 -m pip install --upgrade pip' command.
[I 2026-04-17 15:45:21,042] A new study created in RDB with name: study_cnn_ibd_pretrainFalse_arch
[I 2026-04-17 15:45:31,678] Trial 0 finished with value: 0.5324119824613617 and parameters: {'lr_finetune': 0.004261322881581628, 'epochs_finetune': 78, 'weight_decay': 0.0005833852465334768, 'batch_size': 128, 'patience': 9, 'scheduler_patience': 4, 'scheduler_factor': 0.3527745439853599, 'pos_weight_multiplier': 0.6905928056844319, 'num_layers': 3, 'base_filters': 64, 'dropout': 0.4090950296177054, 'kernel_size': 7}. Best is trial 0 with value: 0.5324119824613617.
[I 2026-04-17 15:45:33,701] Trial 1 finished with value: 0.39157431551499344 and parameters: {'lr_finetune': 0.004710768283768726, 'epochs_finetune': 52, 'weight_decay': 0.0001629307852347854, 'batch_size': 64, 'patience': 14, 'scheduler_patience': 3, 'scheduler_factor': 0.8921214051620544, 'pos_weight_multiplier': 0.990612259123804, 'num_layers': 3, 'base_filters': 32, 'dropout': 0.47503711875979737, 'kernel_size': 3}. Best is trial 0 with value: 0.5324119824613617.
[I 2026-04-17 15:45:35,797] Trial 2 finished with value: 0.3728813559322034 and parameters: {'lr_finetune': 0.0003791677210241353, 'epochs_finetune': 76, 'weight_decay': 0.00034157035424466433, 'batch_size': 32, 'patience': 9, 'scheduler_patience': 5, 'scheduler_factor': 0.1841054297678899, 'pos_weight_multiplier': 2.374101916266394, 'num_layers': 3, 'base_filters': 16, 'dropout': 0.537482631558831, 'kernel_size': 5}. Best is trial 0 with value: 0.5324119824613617.
[I 2026-04-17 15:45:39,967] Trial 3 finished with value: 0.6410693920439048 and parameters: {'lr_finetune': 0.00010319340946369257, 'epochs_finetune': 61, 'weight_decay': 0.05071422012721824, 'batch_size': 64, 'patience': 15, 'scheduler_patience': 2, 'scheduler_factor': 0.1281612917817407, 'pos_weight_multiplier': 2.8014553237482525, 'num_layers': 4, 'base_filters': 64, 'dropout': 0.5930814830083488, 'kernel_size': 5}. Best is trial 3 with value: 0.6410693920439048.
[I 2026-04-17 15:45:41,298] Trial 4 finished with value: 0.3728813559322034 and parameters: {'lr_finetune': 0.004022102924083734, 'epochs_finetune': 45, 'weight_decay': 0.004541593607308042, 'batch_size': 32, 'patience': 5, 'scheduler_patience': 4, 'scheduler_factor': 0.6584973390439448, 'pos_weight_multiplier': 2.0787222333507076, 'num_layers': 4, 'base_filters': 32, 'dropout': 0.43238577817026064, 'kernel_size': 5}. Best is trial 3 with value: 0.6410693920439048.
