[I 2026-04-18 11:36:23,320] Trial 21 finished with value: 0.9722430607651913 and parameters: {'lr_finetune': 0.00014598146681172886, 'epochs_finetune': 55, 'weight_decay': 0.03821297738650865, 'batch_size': 32, 'patience': 18, 'scheduler_patience': 7, 'scheduler_factor': 0.5392592566712447, 'pos_weight_multiplier': 1.9453528392526043, 'num_layers': 3, 'base_filters': 32, 'dropout': 0.4141751299362015, 'kernel_size': 5}. Best is trial 1 with value: 0.9722430607651913.
[I 2026-04-18 11:36:24,599] Trial 22 finished with value: 0.9722430607651913 and parameters: {'lr_finetune': 6.847683531241829e-05, 'epochs_finetune': 52, 'weight_decay': 0.02012797246275277, 'batch_size': 32, 'patience': 18, 'scheduler_patience': 6, 'scheduler_factor': 0.5611075656077112, 'pos_weight_multiplier': 2.2477071055212567, 'num_layers': 3, 'base_filters': 32, 'dropout': 0.42995424469630533, 'kernel_size': 5}. Best is trial 1 with value: 0.9722430607651913.
[I 2026-04-18 11:36:25,835] Trial 23 finished with value: 0.9722430607651913 and parameters: {'lr_finetune': 8.066460896598858e-05, 'epochs_finetune': 80, 'weight_decay': 0.005348313020336583, 'batch_size': 32, 'patience': 18, 'scheduler_patience': 7, 'scheduler_factor': 0.7713050064686855, 'pos_weight_multiplier': 2.700282436443703, 'num_layers': 3, 'base_filters': 32, 'dropout': 0.5341051126766796, 'kernel_size': 5}. Best is trial 1 with value: 0.9722430607651913.
[I 2026-04-18 11:36:27,010] Trial 24 finished with value: 0.9722430607651913 and parameters: {'lr_finetune': 0.00020415247404948774, 'epochs_finetune': 62, 'weight_decay': 0.05901446094949665, 'batch_size': 32, 'patience': 15, 'scheduler_patience': 6, 'scheduler_factor': 0.5919316598410468, 'pos_weight_multiplier': 1.933625425476176, 'num_layers': 3, 'base_filters': 32, 'dropout': 0.4582285691391844, 'kernel_size': 5}. Best is trial 1 with value: 0.9722430607651913.
[I 2026-04-18 11:36:28,114] Trial 25 finished with value: 0.9722430607651913 and parameters: {'lr_finetune': 0.00019661054872706647, 'epochs_finetune': 45, 'weight_decay': 0.018838557110137055, 'batch_size': 32, 'patience': 19, 'scheduler_patience': 8, 'scheduler_factor': 0.2532705008686025, 'pos_weight_multiplier': 1.2231243131764908, 'num_layers': 2, 'base_filters': 32, 'dropout': 0.3322969627957903, 'kernel_size': 5}. Best is trial 1 with value: 0.9722430607651913.
[I 2026-04-18 11:36:29,453] Trial 26 finished with value: 0.9722430607651913 and parameters: {'lr_finetune': 0.0006238805719633946, 'epochs_finetune': 71, 'weight_decay': 0.006365004990313266, 'batch_size': 32, 'patience': 17, 'scheduler_patience': 7, 'scheduler_factor': 0.5019255543435985, 'pos_weight_multiplier': 2.317079105832823, 'num_layers': 4, 'base_filters': 32, 'dropout': 0.21426193523903692, 'kernel_size': 5}. Best is trial 1 with value: 0.9722430607651913.
[I 2026-04-18 11:36:30,068] Trial 27 finished with value: 0.3728813559322034 and parameters: {'lr_finetune': 0.00030385195024412314, 'epochs_finetune': 66, 'weight_decay': 0.035103255421340976, 'batch_size': 32, 'patience': 14, 'scheduler_patience': 5, 'scheduler_factor': 0.6406528446404574, 'pos_weight_multiplier': 2.7234383735893126, 'num_layers': 3, 'base_filters': 32, 'dropout': 0.38079190466101404, 'kernel_size': 5}. Best is trial 1 with value: 0.9722430607651913.
[I 2026-04-18 11:36:31,117] Trial 28 finished with value: 0.9722430607651913 and parameters: {'lr_finetune': 0.00010611166160101962, 'epochs_finetune': 58, 'weight_decay': 0.009810141788060441, 'batch_size': 64, 'patience': 20, 'scheduler_patience': 6, 'scheduler_factor': 0.822851988767354, 'pos_weight_multiplier': 2.016322882126778, 'num_layers': 3, 'base_filters': 16, 'dropout': 0.2940506261105401, 'kernel_size': 7}. Best is trial 1 with value: 0.9722430607651913.
[I 2026-04-18 11:36:31,581] Trial 29 finished with value: 0.3728813559322034 and parameters: {'lr_finetune': 0.0009819186047230531, 'epochs_finetune': 52, 'weight_decay': 0.06388561870029702, 'batch_size': 128, 'patience': 11, 'scheduler_patience': 4, 'scheduler_factor': 0.41135659446389794, 'pos_weight_multiplier': 1.787925764675817, 'num_layers': 4, 'base_filters': 64, 'dropout': 0.5457292504833745, 'kernel_size': 3}. Best is trial 1 with value: 0.9722430607651913.
[I 2026-04-18 11:36:32,752] Trial 30 finished with value: 0.9722430607651913 and parameters: {'lr_finetune': 0.0016756165352913304, 'epochs_finetune': 65, 'weight_decay': 0.017895506397210572, 'batch_size': 128, 'patience': 17, 'scheduler_patience': 6, 'scheduler_factor': 0.10148937098220359, 'pos_weight_multiplier': 1.493796764078403, 'num_layers': 2, 'base_filters': 16, 'dropout': 0.44820133194277645, 'kernel_size': 3}. Best is trial 1 with value: 0.9722430607651913.
[I 2026-04-18 11:36:33,854] Trial 31 finished with value: 0.9722430607651913 and parameters: {'lr_finetune': 0.0004578753510383141, 'epochs_finetune': 73, 'weight_decay': 0.0054170354459075355, 'batch_size': 32, 'patience': 15, 'scheduler_patience': 7, 'scheduler_factor': 0.7531329161744129, 'pos_weight_multiplier': 2.706250076182561, 'num_layers': 3, 'base_filters': 32, 'dropout': 0.4076379123349567, 'kernel_size': 7}. Best is trial 1 with value: 0.9722430607651913.
[I 2026-04-18 11:36:35,031] Trial 32 finished with value: 0.9722430607651913 and parameters: {'lr_finetune': 0.0017329429232417416, 'epochs_finetune': 69, 'weight_decay': 0.007187574081722743, 'batch_size': 32, 'patience': 16, 'scheduler_patience': 8, 'scheduler_factor': 0.6881695992832919, 'pos_weight_multiplier': 2.9750717579636103, 'num_layers': 3, 'base_filters': 32, 'dropout': 0.43111868781653195, 'kernel_size': 7}. Best is trial 1 with value: 0.9722430607651913.
[I 2026-04-18 11:36:36,274] Trial 33 finished with value: 0.9722430607651913 and parameters: {'lr_finetune': 0.00020713696945232198, 'epochs_finetune': 74, 'weight_decay': 0.001653801359380478, 'batch_size': 32, 'patience': 19, 'scheduler_patience': 7, 'scheduler_factor': 0.8297268983520888, 'pos_weight_multiplier': 2.7987493961441556, 'num_layers': 3, 'base_filters': 32, 'dropout': 0.45666104354884374, 'kernel_size': 7}. Best is trial 1 with value: 0.9722430607651913.
[I 2026-04-18 11:36:37,334] Trial 34 finished with value: 0.9722430607651913 and parameters: {'lr_finetune': 0.0007888781236989692, 'epochs_finetune': 80, 'weight_decay': 0.004281886615533957, 'batch_size': 32, 'patience': 17, 'scheduler_patience': 8, 'scheduler_factor': 0.5008484717651738, 'pos_weight_multiplier': 2.567775539609933, 'num_layers': 2, 'base_filters': 32, 'dropout': 0.3657183686916211, 'kernel_size': 7}. Best is trial 1 with value: 0.9722430607651913.
[I 2026-04-18 11:36:37,778] Trial 35 finished with value: 0.3728813559322034 and parameters: {'lr_finetune': 0.0005274873699957132, 'epochs_finetune': 63, 'weight_decay': 0.04725604809694914, 'batch_size': 128, 'patience': 14, 'scheduler_patience': 6, 'scheduler_factor': 0.8982484921844764, 'pos_weight_multiplier': 2.3767255380596652, 'num_layers': 3, 'base_filters': 32, 'dropout': 0.47794466318351575, 'kernel_size': 7}. Best is trial 1 with value: 0.9722430607651913.
[I 2026-04-18 11:36:38,355] Trial 36 finished with value: 0.3728813559322034 and parameters: {'lr_finetune': 0.001601423037390182, 'epochs_finetune': 69, 'weight_decay': 0.00945155584345223, 'batch_size': 64, 'patience': 16, 'scheduler_patience': 7, 'scheduler_factor': 0.6218147336920816, 'pos_weight_multiplier': 2.125510753880947, 'num_layers': 3, 'base_filters': 32, 'dropout': 0.39634378160991657, 'kernel_size': 3}. Best is trial 1 with value: 0.9722430607651913.
[I 2026-04-18 11:36:39,473] Trial 37 finished with value: 0.9722430607651913 and parameters: {'lr_finetune': 0.0002869479461958435, 'epochs_finetune': 55, 'weight_decay': 0.0016358136718299496, 'batch_size': 32, 'patience': 20, 'scheduler_patience': 8, 'scheduler_factor': 0.7116549073201917, 'pos_weight_multiplier': 1.7387753086420183, 'num_layers': 2, 'base_filters': 16, 'dropout': 0.5225388004090787, 'kernel_size': 7}. Best is trial 1 with value: 0.9722430607651913.
[I 2026-04-18 11:36:40,157] Trial 38 finished with value: 0.3728813559322034 and parameters: {'lr_finetune': 0.002696852484438525, 'epochs_finetune': 60, 'weight_decay': 0.027412970779221495, 'batch_size': 64, 'patience': 18, 'scheduler_patience': 6, 'scheduler_factor': 0.33850924635802226, 'pos_weight_multiplier': 2.835337130117881, 'num_layers': 4, 'base_filters': 64, 'dropout': 0.42951517220931695, 'kernel_size': 7}. Best is trial 1 with value: 0.9722430607651913.
[I 2026-04-18 11:36:41,428] Trial 39 finished with value: 0.9722430607651913 and parameters: {'lr_finetune': 5.8003093240134194e-05, 'epochs_finetune': 77, 'weight_decay': 0.014429664615366291, 'batch_size': 32, 'patience': 19, 'scheduler_patience': 5, 'scheduler_factor': 0.5493317813144833, 'pos_weight_multiplier': 1.5806088083726964, 'num_layers': 3, 'base_filters': 32, 'dropout': 0.3514688679753295, 'kernel_size': 7}. Best is trial 1 with value: 0.9722430607651913.
[I 2026-04-18 11:36:42,006] Trial 40 finished with value: 0.5595238095238095 and parameters: {'lr_finetune': 9.976824687432701e-05, 'epochs_finetune': 52, 'weight_decay': 0.0732790098246228, 'batch_size': 128, 'patience': 14, 'scheduler_patience': 7, 'scheduler_factor': 0.42863256275741146, 'pos_weight_multiplier': 2.589826969849941, 'num_layers': 3, 'base_filters': 64, 'dropout': 0.48933458302656707, 'kernel_size': 5}. Best is trial 1 with value: 0.9722430607651913.
[I 2026-04-18 11:36:43,137] Trial 41 finished with value: 0.9722430607651913 and parameters: {'lr_finetune': 0.0004118945571931792, 'epochs_finetune': 57, 'weight_decay': 0.02586712069179503, 'batch_size': 32, 'patience': 16, 'scheduler_patience': 7, 'scheduler_factor': 0.3499772348980457, 'pos_weight_multiplier': 2.257510576237003, 'num_layers': 3, 'base_filters': 32, 'dropout': 0.3997155663475037, 'kernel_size': 7}. Best is trial 1 with value: 0.9722430607651913.
[I 2026-04-18 11:36:44,287] Trial 42 finished with value: 0.9722430607651913 and parameters: {'lr_finetune': 0.0006636431824969993, 'epochs_finetune': 60, 'weight_decay': 0.04056187911222522, 'batch_size': 32, 'patience': 15, 'scheduler_patience': 8, 'scheduler_factor': 0.38645191897175457, 'pos_weight_multiplier': 2.1497603746964344, 'num_layers': 3, 'base_filters': 32, 'dropout': 0.38587909434996004, 'kernel_size': 7}. Best is trial 1 with value: 0.9722430607651913.
[I 2026-04-18 11:36:45,424] Trial 43 finished with value: 0.9722430607651913 and parameters: {'lr_finetune': 0.00016436819465029019, 'epochs_finetune': 65, 'weight_decay': 0.02347491316319331, 'batch_size': 32, 'patience': 15, 'scheduler_patience': 7, 'scheduler_factor': 0.4834428856013818, 'pos_weight_multiplier': 1.8735039925685277, 'num_layers': 3, 'base_filters': 32, 'dropout': 0.3215839281921021, 'kernel_size': 7}. Best is trial 1 with value: 0.9722430607651913.
[I 2026-04-18 11:36:46,608] Trial 44 finished with value: 0.9722430607651913 and parameters: {'lr_finetune': 0.00037528294942622053, 'epochs_finetune': 45, 'weight_decay': 0.011883053887977236, 'batch_size': 32, 'patience': 17, 'scheduler_patience': 6, 'scheduler_factor': 0.2529998123933094, 'pos_weight_multiplier': 2.4962759249313486, 'num_layers': 3, 'base_filters': 32, 'dropout': 0.2566309139781544, 'kernel_size': 7}. Best is trial 1 with value: 0.9722430607651913.
[I 2026-04-18 11:36:47,845] Trial 45 finished with value: 0.9722430607651913 and parameters: {'lr_finetune': 0.00024995156307807933, 'epochs_finetune': 58, 'weight_decay': 0.003587817365627143, 'batch_size': 32, 'patience': 18, 'scheduler_patience': 7, 'scheduler_factor': 0.4520707255898205, 'pos_weight_multiplier': 2.0470836074540855, 'num_layers': 3, 'base_filters': 16, 'dropout': 0.5700402936248918, 'kernel_size': 7}. Best is trial 1 with value: 0.9722430607651913.
[I 2026-04-18 11:36:48,367] Trial 46 finished with value: 0.3728813559322034 and parameters: {'lr_finetune': 0.000494638120885259, 'epochs_finetune': 49, 'weight_decay': 0.09765134837520711, 'batch_size': 32, 'patience': 8, 'scheduler_patience': 7, 'scheduler_factor': 0.164313068025757, 'pos_weight_multiplier': 2.242787418436378, 'num_layers': 4, 'base_filters': 32, 'dropout': 0.3585850714619821, 'kernel_size': 7}. Best is trial 1 with value: 0.9722430607651913.
[I 2026-04-18 11:36:48,917] Trial 47 finished with value: 0.4348607367475292 and parameters: {'lr_finetune': 0.0011340778771793967, 'epochs_finetune': 74, 'weight_decay': 0.03100068339924513, 'batch_size': 64, 'patience': 12, 'scheduler_patience': 8, 'scheduler_factor': 0.22763306764665076, 'pos_weight_multiplier': 2.375551466952794, 'num_layers': 2, 'base_filters': 16, 'dropout': 0.5039830679324749, 'kernel_size': 3}. Best is trial 1 with value: 0.9722430607651913.
[I 2026-04-18 11:36:49,601] Trial 48 finished with value: 0.3728813559322034 and parameters: {'lr_finetune': 4.73683713333718e-05, 'epochs_finetune': 68, 'weight_decay': 0.0024351797042767636, 'batch_size': 32, 'patience': 13, 'scheduler_patience': 6, 'scheduler_factor': 0.3020534484609489, 'pos_weight_multiplier': 2.6179710343748046, 'num_layers': 4, 'base_filters': 64, 'dropout': 0.4683706382303966, 'kernel_size': 5}. Best is trial 1 with value: 0.9722430607651913.
[I 2026-04-18 11:36:50,776] Trial 49 finished with value: 0.9722430607651913 and parameters: {'lr_finetune': 0.0001578813837013679, 'epochs_finetune': 45, 'weight_decay': 0.01374496630137058, 'batch_size': 32, 'patience': 16, 'scheduler_patience': 5, 'scheduler_factor': 0.3731172297669024, 'pos_weight_multiplier': 2.4705638161238728, 'num_layers': 3, 'base_filters': 32, 'dropout': 0.4411844889613653, 'kernel_size': 5}. Best is trial 1 with value: 0.9722430607651913.
[I 2026-04-18 11:36:52,001] Trial 50 finished with value: 0.9722430607651913 and parameters: {'lr_finetune': 0.0008146766969456441, 'epochs_finetune': 50, 'weight_decay': 0.049343170751858505, 'batch_size': 32, 'patience': 19, 'scheduler_patience': 8, 'scheduler_factor': 0.14564523951776032, 'pos_weight_multiplier': 2.86390177115476, 'num_layers': 3, 'base_filters': 16, 'dropout': 0.38607504473412246, 'kernel_size': 7}. Best is trial 1 with value: 0.9722430607651913.
[I 2026-04-18 11:36:53,215] Trial 51 finished with value: 0.9722430607651913 and parameters: {'lr_finetune': 0.00014113673319236892, 'epochs_finetune': 56, 'weight_decay': 0.03960659557036309, 'batch_size': 32, 'patience': 18, 'scheduler_patience': 7, 'scheduler_factor': 0.5374995385089057, 'pos_weight_multiplier': 1.9379495614138085, 'num_layers': 3, 'base_filters': 32, 'dropout': 0.4002217717306372, 'kernel_size': 5}. Best is trial 1 with value: 0.9722430607651913.
[I 2026-04-18 11:36:54,467] Trial 52 finished with value: 0.9722430607651913 and parameters: {'lr_finetune': 9.853936627253552e-05, 'epochs_finetune': 54, 'weight_decay': 0.023709357966134416, 'batch_size': 32, 'patience': 17, 'scheduler_patience': 7, 'scheduler_factor': 0.5170787747891614, 'pos_weight_multiplier': 1.7369141336910179, 'num_layers': 3, 'base_filters': 32, 'dropout': 0.4141993470901621, 'kernel_size': 5}. Best is trial 1 with value: 0.9722430607651913.
[I 2026-04-18 11:36:55,754] Trial 53 finished with value: 0.9722430607651913 and parameters: {'lr_finetune': 0.00023796533743295373, 'epochs_finetune': 53, 'weight_decay': 0.01745820305849717, 'batch_size': 32, 'patience': 18, 'scheduler_patience': 6, 'scheduler_factor': 0.5863997371991869, 'pos_weight_multiplier': 1.9902969230823113, 'num_layers': 3, 'base_filters': 32, 'dropout': 0.41814916773255284, 'kernel_size': 5}. Best is trial 1 with value: 0.9722430607651913.
[I 2026-04-18 11:36:57,025] Trial 54 finished with value: 0.9722430607651913 and parameters: {'lr_finetune': 0.00017759491273968333, 'epochs_finetune': 62, 'weight_decay': 0.007769723716355843, 'batch_size': 32, 'patience': 20, 'scheduler_patience': 7, 'scheduler_factor': 0.46720537418882524, 'pos_weight_multiplier': 1.86147875195727, 'num_layers': 3, 'base_filters': 32, 'dropout': 0.3373152650668154, 'kernel_size': 5}. Best is trial 1 with value: 0.9722430607651913.
[I 2026-04-18 11:36:58,221] Trial 55 finished with value: 0.9722430607651913 and parameters: {'lr_finetune': 0.0003780240152335718, 'epochs_finetune': 72, 'weight_decay': 0.036049999395301395, 'batch_size': 32, 'patience': 19, 'scheduler_patience': 7, 'scheduler_factor': 0.6635624136395862, 'pos_weight_multiplier': 2.155746883697575, 'num_layers': 3, 'base_filters': 32, 'dropout': 0.4229235827566049, 'kernel_size': 5}. Best is trial 1 with value: 0.9722430607651913.
[I 2026-04-18 11:36:59,402] Trial 56 finished with value: 0.9722430607651913 and parameters: {'lr_finetune': 0.00026687897652427514, 'epochs_finetune': 35, 'weight_decay': 0.07477978005101273, 'batch_size': 32, 'patience': 18, 'scheduler_patience': 6, 'scheduler_factor': 0.4309945858715935, 'pos_weight_multiplier': 2.2842725208667236, 'num_layers': 3, 'base_filters': 32, 'dropout': 0.37278010569810627, 'kernel_size': 5}. Best is trial 1 with value: 0.9722430607651913.
[I 2026-04-18 11:36:59,893] Trial 57 finished with value: 0.3728813559322034 and parameters: {'lr_finetune': 7.52330376971702e-05, 'epochs_finetune': 60, 'weight_decay': 0.0009007279300786011, 'batch_size': 128, 'patience': 17, 'scheduler_patience': 8, 'scheduler_factor': 0.5730683800216462, 'pos_weight_multiplier': 1.604813810381862, 'num_layers': 3, 'base_filters': 32, 'dropout': 0.306378594213081, 'kernel_size': 5}. Best is trial 1 with value: 0.9722430607651913.
[I 2026-04-18 11:37:01,114] Trial 58 finished with value: 0.9722430607651913 and parameters: {'lr_finetune': 0.0001249504026951726, 'epochs_finetune': 50, 'weight_decay': 0.059879142049388934, 'batch_size': 32, 'patience': 14, 'scheduler_patience': 7, 'scheduler_factor': 0.7462028298721153, 'pos_weight_multiplier': 1.26498322276733, 'num_layers': 3, 'base_filters': 16, 'dropout': 0.4370920619353926, 'kernel_size': 5}. Best is trial 1 with value: 0.9722430607651913.
[I 2026-04-18 11:37:02,354] Trial 59 finished with value: 0.9722430607651913 and parameters: {'lr_finetune': 0.0003566978589609568, 'epochs_finetune': 43, 'weight_decay': 0.010467590089586164, 'batch_size': 32, 'patience': 15, 'scheduler_patience': 6, 'scheduler_factor': 0.5165353233725832, 'pos_weight_multiplier': 2.091197587730675, 'num_layers': 3, 'base_filters': 32, 'dropout': 0.5750493760936458, 'kernel_size': 7}. Best is trial 1 with value: 0.9722430607651913.
[I 2026-04-18 11:37:03,134] Trial 60 finished with value: 0.6754385964912281 and parameters: {'lr_finetune': 2.1717360058573037e-05, 'epochs_finetune': 63, 'weight_decay': 0.01577262285019919, 'batch_size': 64, 'patience': 16, 'scheduler_patience': 7, 'scheduler_factor': 0.6152903514579334, 'pos_weight_multiplier': 1.4876104171051647, 'num_layers': 4, 'base_filters': 32, 'dropout': 0.4498384510601918, 'kernel_size': 3}. Best is trial 1 with value: 0.9722430607651913.
[I 2026-04-18 11:37:04,401] Trial 61 finished with value: 0.9722430607651913 and parameters: {'lr_finetune': 6.263259595644923e-05, 'epochs_finetune': 52, 'weight_decay': 0.01953202236534332, 'batch_size': 32, 'patience': 18, 'scheduler_patience': 6, 'scheduler_factor': 0.5452833216216695, 'pos_weight_multiplier': 1.9728495687523062, 'num_layers': 3, 'base_filters': 32, 'dropout': 0.4681739036532463, 'kernel_size': 5}. Best is trial 1 with value: 0.9722430607651913.
[I 2026-04-18 11:37:05,690] Trial 62 finished with value: 0.9722430607651913 and parameters: {'lr_finetune': 9.111933079915457e-05, 'epochs_finetune': 56, 'weight_decay': 0.02292369159409507, 'batch_size': 32, 'patience': 19, 'scheduler_patience': 5, 'scheduler_factor': 0.8398532109715207, 'pos_weight_multiplier': 2.1937303726933366, 'num_layers': 3, 'base_filters': 32, 'dropout': 0.41219674729434996, 'kernel_size': 5}. Best is trial 1 with value: 0.9722430607651913.
[I 2026-04-18 11:37:06,937] Trial 63 finished with value: 0.9722430607651913 and parameters: {'lr_finetune': 0.00012056044847475858, 'epochs_finetune': 77, 'weight_decay': 0.030906078625004562, 'batch_size': 32, 'patience': 18, 'scheduler_patience': 3, 'scheduler_factor': 0.6376142307851421, 'pos_weight_multiplier': 2.3588638190430595, 'num_layers': 3, 'base_filters': 32, 'dropout': 0.39224053806824116, 'kernel_size': 5}. Best is trial 1 with value: 0.9722430607651913.
[I 2026-04-18 11:37:08,161] Trial 64 finished with value: 0.9722430607651913 and parameters: {'lr_finetune': 4.468492536938701e-05, 'epochs_finetune': 54, 'weight_decay': 0.008149936715032582, 'batch_size': 32, 'patience': 17, 'scheduler_patience': 6, 'scheduler_factor': 0.4842913384853834, 'pos_weight_multiplier': 2.0614157494997034, 'num_layers': 3, 'base_filters': 32, 'dropout': 0.49381522658865207, 'kernel_size': 5}. Best is trial 1 with value: 0.9722430607651913.
[I 2026-04-18 11:37:09,376] Trial 65 finished with value: 0.9722430607651913 and parameters: {'lr_finetune': 0.0005806985041586642, 'epochs_finetune': 48, 'weight_decay': 0.005758177297278008, 'batch_size': 32, 'patience': 20, 'scheduler_patience': 7, 'scheduler_factor': 0.6690328725015731, 'pos_weight_multiplier': 1.6646906796493401, 'num_layers': 3, 'base_filters': 16, 'dropout': 0.3735611873065079, 'kernel_size': 5}. Best is trial 1 with value: 0.9722430607651913.
[I 2026-04-18 11:37:10,615] Trial 66 finished with value: 0.9722430607651913 and parameters: {'lr_finetune': 0.00020630208499621575, 'epochs_finetune': 51, 'weight_decay': 0.04762283887069305, 'batch_size': 32, 'patience': 19, 'scheduler_patience': 8, 'scheduler_factor': 0.5554483907814679, 'pos_weight_multiplier': 2.7382516235522587, 'num_layers': 3, 'base_filters': 64, 'dropout': 0.4240787358664631, 'kernel_size': 7}. Best is trial 1 with value: 0.9722430607651913.
